[0.662s] Invoking command in '/home/asrlab/sample_code_agv/build/spacenav': CMAKE_PREFIX_PATH=/opt/ros/humble /usr/bin/cmake /home/asrlab/sample_code_agv/src/joystick_drivers/spacenav -DCMAKE_INSTALL_PREFIX=/home/asrlab/sample_code_agv/install/spacenav
[0.693s] -- The C compiler identification is GNU 11.4.0
[0.774s] -- The CXX compiler identification is GNU 11.4.0
[0.779s] -- Detecting C compiler ABI info
[0.851s] -- Detecting C compiler ABI info - done
[0.857s] -- Check for working C compiler: /usr/bin/cc - skipped
[0.857s] -- Detecting C compile features
[0.857s] -- Detecting C compile features - done
[0.859s] -- Detecting CXX compiler ABI info
[0.976s] -- Detecting CXX compiler ABI info - done
[0.986s] -- Check for working CXX compiler: /usr/bin/c++ - skipped
[0.986s] -- Detecting CXX compile features
[0.987s] -- Detecting CXX compile features - done
[0.989s] -- Found ament_cmake: 1.3.10 (/opt/ros/humble/share/ament_cmake/cmake)
[1.089s] -- Found Python3: /usr/bin/python3 (found version "3.10.12") found components: Interpreter 
[1.156s] -- Found geometry_msgs: 4.2.4 (/opt/ros/humble/share/geometry_msgs/cmake)
[1.189s] -- Found rosidl_generator_c: 3.1.5 (/opt/ros/humble/share/rosidl_generator_c/cmake)
[1.193s] -- Found rosidl_adapter: 3.1.5 (/opt/ros/humble/share/rosidl_adapter/cmake)
[1.198s] -- Found rosidl_generator_cpp: 3.1.5 (/opt/ros/humble/share/rosidl_generator_cpp/cmake)
[1.207s] -- Using all available rosidl_typesupport_c: rosidl_typesupport_fastrtps_c;rosidl_typesupport_introspection_c
[1.218s] -- Using all available rosidl_typesupport_cpp: rosidl_typesupport_fastrtps_cpp;rosidl_typesupport_introspection_cpp
[1.247s] -- Found rclcpp: 16.0.10 (/opt/ros/humble/share/rclcpp/cmake)
[1.273s] -- Found rmw_implementation_cmake: 6.1.2 (/opt/ros/humble/share/rmw_implementation_cmake/cmake)
[1.274s] -- Found rmw_fastrtps_cpp: 6.2.7 (/opt/ros/humble/share/rmw_fastrtps_cpp/cmake)
[1.330s] -- Found OpenSSL: /usr/lib/x86_64-linux-gnu/libcrypto.so (found version "3.0.2")  
[1.366s] -- Found FastRTPS: /opt/ros/humble/include  
[1.408s] -- Using RMW implementation 'rmw_fastrtps_cpp' as default
[1.413s] -- Looking for pthread.h
[1.458s] -- Looking for pthread.h - found
[1.458s] -- Performing Test CMAKE_HAVE_LIBC_PTHREAD
[1.502s] -- Performing Test CMAKE_HAVE_LIBC_PTHREAD - Success
[1.503s] -- Found Threads: TRUE  
[1.531s] -- Found rclcpp_components: 16.0.10 (/opt/ros/humble/share/rclcpp_components/cmake)
[1.550s] -- Found sensor_msgs: 4.2.4 (/opt/ros/humble/share/sensor_msgs/cmake)
[1.563s] -- Found SPNAV: /usr/lib/libspnav.so  
[1.565s] -- Found ament_lint_auto: 0.12.11 (/opt/ros/humble/share/ament_lint_auto/cmake)
[1.620s] -- Added test 'cppcheck' to perform static code analysis on C / C++ code
[1.620s] -- Configured cppcheck include dirs: $<BUILD_INTERFACE:/home/asrlab/sample_code_agv/src/joystick_drivers/spacenav/include>
[1.620s] -- Configured cppcheck exclude dirs and/or files: 
[1.620s] -- Added test 'cpplint' to check C / C++ code against the Google style
[1.621s] -- Configured cpplint exclude dirs and/or files: 
[1.621s] -- Added test 'flake8' to check Python code syntax and style conventions
[1.621s] -- Added test 'lint_cmake' to check CMake code style
[1.621s] -- Added test 'pep257' to check Python code against some of the docstring style conventions in PEP 257
[1.622s] -- Added test 'uncrustify' to check C / C++ code style
[1.622s] -- Configured uncrustify additional arguments: 
[1.622s] -- Added test 'xmllint' to check XML markup files
[1.623s] -- Configuring done
[1.632s] -- Generating done
[1.633s] -- Build files have been written to: /home/asrlab/sample_code_agv/build/spacenav
[1.641s] Invoked command in '/home/asrlab/sample_code_agv/build/spacenav' returned '0': CMAKE_PREFIX_PATH=/opt/ros/humble /usr/bin/cmake /home/asrlab/sample_code_agv/src/joystick_drivers/spacenav -DCMAKE_INSTALL_PREFIX=/home/asrlab/sample_code_agv/install/spacenav
[1.641s] Invoking command in '/home/asrlab/sample_code_agv/build/spacenav': CMAKE_PREFIX_PATH=/opt/ros/humble /usr/bin/cmake --build /home/asrlab/sample_code_agv/build/spacenav -- -j20 -l20
[1.671s] [ 50%] [32mBuilding CXX object CMakeFiles/spacenav.dir/src/spacenav.cpp.o[0m
[1.671s] [ 50%] [32mBuilding CXX object CMakeFiles/spacenav_node.dir/rclcpp_components/node_main_spacenav_node.cpp.o[0m
[4.409s] [ 75%] [32m[1mLinking CXX executable spacenav_node[0m
[4.504s] [ 75%] Built target spacenav_node
[6.826s] [100%] [32m[1mLinking CXX shared library libspacenav.so[0m
[7.010s] [100%] Built target spacenav
[7.017s] Invoked command in '/home/asrlab/sample_code_agv/build/spacenav' returned '0': CMAKE_PREFIX_PATH=/opt/ros/humble /usr/bin/cmake --build /home/asrlab/sample_code_agv/build/spacenav -- -j20 -l20
[7.035s] Invoking command in '/home/asrlab/sample_code_agv/build/spacenav': CMAKE_PREFIX_PATH=/opt/ros/humble /usr/bin/cmake --install /home/asrlab/sample_code_agv/build/spacenav
[7.040s] -- Install configuration: ""
[7.040s] -- Installing: /home/asrlab/sample_code_agv/install/spacenav/lib/libspacenav.so
[7.042s] -- Set runtime path of "/home/asrlab/sample_code_agv/install/spacenav/lib/libspacenav.so" to ""
[7.042s] -- Installing: /home/asrlab/sample_code_agv/install/spacenav/lib/spacenav/spacenav_node
[7.042s] -- Set runtime path of "/home/asrlab/sample_code_agv/install/spacenav/lib/spacenav/spacenav_node" to ""
[7.042s] -- Installing: /home/asrlab/sample_code_agv/install/spacenav/include/spacenav
[7.042s] -- Installing: /home/asrlab/sample_code_agv/install/spacenav/include/spacenav/spacenav
[7.042s] -- Installing: /home/asrlab/sample_code_agv/install/spacenav/include/spacenav/spacenav/spacenav.hpp
[7.042s] -- Installing: /home/asrlab/sample_code_agv/install/spacenav/share/spacenav//launch
[7.042s] -- Installing: /home/asrlab/sample_code_agv/install/spacenav/share/spacenav//launch/static_deadband-launch.py
[7.043s] -- Installing: /home/asrlab/sample_code_agv/install/spacenav/share/spacenav//launch/classic-launch.py
[7.043s] -- Installing: /home/asrlab/sample_code_agv/install/spacenav/share/spacenav//launch/no_deadband-launch.py
[7.043s] -- Installing: /home/asrlab/sample_code_agv/install/spacenav/share/ament_index/resource_index/package_run_dependencies/spacenav
[7.043s] -- Installing: /home/asrlab/sample_code_agv/install/spacenav/share/ament_index/resource_index/parent_prefix_path/spacenav
[7.043s] -- Installing: /home/asrlab/sample_code_agv/install/spacenav/share/spacenav/environment/ament_prefix_path.sh
[7.043s] -- Installing: /home/asrlab/sample_code_agv/install/spacenav/share/spacenav/environment/ament_prefix_path.dsv
[7.043s] -- Installing: /home/asrlab/sample_code_agv/install/spacenav/share/spacenav/environment/path.sh
[7.043s] -- Installing: /home/asrlab/sample_code_agv/install/spacenav/share/spacenav/environment/path.dsv
[7.043s] -- Installing: /home/asrlab/sample_code_agv/install/spacenav/share/spacenav/local_setup.bash
[7.043s] -- Installing: /home/asrlab/sample_code_agv/install/spacenav/share/spacenav/local_setup.sh
[7.043s] -- Installing: /home/asrlab/sample_code_agv/install/spacenav/share/spacenav/local_setup.zsh
[7.043s] -- Installing: /home/asrlab/sample_code_agv/install/spacenav/share/spacenav/local_setup.dsv
[7.043s] -- Installing: /home/asrlab/sample_code_agv/install/spacenav/share/spacenav/package.dsv
[7.044s] -- Installing: /home/asrlab/sample_code_agv/install/spacenav/share/ament_index/resource_index/packages/spacenav
[7.044s] -- Installing: /home/asrlab/sample_code_agv/install/spacenav/share/ament_index/resource_index/rclcpp_components/spacenav
[7.044s] -- Installing: /home/asrlab/sample_code_agv/install/spacenav/share/spacenav/cmake/export_spacenavExport.cmake
[7.044s] -- Installing: /home/asrlab/sample_code_agv/install/spacenav/share/spacenav/cmake/export_spacenavExport-noconfig.cmake
[7.044s] -- Installing: /home/asrlab/sample_code_agv/install/spacenav/share/spacenav/cmake/ament_cmake_export_targets-extras.cmake
[7.044s] -- Installing: /home/asrlab/sample_code_agv/install/spacenav/share/spacenav/cmake/spacenavConfig.cmake
[7.044s] -- Installing: /home/asrlab/sample_code_agv/install/spacenav/share/spacenav/cmake/spacenavConfig-version.cmake
[7.044s] -- Installing: /home/asrlab/sample_code_agv/install/spacenav/share/spacenav/package.xml
[7.046s] Invoked command in '/home/asrlab/sample_code_agv/build/spacenav' returned '0': CMAKE_PREFIX_PATH=/opt/ros/humble /usr/bin/cmake --install /home/asrlab/sample_code_agv/build/spacenav
