[0.021s] Invoking command in '/home/asrlab/sample_code_agv/build/wiimote_msgs': CMAKE_PREFIX_PATH=/opt/ros/humble /usr/bin/cmake /home/asrlab/sample_code_agv/src/joystick_drivers/wiimote_msgs -DCMAKE_INSTALL_PREFIX=/home/asrlab/sample_code_agv/install/wiimote_msgs
[0.678s] -- The C compiler identification is GNU 11.4.0
[0.678s] -- The CXX compiler identification is GNU 11.4.0
[0.678s] -- Detecting C compiler ABI info
[0.678s] -- Detecting C compiler ABI info - done
[0.678s] -- Check for working C compiler: /usr/bin/cc - skipped
[0.678s] -- Detecting C compile features
[0.678s] -- Detecting C compile features - done
[0.678s] -- Detecting CXX compiler ABI info
[0.678s] -- Detecting CXX compiler ABI info - done
[0.678s] -- Check for working CXX compiler: /usr/bin/c++ - skipped
[0.678s] -- Detecting CXX compile features
[0.678s] -- Detecting CXX compile features - done
[0.678s] -- Found ament_cmake: 1.3.10 (/opt/ros/humble/share/ament_cmake/cmake)
[0.678s] -- Found Python3: /usr/bin/python3 (found version "3.10.12") found components: Interpreter 
[0.678s] -- Found ament_cmake_auto: 1.3.10 (/opt/ros/humble/share/ament_cmake_auto/cmake)
[0.678s] -- Found rosidl_generator_c: 3.1.5 (/opt/ros/humble/share/rosidl_generator_c/cmake)
[0.679s] -- Found rosidl_adapter: 3.1.5 (/opt/ros/humble/share/rosidl_adapter/cmake)
[0.679s] -- Found rosidl_generator_cpp: 3.1.5 (/opt/ros/humble/share/rosidl_generator_cpp/cmake)
[0.679s] -- Using all available rosidl_typesupport_c: rosidl_typesupport_fastrtps_c;rosidl_typesupport_introspection_c
[0.679s] -- Using all available rosidl_typesupport_cpp: rosidl_typesupport_fastrtps_cpp;rosidl_typesupport_introspection_cpp
[0.679s] -- Found ament_lint_auto: 0.12.11 (/opt/ros/humble/share/ament_lint_auto/cmake)
[0.679s] -- Found ament_cmake_ros: 0.10.0 (/opt/ros/humble/share/ament_cmake_ros/cmake)
[0.942s] -- Using all available rosidl_typesupport_c: rosidl_typesupport_fastrtps_c;rosidl_typesupport_introspection_c
[1.053s] -- Using all available rosidl_typesupport_cpp: rosidl_typesupport_fastrtps_cpp;rosidl_typesupport_introspection_cpp
[1.069s] -- Found PythonInterp: /usr/bin/python3 (found suitable version "3.10.12", minimum required is "3.6") 
[1.069s] -- Found python_cmake_module: 0.10.0 (/opt/ros/humble/share/python_cmake_module/cmake)
[1.086s] -- Found PythonLibs: /usr/lib/x86_64-linux-gnu/libpython3.10.so (found suitable version "3.10.12", minimum required is "3.5") 
[1.087s] -- Using PYTHON_EXECUTABLE: /usr/bin/python3
[1.087s] -- Using PYTHON_INCLUDE_DIRS: /usr/include/python3.10
[1.087s] -- Using PYTHON_LIBRARIES: /usr/lib/x86_64-linux-gnu/libpython3.10.so
[1.100s] -- Found PythonExtra: .so  
[1.144s] -- Added test 'copyright' to check source files copyright and LICENSE
[1.145s] -- Added test 'lint_cmake' to check CMake code style
[1.146s] -- Added test 'xmllint' to check XML markup files
[1.150s] -- Configuring done
[1.190s] -- Generating done
[1.193s] -- Build files have been written to: /home/asrlab/sample_code_agv/build/wiimote_msgs
[1.202s] Invoked command in '/home/asrlab/sample_code_agv/build/wiimote_msgs' returned '0': CMAKE_PREFIX_PATH=/opt/ros/humble /usr/bin/cmake /home/asrlab/sample_code_agv/src/joystick_drivers/wiimote_msgs -DCMAKE_INSTALL_PREFIX=/home/asrlab/sample_code_agv/install/wiimote_msgs
[1.203s] Invoking command in '/home/asrlab/sample_code_agv/build/wiimote_msgs': CMAKE_PREFIX_PATH=/opt/ros/humble /usr/bin/cmake --build /home/asrlab/sample_code_agv/build/wiimote_msgs -- -j20 -l20
[1.227s] [  2%] [34m[1mGenerating C code for ROS interfaces[0m
[1.233s] [  4%] [34m[1mGenerating C++ code for ROS interfaces[0m
[1.238s] [  4%] Built target ament_cmake_python_copy_wiimote_msgs
[1.457s] running egg_info
[1.457s] creating wiimote_msgs.egg-info
[1.457s] writing wiimote_msgs.egg-info/PKG-INFO
[1.457s] writing dependency_links to wiimote_msgs.egg-info/dependency_links.txt
[1.457s] writing top-level names to wiimote_msgs.egg-info/top_level.txt
[1.458s] writing manifest file 'wiimote_msgs.egg-info/SOURCES.txt'
[1.459s] reading manifest file 'wiimote_msgs.egg-info/SOURCES.txt'
[1.459s] writing manifest file 'wiimote_msgs.egg-info/SOURCES.txt'
[1.477s] [  4%] Built target ament_cmake_python_build_wiimote_msgs_egg
[1.812s] [ 10%] [32mBuilding C object CMakeFiles/wiimote_msgs__rosidl_generator_c.dir/rosidl_generator_c/wiimote_msgs/msg/detail/ir_source_info__functions.c.o[0m
[1.812s] [ 10%] [32mBuilding C object CMakeFiles/wiimote_msgs__rosidl_generator_c.dir/rosidl_generator_c/wiimote_msgs/msg/detail/timed_switch__functions.c.o[0m
[1.812s] [ 10%] [32mBuilding C object CMakeFiles/wiimote_msgs__rosidl_generator_c.dir/rosidl_generator_c/wiimote_msgs/msg/detail/state__functions.c.o[0m
[1.839s] [ 10%] Built target wiimote_msgs__cpp
[1.845s] [ 17%] [34m[1mGenerating C++ introspection for ROS interfaces[0m
[1.845s] [ 17%] [34m[1mGenerating C++ type support dispatch for ROS interfaces[0m
[1.846s] [ 17%] [34m[1mGenerating C++ type support for eProsima Fast-RTPS[0m
[1.850s] [ 19%] [32m[1mLinking C shared library libwiimote_msgs__rosidl_generator_c.so[0m
[1.875s] [ 19%] Built target wiimote_msgs__rosidl_generator_c
[1.882s] [ 25%] [34m[1mGenerating C type support for eProsima Fast-RTPS[0m
[1.882s] [ 25%] [34m[1mGenerating C introspection for ROS interfaces[0m
[1.882s] [ 25%] [34m[1mGenerating C type support dispatch for ROS interfaces[0m
[2.427s] [ 27%] [32mBuilding CXX object CMakeFiles/wiimote_msgs__rosidl_typesupport_fastrtps_cpp.dir/rosidl_typesupport_fastrtps_cpp/wiimote_msgs/msg/detail/dds_fastrtps/ir_source_info__type_support.cpp.o[0m
[2.429s] [ 29%] [32mBuilding CXX object CMakeFiles/wiimote_msgs__rosidl_typesupport_fastrtps_cpp.dir/rosidl_typesupport_fastrtps_cpp/wiimote_msgs/msg/detail/dds_fastrtps/state__type_support.cpp.o[0m
[2.430s] [ 31%] [32mBuilding CXX object CMakeFiles/wiimote_msgs__rosidl_typesupport_fastrtps_cpp.dir/rosidl_typesupport_fastrtps_cpp/wiimote_msgs/msg/detail/dds_fastrtps/timed_switch__type_support.cpp.o[0m
[2.474s] [ 38%] [32mBuilding CXX object CMakeFiles/wiimote_msgs__rosidl_typesupport_fastrtps_c.dir/rosidl_typesupport_fastrtps_c/wiimote_msgs/msg/detail/ir_source_info__type_support_c.cpp.o[0m
[2.474s] [ 38%] [32mBuilding CXX object CMakeFiles/wiimote_msgs__rosidl_typesupport_fastrtps_c.dir/rosidl_typesupport_fastrtps_c/wiimote_msgs/msg/detail/timed_switch__type_support_c.cpp.o[0m
[2.474s] [ 38%] [32mBuilding CXX object CMakeFiles/wiimote_msgs__rosidl_typesupport_fastrtps_c.dir/rosidl_typesupport_fastrtps_c/wiimote_msgs/msg/detail/state__type_support_c.cpp.o[0m
[2.489s] [ 42%] [32mBuilding CXX object CMakeFiles/wiimote_msgs__rosidl_typesupport_c.dir/rosidl_typesupport_c/wiimote_msgs/msg/state__type_support.cpp.o[0m
[2.489s] [ 42%] [32mBuilding CXX object CMakeFiles/wiimote_msgs__rosidl_typesupport_c.dir/rosidl_typesupport_c/wiimote_msgs/msg/timed_switch__type_support.cpp.o[0m
[2.489s] [ 44%] [32mBuilding CXX object CMakeFiles/wiimote_msgs__rosidl_typesupport_c.dir/rosidl_typesupport_c/wiimote_msgs/msg/ir_source_info__type_support.cpp.o[0m
[2.499s] [ 46%] [32mBuilding CXX object CMakeFiles/wiimote_msgs__rosidl_typesupport_introspection_cpp.dir/rosidl_typesupport_introspection_cpp/wiimote_msgs/msg/detail/timed_switch__type_support.cpp.o[0m
[2.501s] [ 48%] [32mBuilding CXX object CMakeFiles/wiimote_msgs__rosidl_typesupport_introspection_cpp.dir/rosidl_typesupport_introspection_cpp/wiimote_msgs/msg/detail/ir_source_info__type_support.cpp.o[0m
[2.503s] [ 51%] [32mBuilding CXX object CMakeFiles/wiimote_msgs__rosidl_typesupport_introspection_cpp.dir/rosidl_typesupport_introspection_cpp/wiimote_msgs/msg/detail/state__type_support.cpp.o[0m
[2.534s] [ 53%] [32m[1mLinking CXX shared library libwiimote_msgs__rosidl_typesupport_c.so[0m
[2.579s] [ 55%] [32mBuilding CXX object CMakeFiles/wiimote_msgs__rosidl_typesupport_cpp.dir/rosidl_typesupport_cpp/wiimote_msgs/msg/ir_source_info__type_support.cpp.o[0m
[2.587s] [ 57%] [32mBuilding CXX object CMakeFiles/wiimote_msgs__rosidl_typesupport_cpp.dir/rosidl_typesupport_cpp/wiimote_msgs/msg/state__type_support.cpp.o[0m
[2.589s] [ 59%] [32mBuilding CXX object CMakeFiles/wiimote_msgs__rosidl_typesupport_cpp.dir/rosidl_typesupport_cpp/wiimote_msgs/msg/timed_switch__type_support.cpp.o[0m
[2.589s] [ 59%] Built target wiimote_msgs__rosidl_typesupport_c
[2.863s] [ 63%] [32mBuilding C object CMakeFiles/wiimote_msgs__rosidl_typesupport_introspection_c.dir/rosidl_typesupport_introspection_c/wiimote_msgs/msg/detail/timed_switch__type_support.c.o[0m
[2.863s] [ 63%] [32mBuilding C object CMakeFiles/wiimote_msgs__rosidl_typesupport_introspection_c.dir/rosidl_typesupport_introspection_c/wiimote_msgs/msg/detail/ir_source_info__type_support.c.o[0m
[2.866s] [ 65%] [32mBuilding C object CMakeFiles/wiimote_msgs__rosidl_typesupport_introspection_c.dir/rosidl_typesupport_introspection_c/wiimote_msgs/msg/detail/state__type_support.c.o[0m
[2.918s] [ 68%] [32m[1mLinking CXX shared library libwiimote_msgs__rosidl_typesupport_cpp.so[0m
[2.922s] [ 70%] [32m[1mLinking C shared library libwiimote_msgs__rosidl_typesupport_introspection_c.so[0m
[2.948s] [ 70%] Built target wiimote_msgs__rosidl_typesupport_cpp
[2.954s] [ 70%] Built target wiimote_msgs__rosidl_typesupport_introspection_c
[2.971s] [ 72%] [32m[1mLinking CXX shared library libwiimote_msgs__rosidl_typesupport_fastrtps_c.so[0m
[2.976s] [ 74%] [32m[1mLinking CXX shared library libwiimote_msgs__rosidl_typesupport_fastrtps_cpp.so[0m
[3.016s] [ 76%] [32m[1mLinking CXX shared library libwiimote_msgs__rosidl_typesupport_introspection_cpp.so[0m
[3.041s] [ 76%] Built target wiimote_msgs__rosidl_typesupport_fastrtps_c
[3.047s] [ 76%] Built target wiimote_msgs__rosidl_typesupport_fastrtps_cpp
[3.078s] [ 76%] Built target wiimote_msgs__rosidl_typesupport_introspection_cpp
[3.092s] [ 76%] Built target wiimote_msgs
[3.105s] [ 78%] [34m[1mGenerating Python code for ROS interfaces[0m
[4.154s] [ 78%] Built target wiimote_msgs__py
[4.168s] [ 85%] [32mBuilding C object CMakeFiles/wiimote_msgs__rosidl_generator_py.dir/rosidl_generator_py/wiimote_msgs/msg/_timed_switch_s.c.o[0m
[4.168s] [ 85%] [32mBuilding C object CMakeFiles/wiimote_msgs__rosidl_generator_py.dir/rosidl_generator_py/wiimote_msgs/msg/_ir_source_info_s.c.o[0m
[4.168s] [ 85%] [32mBuilding C object CMakeFiles/wiimote_msgs__rosidl_generator_py.dir/rosidl_generator_py/wiimote_msgs/msg/_state_s.c.o[0m
[4.262s] [ 87%] [32m[1mLinking C shared library rosidl_generator_py/wiimote_msgs/libwiimote_msgs__rosidl_generator_py.so[0m
[4.292s] [ 87%] Built target wiimote_msgs__rosidl_generator_py
[4.305s] [ 93%] [32mBuilding C object CMakeFiles/wiimote_msgs__rosidl_typesupport_c__pyext.dir/rosidl_generator_py/wiimote_msgs/_wiimote_msgs_s.ep.rosidl_typesupport_c.c.o[0m
[4.305s] [ 93%] [32mBuilding C object CMakeFiles/wiimote_msgs__rosidl_typesupport_introspection_c__pyext.dir/rosidl_generator_py/wiimote_msgs/_wiimote_msgs_s.ep.rosidl_typesupport_introspection_c.c.o[0m
[4.306s] [ 93%] [32mBuilding C object CMakeFiles/wiimote_msgs__rosidl_typesupport_fastrtps_c__pyext.dir/rosidl_generator_py/wiimote_msgs/_wiimote_msgs_s.ep.rosidl_typesupport_fastrtps_c.c.o[0m
[4.378s] [100%] [32m[1mLinking C shared library rosidl_generator_py/wiimote_msgs/wiimote_msgs_s__rosidl_typesupport_introspection_c.cpython-310-x86_64-linux-gnu.so[0m
[4.379s] [100%] [32m[1mLinking C shared library rosidl_generator_py/wiimote_msgs/wiimote_msgs_s__rosidl_typesupport_c.cpython-310-x86_64-linux-gnu.so[0m
[4.379s] [100%] [32m[1mLinking C shared library rosidl_generator_py/wiimote_msgs/wiimote_msgs_s__rosidl_typesupport_fastrtps_c.cpython-310-x86_64-linux-gnu.so[0m
[4.406s] [100%] Built target wiimote_msgs__rosidl_typesupport_fastrtps_c__pyext
[4.406s] [100%] Built target wiimote_msgs__rosidl_typesupport_introspection_c__pyext
[4.407s] [100%] Built target wiimote_msgs__rosidl_typesupport_c__pyext
[4.415s] Invoked command in '/home/asrlab/sample_code_agv/build/wiimote_msgs' returned '0': CMAKE_PREFIX_PATH=/opt/ros/humble /usr/bin/cmake --build /home/asrlab/sample_code_agv/build/wiimote_msgs -- -j20 -l20
[4.467s] Invoking command in '/home/asrlab/sample_code_agv/build/wiimote_msgs': CMAKE_PREFIX_PATH=/opt/ros/humble /usr/bin/cmake --install /home/asrlab/sample_code_agv/build/wiimote_msgs
[4.472s] -- Install configuration: ""
[4.472s] -- Installing: /home/asrlab/sample_code_agv/install/wiimote_msgs/share/ament_index/resource_index/rosidl_interfaces/wiimote_msgs
[4.472s] -- Installing: /home/asrlab/sample_code_agv/install/wiimote_msgs/include/wiimote_msgs/wiimote_msgs
[4.473s] -- Installing: /home/asrlab/sample_code_agv/install/wiimote_msgs/include/wiimote_msgs/wiimote_msgs/msg
[4.473s] -- Installing: /home/asrlab/sample_code_agv/install/wiimote_msgs/include/wiimote_msgs/wiimote_msgs/msg/ir_source_info.h
[4.473s] -- Installing: /home/asrlab/sample_code_agv/install/wiimote_msgs/include/wiimote_msgs/wiimote_msgs/msg/rosidl_generator_c__visibility_control.h
[4.473s] -- Installing: /home/asrlab/sample_code_agv/install/wiimote_msgs/include/wiimote_msgs/wiimote_msgs/msg/state.h
[4.473s] -- Installing: /home/asrlab/sample_code_agv/install/wiimote_msgs/include/wiimote_msgs/wiimote_msgs/msg/timed_switch.h
[4.473s] -- Installing: /home/asrlab/sample_code_agv/install/wiimote_msgs/include/wiimote_msgs/wiimote_msgs/msg/detail
[4.473s] -- Installing: /home/asrlab/sample_code_agv/install/wiimote_msgs/include/wiimote_msgs/wiimote_msgs/msg/detail/ir_source_info__functions.h
[4.473s] -- Installing: /home/asrlab/sample_code_agv/install/wiimote_msgs/include/wiimote_msgs/wiimote_msgs/msg/detail/timed_switch__functions.c
[4.473s] -- Installing: /home/asrlab/sample_code_agv/install/wiimote_msgs/include/wiimote_msgs/wiimote_msgs/msg/detail/state__type_support.h
[4.473s] -- Installing: /home/asrlab/sample_code_agv/install/wiimote_msgs/include/wiimote_msgs/wiimote_msgs/msg/detail/timed_switch__functions.h
[4.474s] -- Installing: /home/asrlab/sample_code_agv/install/wiimote_msgs/include/wiimote_msgs/wiimote_msgs/msg/detail/timed_switch__type_support.h
[4.474s] -- Installing: /home/asrlab/sample_code_agv/install/wiimote_msgs/include/wiimote_msgs/wiimote_msgs/msg/detail/ir_source_info__functions.c
[4.474s] -- Installing: /home/asrlab/sample_code_agv/install/wiimote_msgs/include/wiimote_msgs/wiimote_msgs/msg/detail/state__functions.h
[4.474s] -- Installing: /home/asrlab/sample_code_agv/install/wiimote_msgs/include/wiimote_msgs/wiimote_msgs/msg/detail/state__functions.c
[4.474s] -- Installing: /home/asrlab/sample_code_agv/install/wiimote_msgs/include/wiimote_msgs/wiimote_msgs/msg/detail/state__struct.h
[4.474s] -- Installing: /home/asrlab/sample_code_agv/install/wiimote_msgs/include/wiimote_msgs/wiimote_msgs/msg/detail/timed_switch__struct.h
[4.474s] -- Installing: /home/asrlab/sample_code_agv/install/wiimote_msgs/include/wiimote_msgs/wiimote_msgs/msg/detail/ir_source_info__struct.h
[4.474s] -- Installing: /home/asrlab/sample_code_agv/install/wiimote_msgs/include/wiimote_msgs/wiimote_msgs/msg/detail/ir_source_info__type_support.h
[4.474s] -- Installing: /home/asrlab/sample_code_agv/install/wiimote_msgs/share/wiimote_msgs/environment/library_path.sh
[4.474s] -- Installing: /home/asrlab/sample_code_agv/install/wiimote_msgs/share/wiimote_msgs/environment/library_path.dsv
[4.474s] -- Installing: /home/asrlab/sample_code_agv/install/wiimote_msgs/lib/libwiimote_msgs__rosidl_generator_c.so
[4.475s] -- Set runtime path of "/home/asrlab/sample_code_agv/install/wiimote_msgs/lib/libwiimote_msgs__rosidl_generator_c.so" to ""
[4.475s] -- Up-to-date: /home/asrlab/sample_code_agv/install/wiimote_msgs/include/wiimote_msgs/wiimote_msgs
[4.475s] -- Up-to-date: /home/asrlab/sample_code_agv/install/wiimote_msgs/include/wiimote_msgs/wiimote_msgs/msg
[4.475s] -- Installing: /home/asrlab/sample_code_agv/install/wiimote_msgs/include/wiimote_msgs/wiimote_msgs/msg/rosidl_typesupport_fastrtps_c__visibility_control.h
[4.475s] -- Up-to-date: /home/asrlab/sample_code_agv/install/wiimote_msgs/include/wiimote_msgs/wiimote_msgs/msg/detail
[4.475s] -- Installing: /home/asrlab/sample_code_agv/install/wiimote_msgs/include/wiimote_msgs/wiimote_msgs/msg/detail/timed_switch__rosidl_typesupport_fastrtps_c.h
[4.475s] -- Installing: /home/asrlab/sample_code_agv/install/wiimote_msgs/include/wiimote_msgs/wiimote_msgs/msg/detail/ir_source_info__rosidl_typesupport_fastrtps_c.h
[4.475s] -- Installing: /home/asrlab/sample_code_agv/install/wiimote_msgs/include/wiimote_msgs/wiimote_msgs/msg/detail/state__rosidl_typesupport_fastrtps_c.h
[4.475s] -- Installing: /home/asrlab/sample_code_agv/install/wiimote_msgs/lib/libwiimote_msgs__rosidl_typesupport_fastrtps_c.so
[4.475s] -- Set runtime path of "/home/asrlab/sample_code_agv/install/wiimote_msgs/lib/libwiimote_msgs__rosidl_typesupport_fastrtps_c.so" to ""
[4.476s] -- Up-to-date: /home/asrlab/sample_code_agv/install/wiimote_msgs/include/wiimote_msgs/wiimote_msgs
[4.476s] -- Up-to-date: /home/asrlab/sample_code_agv/install/wiimote_msgs/include/wiimote_msgs/wiimote_msgs/msg
[4.476s] -- Installing: /home/asrlab/sample_code_agv/install/wiimote_msgs/include/wiimote_msgs/wiimote_msgs/msg/state.hpp
[4.476s] -- Installing: /home/asrlab/sample_code_agv/install/wiimote_msgs/include/wiimote_msgs/wiimote_msgs/msg/ir_source_info.hpp
[4.476s] -- Installing: /home/asrlab/sample_code_agv/install/wiimote_msgs/include/wiimote_msgs/wiimote_msgs/msg/timed_switch.hpp
[4.476s] -- Up-to-date: /home/asrlab/sample_code_agv/install/wiimote_msgs/include/wiimote_msgs/wiimote_msgs/msg/detail
[4.476s] -- Installing: /home/asrlab/sample_code_agv/install/wiimote_msgs/include/wiimote_msgs/wiimote_msgs/msg/detail/state__builder.hpp
[4.476s] -- Installing: /home/asrlab/sample_code_agv/install/wiimote_msgs/include/wiimote_msgs/wiimote_msgs/msg/detail/state__struct.hpp
[4.476s] -- Installing: /home/asrlab/sample_code_agv/install/wiimote_msgs/include/wiimote_msgs/wiimote_msgs/msg/detail/state__traits.hpp
[4.476s] -- Installing: /home/asrlab/sample_code_agv/install/wiimote_msgs/include/wiimote_msgs/wiimote_msgs/msg/detail/timed_switch__traits.hpp
[4.476s] -- Installing: /home/asrlab/sample_code_agv/install/wiimote_msgs/include/wiimote_msgs/wiimote_msgs/msg/detail/ir_source_info__struct.hpp
[4.476s] -- Installing: /home/asrlab/sample_code_agv/install/wiimote_msgs/include/wiimote_msgs/wiimote_msgs/msg/detail/timed_switch__builder.hpp
[4.477s] -- Installing: /home/asrlab/sample_code_agv/install/wiimote_msgs/include/wiimote_msgs/wiimote_msgs/msg/detail/ir_source_info__builder.hpp
[4.477s] -- Installing: /home/asrlab/sample_code_agv/install/wiimote_msgs/include/wiimote_msgs/wiimote_msgs/msg/detail/ir_source_info__traits.hpp
[4.477s] -- Installing: /home/asrlab/sample_code_agv/install/wiimote_msgs/include/wiimote_msgs/wiimote_msgs/msg/detail/timed_switch__struct.hpp
[4.477s] -- Up-to-date: /home/asrlab/sample_code_agv/install/wiimote_msgs/include/wiimote_msgs/wiimote_msgs
[4.477s] -- Up-to-date: /home/asrlab/sample_code_agv/install/wiimote_msgs/include/wiimote_msgs/wiimote_msgs/msg
[4.477s] -- Installing: /home/asrlab/sample_code_agv/install/wiimote_msgs/include/wiimote_msgs/wiimote_msgs/msg/rosidl_typesupport_fastrtps_cpp__visibility_control.h
[4.477s] -- Up-to-date: /home/asrlab/sample_code_agv/install/wiimote_msgs/include/wiimote_msgs/wiimote_msgs/msg/detail
[4.477s] -- Installing: /home/asrlab/sample_code_agv/install/wiimote_msgs/include/wiimote_msgs/wiimote_msgs/msg/detail/ir_source_info__rosidl_typesupport_fastrtps_cpp.hpp
[4.477s] -- Installing: /home/asrlab/sample_code_agv/install/wiimote_msgs/include/wiimote_msgs/wiimote_msgs/msg/detail/dds_fastrtps
[4.477s] -- Installing: /home/asrlab/sample_code_agv/install/wiimote_msgs/include/wiimote_msgs/wiimote_msgs/msg/detail/state__rosidl_typesupport_fastrtps_cpp.hpp
[4.477s] -- Installing: /home/asrlab/sample_code_agv/install/wiimote_msgs/include/wiimote_msgs/wiimote_msgs/msg/detail/timed_switch__rosidl_typesupport_fastrtps_cpp.hpp
[4.478s] -- Installing: /home/asrlab/sample_code_agv/install/wiimote_msgs/lib/libwiimote_msgs__rosidl_typesupport_fastrtps_cpp.so
[4.478s] -- Set runtime path of "/home/asrlab/sample_code_agv/install/wiimote_msgs/lib/libwiimote_msgs__rosidl_typesupport_fastrtps_cpp.so" to ""
[4.478s] -- Up-to-date: /home/asrlab/sample_code_agv/install/wiimote_msgs/include/wiimote_msgs/wiimote_msgs
[4.478s] -- Up-to-date: /home/asrlab/sample_code_agv/install/wiimote_msgs/include/wiimote_msgs/wiimote_msgs/msg
[4.478s] -- Installing: /home/asrlab/sample_code_agv/install/wiimote_msgs/include/wiimote_msgs/wiimote_msgs/msg/rosidl_typesupport_introspection_c__visibility_control.h
[4.478s] -- Up-to-date: /home/asrlab/sample_code_agv/install/wiimote_msgs/include/wiimote_msgs/wiimote_msgs/msg/detail
[4.478s] -- Installing: /home/asrlab/sample_code_agv/install/wiimote_msgs/include/wiimote_msgs/wiimote_msgs/msg/detail/timed_switch__rosidl_typesupport_introspection_c.h
[4.478s] -- Installing: /home/asrlab/sample_code_agv/install/wiimote_msgs/include/wiimote_msgs/wiimote_msgs/msg/detail/state__rosidl_typesupport_introspection_c.h
[4.478s] -- Installing: /home/asrlab/sample_code_agv/install/wiimote_msgs/include/wiimote_msgs/wiimote_msgs/msg/detail/ir_source_info__rosidl_typesupport_introspection_c.h
[4.478s] -- Installing: /home/asrlab/sample_code_agv/install/wiimote_msgs/include/wiimote_msgs/wiimote_msgs/msg/detail/state__type_support.c
[4.478s] -- Installing: /home/asrlab/sample_code_agv/install/wiimote_msgs/include/wiimote_msgs/wiimote_msgs/msg/detail/ir_source_info__type_support.c
[4.479s] -- Installing: /home/asrlab/sample_code_agv/install/wiimote_msgs/include/wiimote_msgs/wiimote_msgs/msg/detail/timed_switch__type_support.c
[4.479s] -- Installing: /home/asrlab/sample_code_agv/install/wiimote_msgs/lib/libwiimote_msgs__rosidl_typesupport_introspection_c.so
[4.479s] -- Set runtime path of "/home/asrlab/sample_code_agv/install/wiimote_msgs/lib/libwiimote_msgs__rosidl_typesupport_introspection_c.so" to ""
[4.479s] -- Installing: /home/asrlab/sample_code_agv/install/wiimote_msgs/lib/libwiimote_msgs__rosidl_typesupport_c.so
[4.479s] -- Set runtime path of "/home/asrlab/sample_code_agv/install/wiimote_msgs/lib/libwiimote_msgs__rosidl_typesupport_c.so" to ""
[4.479s] -- Up-to-date: /home/asrlab/sample_code_agv/install/wiimote_msgs/include/wiimote_msgs/wiimote_msgs
[4.479s] -- Up-to-date: /home/asrlab/sample_code_agv/install/wiimote_msgs/include/wiimote_msgs/wiimote_msgs/msg
[4.479s] -- Up-to-date: /home/asrlab/sample_code_agv/install/wiimote_msgs/include/wiimote_msgs/wiimote_msgs/msg/detail
[4.479s] -- Installing: /home/asrlab/sample_code_agv/install/wiimote_msgs/include/wiimote_msgs/wiimote_msgs/msg/detail/timed_switch__rosidl_typesupport_introspection_cpp.hpp
[4.479s] -- Installing: /home/asrlab/sample_code_agv/install/wiimote_msgs/include/wiimote_msgs/wiimote_msgs/msg/detail/state__type_support.cpp
[4.479s] -- Installing: /home/asrlab/sample_code_agv/install/wiimote_msgs/include/wiimote_msgs/wiimote_msgs/msg/detail/state__rosidl_typesupport_introspection_cpp.hpp
[4.480s] -- Installing: /home/asrlab/sample_code_agv/install/wiimote_msgs/include/wiimote_msgs/wiimote_msgs/msg/detail/timed_switch__type_support.cpp
[4.480s] -- Installing: /home/asrlab/sample_code_agv/install/wiimote_msgs/include/wiimote_msgs/wiimote_msgs/msg/detail/ir_source_info__rosidl_typesupport_introspection_cpp.hpp
[4.480s] -- Installing: /home/asrlab/sample_code_agv/install/wiimote_msgs/include/wiimote_msgs/wiimote_msgs/msg/detail/ir_source_info__type_support.cpp
[4.480s] -- Installing: /home/asrlab/sample_code_agv/install/wiimote_msgs/lib/libwiimote_msgs__rosidl_typesupport_introspection_cpp.so
[4.480s] -- Set runtime path of "/home/asrlab/sample_code_agv/install/wiimote_msgs/lib/libwiimote_msgs__rosidl_typesupport_introspection_cpp.so" to ""
[4.480s] -- Installing: /home/asrlab/sample_code_agv/install/wiimote_msgs/lib/libwiimote_msgs__rosidl_typesupport_cpp.so
[4.480s] -- Set runtime path of "/home/asrlab/sample_code_agv/install/wiimote_msgs/lib/libwiimote_msgs__rosidl_typesupport_cpp.so" to ""
[4.480s] -- Installing: /home/asrlab/sample_code_agv/install/wiimote_msgs/share/wiimote_msgs/environment/pythonpath.sh
[4.480s] -- Installing: /home/asrlab/sample_code_agv/install/wiimote_msgs/share/wiimote_msgs/environment/pythonpath.dsv
[4.480s] -- Installing: /home/asrlab/sample_code_agv/install/wiimote_msgs/local/lib/python3.10/dist-packages/wiimote_msgs-3.3.0-py3.10.egg-info
[4.480s] -- Installing: /home/asrlab/sample_code_agv/install/wiimote_msgs/local/lib/python3.10/dist-packages/wiimote_msgs-3.3.0-py3.10.egg-info/dependency_links.txt
[4.480s] -- Installing: /home/asrlab/sample_code_agv/install/wiimote_msgs/local/lib/python3.10/dist-packages/wiimote_msgs-3.3.0-py3.10.egg-info/SOURCES.txt
[4.480s] -- Installing: /home/asrlab/sample_code_agv/install/wiimote_msgs/local/lib/python3.10/dist-packages/wiimote_msgs-3.3.0-py3.10.egg-info/PKG-INFO
[4.481s] -- Installing: /home/asrlab/sample_code_agv/install/wiimote_msgs/local/lib/python3.10/dist-packages/wiimote_msgs-3.3.0-py3.10.egg-info/top_level.txt
[4.481s] -- Installing: /home/asrlab/sample_code_agv/install/wiimote_msgs/local/lib/python3.10/dist-packages/wiimote_msgs
[4.481s] -- Installing: /home/asrlab/sample_code_agv/install/wiimote_msgs/local/lib/python3.10/dist-packages/wiimote_msgs/_wiimote_msgs_s.ep.rosidl_typesupport_introspection_c.c
[4.481s] -- Installing: /home/asrlab/sample_code_agv/install/wiimote_msgs/local/lib/python3.10/dist-packages/wiimote_msgs/wiimote_msgs_s__rosidl_typesupport_fastrtps_c.cpython-310-x86_64-linux-gnu.so
[4.481s] -- Installing: /home/asrlab/sample_code_agv/install/wiimote_msgs/local/lib/python3.10/dist-packages/wiimote_msgs/_wiimote_msgs_s.ep.rosidl_typesupport_c.c
[4.481s] -- Installing: /home/asrlab/sample_code_agv/install/wiimote_msgs/local/lib/python3.10/dist-packages/wiimote_msgs/wiimote_msgs_s__rosidl_typesupport_c.cpython-310-x86_64-linux-gnu.so
[4.481s] -- Installing: /home/asrlab/sample_code_agv/install/wiimote_msgs/local/lib/python3.10/dist-packages/wiimote_msgs/msg
[4.481s] -- Installing: /home/asrlab/sample_code_agv/install/wiimote_msgs/local/lib/python3.10/dist-packages/wiimote_msgs/msg/_timed_switch.py
[4.481s] -- Installing: /home/asrlab/sample_code_agv/install/wiimote_msgs/local/lib/python3.10/dist-packages/wiimote_msgs/msg/_timed_switch_s.c
[4.481s] -- Installing: /home/asrlab/sample_code_agv/install/wiimote_msgs/local/lib/python3.10/dist-packages/wiimote_msgs/msg/_state_s.c
[4.481s] -- Installing: /home/asrlab/sample_code_agv/install/wiimote_msgs/local/lib/python3.10/dist-packages/wiimote_msgs/msg/_state.py
[4.481s] -- Installing: /home/asrlab/sample_code_agv/install/wiimote_msgs/local/lib/python3.10/dist-packages/wiimote_msgs/msg/_ir_source_info_s.c
[4.481s] -- Installing: /home/asrlab/sample_code_agv/install/wiimote_msgs/local/lib/python3.10/dist-packages/wiimote_msgs/msg/_ir_source_info.py
[4.481s] -- Installing: /home/asrlab/sample_code_agv/install/wiimote_msgs/local/lib/python3.10/dist-packages/wiimote_msgs/msg/__init__.py
[4.482s] -- Installing: /home/asrlab/sample_code_agv/install/wiimote_msgs/local/lib/python3.10/dist-packages/wiimote_msgs/_wiimote_msgs_s.ep.rosidl_typesupport_fastrtps_c.c
[4.482s] -- Installing: /home/asrlab/sample_code_agv/install/wiimote_msgs/local/lib/python3.10/dist-packages/wiimote_msgs/wiimote_msgs_s__rosidl_typesupport_introspection_c.cpython-310-x86_64-linux-gnu.so
[4.482s] -- Installing: /home/asrlab/sample_code_agv/install/wiimote_msgs/local/lib/python3.10/dist-packages/wiimote_msgs/libwiimote_msgs__rosidl_generator_py.so
[4.482s] -- Installing: /home/asrlab/sample_code_agv/install/wiimote_msgs/local/lib/python3.10/dist-packages/wiimote_msgs/__init__.py
[4.508s] Listing '/home/asrlab/sample_code_agv/install/wiimote_msgs/local/lib/python3.10/dist-packages/wiimote_msgs'...
[4.508s] Compiling '/home/asrlab/sample_code_agv/install/wiimote_msgs/local/lib/python3.10/dist-packages/wiimote_msgs/__init__.py'...
[4.508s] Listing '/home/asrlab/sample_code_agv/install/wiimote_msgs/local/lib/python3.10/dist-packages/wiimote_msgs/msg'...
[4.508s] Compiling '/home/asrlab/sample_code_agv/install/wiimote_msgs/local/lib/python3.10/dist-packages/wiimote_msgs/msg/__init__.py'...
[4.508s] Compiling '/home/asrlab/sample_code_agv/install/wiimote_msgs/local/lib/python3.10/dist-packages/wiimote_msgs/msg/_ir_source_info.py'...
[4.508s] Compiling '/home/asrlab/sample_code_agv/install/wiimote_msgs/local/lib/python3.10/dist-packages/wiimote_msgs/msg/_state.py'...
[4.508s] Compiling '/home/asrlab/sample_code_agv/install/wiimote_msgs/local/lib/python3.10/dist-packages/wiimote_msgs/msg/_timed_switch.py'...
[4.512s] -- Installing: /home/asrlab/sample_code_agv/install/wiimote_msgs/local/lib/python3.10/dist-packages/wiimote_msgs/wiimote_msgs_s__rosidl_typesupport_fastrtps_c.cpython-310-x86_64-linux-gnu.so
[4.512s] -- Set runtime path of "/home/asrlab/sample_code_agv/install/wiimote_msgs/local/lib/python3.10/dist-packages/wiimote_msgs/wiimote_msgs_s__rosidl_typesupport_fastrtps_c.cpython-310-x86_64-linux-gnu.so" to ""
[4.512s] -- Installing: /home/asrlab/sample_code_agv/install/wiimote_msgs/local/lib/python3.10/dist-packages/wiimote_msgs/wiimote_msgs_s__rosidl_typesupport_introspection_c.cpython-310-x86_64-linux-gnu.so
[4.512s] -- Set runtime path of "/home/asrlab/sample_code_agv/install/wiimote_msgs/local/lib/python3.10/dist-packages/wiimote_msgs/wiimote_msgs_s__rosidl_typesupport_introspection_c.cpython-310-x86_64-linux-gnu.so" to ""
[4.512s] -- Installing: /home/asrlab/sample_code_agv/install/wiimote_msgs/local/lib/python3.10/dist-packages/wiimote_msgs/wiimote_msgs_s__rosidl_typesupport_c.cpython-310-x86_64-linux-gnu.so
[4.512s] -- Set runtime path of "/home/asrlab/sample_code_agv/install/wiimote_msgs/local/lib/python3.10/dist-packages/wiimote_msgs/wiimote_msgs_s__rosidl_typesupport_c.cpython-310-x86_64-linux-gnu.so" to ""
[4.513s] -- Installing: /home/asrlab/sample_code_agv/install/wiimote_msgs/lib/libwiimote_msgs__rosidl_generator_py.so
[4.513s] -- Set runtime path of "/home/asrlab/sample_code_agv/install/wiimote_msgs/lib/libwiimote_msgs__rosidl_generator_py.so" to ""
[4.513s] -- Installing: /home/asrlab/sample_code_agv/install/wiimote_msgs/share/wiimote_msgs/msg/IrSourceInfo.idl
[4.513s] -- Installing: /home/asrlab/sample_code_agv/install/wiimote_msgs/share/wiimote_msgs/msg/State.idl
[4.513s] -- Installing: /home/asrlab/sample_code_agv/install/wiimote_msgs/share/wiimote_msgs/msg/TimedSwitch.idl
[4.513s] -- Installing: /home/asrlab/sample_code_agv/install/wiimote_msgs/share/wiimote_msgs/msg/IrSourceInfo.msg
[4.513s] -- Installing: /home/asrlab/sample_code_agv/install/wiimote_msgs/share/wiimote_msgs/msg/State.msg
[4.513s] -- Installing: /home/asrlab/sample_code_agv/install/wiimote_msgs/share/wiimote_msgs/msg/TimedSwitch.msg
[4.513s] -- Installing: /home/asrlab/sample_code_agv/install/wiimote_msgs/share/ament_index/resource_index/package_run_dependencies/wiimote_msgs
[4.513s] -- Installing: /home/asrlab/sample_code_agv/install/wiimote_msgs/share/ament_index/resource_index/parent_prefix_path/wiimote_msgs
[4.514s] -- Installing: /home/asrlab/sample_code_agv/install/wiimote_msgs/share/wiimote_msgs/environment/ament_prefix_path.sh
[4.514s] -- Installing: /home/asrlab/sample_code_agv/install/wiimote_msgs/share/wiimote_msgs/environment/ament_prefix_path.dsv
[4.514s] -- Installing: /home/asrlab/sample_code_agv/install/wiimote_msgs/share/wiimote_msgs/environment/path.sh
[4.514s] -- Installing: /home/asrlab/sample_code_agv/install/wiimote_msgs/share/wiimote_msgs/environment/path.dsv
[4.514s] -- Installing: /home/asrlab/sample_code_agv/install/wiimote_msgs/share/wiimote_msgs/local_setup.bash
[4.514s] -- Installing: /home/asrlab/sample_code_agv/install/wiimote_msgs/share/wiimote_msgs/local_setup.sh
[4.514s] -- Installing: /home/asrlab/sample_code_agv/install/wiimote_msgs/share/wiimote_msgs/local_setup.zsh
[4.514s] -- Installing: /home/asrlab/sample_code_agv/install/wiimote_msgs/share/wiimote_msgs/local_setup.dsv
[4.514s] -- Installing: /home/asrlab/sample_code_agv/install/wiimote_msgs/share/wiimote_msgs/package.dsv
[4.514s] -- Installing: /home/asrlab/sample_code_agv/install/wiimote_msgs/share/ament_index/resource_index/packages/wiimote_msgs
[4.514s] -- Installing: /home/asrlab/sample_code_agv/install/wiimote_msgs/share/wiimote_msgs/cmake/export_wiimote_msgs__rosidl_generator_cExport.cmake
[4.515s] -- Installing: /home/asrlab/sample_code_agv/install/wiimote_msgs/share/wiimote_msgs/cmake/export_wiimote_msgs__rosidl_generator_cExport-noconfig.cmake
[4.515s] -- Installing: /home/asrlab/sample_code_agv/install/wiimote_msgs/share/wiimote_msgs/cmake/export_wiimote_msgs__rosidl_typesupport_fastrtps_cExport.cmake
[4.515s] -- Installing: /home/asrlab/sample_code_agv/install/wiimote_msgs/share/wiimote_msgs/cmake/export_wiimote_msgs__rosidl_typesupport_fastrtps_cExport-noconfig.cmake
[4.515s] -- Installing: /home/asrlab/sample_code_agv/install/wiimote_msgs/share/wiimote_msgs/cmake/export_wiimote_msgs__rosidl_generator_cppExport.cmake
[4.515s] -- Installing: /home/asrlab/sample_code_agv/install/wiimote_msgs/share/wiimote_msgs/cmake/export_wiimote_msgs__rosidl_typesupport_fastrtps_cppExport.cmake
[4.515s] -- Installing: /home/asrlab/sample_code_agv/install/wiimote_msgs/share/wiimote_msgs/cmake/export_wiimote_msgs__rosidl_typesupport_fastrtps_cppExport-noconfig.cmake
[4.515s] -- Installing: /home/asrlab/sample_code_agv/install/wiimote_msgs/share/wiimote_msgs/cmake/wiimote_msgs__rosidl_typesupport_introspection_cExport.cmake
[4.515s] -- Installing: /home/asrlab/sample_code_agv/install/wiimote_msgs/share/wiimote_msgs/cmake/wiimote_msgs__rosidl_typesupport_introspection_cExport-noconfig.cmake
[4.515s] -- Installing: /home/asrlab/sample_code_agv/install/wiimote_msgs/share/wiimote_msgs/cmake/wiimote_msgs__rosidl_typesupport_cExport.cmake
[4.515s] -- Installing: /home/asrlab/sample_code_agv/install/wiimote_msgs/share/wiimote_msgs/cmake/wiimote_msgs__rosidl_typesupport_cExport-noconfig.cmake
[4.516s] -- Installing: /home/asrlab/sample_code_agv/install/wiimote_msgs/share/wiimote_msgs/cmake/wiimote_msgs__rosidl_typesupport_introspection_cppExport.cmake
[4.516s] -- Installing: /home/asrlab/sample_code_agv/install/wiimote_msgs/share/wiimote_msgs/cmake/wiimote_msgs__rosidl_typesupport_introspection_cppExport-noconfig.cmake
[4.516s] -- Installing: /home/asrlab/sample_code_agv/install/wiimote_msgs/share/wiimote_msgs/cmake/wiimote_msgs__rosidl_typesupport_cppExport.cmake
[4.516s] -- Installing: /home/asrlab/sample_code_agv/install/wiimote_msgs/share/wiimote_msgs/cmake/wiimote_msgs__rosidl_typesupport_cppExport-noconfig.cmake
[4.516s] -- Installing: /home/asrlab/sample_code_agv/install/wiimote_msgs/share/wiimote_msgs/cmake/export_wiimote_msgs__rosidl_generator_pyExport.cmake
[4.516s] -- Installing: /home/asrlab/sample_code_agv/install/wiimote_msgs/share/wiimote_msgs/cmake/export_wiimote_msgs__rosidl_generator_pyExport-noconfig.cmake
[4.516s] -- Installing: /home/asrlab/sample_code_agv/install/wiimote_msgs/share/wiimote_msgs/cmake/rosidl_cmake-extras.cmake
[4.516s] -- Installing: /home/asrlab/sample_code_agv/install/wiimote_msgs/share/wiimote_msgs/cmake/ament_cmake_export_dependencies-extras.cmake
[4.516s] -- Installing: /home/asrlab/sample_code_agv/install/wiimote_msgs/share/wiimote_msgs/cmake/ament_cmake_export_include_directories-extras.cmake
[4.516s] -- Installing: /home/asrlab/sample_code_agv/install/wiimote_msgs/share/wiimote_msgs/cmake/ament_cmake_export_libraries-extras.cmake
[4.516s] -- Installing: /home/asrlab/sample_code_agv/install/wiimote_msgs/share/wiimote_msgs/cmake/ament_cmake_export_targets-extras.cmake
[4.517s] -- Installing: /home/asrlab/sample_code_agv/install/wiimote_msgs/share/wiimote_msgs/cmake/rosidl_cmake_export_typesupport_targets-extras.cmake
[4.517s] -- Installing: /home/asrlab/sample_code_agv/install/wiimote_msgs/share/wiimote_msgs/cmake/rosidl_cmake_export_typesupport_libraries-extras.cmake
[4.517s] -- Installing: /home/asrlab/sample_code_agv/install/wiimote_msgs/share/wiimote_msgs/cmake/wiimote_msgsConfig.cmake
[4.517s] -- Installing: /home/asrlab/sample_code_agv/install/wiimote_msgs/share/wiimote_msgs/cmake/wiimote_msgsConfig-version.cmake
[4.517s] -- Installing: /home/asrlab/sample_code_agv/install/wiimote_msgs/share/wiimote_msgs/package.xml
[4.518s] Invoked command in '/home/asrlab/sample_code_agv/build/wiimote_msgs' returned '0': CMAKE_PREFIX_PATH=/opt/ros/humble /usr/bin/cmake --install /home/asrlab/sample_code_agv/build/wiimote_msgs
