[0.005s] Invoking command in '/home/asrlab/sample_code_agv/build/wiimote': AMENT_PREFIX_PATH=/home/asrlab/sample_code_agv/install/wiimote_msgs:${AMENT_PREFIX_PATH} CMAKE_PREFIX_PATH=/home/asrlab/sample_code_agv/install/wiimote_msgs:/opt/ros/humble LD_LIBRARY_PATH=/home/asrlab/sample_code_agv/install/wiimote_msgs/lib:${LD_LIBRARY_PATH} PYTHONPATH=/home/asrlab/sample_code_agv/install/wiimote_msgs/local/lib/python3.10/dist-packages:${PYTHONPATH} /usr/bin/cmake /home/asrlab/sample_code_agv/src/joystick_drivers/wiimote -DCMAKE_INSTALL_PREFIX=/home/asrlab/sample_code_agv/install/wiimote
[0.039s] -- The C compiler identification is GNU 11.4.0
[0.076s] -- The CXX compiler identification is GNU 11.4.0
[0.081s] -- Detecting C compiler ABI info
[0.127s] -- Detecting C compiler ABI info - done
[0.132s] -- Check for working C compiler: /usr/bin/cc - skipped
[0.133s] -- Detecting C compile features
[0.133s] -- Detecting C compile features - done
[0.135s] -- Detecting CXX compiler ABI info
[0.185s] -- Detecting CXX compiler ABI info - done
[0.191s] -- Check for working CXX compiler: /usr/bin/c++ - skipped
[0.191s] -- Detecting CXX compile features
[0.191s] -- Detecting CXX compile features - done
[0.197s] -- Found bluetooth library.
[0.197s] -- Found bluetooth header.
[0.198s] -- Found cwiid library.
[0.198s] -- Found cwiid header.
[0.199s] -- Found ament_cmake: 1.3.10 (/opt/ros/humble/share/ament_cmake/cmake)
[0.307s] -- Found Python3: /usr/bin/python3 (found version "3.10.12") found components: Interpreter 
[0.382s] -- Found geometry_msgs: 4.2.4 (/opt/ros/humble/share/geometry_msgs/cmake)
[0.402s] -- Found rosidl_generator_c: 3.1.5 (/opt/ros/humble/share/rosidl_generator_c/cmake)
[0.406s] -- Found rosidl_adapter: 3.1.5 (/opt/ros/humble/share/rosidl_adapter/cmake)
[0.411s] -- Found rosidl_generator_cpp: 3.1.5 (/opt/ros/humble/share/rosidl_generator_cpp/cmake)
[0.420s] -- Using all available rosidl_typesupport_c: rosidl_typesupport_fastrtps_c;rosidl_typesupport_introspection_c
[0.431s] -- Using all available rosidl_typesupport_cpp: rosidl_typesupport_fastrtps_cpp;rosidl_typesupport_introspection_cpp
[0.459s] -- Found rclcpp: 16.0.10 (/opt/ros/humble/share/rclcpp/cmake)
[0.485s] -- Found rmw_implementation_cmake: 6.1.2 (/opt/ros/humble/share/rmw_implementation_cmake/cmake)
[0.487s] -- Found rmw_fastrtps_cpp: 6.2.7 (/opt/ros/humble/share/rmw_fastrtps_cpp/cmake)
[0.541s] -- Found OpenSSL: /usr/lib/x86_64-linux-gnu/libcrypto.so (found version "3.0.2")  
[0.560s] -- Found FastRTPS: /opt/ros/humble/include  
[0.589s] -- Using RMW implementation 'rmw_fastrtps_cpp' as default
[0.596s] -- Looking for pthread.h
[0.641s] -- Looking for pthread.h - found
[0.641s] -- Performing Test CMAKE_HAVE_LIBC_PTHREAD
[0.687s] -- Performing Test CMAKE_HAVE_LIBC_PTHREAD - Success
[0.687s] -- Found Threads: TRUE  
[0.716s] -- Found rclcpp_components: 16.0.10 (/opt/ros/humble/share/rclcpp_components/cmake)
[0.735s] -- Found rclcpp_lifecycle: 16.0.10 (/opt/ros/humble/share/rclcpp_lifecycle/cmake)
[0.749s] -- Found sensor_msgs: 4.2.4 (/opt/ros/humble/share/sensor_msgs/cmake)
[0.763s] -- Found std_srvs: 4.2.4 (/opt/ros/humble/share/std_srvs/cmake)
[0.769s] -- Found wiimote_msgs: 3.3.0 (/home/asrlab/sample_code_agv/install/wiimote_msgs/share/wiimote_msgs/cmake)
[0.784s] -- Found ament_lint_auto: 0.12.11 (/opt/ros/humble/share/ament_lint_auto/cmake)
[0.842s] -- Added test 'copyright' to check source files copyright and LICENSE
[0.843s] -- Added test 'cppcheck' to perform static code analysis on C / C++ code
[0.843s] -- Configured cppcheck include dirs: $<BUILD_INTERFACE:/home/asrlab/sample_code_agv/src/joystick_drivers/wiimote/include>
[0.843s] -- Configured cppcheck exclude dirs and/or files: 
[0.844s] -- Added test 'cpplint' to check C / C++ code against the Google style
[0.844s] -- Configured cpplint exclude dirs and/or files: 
[0.845s] -- Added test 'flake8' to check Python code syntax and style conventions
[0.845s] -- Added test 'lint_cmake' to check CMake code style
[0.845s] -- Added test 'pep257' to check Python code against some of the docstring style conventions in PEP 257
[0.846s] -- Added test 'uncrustify' to check C / C++ code style
[0.846s] -- Configured uncrustify additional arguments: 
[0.847s] -- Added test 'xmllint' to check XML markup files
[0.848s] -- Configuring done
[0.863s] -- Generating done
[0.864s] -- Build files have been written to: /home/asrlab/sample_code_agv/build/wiimote
[0.872s] Invoked command in '/home/asrlab/sample_code_agv/build/wiimote' returned '0': AMENT_PREFIX_PATH=/home/asrlab/sample_code_agv/install/wiimote_msgs:${AMENT_PREFIX_PATH} CMAKE_PREFIX_PATH=/home/asrlab/sample_code_agv/install/wiimote_msgs:/opt/ros/humble LD_LIBRARY_PATH=/home/asrlab/sample_code_agv/install/wiimote_msgs/lib:${LD_LIBRARY_PATH} PYTHONPATH=/home/asrlab/sample_code_agv/install/wiimote_msgs/local/lib/python3.10/dist-packages:${PYTHONPATH} /usr/bin/cmake /home/asrlab/sample_code_agv/src/joystick_drivers/wiimote -DCMAKE_INSTALL_PREFIX=/home/asrlab/sample_code_agv/install/wiimote
[0.873s] Invoking command in '/home/asrlab/sample_code_agv/build/wiimote': AMENT_PREFIX_PATH=/home/asrlab/sample_code_agv/install/wiimote_msgs:${AMENT_PREFIX_PATH} CMAKE_PREFIX_PATH=/home/asrlab/sample_code_agv/install/wiimote_msgs:/opt/ros/humble LD_LIBRARY_PATH=/home/asrlab/sample_code_agv/install/wiimote_msgs/lib:${LD_LIBRARY_PATH} PYTHONPATH=/home/asrlab/sample_code_agv/install/wiimote_msgs/local/lib/python3.10/dist-packages:${PYTHONPATH} /usr/bin/cmake --build /home/asrlab/sample_code_agv/build/wiimote -- -j20 -l20
[0.907s] [ 55%] [32mBuilding CXX object CMakeFiles/wiimote_lib.dir/src/stat_vector_3d.cpp.o[0m
[0.907s] [ 55%] [32mBuilding CXX object CMakeFiles/wiimote_lib.dir/src/wiimote_controller.cpp.o[0m
[0.907s] [ 55%] [32mBuilding CXX object CMakeFiles/wiimote_node.dir/rclcpp_components/node_main_wiimote_node.cpp.o[0m
[0.907s] [ 55%] [32mBuilding CXX object CMakeFiles/teleop_wiimote_node.dir/rclcpp_components/node_main_teleop_wiimote_node.cpp.o[0m
[0.907s] [ 55%] [32mBuilding CXX object CMakeFiles/teleop_wiimote.dir/src/teleop_wiimote.cpp.o[0m
[3.236s] [ 66%] [32m[1mLinking CXX executable wiimote_node[0m
[3.285s] [ 77%] [32m[1mLinking CXX executable teleop_wiimote_node[0m
[3.324s] [ 77%] Built target wiimote_node
[3.368s] [ 77%] Built target teleop_wiimote_node
[8.834s] [ 88%] [32m[1mLinking CXX shared library libwiimote_lib.so[0m
[9.169s] [ 88%] Built target wiimote_lib
[9.682s] [100%] [32m[1mLinking CXX shared library libteleop_wiimote.so[0m
[10.034s] [100%] Built target teleop_wiimote
[10.040s] Invoked command in '/home/asrlab/sample_code_agv/build/wiimote' returned '0': AMENT_PREFIX_PATH=/home/asrlab/sample_code_agv/install/wiimote_msgs:${AMENT_PREFIX_PATH} CMAKE_PREFIX_PATH=/home/asrlab/sample_code_agv/install/wiimote_msgs:/opt/ros/humble LD_LIBRARY_PATH=/home/asrlab/sample_code_agv/install/wiimote_msgs/lib:${LD_LIBRARY_PATH} PYTHONPATH=/home/asrlab/sample_code_agv/install/wiimote_msgs/local/lib/python3.10/dist-packages:${PYTHONPATH} /usr/bin/cmake --build /home/asrlab/sample_code_agv/build/wiimote -- -j20 -l20
[10.061s] Invoking command in '/home/asrlab/sample_code_agv/build/wiimote': AMENT_PREFIX_PATH=/home/asrlab/sample_code_agv/install/wiimote_msgs:${AMENT_PREFIX_PATH} CMAKE_PREFIX_PATH=/home/asrlab/sample_code_agv/install/wiimote_msgs:/opt/ros/humble LD_LIBRARY_PATH=/home/asrlab/sample_code_agv/install/wiimote_msgs/lib:${LD_LIBRARY_PATH} PYTHONPATH=/home/asrlab/sample_code_agv/install/wiimote_msgs/local/lib/python3.10/dist-packages:${PYTHONPATH} /usr/bin/cmake --install /home/asrlab/sample_code_agv/build/wiimote
[10.065s] -- Install configuration: ""
[10.065s] -- Installing: /home/asrlab/sample_code_agv/install/wiimote/lib/wiimote/wiimote_node
[10.066s] -- Set runtime path of "/home/asrlab/sample_code_agv/install/wiimote/lib/wiimote/wiimote_node" to ""
[10.066s] -- Installing: /home/asrlab/sample_code_agv/install/wiimote/lib/wiimote/teleop_wiimote_node
[10.066s] -- Set runtime path of "/home/asrlab/sample_code_agv/install/wiimote/lib/wiimote/teleop_wiimote_node" to ""
[10.066s] -- Installing: /home/asrlab/sample_code_agv/install/wiimote/lib/libwiimote_lib.so
[10.070s] -- Set runtime path of "/home/asrlab/sample_code_agv/install/wiimote/lib/libwiimote_lib.so" to ""
[10.070s] -- Installing: /home/asrlab/sample_code_agv/install/wiimote/lib/libteleop_wiimote.so
[10.074s] -- Set runtime path of "/home/asrlab/sample_code_agv/install/wiimote/lib/libteleop_wiimote.so" to ""
[10.074s] -- Installing: /home/asrlab/sample_code_agv/install/wiimote/include/wiimote
[10.075s] -- Installing: /home/asrlab/sample_code_agv/install/wiimote/include/wiimote/wiimote
[10.075s] -- Installing: /home/asrlab/sample_code_agv/install/wiimote/include/wiimote/wiimote/stat_vector_3d.hpp
[10.075s] -- Installing: /home/asrlab/sample_code_agv/install/wiimote/include/wiimote/wiimote/wiimote_controller.hpp
[10.075s] -- Installing: /home/asrlab/sample_code_agv/install/wiimote/include/wiimote/wiimote/teleop_wiimote.hpp
[10.075s] -- Installing: /home/asrlab/sample_code_agv/install/wiimote/share/wiimote/launch
[10.075s] -- Installing: /home/asrlab/sample_code_agv/install/wiimote/share/wiimote/launch/wiimote_lifecycle.launch.py
[10.075s] -- Installing: /home/asrlab/sample_code_agv/install/wiimote/share/wiimote/launch/turtlesim.launch.py
[10.075s] -- Installing: /home/asrlab/sample_code_agv/install/wiimote/share/wiimote/launch/feedback_test.launch.py
[10.075s] -- Installing: /home/asrlab/sample_code_agv/install/wiimote/share/wiimote/config
[10.075s] -- Installing: /home/asrlab/sample_code_agv/install/wiimote/share/wiimote/config/wiimote_params.yaml
[10.075s] -- Installing: /home/asrlab/sample_code_agv/install/wiimote/share/wiimote/config/teleop_wiimote_params.yaml
[10.075s] -- Up-to-date: /home/asrlab/sample_code_agv/install/wiimote/lib/wiimote/wiimote_node
[10.075s] -- Installing: /home/asrlab/sample_code_agv/install/wiimote/lib/wiimote/feedback_tester.py
[10.075s] -- Installing: /home/asrlab/sample_code_agv/install/wiimote/share/ament_index/resource_index/package_run_dependencies/wiimote
[10.075s] -- Installing: /home/asrlab/sample_code_agv/install/wiimote/share/ament_index/resource_index/parent_prefix_path/wiimote
[10.076s] -- Installing: /home/asrlab/sample_code_agv/install/wiimote/share/wiimote/environment/ament_prefix_path.sh
[10.076s] -- Installing: /home/asrlab/sample_code_agv/install/wiimote/share/wiimote/environment/ament_prefix_path.dsv
[10.076s] -- Installing: /home/asrlab/sample_code_agv/install/wiimote/share/wiimote/environment/path.sh
[10.076s] -- Installing: /home/asrlab/sample_code_agv/install/wiimote/share/wiimote/environment/path.dsv
[10.076s] -- Installing: /home/asrlab/sample_code_agv/install/wiimote/share/wiimote/local_setup.bash
[10.076s] -- Installing: /home/asrlab/sample_code_agv/install/wiimote/share/wiimote/local_setup.sh
[10.076s] -- Installing: /home/asrlab/sample_code_agv/install/wiimote/share/wiimote/local_setup.zsh
[10.076s] -- Installing: /home/asrlab/sample_code_agv/install/wiimote/share/wiimote/local_setup.dsv
[10.076s] -- Installing: /home/asrlab/sample_code_agv/install/wiimote/share/wiimote/package.dsv
[10.076s] -- Installing: /home/asrlab/sample_code_agv/install/wiimote/share/ament_index/resource_index/packages/wiimote
[10.076s] -- Installing: /home/asrlab/sample_code_agv/install/wiimote/share/ament_index/resource_index/rclcpp_components/wiimote
[10.076s] -- Installing: /home/asrlab/sample_code_agv/install/wiimote/share/wiimote/cmake/export_wiimoteExport.cmake
[10.077s] -- Installing: /home/asrlab/sample_code_agv/install/wiimote/share/wiimote/cmake/export_wiimoteExport-noconfig.cmake
[10.077s] -- Installing: /home/asrlab/sample_code_agv/install/wiimote/share/wiimote/cmake/wiimote-extras.cmake
[10.077s] -- Installing: /home/asrlab/sample_code_agv/install/wiimote/share/wiimote/cmake/ament_cmake_export_targets-extras.cmake
[10.077s] -- Installing: /home/asrlab/sample_code_agv/install/wiimote/share/wiimote/cmake/ament_cmake_export_dependencies-extras.cmake
[10.077s] -- Installing: /home/asrlab/sample_code_agv/install/wiimote/share/wiimote/cmake/wiimoteConfig.cmake
[10.077s] -- Installing: /home/asrlab/sample_code_agv/install/wiimote/share/wiimote/cmake/wiimoteConfig-version.cmake
[10.077s] -- Installing: /home/asrlab/sample_code_agv/install/wiimote/share/wiimote/package.xml
[10.078s] Invoked command in '/home/asrlab/sample_code_agv/build/wiimote' returned '0': AMENT_PREFIX_PATH=/home/asrlab/sample_code_agv/install/wiimote_msgs:${AMENT_PREFIX_PATH} CMAKE_PREFIX_PATH=/home/asrlab/sample_code_agv/install/wiimote_msgs:/opt/ros/humble LD_LIBRARY_PATH=/home/asrlab/sample_code_agv/install/wiimote_msgs/lib:${LD_LIBRARY_PATH} PYTHONPATH=/home/asrlab/sample_code_agv/install/wiimote_msgs/local/lib/python3.10/dist-packages:${PYTHONPATH} /usr/bin/cmake --install /home/asrlab/sample_code_agv/build/wiimote
