[0.249s] DEBUG:colcon:Command line arguments: ['/usr/bin/colcon', 'list', '-p', '--base-paths', '/home/gavin/AGV_Control']
[0.249s] DEBUG:colcon:Parsed command line arguments: Namespace(log_base=None, log_level=None, verb_name='list', build_base='build', ignore_user_meta=False, metas=['./colcon.meta'], base_paths=['/home/gavin/AGV_Control'], packages_ignore=None, packages_ignore_regex=None, paths=None, packages_up_to=None, packages_up_to_regex=None, packages_above=None, packages_above_and_dependencies=None, packages_above_depth=None, packages_select_by_dep=None, packages_skip_by_dep=None, packages_skip_up_to=None, packages_select_build_failed=False, packages_skip_build_finished=False, packages_select_test_failures=False, packages_skip_test_passed=False, packages_select=None, packages_skip=None, packages_select_regex=None, packages_skip_regex=None, packages_start=None, packages_end=None, allow_overriding=[], topological_order=False, names_only=False, paths_only=True, topological_graph=False, topological_graph_dot=False, topological_graph_density=False, topological_graph_legend=False, topological_graph_dot_cluster=False, topological_graph_dot_include_skipped=False, mixin_files=None, mixin=None, verb_parser=<colcon_mixin.mixin.mixin_argument.MixinArgumentDecorator object at 0x7d29a5186830>, verb_extension=<colcon_package_information.verb.list.ListVerb object at 0x7d29a5185a50>, main=<bound method ListVerb.main of <colcon_package_information.verb.list.ListVerb object at 0x7d29a5185a50>>, mixin_verb=('list',))
[0.709s] Level 1:colcon.colcon_core.package_discovery:discover_packages(colcon_meta) check parameters
[0.710s] Level 1:colcon.colcon_core.package_discovery:discover_packages(recursive) check parameters
[0.710s] Level 1:colcon.colcon_core.package_discovery:discover_packages(ignore) check parameters
[0.710s] Level 1:colcon.colcon_core.package_discovery:discover_packages(path) check parameters
[0.710s] Level 1:colcon.colcon_core.package_discovery:discover_packages(recursive) discover
[0.710s] INFO:colcon.colcon_core.package_discovery:Crawling recursively for packages in '/home/gavin/AGV_Control'
[0.710s] Level 1:colcon.colcon_core.package_identification:_identify(/home/gavin/AGV_Control) by extensions ['ignore', 'ignore_ament_install']
[0.710s] Level 1:colcon.colcon_core.package_identification:_identify(/home/gavin/AGV_Control) by extension 'ignore'
[0.710s] Level 1:colcon.colcon_core.package_identification:_identify(/home/gavin/AGV_Control) by extension 'ignore_ament_install'
[0.711s] Level 1:colcon.colcon_core.package_identification:_identify(/home/gavin/AGV_Control) by extensions ['colcon_pkg']
[0.711s] Level 1:colcon.colcon_core.package_identification:_identify(/home/gavin/AGV_Control) by extension 'colcon_pkg'
[0.711s] Level 1:colcon.colcon_core.package_identification:_identify(/home/gavin/AGV_Control) by extensions ['colcon_meta']
[0.711s] Level 1:colcon.colcon_core.package_identification:_identify(/home/gavin/AGV_Control) by extension 'colcon_meta'
[0.711s] Level 1:colcon.colcon_core.package_identification:_identify(/home/gavin/AGV_Control) by extensions ['ros']
[0.711s] Level 1:colcon.colcon_core.package_identification:_identify(/home/gavin/AGV_Control) by extension 'ros'
[0.732s] Level 1:colcon.colcon_core.package_identification:_identify(/home/gavin/AGV_Control) by extensions ['cmake', 'python']
[0.732s] Level 1:colcon.colcon_core.package_identification:_identify(/home/gavin/AGV_Control) by extension 'cmake'
[0.732s] Level 1:colcon.colcon_core.package_identification:_identify(/home/gavin/AGV_Control) by extension 'python'
[0.732s] Level 1:colcon.colcon_core.package_identification:_identify(/home/gavin/AGV_Control) by extensions ['python_setup_py']
[0.732s] Level 1:colcon.colcon_core.package_identification:_identify(/home/gavin/AGV_Control) by extension 'python_setup_py'
[0.732s] Level 1:colcon.colcon_core.package_identification:_identify(/home/gavin/AGV_Control/agv_launch) by extensions ['ignore', 'ignore_ament_install']
[0.733s] Level 1:colcon.colcon_core.package_identification:_identify(/home/gavin/AGV_Control/agv_launch) by extension 'ignore'
[0.733s] Level 1:colcon.colcon_core.package_identification:_identify(/home/gavin/AGV_Control/agv_launch) by extension 'ignore_ament_install'
[0.733s] Level 1:colcon.colcon_core.package_identification:_identify(/home/gavin/AGV_Control/agv_launch) by extensions ['colcon_pkg']
[0.733s] Level 1:colcon.colcon_core.package_identification:_identify(/home/gavin/AGV_Control/agv_launch) by extension 'colcon_pkg'
[0.733s] Level 1:colcon.colcon_core.package_identification:_identify(/home/gavin/AGV_Control/agv_launch) by extensions ['colcon_meta']
[0.733s] Level 1:colcon.colcon_core.package_identification:_identify(/home/gavin/AGV_Control/agv_launch) by extension 'colcon_meta'
[0.733s] Level 1:colcon.colcon_core.package_identification:_identify(/home/gavin/AGV_Control/agv_launch) by extensions ['ros']
[0.733s] Level 1:colcon.colcon_core.package_identification:_identify(/home/gavin/AGV_Control/agv_launch) by extension 'ros'
[0.733s] Level 1:colcon.colcon_core.package_identification:_identify(/home/gavin/AGV_Control/agv_launch) by extensions ['cmake', 'python']
[0.733s] Level 1:colcon.colcon_core.package_identification:_identify(/home/gavin/AGV_Control/agv_launch) by extension 'cmake'
[0.733s] Level 1:colcon.colcon_core.package_identification:_identify(/home/gavin/AGV_Control/agv_launch) by extension 'python'
[0.734s] Level 1:colcon.colcon_core.package_identification:_identify(/home/gavin/AGV_Control/agv_launch) by extensions ['python_setup_py']
[0.734s] Level 1:colcon.colcon_core.package_identification:_identify(/home/gavin/AGV_Control/agv_launch) by extension 'python_setup_py'
[0.734s] Level 1:colcon.colcon_core.package_identification:_identify(/home/gavin/AGV_Control/agv_launch/__pycache__) by extensions ['ignore', 'ignore_ament_install']
[0.734s] Level 1:colcon.colcon_core.package_identification:_identify(/home/gavin/AGV_Control/agv_launch/__pycache__) by extension 'ignore'
[0.734s] Level 1:colcon.colcon_core.package_identification:_identify(/home/gavin/AGV_Control/agv_launch/__pycache__) by extension 'ignore_ament_install'
[0.734s] Level 1:colcon.colcon_core.package_identification:_identify(/home/gavin/AGV_Control/agv_launch/__pycache__) by extensions ['colcon_pkg']
[0.734s] Level 1:colcon.colcon_core.package_identification:_identify(/home/gavin/AGV_Control/agv_launch/__pycache__) by extension 'colcon_pkg'
[0.734s] Level 1:colcon.colcon_core.package_identification:_identify(/home/gavin/AGV_Control/agv_launch/__pycache__) by extensions ['colcon_meta']
[0.735s] Level 1:colcon.colcon_core.package_identification:_identify(/home/gavin/AGV_Control/agv_launch/__pycache__) by extension 'colcon_meta'
[0.735s] Level 1:colcon.colcon_core.package_identification:_identify(/home/gavin/AGV_Control/agv_launch/__pycache__) by extensions ['ros']
[0.735s] Level 1:colcon.colcon_core.package_identification:_identify(/home/gavin/AGV_Control/agv_launch/__pycache__) by extension 'ros'
[0.735s] Level 1:colcon.colcon_core.package_identification:_identify(/home/gavin/AGV_Control/agv_launch/__pycache__) by extensions ['cmake', 'python']
[0.735s] Level 1:colcon.colcon_core.package_identification:_identify(/home/gavin/AGV_Control/agv_launch/__pycache__) by extension 'cmake'
[0.735s] Level 1:colcon.colcon_core.package_identification:_identify(/home/gavin/AGV_Control/agv_launch/__pycache__) by extension 'python'
[0.735s] Level 1:colcon.colcon_core.package_identification:_identify(/home/gavin/AGV_Control/agv_launch/__pycache__) by extensions ['python_setup_py']
[0.735s] Level 1:colcon.colcon_core.package_identification:_identify(/home/gavin/AGV_Control/agv_launch/__pycache__) by extension 'python_setup_py'
[0.735s] Level 1:colcon.colcon_core.package_identification:_identify(/home/gavin/AGV_Control/build) by extensions ['ignore', 'ignore_ament_install']
[0.736s] Level 1:colcon.colcon_core.package_identification:_identify(/home/gavin/AGV_Control/build) by extension 'ignore'
[0.736s] Level 1:colcon.colcon_core.package_identification:_identify(/home/gavin/AGV_Control/build) ignored
[0.736s] Level 1:colcon.colcon_core.package_identification:_identify(/home/gavin/AGV_Control/install) by extensions ['ignore', 'ignore_ament_install']
[0.736s] Level 1:colcon.colcon_core.package_identification:_identify(/home/gavin/AGV_Control/install) by extension 'ignore'
[0.736s] Level 1:colcon.colcon_core.package_identification:_identify(/home/gavin/AGV_Control/install) ignored
[0.737s] Level 1:colcon.colcon_core.package_identification:_identify(/home/gavin/AGV_Control/log) by extensions ['ignore', 'ignore_ament_install']
[0.737s] Level 1:colcon.colcon_core.package_identification:_identify(/home/gavin/AGV_Control/log) by extension 'ignore'
[0.737s] Level 1:colcon.colcon_core.package_identification:_identify(/home/gavin/AGV_Control/log) ignored
[0.737s] Level 1:colcon.colcon_core.package_identification:_identify(/home/gavin/AGV_Control/src) by extensions ['ignore', 'ignore_ament_install']
[0.737s] Level 1:colcon.colcon_core.package_identification:_identify(/home/gavin/AGV_Control/src) by extension 'ignore'
[0.737s] Level 1:colcon.colcon_core.package_identification:_identify(/home/gavin/AGV_Control/src) by extension 'ignore_ament_install'
[0.737s] Level 1:colcon.colcon_core.package_identification:_identify(/home/gavin/AGV_Control/src) by extensions ['colcon_pkg']
[0.738s] Level 1:colcon.colcon_core.package_identification:_identify(/home/gavin/AGV_Control/src) by extension 'colcon_pkg'
[0.738s] Level 1:colcon.colcon_core.package_identification:_identify(/home/gavin/AGV_Control/src) by extensions ['colcon_meta']
[0.738s] Level 1:colcon.colcon_core.package_identification:_identify(/home/gavin/AGV_Control/src) by extension 'colcon_meta'
[0.738s] Level 1:colcon.colcon_core.package_identification:_identify(/home/gavin/AGV_Control/src) by extensions ['ros']
[0.738s] Level 1:colcon.colcon_core.package_identification:_identify(/home/gavin/AGV_Control/src) by extension 'ros'
[0.738s] Level 1:colcon.colcon_core.package_identification:_identify(/home/gavin/AGV_Control/src) by extensions ['cmake', 'python']
[0.738s] Level 1:colcon.colcon_core.package_identification:_identify(/home/gavin/AGV_Control/src) by extension 'cmake'
[0.738s] Level 1:colcon.colcon_core.package_identification:_identify(/home/gavin/AGV_Control/src) by extension 'python'
[0.738s] Level 1:colcon.colcon_core.package_identification:_identify(/home/gavin/AGV_Control/src) by extensions ['python_setup_py']
[0.738s] Level 1:colcon.colcon_core.package_identification:_identify(/home/gavin/AGV_Control/src) by extension 'python_setup_py'
[0.738s] Level 1:colcon.colcon_core.package_identification:_identify(/home/gavin/AGV_Control/src/forklift) by extensions ['ignore', 'ignore_ament_install']
[0.739s] Level 1:colcon.colcon_core.package_identification:_identify(/home/gavin/AGV_Control/src/forklift) by extension 'ignore'
[0.739s] Level 1:colcon.colcon_core.package_identification:_identify(/home/gavin/AGV_Control/src/forklift) by extension 'ignore_ament_install'
[0.739s] Level 1:colcon.colcon_core.package_identification:_identify(/home/gavin/AGV_Control/src/forklift) by extensions ['colcon_pkg']
[0.739s] Level 1:colcon.colcon_core.package_identification:_identify(/home/gavin/AGV_Control/src/forklift) by extension 'colcon_pkg'
[0.739s] Level 1:colcon.colcon_core.package_identification:_identify(/home/gavin/AGV_Control/src/forklift) by extensions ['colcon_meta']
[0.739s] Level 1:colcon.colcon_core.package_identification:_identify(/home/gavin/AGV_Control/src/forklift) by extension 'colcon_meta'
[0.739s] Level 1:colcon.colcon_core.package_identification:_identify(/home/gavin/AGV_Control/src/forklift) by extensions ['ros']
[0.739s] Level 1:colcon.colcon_core.package_identification:_identify(/home/gavin/AGV_Control/src/forklift) by extension 'ros'
[0.744s] DEBUG:colcon.colcon_core.package_identification:Package '/home/gavin/AGV_Control/src/forklift' with type 'ros.ament_python' and name 'forklift'
[0.744s] Level 1:colcon.colcon_core.package_identification:_identify(/home/gavin/AGV_Control/src/joystick_drivers) by extensions ['ignore', 'ignore_ament_install']
[0.744s] Level 1:colcon.colcon_core.package_identification:_identify(/home/gavin/AGV_Control/src/joystick_drivers) by extension 'ignore'
[0.745s] Level 1:colcon.colcon_core.package_identification:_identify(/home/gavin/AGV_Control/src/joystick_drivers) by extension 'ignore_ament_install'
[0.745s] Level 1:colcon.colcon_core.package_identification:_identify(/home/gavin/AGV_Control/src/joystick_drivers) by extensions ['colcon_pkg']
[0.745s] Level 1:colcon.colcon_core.package_identification:_identify(/home/gavin/AGV_Control/src/joystick_drivers) by extension 'colcon_pkg'
[0.745s] Level 1:colcon.colcon_core.package_identification:_identify(/home/gavin/AGV_Control/src/joystick_drivers) by extensions ['colcon_meta']
[0.745s] Level 1:colcon.colcon_core.package_identification:_identify(/home/gavin/AGV_Control/src/joystick_drivers) by extension 'colcon_meta'
[0.745s] Level 1:colcon.colcon_core.package_identification:_identify(/home/gavin/AGV_Control/src/joystick_drivers) by extensions ['ros']
[0.745s] Level 1:colcon.colcon_core.package_identification:_identify(/home/gavin/AGV_Control/src/joystick_drivers) by extension 'ros'
[0.745s] Level 1:colcon.colcon_core.package_identification:_identify(/home/gavin/AGV_Control/src/joystick_drivers) by extensions ['cmake', 'python']
[0.745s] Level 1:colcon.colcon_core.package_identification:_identify(/home/gavin/AGV_Control/src/joystick_drivers) by extension 'cmake'
[0.746s] Level 1:colcon.colcon_core.package_identification:_identify(/home/gavin/AGV_Control/src/joystick_drivers) by extension 'python'
[0.746s] Level 1:colcon.colcon_core.package_identification:_identify(/home/gavin/AGV_Control/src/joystick_drivers) by extensions ['python_setup_py']
[0.746s] Level 1:colcon.colcon_core.package_identification:_identify(/home/gavin/AGV_Control/src/joystick_drivers) by extension 'python_setup_py'
[0.746s] Level 1:colcon.colcon_core.package_identification:_identify(/home/gavin/AGV_Control/src/joystick_ros2) by extensions ['ignore', 'ignore_ament_install']
[0.746s] Level 1:colcon.colcon_core.package_identification:_identify(/home/gavin/AGV_Control/src/joystick_ros2) by extension 'ignore'
[0.746s] Level 1:colcon.colcon_core.package_identification:_identify(/home/gavin/AGV_Control/src/joystick_ros2) by extension 'ignore_ament_install'
[0.746s] Level 1:colcon.colcon_core.package_identification:_identify(/home/gavin/AGV_Control/src/joystick_ros2) by extensions ['colcon_pkg']
[0.746s] Level 1:colcon.colcon_core.package_identification:_identify(/home/gavin/AGV_Control/src/joystick_ros2) by extension 'colcon_pkg'
[0.746s] Level 1:colcon.colcon_core.package_identification:_identify(/home/gavin/AGV_Control/src/joystick_ros2) by extensions ['colcon_meta']
[0.746s] Level 1:colcon.colcon_core.package_identification:_identify(/home/gavin/AGV_Control/src/joystick_ros2) by extension 'colcon_meta'
[0.747s] Level 1:colcon.colcon_core.package_identification:_identify(/home/gavin/AGV_Control/src/joystick_ros2) by extensions ['ros']
[0.747s] Level 1:colcon.colcon_core.package_identification:_identify(/home/gavin/AGV_Control/src/joystick_ros2) by extension 'ros'
[0.747s] Level 1:colcon.colcon_core.package_identification:_identify(/home/gavin/AGV_Control/src/joystick_ros2) by extensions ['cmake', 'python']
[0.747s] Level 1:colcon.colcon_core.package_identification:_identify(/home/gavin/AGV_Control/src/joystick_ros2) by extension 'cmake'
[0.747s] Level 1:colcon.colcon_core.package_identification:_identify(/home/gavin/AGV_Control/src/joystick_ros2) by extension 'python'
[0.747s] Level 1:colcon.colcon_core.package_identification:_identify(/home/gavin/AGV_Control/src/joystick_ros2) by extensions ['python_setup_py']
[0.747s] Level 1:colcon.colcon_core.package_identification:_identify(/home/gavin/AGV_Control/src/joystick_ros2) by extension 'python_setup_py'
[0.747s] Level 1:colcon.colcon_core.package_identification:_identify(/home/gavin/AGV_Control/src/js2fork) by extensions ['ignore', 'ignore_ament_install']
[0.747s] Level 1:colcon.colcon_core.package_identification:_identify(/home/gavin/AGV_Control/src/js2fork) by extension 'ignore'
[0.748s] Level 1:colcon.colcon_core.package_identification:_identify(/home/gavin/AGV_Control/src/js2fork) by extension 'ignore_ament_install'
[0.748s] Level 1:colcon.colcon_core.package_identification:_identify(/home/gavin/AGV_Control/src/js2fork) by extensions ['colcon_pkg']
[0.748s] Level 1:colcon.colcon_core.package_identification:_identify(/home/gavin/AGV_Control/src/js2fork) by extension 'colcon_pkg'
[0.748s] Level 1:colcon.colcon_core.package_identification:_identify(/home/gavin/AGV_Control/src/js2fork) by extensions ['colcon_meta']
[0.748s] Level 1:colcon.colcon_core.package_identification:_identify(/home/gavin/AGV_Control/src/js2fork) by extension 'colcon_meta'
[0.748s] Level 1:colcon.colcon_core.package_identification:_identify(/home/gavin/AGV_Control/src/js2fork) by extensions ['ros']
[0.748s] Level 1:colcon.colcon_core.package_identification:_identify(/home/gavin/AGV_Control/src/js2fork) by extension 'ros'
[0.749s] DEBUG:colcon.colcon_core.package_identification:Package '/home/gavin/AGV_Control/src/js2fork' with type 'ros.ament_python' and name 'js2fork'
[0.750s] Level 1:colcon.colcon_core.package_discovery:discover_packages(recursive) using defaults
