[2.509s] Invoking command in '/home/gavin/AGV_Control/src/forklift': PYTHONPATH=/home/gavin/AGV_Control/build/forklift/prefix_override:/usr/lib/python3/dist-packages/colcon_core/task/python/colcon_distutils_commands:/home/gavin/AGV_Control/install/forklift/lib/python3.10/site-packages:${PYTHONPATH} /usr/bin/python3 -W ignore:setup.py install is deprecated -W ignore:easy_install command is deprecated setup.py egg_info --egg-base ../../build/forklift build --build-base /home/gavin/AGV_Control/build/forklift/build install --record /home/gavin/AGV_Control/build/forklift/install.log --single-version-externally-managed install_data
[2.927s] running egg_info
[2.928s] writing ../../build/forklift/forklift.egg-info/PKG-INFO
[2.928s] writing dependency_links to ../../build/forklift/forklift.egg-info/dependency_links.txt
[2.928s] writing entry points to ../../build/forklift/forklift.egg-info/entry_points.txt
[2.929s] writing requirements to ../../build/forklift/forklift.egg-info/requires.txt
[2.929s] writing top-level names to ../../build/forklift/forklift.egg-info/top_level.txt
[2.932s] reading manifest file '../../build/forklift/forklift.egg-info/SOURCES.txt'
[2.933s] writing manifest file '../../build/forklift/forklift.egg-info/SOURCES.txt'
[2.933s] running build
[2.934s] running build_py
[2.934s] running install
[2.934s] running install_lib
[2.937s] running install_data
[2.937s] running install_egg_info
[2.940s] removing '/home/gavin/AGV_Control/install/forklift/lib/python3.10/site-packages/forklift-0.0.0-py3.10.egg-info' (and everything under it)
[2.941s] Copying ../../build/forklift/forklift.egg-info to /home/gavin/AGV_Control/install/forklift/lib/python3.10/site-packages/forklift-0.0.0-py3.10.egg-info
[2.942s] running install_scripts
[2.978s] Installing forklift script to /home/gavin/AGV_Control/install/forklift/lib/forklift
[2.980s] writing list of installed files to '/home/gavin/AGV_Control/build/forklift/install.log'
[3.031s] Invoked command in '/home/gavin/AGV_Control/src/forklift' returned '0': PYTHONPATH=/home/gavin/AGV_Control/build/forklift/prefix_override:/usr/lib/python3/dist-packages/colcon_core/task/python/colcon_distutils_commands:/home/gavin/AGV_Control/install/forklift/lib/python3.10/site-packages:${PYTHONPATH} /usr/bin/python3 -W ignore:setup.py install is deprecated -W ignore:easy_install command is deprecated setup.py egg_info --egg-base ../../build/forklift build --build-base /home/gavin/AGV_Control/build/forklift/build install --record /home/gavin/AGV_Control/build/forklift/install.log --single-version-externally-managed install_data
