running egg_info
creating ../../build/forklift/forklift.egg-info
writing ../../build/forklift/forklift.egg-info/PKG-INFO
writing dependency_links to ../../build/forklift/forklift.egg-info/dependency_links.txt
writing entry points to ../../build/forklift/forklift.egg-info/entry_points.txt
writing requirements to ../../build/forklift/forklift.egg-info/requires.txt
writing top-level names to ../../build/forklift/forklift.egg-info/top_level.txt
writing manifest file '../../build/forklift/forklift.egg-info/SOURCES.txt'
reading manifest file '../../build/forklift/forklift.egg-info/SOURCES.txt'
writing manifest file '../../build/forklift/forklift.egg-info/SOURCES.txt'
running build
running build_py
creating /home/asrlab/sample_code_agv/build/forklift/build
creating /home/asrlab/sample_code_agv/build/forklift/build/lib
creating /home/asrlab/sample_code_agv/build/forklift/build/lib/forklift
copying forklift/__init__.py -> /home/asrlab/sample_code_agv/build/forklift/build/lib/forklift
copying forklift/mode.py -> /home/asrlab/sample_code_agv/build/forklift/build/lib/forklift
copying forklift/forklift.py -> /home/asrlab/sample_code_agv/build/forklift/build/lib/forklift
running install
running install_lib
creating /home/asrlab/sample_code_agv/install/forklift/lib/python3.10/site-packages/forklift
copying /home/asrlab/sample_code_agv/build/forklift/build/lib/forklift/__init__.py -> /home/asrlab/sample_code_agv/install/forklift/lib/python3.10/site-packages/forklift
copying /home/asrlab/sample_code_agv/build/forklift/build/lib/forklift/mode.py -> /home/asrlab/sample_code_agv/install/forklift/lib/python3.10/site-packages/forklift
copying /home/asrlab/sample_code_agv/build/forklift/build/lib/forklift/forklift.py -> /home/asrlab/sample_code_agv/install/forklift/lib/python3.10/site-packages/forklift
byte-compiling /home/asrlab/sample_code_agv/install/forklift/lib/python3.10/site-packages/forklift/__init__.py to __init__.cpython-310.pyc
byte-compiling /home/asrlab/sample_code_agv/install/forklift/lib/python3.10/site-packages/forklift/mode.py to mode.cpython-310.pyc
byte-compiling /home/asrlab/sample_code_agv/install/forklift/lib/python3.10/site-packages/forklift/forklift.py to forklift.cpython-310.pyc
running install_data
creating /home/asrlab/sample_code_agv/install/forklift/share/ament_index
creating /home/asrlab/sample_code_agv/install/forklift/share/ament_index/resource_index
creating /home/asrlab/sample_code_agv/install/forklift/share/ament_index/resource_index/packages
copying resource/forklift -> /home/asrlab/sample_code_agv/install/forklift/share/ament_index/resource_index/packages
copying package.xml -> /home/asrlab/sample_code_agv/install/forklift/share/forklift
creating /home/asrlab/sample_code_agv/install/forklift/share/forklift/launch
copying launch/forklift_launch.py -> /home/asrlab/sample_code_agv/install/forklift/share/forklift/launch
running install_egg_info
Copying ../../build/forklift/forklift.egg-info to /home/asrlab/sample_code_agv/install/forklift/lib/python3.10/site-packages/forklift-0.0.0-py3.10.egg-info
running install_scripts
Installing forklift script to /home/asrlab/sample_code_agv/install/forklift/lib/forklift
writing list of installed files to '/home/asrlab/sample_code_agv/build/forklift/install.log'
