[0.684s] Invoking command in '/home/asrlab/sample_code_agv/src/forklift': PYTHONPATH=/home/asrlab/sample_code_agv/build/forklift/prefix_override:/usr/lib/python3/dist-packages/colcon_core/task/python/colcon_distutils_commands:/home/asrlab/sample_code_agv/install/forklift/lib/python3.10/site-packages:${PYTHONPATH} /usr/bin/python3 -W ignore:setup.py install is deprecated setup.py egg_info --egg-base ../../build/forklift build --build-base /home/asrlab/sample_code_agv/build/forklift/build install --record /home/asrlab/sample_code_agv/build/forklift/install.log --single-version-externally-managed install_data
[0.882s] running egg_info
[0.882s] creating ../../build/forklift/forklift.egg-info
[0.883s] writing ../../build/forklift/forklift.egg-info/PKG-INFO
[0.883s] writing dependency_links to ../../build/forklift/forklift.egg-info/dependency_links.txt
[0.883s] writing entry points to ../../build/forklift/forklift.egg-info/entry_points.txt
[0.883s] writing requirements to ../../build/forklift/forklift.egg-info/requires.txt
[0.883s] writing top-level names to ../../build/forklift/forklift.egg-info/top_level.txt
[0.883s] writing manifest file '../../build/forklift/forklift.egg-info/SOURCES.txt'
[0.884s] reading manifest file '../../build/forklift/forklift.egg-info/SOURCES.txt'
[0.884s] writing manifest file '../../build/forklift/forklift.egg-info/SOURCES.txt'
[0.884s] running build
[0.885s] running build_py
[0.885s] creating /home/asrlab/sample_code_agv/build/forklift/build
[0.885s] creating /home/asrlab/sample_code_agv/build/forklift/build/lib
[0.885s] creating /home/asrlab/sample_code_agv/build/forklift/build/lib/forklift
[0.885s] copying forklift/__init__.py -> /home/asrlab/sample_code_agv/build/forklift/build/lib/forklift
[0.885s] copying forklift/mode.py -> /home/asrlab/sample_code_agv/build/forklift/build/lib/forklift
[0.885s] copying forklift/forklift.py -> /home/asrlab/sample_code_agv/build/forklift/build/lib/forklift
[0.885s] running install
[0.885s] running install_lib
[0.886s] creating /home/asrlab/sample_code_agv/install/forklift/lib/python3.10/site-packages/forklift
[0.886s] copying /home/asrlab/sample_code_agv/build/forklift/build/lib/forklift/__init__.py -> /home/asrlab/sample_code_agv/install/forklift/lib/python3.10/site-packages/forklift
[0.886s] copying /home/asrlab/sample_code_agv/build/forklift/build/lib/forklift/mode.py -> /home/asrlab/sample_code_agv/install/forklift/lib/python3.10/site-packages/forklift
[0.886s] copying /home/asrlab/sample_code_agv/build/forklift/build/lib/forklift/forklift.py -> /home/asrlab/sample_code_agv/install/forklift/lib/python3.10/site-packages/forklift
[0.886s] byte-compiling /home/asrlab/sample_code_agv/install/forklift/lib/python3.10/site-packages/forklift/__init__.py to __init__.cpython-310.pyc
[0.886s] byte-compiling /home/asrlab/sample_code_agv/install/forklift/lib/python3.10/site-packages/forklift/mode.py to mode.cpython-310.pyc
[0.887s] byte-compiling /home/asrlab/sample_code_agv/install/forklift/lib/python3.10/site-packages/forklift/forklift.py to forklift.cpython-310.pyc
[0.888s] running install_data
[0.888s] creating /home/asrlab/sample_code_agv/install/forklift/share/ament_index
[0.888s] creating /home/asrlab/sample_code_agv/install/forklift/share/ament_index/resource_index
[0.888s] creating /home/asrlab/sample_code_agv/install/forklift/share/ament_index/resource_index/packages
[0.888s] copying resource/forklift -> /home/asrlab/sample_code_agv/install/forklift/share/ament_index/resource_index/packages
[0.888s] copying package.xml -> /home/asrlab/sample_code_agv/install/forklift/share/forklift
[0.888s] creating /home/asrlab/sample_code_agv/install/forklift/share/forklift/launch
[0.889s] copying launch/forklift_launch.py -> /home/asrlab/sample_code_agv/install/forklift/share/forklift/launch
[0.889s] running install_egg_info
[0.890s] Copying ../../build/forklift/forklift.egg-info to /home/asrlab/sample_code_agv/install/forklift/lib/python3.10/site-packages/forklift-0.0.0-py3.10.egg-info
[0.890s] running install_scripts
[0.903s] Installing forklift script to /home/asrlab/sample_code_agv/install/forklift/lib/forklift
[0.903s] writing list of installed files to '/home/asrlab/sample_code_agv/build/forklift/install.log'
[0.924s] Invoked command in '/home/asrlab/sample_code_agv/src/forklift' returned '0': PYTHONPATH=/home/asrlab/sample_code_agv/build/forklift/prefix_override:/usr/lib/python3/dist-packages/colcon_core/task/python/colcon_distutils_commands:/home/asrlab/sample_code_agv/install/forklift/lib/python3.10/site-packages:${PYTHONPATH} /usr/bin/python3 -W ignore:setup.py install is deprecated setup.py egg_info --egg-base ../../build/forklift build --build-base /home/asrlab/sample_code_agv/build/forklift/build install --record /home/asrlab/sample_code_agv/build/forklift/install.log --single-version-externally-managed install_data
