[1.615s] Invoking command in '/home/gavin/AGV_Control/src/js2fork': PYTHONPATH=/home/gavin/AGV_Control/build/js2fork/prefix_override:/usr/lib/python3/dist-packages/colcon_core/task/python/colcon_distutils_commands:/home/gavin/AGV_Control/install/js2fork/lib/python3.10/site-packages:${PYTHONPATH} /usr/bin/python3 -W ignore:setup.py install is deprecated setup.py egg_info --egg-base ../../build/js2fork build --build-base /home/gavin/AGV_Control/build/js2fork/build install --record /home/gavin/AGV_Control/build/js2fork/install.log --single-version-externally-managed install_data
[1.966s] running egg_info
[1.967s] writing ../../build/js2fork/js2fork.egg-info/PKG-INFO
[1.967s] writing dependency_links to ../../build/js2fork/js2fork.egg-info/dependency_links.txt
[1.967s] writing entry points to ../../build/js2fork/js2fork.egg-info/entry_points.txt
[1.968s] writing requirements to ../../build/js2fork/js2fork.egg-info/requires.txt
[1.968s] writing top-level names to ../../build/js2fork/js2fork.egg-info/top_level.txt
[1.970s] reading manifest file '../../build/js2fork/js2fork.egg-info/SOURCES.txt'
[1.971s] writing manifest file '../../build/js2fork/js2fork.egg-info/SOURCES.txt'
[1.971s] running build
[1.971s] running build_py
[1.971s] running install
[1.971s] running install_lib
[1.973s] running install_data
[1.974s] running install_egg_info
[1.976s] removing '/home/gavin/AGV_Control/install/js2fork/lib/python3.10/site-packages/js2fork-0.0.0-py3.10.egg-info' (and everything under it)
[1.977s] Copying ../../build/js2fork/js2fork.egg-info to /home/gavin/AGV_Control/install/js2fork/lib/python3.10/site-packages/js2fork-0.0.0-py3.10.egg-info
[1.978s] running install_scripts
[2.007s] Installing js2fork script to /home/gavin/AGV_Control/install/js2fork/lib/js2fork
[2.007s] writing list of installed files to '/home/gavin/AGV_Control/build/js2fork/install.log'
[2.045s] Invoked command in '/home/gavin/AGV_Control/src/js2fork' returned '0': PYTHONPATH=/home/gavin/AGV_Control/build/js2fork/prefix_override:/usr/lib/python3/dist-packages/colcon_core/task/python/colcon_distutils_commands:/home/gavin/AGV_Control/install/js2fork/lib/python3.10/site-packages:${PYTHONPATH} /usr/bin/python3 -W ignore:setup.py install is deprecated setup.py egg_info --egg-base ../../build/js2fork build --build-base /home/gavin/AGV_Control/build/js2fork/build install --record /home/gavin/AGV_Control/build/js2fork/install.log --single-version-externally-managed install_data
