[0.023s] Invoking command in '/home/asrlab/sample_code_agv/build/sdl2_vendor': CMAKE_PREFIX_PATH=/opt/ros/humble /usr/bin/cmake /home/asrlab/sample_code_agv/src/joystick_drivers/sdl2_vendor -DCMAKE_INSTALL_PREFIX=/home/asrlab/sample_code_agv/install/sdl2_vendor
[0.682s] -- The C compiler identification is GNU 11.4.0
[0.683s] -- The CXX compiler identification is GNU 11.4.0
[0.683s] -- Detecting C compiler ABI info
[0.683s] -- Detecting C compiler ABI info - done
[0.683s] -- Check for working C compiler: /usr/bin/cc - skipped
[0.683s] -- Detecting C compile features
[0.683s] -- Detecting C compile features - done
[0.683s] -- Detecting CXX compiler ABI info
[0.683s] -- Detecting CXX compiler ABI info - done
[0.683s] -- Check for working CXX compiler: /usr/bin/c++ - skipped
[0.683s] -- Detecting CXX compile features
[0.683s] -- Detecting CXX compile features - done
[0.683s] -- Found ament_cmake: 1.3.10 (/opt/ros/humble/share/ament_cmake/cmake)
[0.683s] -- Found Python3: /usr/bin/python3 (found version "3.10.12") found components: Interpreter 
[0.683s] -- Configuring done
[0.683s] -- Generating done
[0.683s] -- Build files have been written to: /home/asrlab/sample_code_agv/build/sdl2_vendor
[0.686s] Invoked command in '/home/asrlab/sample_code_agv/build/sdl2_vendor' returned '0': CMAKE_PREFIX_PATH=/opt/ros/humble /usr/bin/cmake /home/asrlab/sample_code_agv/src/joystick_drivers/sdl2_vendor -DCMAKE_INSTALL_PREFIX=/home/asrlab/sample_code_agv/install/sdl2_vendor
[0.686s] Invoking command in '/home/asrlab/sample_code_agv/build/sdl2_vendor': CMAKE_PREFIX_PATH=/opt/ros/humble /usr/bin/cmake --build /home/asrlab/sample_code_agv/build/sdl2_vendor -- -j20 -l20
[0.708s] Invoked command in '/home/asrlab/sample_code_agv/build/sdl2_vendor' returned '0': CMAKE_PREFIX_PATH=/opt/ros/humble /usr/bin/cmake --build /home/asrlab/sample_code_agv/build/sdl2_vendor -- -j20 -l20
[0.726s] Invoking command in '/home/asrlab/sample_code_agv/build/sdl2_vendor': CMAKE_PREFIX_PATH=/opt/ros/humble /usr/bin/cmake --install /home/asrlab/sample_code_agv/build/sdl2_vendor
[0.730s] -- Install configuration: ""
[0.730s] -- Installing: /home/asrlab/sample_code_agv/install/sdl2_vendor/share/sdl2_vendor/cmake
[0.730s] -- Installing: /home/asrlab/sample_code_agv/install/sdl2_vendor/share/sdl2_vendor/cmake/Modules
[0.730s] -- Installing: /home/asrlab/sample_code_agv/install/sdl2_vendor/share/sdl2_vendor/cmake/Modules/Findsdl2_custom.cmake
[0.731s] -- Installing: /home/asrlab/sample_code_agv/install/sdl2_vendor/share/ament_index/resource_index/package_run_dependencies/sdl2_vendor
[0.731s] -- Installing: /home/asrlab/sample_code_agv/install/sdl2_vendor/share/ament_index/resource_index/parent_prefix_path/sdl2_vendor
[0.731s] -- Installing: /home/asrlab/sample_code_agv/install/sdl2_vendor/share/sdl2_vendor/environment/ament_prefix_path.sh
[0.731s] -- Installing: /home/asrlab/sample_code_agv/install/sdl2_vendor/share/sdl2_vendor/environment/ament_prefix_path.dsv
[0.731s] -- Installing: /home/asrlab/sample_code_agv/install/sdl2_vendor/share/sdl2_vendor/environment/path.sh
[0.731s] -- Installing: /home/asrlab/sample_code_agv/install/sdl2_vendor/share/sdl2_vendor/environment/path.dsv
[0.731s] -- Installing: /home/asrlab/sample_code_agv/install/sdl2_vendor/share/sdl2_vendor/local_setup.bash
[0.731s] -- Installing: /home/asrlab/sample_code_agv/install/sdl2_vendor/share/sdl2_vendor/local_setup.sh
[0.731s] -- Installing: /home/asrlab/sample_code_agv/install/sdl2_vendor/share/sdl2_vendor/local_setup.zsh
[0.731s] -- Installing: /home/asrlab/sample_code_agv/install/sdl2_vendor/share/sdl2_vendor/local_setup.dsv
[0.731s] -- Installing: /home/asrlab/sample_code_agv/install/sdl2_vendor/share/sdl2_vendor/package.dsv
[0.731s] -- Installing: /home/asrlab/sample_code_agv/install/sdl2_vendor/share/ament_index/resource_index/packages/sdl2_vendor
[0.731s] -- Installing: /home/asrlab/sample_code_agv/install/sdl2_vendor/share/sdl2_vendor/cmake/sdl2_vendor-extras.cmake
[0.732s] -- Installing: /home/asrlab/sample_code_agv/install/sdl2_vendor/share/sdl2_vendor/cmake/sdl2_vendorConfig.cmake
[0.732s] -- Installing: /home/asrlab/sample_code_agv/install/sdl2_vendor/share/sdl2_vendor/cmake/sdl2_vendorConfig-version.cmake
[0.732s] -- Installing: /home/asrlab/sample_code_agv/install/sdl2_vendor/share/sdl2_vendor/package.xml
[0.733s] Invoked command in '/home/asrlab/sample_code_agv/build/sdl2_vendor' returned '0': CMAKE_PREFIX_PATH=/opt/ros/humble /usr/bin/cmake --install /home/asrlab/sample_code_agv/build/sdl2_vendor
