[3.797s] Invoking command in '/home/gavin/AGV_Control/src/js2fork': PYTHONPATH=/home/gavin/AGV_Control/build/js2fork/prefix_override:/usr/lib/python3/dist-packages/colcon_core/task/python/colcon_distutils_commands:/home/gavin/AGV_Control/install/js2fork/lib/python3.10/site-packages:${PYTHONPATH} /usr/bin/python3 -W ignore:setup.py install is deprecated -W ignore:easy_install command is deprecated setup.py egg_info --egg-base ../../build/js2fork build --build-base /home/gavin/AGV_Control/build/js2fork/build install --record /home/gavin/AGV_Control/build/js2fork/install.log --single-version-externally-managed install_data
[4.581s] running egg_info
[4.583s] writing ../../build/js2fork/js2fork.egg-info/PKG-INFO
[4.583s] writing dependency_links to ../../build/js2fork/js2fork.egg-info/dependency_links.txt
[4.584s] writing entry points to ../../build/js2fork/js2fork.egg-info/entry_points.txt
[4.584s] writing requirements to ../../build/js2fork/js2fork.egg-info/requires.txt
[4.584s] writing top-level names to ../../build/js2fork/js2fork.egg-info/top_level.txt
[4.589s] reading manifest file '../../build/js2fork/js2fork.egg-info/SOURCES.txt'
[4.592s] writing manifest file '../../build/js2fork/js2fork.egg-info/SOURCES.txt'
[4.593s] running build
[4.593s] running build_py
[4.594s] running install
[4.594s] running install_lib
[4.599s] running install_data
[4.600s] running install_egg_info
[4.606s] removing '/home/gavin/AGV_Control/install/js2fork/lib/python3.10/site-packages/js2fork-0.0.0-py3.10.egg-info' (and everything under it)
[4.607s] Copying ../../build/js2fork/js2fork.egg-info to /home/gavin/AGV_Control/install/js2fork/lib/python3.10/site-packages/js2fork-0.0.0-py3.10.egg-info
[4.609s] running install_scripts
[4.691s] Installing js2fork script to /home/gavin/AGV_Control/install/js2fork/lib/js2fork
[4.692s] writing list of installed files to '/home/gavin/AGV_Control/build/js2fork/install.log'
[4.789s] Invoked command in '/home/gavin/AGV_Control/src/js2fork' returned '0': PYTHONPATH=/home/gavin/AGV_Control/build/js2fork/prefix_override:/usr/lib/python3/dist-packages/colcon_core/task/python/colcon_distutils_commands:/home/gavin/AGV_Control/install/js2fork/lib/python3.10/site-packages:${PYTHONPATH} /usr/bin/python3 -W ignore:setup.py install is deprecated -W ignore:easy_install command is deprecated setup.py egg_info --egg-base ../../build/js2fork build --build-base /home/gavin/AGV_Control/build/js2fork/build install --record /home/gavin/AGV_Control/build/js2fork/install.log --single-version-externally-managed install_data
