[2.540s] Invoking command in '/home/gavin/AGV_Control/src/tf_publisher': PYTHONPATH=/home/gavin/AGV_Control/build/tf_publisher/prefix_override:/usr/lib/python3/dist-packages/colcon_core/task/python/colcon_distutils_commands:/home/gavin/AGV_Control/install/tf_publisher/lib/python3.10/site-packages:${PYTHONPATH} /usr/bin/python3 -W ignore:setup.py install is deprecated -W ignore:easy_install command is deprecated setup.py egg_info --egg-base ../../build/tf_publisher build --build-base /home/gavin/AGV_Control/build/tf_publisher/build install --record /home/gavin/AGV_Control/build/tf_publisher/install.log --single-version-externally-managed install_data
[2.949s] running egg_info
[2.950s] creating ../../build/tf_publisher/tf_publisher.egg-info
[2.950s] writing ../../build/tf_publisher/tf_publisher.egg-info/PKG-INFO
[2.951s] writing dependency_links to ../../build/tf_publisher/tf_publisher.egg-info/dependency_links.txt
[2.951s] writing entry points to ../../build/tf_publisher/tf_publisher.egg-info/entry_points.txt
[2.951s] writing requirements to ../../build/tf_publisher/tf_publisher.egg-info/requires.txt
[2.951s] writing top-level names to ../../build/tf_publisher/tf_publisher.egg-info/top_level.txt
[2.952s] writing manifest file '../../build/tf_publisher/tf_publisher.egg-info/SOURCES.txt'
[2.954s] reading manifest file '../../build/tf_publisher/tf_publisher.egg-info/SOURCES.txt'
[2.955s] writing manifest file '../../build/tf_publisher/tf_publisher.egg-info/SOURCES.txt'
[2.955s] running build
[2.955s] running build_py
[2.955s] creating /home/gavin/AGV_Control/build/tf_publisher/build
[2.956s] creating /home/gavin/AGV_Control/build/tf_publisher/build/lib
[2.956s] creating /home/gavin/AGV_Control/build/tf_publisher/build/lib/tf_publisher
[2.956s] copying tf_publisher/__init__.py -> /home/gavin/AGV_Control/build/tf_publisher/build/lib/tf_publisher
[2.956s] copying tf_publisher/tf_publisher.py -> /home/gavin/AGV_Control/build/tf_publisher/build/lib/tf_publisher
[2.956s] running install
[2.956s] running install_lib
[2.958s] creating /home/gavin/AGV_Control/install/tf_publisher/lib/python3.10/site-packages/tf_publisher
[2.958s] copying /home/gavin/AGV_Control/build/tf_publisher/build/lib/tf_publisher/__init__.py -> /home/gavin/AGV_Control/install/tf_publisher/lib/python3.10/site-packages/tf_publisher
[2.958s] copying /home/gavin/AGV_Control/build/tf_publisher/build/lib/tf_publisher/tf_publisher.py -> /home/gavin/AGV_Control/install/tf_publisher/lib/python3.10/site-packages/tf_publisher
[2.960s] byte-compiling /home/gavin/AGV_Control/install/tf_publisher/lib/python3.10/site-packages/tf_publisher/__init__.py to __init__.cpython-310.pyc
[2.960s] byte-compiling /home/gavin/AGV_Control/install/tf_publisher/lib/python3.10/site-packages/tf_publisher/tf_publisher.py to tf_publisher.cpython-310.pyc
[2.961s] running install_data
[2.961s] copying package.xml -> /home/gavin/AGV_Control/install/tf_publisher/share/tf_publisher
[2.961s] creating /home/gavin/AGV_Control/install/tf_publisher/share/tf_publisher/launch
[2.962s] copying launch/tf_publisher.launch.py -> /home/gavin/AGV_Control/install/tf_publisher/share/tf_publisher/launch
[2.962s] running install_egg_info
[2.964s] Copying ../../build/tf_publisher/tf_publisher.egg-info to /home/gavin/AGV_Control/install/tf_publisher/lib/python3.10/site-packages/tf_publisher-0.0.0-py3.10.egg-info
[2.965s] running install_scripts
[3.001s] Installing tf_publisher script to /home/gavin/AGV_Control/install/tf_publisher/lib/tf_publisher
[3.002s] writing list of installed files to '/home/gavin/AGV_Control/build/tf_publisher/install.log'
[3.064s] Invoked command in '/home/gavin/AGV_Control/src/tf_publisher' returned '0': PYTHONPATH=/home/gavin/AGV_Control/build/tf_publisher/prefix_override:/usr/lib/python3/dist-packages/colcon_core/task/python/colcon_distutils_commands:/home/gavin/AGV_Control/install/tf_publisher/lib/python3.10/site-packages:${PYTHONPATH} /usr/bin/python3 -W ignore:setup.py install is deprecated -W ignore:easy_install command is deprecated setup.py egg_info --egg-base ../../build/tf_publisher build --build-base /home/gavin/AGV_Control/build/tf_publisher/build install --record /home/gavin/AGV_Control/build/tf_publisher/install.log --single-version-externally-managed install_data
