[3.460s] Invoking command in '/home/gavin/AGV_Control/src/tf_publisher': PYTHONPATH=/home/gavin/AGV_Control/build/tf_publisher/prefix_override:/usr/lib/python3/dist-packages/colcon_core/task/python/colcon_distutils_commands:/home/gavin/AGV_Control/install/tf_publisher/lib/python3.10/site-packages:${PYTHONPATH} /usr/bin/python3 -W ignore:setup.py install is deprecated -W ignore:easy_install command is deprecated setup.py egg_info --egg-base ../../build/tf_publisher build --build-base /home/gavin/AGV_Control/build/tf_publisher/build install --record /home/gavin/AGV_Control/build/tf_publisher/install.log --single-version-externally-managed install_data
[4.168s] running egg_info
[4.170s] writing ../../build/tf_publisher/tf_publisher.egg-info/PKG-INFO
[4.172s] writing dependency_links to ../../build/tf_publisher/tf_publisher.egg-info/dependency_links.txt
[4.172s] writing entry points to ../../build/tf_publisher/tf_publisher.egg-info/entry_points.txt
[4.172s] writing requirements to ../../build/tf_publisher/tf_publisher.egg-info/requires.txt
[4.173s] writing top-level names to ../../build/tf_publisher/tf_publisher.egg-info/top_level.txt
[4.177s] reading manifest file '../../build/tf_publisher/tf_publisher.egg-info/SOURCES.txt'
[4.179s] writing manifest file '../../build/tf_publisher/tf_publisher.egg-info/SOURCES.txt'
[4.180s] running build
[4.180s] running build_py
[4.181s] running install
[4.182s] running install_lib
[4.187s] running install_data
[4.187s] running install_egg_info
[4.193s] removing '/home/gavin/AGV_Control/install/tf_publisher/lib/python3.10/site-packages/tf_publisher-0.0.0-py3.10.egg-info' (and everything under it)
[4.194s] Copying ../../build/tf_publisher/tf_publisher.egg-info to /home/gavin/AGV_Control/install/tf_publisher/lib/python3.10/site-packages/tf_publisher-0.0.0-py3.10.egg-info
[4.196s] running install_scripts
[4.256s] Installing tf_publisher_node script to /home/gavin/AGV_Control/install/tf_publisher/lib/tf_publisher
[4.257s] writing list of installed files to '/home/gavin/AGV_Control/build/tf_publisher/install.log'
[4.351s] Invoked command in '/home/gavin/AGV_Control/src/tf_publisher' returned '0': PYTHONPATH=/home/gavin/AGV_Control/build/tf_publisher/prefix_override:/usr/lib/python3/dist-packages/colcon_core/task/python/colcon_distutils_commands:/home/gavin/AGV_Control/install/tf_publisher/lib/python3.10/site-packages:${PYTHONPATH} /usr/bin/python3 -W ignore:setup.py install is deprecated -W ignore:easy_install command is deprecated setup.py egg_info --egg-base ../../build/tf_publisher build --build-base /home/gavin/AGV_Control/build/tf_publisher/build install --record /home/gavin/AGV_Control/build/tf_publisher/install.log --single-version-externally-managed install_data
