[1.116s] Invoking command in '/home/asrlab/sample_code_agv/src/joystick_ros2': PYTHONPATH=/home/asrlab/sample_code_agv/build/joystick_ros2/prefix_override:/usr/lib/python3/dist-packages/colcon_core/task/python/colcon_distutils_commands:/home/asrlab/sample_code_agv/install/joystick_ros2/lib/python3.10/site-packages:${PYTHONPATH} /usr/bin/python3 -W ignore:setup.py install is deprecated setup.py egg_info --egg-base ../../build/joystick_ros2 build --build-base /home/asrlab/sample_code_agv/build/joystick_ros2/build install --record /home/asrlab/sample_code_agv/build/joystick_ros2/install.log --install-scripts $base/lib/joystick_ros2 --single-version-externally-managed install_data
[1.306s] /home/asrlab/.local/lib/python3.10/site-packages/setuptools/dist.py:717: UserWarning: Usage of dash-separated 'script-dir' will not be supported in future versions. Please use the underscore name 'script_dir' instead
[1.306s]   warnings.warn(
[1.327s] running egg_info
[1.327s] creating ../../build/joystick_ros2/joystick_ros2.egg-info
[1.327s] writing ../../build/joystick_ros2/joystick_ros2.egg-info/PKG-INFO
[1.327s] writing dependency_links to ../../build/joystick_ros2/joystick_ros2.egg-info/dependency_links.txt
[1.327s] writing entry points to ../../build/joystick_ros2/joystick_ros2.egg-info/entry_points.txt
[1.327s] writing requirements to ../../build/joystick_ros2/joystick_ros2.egg-info/requires.txt
[1.328s] writing top-level names to ../../build/joystick_ros2/joystick_ros2.egg-info/top_level.txt
[1.328s] writing manifest file '../../build/joystick_ros2/joystick_ros2.egg-info/SOURCES.txt'
[1.329s] reading manifest file '../../build/joystick_ros2/joystick_ros2.egg-info/SOURCES.txt'
[1.329s] adding license file 'LICENSE'
[1.329s] writing manifest file '../../build/joystick_ros2/joystick_ros2.egg-info/SOURCES.txt'
[1.329s] running build
[1.329s] running build_py
[1.330s] creating /home/asrlab/sample_code_agv/build/joystick_ros2/build
[1.330s] creating /home/asrlab/sample_code_agv/build/joystick_ros2/build/lib
[1.330s] copying joystick_ros2.py -> /home/asrlab/sample_code_agv/build/joystick_ros2/build/lib
[1.330s] copying inputs.py -> /home/asrlab/sample_code_agv/build/joystick_ros2/build/lib
[1.330s] running install
[1.330s] running install_lib
[1.330s] copying /home/asrlab/sample_code_agv/build/joystick_ros2/build/lib/joystick_ros2.py -> /home/asrlab/sample_code_agv/install/joystick_ros2/lib/python3.10/site-packages
[1.330s] copying /home/asrlab/sample_code_agv/build/joystick_ros2/build/lib/inputs.py -> /home/asrlab/sample_code_agv/install/joystick_ros2/lib/python3.10/site-packages
[1.331s] byte-compiling /home/asrlab/sample_code_agv/install/joystick_ros2/lib/python3.10/site-packages/joystick_ros2.py to joystick_ros2.cpython-310.pyc
[1.332s] byte-compiling /home/asrlab/sample_code_agv/install/joystick_ros2/lib/python3.10/site-packages/inputs.py to inputs.cpython-310.pyc
[1.341s] running install_data
[1.341s] creating /home/asrlab/sample_code_agv/install/joystick_ros2/share/ament_index
[1.341s] creating /home/asrlab/sample_code_agv/install/joystick_ros2/share/ament_index/resource_index
[1.342s] creating /home/asrlab/sample_code_agv/install/joystick_ros2/share/ament_index/resource_index/packages
[1.342s] copying resource/joystick_ros2 -> /home/asrlab/sample_code_agv/install/joystick_ros2/share/ament_index/resource_index/packages
[1.342s] creating /home/asrlab/sample_code_agv/install/joystick_ros2/shared
[1.342s] creating /home/asrlab/sample_code_agv/install/joystick_ros2/shared/joystick_ros2
[1.342s] copying package.xml -> /home/asrlab/sample_code_agv/install/joystick_ros2/shared/joystick_ros2
[1.342s] running install_egg_info
[1.343s] Copying ../../build/joystick_ros2/joystick_ros2.egg-info to /home/asrlab/sample_code_agv/install/joystick_ros2/lib/python3.10/site-packages/joystick_ros2-0.0.1-py3.10.egg-info
[1.343s] running install_scripts
[1.357s] Installing joystick_ros2 script to /home/asrlab/sample_code_agv/install/joystick_ros2/lib/joystick_ros2
[1.357s] writing list of installed files to '/home/asrlab/sample_code_agv/build/joystick_ros2/install.log'
[1.386s] Invoked command in '/home/asrlab/sample_code_agv/src/joystick_ros2' returned '0': PYTHONPATH=/home/asrlab/sample_code_agv/build/joystick_ros2/prefix_override:/usr/lib/python3/dist-packages/colcon_core/task/python/colcon_distutils_commands:/home/asrlab/sample_code_agv/install/joystick_ros2/lib/python3.10/site-packages:${PYTHONPATH} /usr/bin/python3 -W ignore:setup.py install is deprecated setup.py egg_info --egg-base ../../build/joystick_ros2 build --build-base /home/asrlab/sample_code_agv/build/joystick_ros2/build install --record /home/asrlab/sample_code_agv/build/joystick_ros2/install.log --install-scripts $base/lib/joystick_ros2 --single-version-externally-managed install_data
