[2.111s] Invoking command in '/home/gavin/AGV_Control/src/forklift': PYTHONPATH=/home/gavin/AGV_Control/build/forklift/prefix_override:/usr/lib/python3/dist-packages/colcon_core/task/python/colcon_distutils_commands:/home/gavin/AGV_Control/install/forklift/lib/python3.10/site-packages:${PYTHONPATH} /usr/bin/python3 -W ignore:setup.py install is deprecated setup.py egg_info --egg-base ../../build/forklift build --build-base /home/gavin/AGV_Control/build/forklift/build install --record /home/gavin/AGV_Control/build/forklift/install.log --single-version-externally-managed install_data
[2.689s] running egg_info
[2.690s] writing ../../build/forklift/forklift.egg-info/PKG-INFO
[2.691s] writing dependency_links to ../../build/forklift/forklift.egg-info/dependency_links.txt
[2.691s] writing entry points to ../../build/forklift/forklift.egg-info/entry_points.txt
[2.691s] writing requirements to ../../build/forklift/forklift.egg-info/requires.txt
[2.691s] writing top-level names to ../../build/forklift/forklift.egg-info/top_level.txt
[2.695s] reading manifest file '../../build/forklift/forklift.egg-info/SOURCES.txt'
[2.695s] writing manifest file '../../build/forklift/forklift.egg-info/SOURCES.txt'
[2.696s] running build
[2.696s] running build_py
[2.697s] copying forklift/mode.py -> /home/gavin/AGV_Control/build/forklift/build/lib/forklift
[2.698s] copying forklift/forklift.py -> /home/gavin/AGV_Control/build/forklift/build/lib/forklift
[2.698s] copying forklift/__init__.py -> /home/gavin/AGV_Control/build/forklift/build/lib/forklift
[2.698s] running install
[2.699s] running install_lib
[2.701s] running install_data
[2.701s] running install_egg_info
[2.706s] removing '/home/gavin/AGV_Control/install/forklift/lib/python3.10/site-packages/forklift-0.0.0-py3.10.egg-info' (and everything under it)
[2.706s] Copying ../../build/forklift/forklift.egg-info to /home/gavin/AGV_Control/install/forklift/lib/python3.10/site-packages/forklift-0.0.0-py3.10.egg-info
[2.708s] running install_scripts
[2.758s] Installing forklift script to /home/gavin/AGV_Control/install/forklift/lib/forklift
[2.758s] writing list of installed files to '/home/gavin/AGV_Control/build/forklift/install.log'
[2.830s] Invoked command in '/home/gavin/AGV_Control/src/forklift' returned '0': PYTHONPATH=/home/gavin/AGV_Control/build/forklift/prefix_override:/usr/lib/python3/dist-packages/colcon_core/task/python/colcon_distutils_commands:/home/gavin/AGV_Control/install/forklift/lib/python3.10/site-packages:${PYTHONPATH} /usr/bin/python3 -W ignore:setup.py install is deprecated setup.py egg_info --egg-base ../../build/forklift build --build-base /home/gavin/AGV_Control/build/forklift/build install --record /home/gavin/AGV_Control/build/forklift/install.log --single-version-externally-managed install_data
