[0.991s] Invoking command in '/home/asrlab/sample_code_agv/src/forklift': PYTHONPATH=/home/asrlab/sample_code_agv/build/forklift/prefix_override:/usr/lib/python3/dist-packages/colcon_core/task/python/colcon_distutils_commands:/home/asrlab/sample_code_agv/install/forklift/lib/python3.10/site-packages:${PYTHONPATH} /usr/bin/python3 -W ignore:setup.py install is deprecated setup.py egg_info --egg-base ../../build/forklift build --build-base /home/asrlab/sample_code_agv/build/forklift/build install --record /home/asrlab/sample_code_agv/build/forklift/install.log --single-version-externally-managed install_data
[1.201s] running egg_info
[1.202s] writing ../../build/forklift/forklift.egg-info/PKG-INFO
[1.202s] writing dependency_links to ../../build/forklift/forklift.egg-info/dependency_links.txt
[1.202s] writing entry points to ../../build/forklift/forklift.egg-info/entry_points.txt
[1.202s] writing requirements to ../../build/forklift/forklift.egg-info/requires.txt
[1.202s] writing top-level names to ../../build/forklift/forklift.egg-info/top_level.txt
[1.203s] reading manifest file '../../build/forklift/forklift.egg-info/SOURCES.txt'
[1.204s] writing manifest file '../../build/forklift/forklift.egg-info/SOURCES.txt'
[1.204s] running build
[1.204s] running build_py
[1.204s] running install
[1.204s] running install_lib
[1.205s] running install_data
[1.205s] running install_egg_info
[1.206s] removing '/home/asrlab/sample_code_agv/install/forklift/lib/python3.10/site-packages/forklift-0.0.0-py3.10.egg-info' (and everything under it)
[1.207s] Copying ../../build/forklift/forklift.egg-info to /home/asrlab/sample_code_agv/install/forklift/lib/python3.10/site-packages/forklift-0.0.0-py3.10.egg-info
[1.207s] running install_scripts
[1.221s] Installing forklift script to /home/asrlab/sample_code_agv/install/forklift/lib/forklift
[1.221s] writing list of installed files to '/home/asrlab/sample_code_agv/build/forklift/install.log'
[1.237s] Invoked command in '/home/asrlab/sample_code_agv/src/forklift' returned '0': PYTHONPATH=/home/asrlab/sample_code_agv/build/forklift/prefix_override:/usr/lib/python3/dist-packages/colcon_core/task/python/colcon_distutils_commands:/home/asrlab/sample_code_agv/install/forklift/lib/python3.10/site-packages:${PYTHONPATH} /usr/bin/python3 -W ignore:setup.py install is deprecated setup.py egg_info --egg-base ../../build/forklift build --build-base /home/asrlab/sample_code_agv/build/forklift/build install --record /home/asrlab/sample_code_agv/build/forklift/install.log --single-version-externally-managed install_data
