[1.839s] Invoking command in '/home/gavin/AGV_Control/src/js2fork': PYTHONPATH=/home/gavin/AGV_Control/build/js2fork/prefix_override:/usr/lib/python3/dist-packages/colcon_core/task/python/colcon_distutils_commands:/home/gavin/AGV_Control/install/js2fork/lib/python3.10/site-packages:${PYTHONPATH} /usr/bin/python3 -W ignore:setup.py install is deprecated setup.py egg_info --egg-base ../../build/js2fork build --build-base /home/gavin/AGV_Control/build/js2fork/build install --record /home/gavin/AGV_Control/build/js2fork/install.log --single-version-externally-managed install_data
[2.253s] running egg_info
[2.254s] writing ../../build/js2fork/js2fork.egg-info/PKG-INFO
[2.255s] writing dependency_links to ../../build/js2fork/js2fork.egg-info/dependency_links.txt
[2.255s] writing entry points to ../../build/js2fork/js2fork.egg-info/entry_points.txt
[2.256s] writing requirements to ../../build/js2fork/js2fork.egg-info/requires.txt
[2.256s] writing top-level names to ../../build/js2fork/js2fork.egg-info/top_level.txt
[2.258s] reading manifest file '../../build/js2fork/js2fork.egg-info/SOURCES.txt'
[2.260s] writing manifest file '../../build/js2fork/js2fork.egg-info/SOURCES.txt'
[2.260s] running build
[2.260s] running build_py
[2.261s] running install
[2.261s] running install_lib
[2.265s] running install_data
[2.266s] running install_egg_info
[2.269s] removing '/home/gavin/AGV_Control/install/js2fork/lib/python3.10/site-packages/js2fork-0.0.0-py3.10.egg-info' (and everything under it)
[2.270s] Copying ../../build/js2fork/js2fork.egg-info to /home/gavin/AGV_Control/install/js2fork/lib/python3.10/site-packages/js2fork-0.0.0-py3.10.egg-info
[2.271s] running install_scripts
[2.307s] Installing js2fork script to /home/gavin/AGV_Control/install/js2fork/lib/js2fork
[2.308s] writing list of installed files to '/home/gavin/AGV_Control/build/js2fork/install.log'
[2.355s] Invoked command in '/home/gavin/AGV_Control/src/js2fork' returned '0': PYTHONPATH=/home/gavin/AGV_Control/build/js2fork/prefix_override:/usr/lib/python3/dist-packages/colcon_core/task/python/colcon_distutils_commands:/home/gavin/AGV_Control/install/js2fork/lib/python3.10/site-packages:${PYTHONPATH} /usr/bin/python3 -W ignore:setup.py install is deprecated setup.py egg_info --egg-base ../../build/js2fork build --build-base /home/gavin/AGV_Control/build/js2fork/build install --record /home/gavin/AGV_Control/build/js2fork/install.log --single-version-externally-managed install_data
