[1.587s] Invoking command in '/home/gavin/AGV_Control/src/forklift': PYTHONPATH=/home/gavin/AGV_Control/build/forklift/prefix_override:/usr/lib/python3/dist-packages/colcon_core/task/python/colcon_distutils_commands:/home/gavin/AGV_Control/install/forklift/lib/python3.10/site-packages:${PYTHONPATH} /usr/bin/python3 -W ignore:setup.py install is deprecated setup.py egg_info --egg-base ../../build/forklift build --build-base /home/gavin/AGV_Control/build/forklift/build install --record /home/gavin/AGV_Control/build/forklift/install.log --single-version-externally-managed install_data
[2.013s] running egg_info
[2.014s] writing ../../build/forklift/forklift.egg-info/PKG-INFO
[2.014s] writing dependency_links to ../../build/forklift/forklift.egg-info/dependency_links.txt
[2.015s] writing entry points to ../../build/forklift/forklift.egg-info/entry_points.txt
[2.015s] writing requirements to ../../build/forklift/forklift.egg-info/requires.txt
[2.015s] writing top-level names to ../../build/forklift/forklift.egg-info/top_level.txt
[2.018s] reading manifest file '../../build/forklift/forklift.egg-info/SOURCES.txt'
[2.019s] writing manifest file '../../build/forklift/forklift.egg-info/SOURCES.txt'
[2.019s] running build
[2.019s] running build_py
[2.019s] running install
[2.020s] running install_lib
[2.022s] running install_data
[2.023s] running install_egg_info
[2.025s] removing '/home/gavin/AGV_Control/install/forklift/lib/python3.10/site-packages/forklift-0.0.0-py3.10.egg-info' (and everything under it)
[2.026s] Copying ../../build/forklift/forklift.egg-info to /home/gavin/AGV_Control/install/forklift/lib/python3.10/site-packages/forklift-0.0.0-py3.10.egg-info
[2.027s] running install_scripts
[2.060s] Installing forklift script to /home/gavin/AGV_Control/install/forklift/lib/forklift
[2.060s] writing list of installed files to '/home/gavin/AGV_Control/build/forklift/install.log'
[2.099s] Invoked command in '/home/gavin/AGV_Control/src/forklift' returned '0': PYTHONPATH=/home/gavin/AGV_Control/build/forklift/prefix_override:/usr/lib/python3/dist-packages/colcon_core/task/python/colcon_distutils_commands:/home/gavin/AGV_Control/install/forklift/lib/python3.10/site-packages:${PYTHONPATH} /usr/bin/python3 -W ignore:setup.py install is deprecated setup.py egg_info --egg-base ../../build/forklift build --build-base /home/gavin/AGV_Control/build/forklift/build install --record /home/gavin/AGV_Control/build/forklift/install.log --single-version-externally-managed install_data
