[3.418s] Invoking command in '/home/gavin/AGV_Control/src/tf_publisher': PYTHONPATH=/home/gavin/AGV_Control/build/tf_publisher/prefix_override:/usr/lib/python3/dist-packages/colcon_core/task/python/colcon_distutils_commands:/home/gavin/AGV_Control/install/tf_publisher/lib/python3.10/site-packages:${PYTHONPATH} /usr/bin/python3 -W ignore:setup.py install is deprecated -W ignore:easy_install command is deprecated setup.py egg_info --egg-base ../../build/tf_publisher build --build-base /home/gavin/AGV_Control/build/tf_publisher/build install --record /home/gavin/AGV_Control/build/tf_publisher/install.log --single-version-externally-managed install_data
[4.092s] running egg_info
[4.093s] writing ../../build/tf_publisher/tf_publisher.egg-info/PKG-INFO
[4.095s] writing dependency_links to ../../build/tf_publisher/tf_publisher.egg-info/dependency_links.txt
[4.095s] writing entry points to ../../build/tf_publisher/tf_publisher.egg-info/entry_points.txt
[4.095s] writing requirements to ../../build/tf_publisher/tf_publisher.egg-info/requires.txt
[4.096s] writing top-level names to ../../build/tf_publisher/tf_publisher.egg-info/top_level.txt
[4.099s] reading manifest file '../../build/tf_publisher/tf_publisher.egg-info/SOURCES.txt'
[4.101s] writing manifest file '../../build/tf_publisher/tf_publisher.egg-info/SOURCES.txt'
[4.101s] running build
[4.102s] running build_py
[4.102s] running install
[4.103s] running install_lib
[4.107s] running install_data
[4.107s] running install_egg_info
[4.113s] removing '/home/gavin/AGV_Control/install/tf_publisher/lib/python3.10/site-packages/tf_publisher-0.0.0-py3.10.egg-info' (and everything under it)
[4.113s] Copying ../../build/tf_publisher/tf_publisher.egg-info to /home/gavin/AGV_Control/install/tf_publisher/lib/python3.10/site-packages/tf_publisher-0.0.0-py3.10.egg-info
[4.115s] running install_scripts
[4.181s] Installing tf_publisher_node script to /home/gavin/AGV_Control/install/tf_publisher/lib/tf_publisher
[4.182s] writing list of installed files to '/home/gavin/AGV_Control/build/tf_publisher/install.log'
[4.290s] Invoked command in '/home/gavin/AGV_Control/src/tf_publisher' returned '0': PYTHONPATH=/home/gavin/AGV_Control/build/tf_publisher/prefix_override:/usr/lib/python3/dist-packages/colcon_core/task/python/colcon_distutils_commands:/home/gavin/AGV_Control/install/tf_publisher/lib/python3.10/site-packages:${PYTHONPATH} /usr/bin/python3 -W ignore:setup.py install is deprecated -W ignore:easy_install command is deprecated setup.py egg_info --egg-base ../../build/tf_publisher build --build-base /home/gavin/AGV_Control/build/tf_publisher/build install --record /home/gavin/AGV_Control/build/tf_publisher/install.log --single-version-externally-managed install_data
