[2.448s] Invoking command in '/home/gavin/AGV_Control/src/tf_publisher': PYTHONPATH=/home/gavin/AGV_Control/build/tf_publisher/prefix_override:/usr/lib/python3/dist-packages/colcon_core/task/python/colcon_distutils_commands:/home/gavin/AGV_Control/install/tf_publisher/lib/python3.10/site-packages:${PYTHONPATH} /usr/bin/python3 -W ignore:setup.py install is deprecated -W ignore:easy_install command is deprecated setup.py egg_info --egg-base ../../build/tf_publisher build --build-base /home/gavin/AGV_Control/build/tf_publisher/build install --record /home/gavin/AGV_Control/build/tf_publisher/install.log --single-version-externally-managed install_data
[2.973s] running egg_info
[2.974s] writing ../../build/tf_publisher/tf_publisher.egg-info/PKG-INFO
[2.975s] writing dependency_links to ../../build/tf_publisher/tf_publisher.egg-info/dependency_links.txt
[2.975s] writing entry points to ../../build/tf_publisher/tf_publisher.egg-info/entry_points.txt
[2.975s] writing requirements to ../../build/tf_publisher/tf_publisher.egg-info/requires.txt
[2.975s] writing top-level names to ../../build/tf_publisher/tf_publisher.egg-info/top_level.txt
[2.978s] reading manifest file '../../build/tf_publisher/tf_publisher.egg-info/SOURCES.txt'
[2.979s] writing manifest file '../../build/tf_publisher/tf_publisher.egg-info/SOURCES.txt'
[2.980s] running build
[2.980s] running build_py
[2.980s] running install
[2.980s] running install_lib
[2.983s] running install_data
[2.983s] running install_egg_info
[2.986s] removing '/home/gavin/AGV_Control/install/tf_publisher/lib/python3.10/site-packages/tf_publisher-0.0.0-py3.10.egg-info' (and everything under it)
[2.986s] Copying ../../build/tf_publisher/tf_publisher.egg-info to /home/gavin/AGV_Control/install/tf_publisher/lib/python3.10/site-packages/tf_publisher-0.0.0-py3.10.egg-info
[2.988s] running install_scripts
[3.026s] Installing tf_publisher script to /home/gavin/AGV_Control/install/tf_publisher/lib/tf_publisher
[3.026s] writing list of installed files to '/home/gavin/AGV_Control/build/tf_publisher/install.log'
[3.073s] Invoked command in '/home/gavin/AGV_Control/src/tf_publisher' returned '0': PYTHONPATH=/home/gavin/AGV_Control/build/tf_publisher/prefix_override:/usr/lib/python3/dist-packages/colcon_core/task/python/colcon_distutils_commands:/home/gavin/AGV_Control/install/tf_publisher/lib/python3.10/site-packages:${PYTHONPATH} /usr/bin/python3 -W ignore:setup.py install is deprecated -W ignore:easy_install command is deprecated setup.py egg_info --egg-base ../../build/tf_publisher build --build-base /home/gavin/AGV_Control/build/tf_publisher/build install --record /home/gavin/AGV_Control/build/tf_publisher/install.log --single-version-externally-managed install_data
