[5.668s] Invoking command in '/home/gavin/AGV_Control/src/js2fork': PYTHONPATH=/home/gavin/AGV_Control/build/js2fork/prefix_override:/usr/lib/python3/dist-packages/colcon_core/task/python/colcon_distutils_commands:/home/gavin/AGV_Control/install/js2fork/lib/python3.10/site-packages:${PYTHONPATH} /usr/bin/python3 -W ignore:setup.py install is deprecated setup.py egg_info --egg-base ../../build/js2fork build --build-base /home/gavin/AGV_Control/build/js2fork/build install --record /home/gavin/AGV_Control/build/js2fork/install.log --single-version-externally-managed install_data
[7.043s] running egg_info
[7.049s] writing ../../build/js2fork/js2fork.egg-info/PKG-INFO
[7.050s] writing dependency_links to ../../build/js2fork/js2fork.egg-info/dependency_links.txt
[7.051s] writing entry points to ../../build/js2fork/js2fork.egg-info/entry_points.txt
[7.052s] writing requirements to ../../build/js2fork/js2fork.egg-info/requires.txt
[7.052s] writing top-level names to ../../build/js2fork/js2fork.egg-info/top_level.txt
[7.062s] reading manifest file '../../build/js2fork/js2fork.egg-info/SOURCES.txt'
[7.068s] writing manifest file '../../build/js2fork/js2fork.egg-info/SOURCES.txt'
[7.068s] running build
[7.068s] running build_py
[7.070s] running install
[7.070s] running install_lib
[7.075s] running install_data
[7.075s] running install_egg_info
[7.086s] removing '/home/gavin/AGV_Control/install/js2fork/lib/python3.10/site-packages/js2fork-0.0.0-py3.10.egg-info' (and everything under it)
[7.087s] Copying ../../build/js2fork/js2fork.egg-info to /home/gavin/AGV_Control/install/js2fork/lib/python3.10/site-packages/js2fork-0.0.0-py3.10.egg-info
[7.091s] running install_scripts
[7.226s] Installing js2fork script to /home/gavin/AGV_Control/install/js2fork/lib/js2fork
[7.230s] writing list of installed files to '/home/gavin/AGV_Control/build/js2fork/install.log'
[7.447s] Invoked command in '/home/gavin/AGV_Control/src/js2fork' returned '0': PYTHONPATH=/home/gavin/AGV_Control/build/js2fork/prefix_override:/usr/lib/python3/dist-packages/colcon_core/task/python/colcon_distutils_commands:/home/gavin/AGV_Control/install/js2fork/lib/python3.10/site-packages:${PYTHONPATH} /usr/bin/python3 -W ignore:setup.py install is deprecated setup.py egg_info --egg-base ../../build/js2fork build --build-base /home/gavin/AGV_Control/build/js2fork/build install --record /home/gavin/AGV_Control/build/js2fork/install.log --single-version-externally-managed install_data
