[2.616s] Invoking command in '/home/gavin/AGV_Control/src/forklift': PYTHONPATH=/home/gavin/AGV_Control/build/forklift/prefix_override:/usr/lib/python3/dist-packages/colcon_core/task/python/colcon_distutils_commands:/home/gavin/AGV_Control/install/forklift/lib/python3.10/site-packages:${PYTHONPATH} /usr/bin/python3 -W ignore:setup.py install is deprecated setup.py egg_info --egg-base ../../build/forklift build --build-base /home/gavin/AGV_Control/build/forklift/build install --record /home/gavin/AGV_Control/build/forklift/install.log --single-version-externally-managed install_data
[3.330s] running egg_info
[3.332s] writing ../../build/forklift/forklift.egg-info/PKG-INFO
[3.332s] writing dependency_links to ../../build/forklift/forklift.egg-info/dependency_links.txt
[3.333s] writing entry points to ../../build/forklift/forklift.egg-info/entry_points.txt
[3.333s] writing requirements to ../../build/forklift/forklift.egg-info/requires.txt
[3.333s] writing top-level names to ../../build/forklift/forklift.egg-info/top_level.txt
[3.339s] reading manifest file '../../build/forklift/forklift.egg-info/SOURCES.txt'
[3.340s] writing manifest file '../../build/forklift/forklift.egg-info/SOURCES.txt'
[3.341s] running build
[3.341s] running build_py
[3.341s] copying forklift/forklift.py -> /home/gavin/AGV_Control/build/forklift/build/lib/forklift
[3.342s] running install
[3.343s] running install_lib
[3.345s] copying /home/gavin/AGV_Control/build/forklift/build/lib/forklift/forklift.py -> /home/gavin/AGV_Control/install/forklift/lib/python3.10/site-packages/forklift
[3.349s] byte-compiling /home/gavin/AGV_Control/install/forklift/lib/python3.10/site-packages/forklift/forklift.py to forklift.cpython-310.pyc
[3.356s] running install_data
[3.356s] running install_egg_info
[3.361s] removing '/home/gavin/AGV_Control/install/forklift/lib/python3.10/site-packages/forklift-0.0.0-py3.10.egg-info' (and everything under it)
[3.362s] Copying ../../build/forklift/forklift.egg-info to /home/gavin/AGV_Control/install/forklift/lib/python3.10/site-packages/forklift-0.0.0-py3.10.egg-info
[3.364s] running install_scripts
[3.425s] Installing forklift script to /home/gavin/AGV_Control/install/forklift/lib/forklift
[3.426s] writing list of installed files to '/home/gavin/AGV_Control/build/forklift/install.log'
[3.514s] Invoked command in '/home/gavin/AGV_Control/src/forklift' returned '0': PYTHONPATH=/home/gavin/AGV_Control/build/forklift/prefix_override:/usr/lib/python3/dist-packages/colcon_core/task/python/colcon_distutils_commands:/home/gavin/AGV_Control/install/forklift/lib/python3.10/site-packages:${PYTHONPATH} /usr/bin/python3 -W ignore:setup.py install is deprecated setup.py egg_info --egg-base ../../build/forklift build --build-base /home/gavin/AGV_Control/build/forklift/build install --record /home/gavin/AGV_Control/build/forklift/install.log --single-version-externally-managed install_data
