[0.009s] Invoking command in '/home/asrlab/sample_code_agv/build/joy': AMENT_PREFIX_PATH=/home/asrlab/sample_code_agv/install/sdl2_vendor:${AMENT_PREFIX_PATH} CMAKE_PREFIX_PATH=/home/asrlab/sample_code_agv/install/sdl2_vendor:/opt/ros/humble /usr/bin/cmake /home/asrlab/sample_code_agv/src/joystick_drivers/joy -DCMAKE_INSTALL_PREFIX=/home/asrlab/sample_code_agv/install/joy
[0.042s] -- The C compiler identification is GNU 11.4.0
[0.078s] -- The CXX compiler identification is GNU 11.4.0
[0.082s] -- Detecting C compiler ABI info
[0.124s] -- Detecting C compiler ABI info - done
[0.129s] -- Check for working C compiler: /usr/bin/cc - skipped
[0.130s] -- Detecting C compile features
[0.130s] -- Detecting C compile features - done
[0.132s] -- Detecting CXX compiler ABI info
[0.181s] -- Detecting CXX compiler ABI info - done
[0.186s] -- Check for working CXX compiler: /usr/bin/c++ - skipped
[0.186s] -- Detecting CXX compile features
[0.187s] -- Detecting CXX compile features - done
[0.188s] -- Found ament_cmake_ros: 0.10.0 (/opt/ros/humble/share/ament_cmake_ros/cmake)
[0.295s] -- Found Python3: /usr/bin/python3 (found version "3.10.12") found components: Interpreter 
[0.355s] -- Found rclcpp: 16.0.10 (/opt/ros/humble/share/rclcpp/cmake)
[0.384s] -- Found rosidl_generator_c: 3.1.5 (/opt/ros/humble/share/rosidl_generator_c/cmake)
[0.387s] -- Found rosidl_adapter: 3.1.5 (/opt/ros/humble/share/rosidl_adapter/cmake)
[0.393s] -- Found rosidl_generator_cpp: 3.1.5 (/opt/ros/humble/share/rosidl_generator_cpp/cmake)
[0.401s] -- Using all available rosidl_typesupport_c: rosidl_typesupport_fastrtps_c;rosidl_typesupport_introspection_c
[0.413s] -- Using all available rosidl_typesupport_cpp: rosidl_typesupport_fastrtps_cpp;rosidl_typesupport_introspection_cpp
[0.443s] -- Found rmw_implementation_cmake: 6.1.2 (/opt/ros/humble/share/rmw_implementation_cmake/cmake)
[0.445s] -- Found rmw_fastrtps_cpp: 6.2.7 (/opt/ros/humble/share/rmw_fastrtps_cpp/cmake)
[0.496s] -- Found OpenSSL: /usr/lib/x86_64-linux-gnu/libcrypto.so (found version "3.0.2")  
[0.515s] -- Found FastRTPS: /opt/ros/humble/include  
[0.545s] -- Using RMW implementation 'rmw_fastrtps_cpp' as default
[0.550s] -- Looking for pthread.h
[0.593s] -- Looking for pthread.h - found
[0.593s] -- Performing Test CMAKE_HAVE_LIBC_PTHREAD
[0.638s] -- Performing Test CMAKE_HAVE_LIBC_PTHREAD - Success
[0.639s] -- Found Threads: TRUE  
[0.678s] -- Found rclcpp_components: 16.0.10 (/opt/ros/humble/share/rclcpp_components/cmake)
[0.699s] -- Found sdl2_vendor: 3.3.0 (/home/asrlab/sample_code_agv/install/sdl2_vendor/share/sdl2_vendor/cmake)
[0.701s] -- Found sensor_msgs: 4.2.4 (/opt/ros/humble/share/sensor_msgs/cmake)
[0.730s] -- Found ament_lint_auto: 0.12.11 (/opt/ros/humble/share/ament_lint_auto/cmake)
[0.796s] -- Added test 'cppcheck' to perform static code analysis on C / C++ code
[0.796s] -- Configured cppcheck include dirs: $<BUILD_INTERFACE:/home/asrlab/sample_code_agv/src/joystick_drivers/joy/include>
[0.796s] -- Configured cppcheck exclude dirs and/or files: 
[0.797s] -- Added test 'cpplint' to check C / C++ code against the Google style
[0.797s] -- Configured cpplint exclude dirs and/or files: 
[0.798s] -- Added test 'flake8' to check Python code syntax and style conventions
[0.798s] -- Added test 'lint_cmake' to check CMake code style
[0.799s] -- Added test 'pep257' to check Python code against some of the docstring style conventions in PEP 257
[0.800s] -- Added test 'uncrustify' to check C / C++ code style
[0.800s] -- Configured uncrustify additional arguments: 
[0.801s] -- Added test 'xmllint' to check XML markup files
[0.803s] -- Configuring done
[0.826s] -- Generating done
[0.828s] -- Build files have been written to: /home/asrlab/sample_code_agv/build/joy
[0.841s] Invoked command in '/home/asrlab/sample_code_agv/build/joy' returned '0': AMENT_PREFIX_PATH=/home/asrlab/sample_code_agv/install/sdl2_vendor:${AMENT_PREFIX_PATH} CMAKE_PREFIX_PATH=/home/asrlab/sample_code_agv/install/sdl2_vendor:/opt/ros/humble /usr/bin/cmake /home/asrlab/sample_code_agv/src/joystick_drivers/joy -DCMAKE_INSTALL_PREFIX=/home/asrlab/sample_code_agv/install/joy
[0.842s] Invoking command in '/home/asrlab/sample_code_agv/build/joy': AMENT_PREFIX_PATH=/home/asrlab/sample_code_agv/install/sdl2_vendor:${AMENT_PREFIX_PATH} CMAKE_PREFIX_PATH=/home/asrlab/sample_code_agv/install/sdl2_vendor:/opt/ros/humble /usr/bin/cmake --build /home/asrlab/sample_code_agv/build/joy -- -j20 -l20
[0.874s] [ 10%] [32mBuilding CXX object CMakeFiles/joy.dir/src/joy.cpp.o[0m
[0.879s] [ 50%] [32mBuilding CXX object CMakeFiles/joy_enumerate_devices.dir/src/joy_enumerate_devices.cpp.o[0m
[0.879s] [ 50%] [32mBuilding CXX object CMakeFiles/game_controller_node.dir/rclcpp_components/node_main_game_controller_node.cpp.o[0m
[0.879s] [ 50%] [32mBuilding CXX object CMakeFiles/joy_node.dir/rclcpp_components/node_main_joy_node.cpp.o[0m
[0.880s] [ 50%] [32mBuilding CXX object CMakeFiles/game_controller.dir/src/game_controller.cpp.o[0m
[1.506s] [ 60%] [32m[1mLinking CXX executable joy_enumerate_devices[0m
[1.695s] [ 60%] Built target joy_enumerate_devices
[3.515s] [ 70%] [32m[1mLinking CXX executable game_controller_node[0m
[3.604s] [ 70%] Built target game_controller_node
[3.621s] [ 80%] [32m[1mLinking CXX executable joy_node[0m
[3.720s] [ 80%] Built target joy_node
[8.154s] [ 90%] [32m[1mLinking CXX shared library libjoy.so[0m
[8.342s] [100%] [32m[1mLinking CXX shared library libgame_controller.so[0m
[8.456s] [100%] Built target joy
[8.612s] [100%] Built target game_controller
[8.619s] Invoked command in '/home/asrlab/sample_code_agv/build/joy' returned '0': AMENT_PREFIX_PATH=/home/asrlab/sample_code_agv/install/sdl2_vendor:${AMENT_PREFIX_PATH} CMAKE_PREFIX_PATH=/home/asrlab/sample_code_agv/install/sdl2_vendor:/opt/ros/humble /usr/bin/cmake --build /home/asrlab/sample_code_agv/build/joy -- -j20 -l20
[8.641s] Invoking command in '/home/asrlab/sample_code_agv/build/joy': AMENT_PREFIX_PATH=/home/asrlab/sample_code_agv/install/sdl2_vendor:${AMENT_PREFIX_PATH} CMAKE_PREFIX_PATH=/home/asrlab/sample_code_agv/install/sdl2_vendor:/opt/ros/humble /usr/bin/cmake --install /home/asrlab/sample_code_agv/build/joy
[8.645s] -- Install configuration: ""
[8.645s] -- Installing: /home/asrlab/sample_code_agv/install/joy/lib/libjoy.so
[8.649s] -- Set runtime path of "/home/asrlab/sample_code_agv/install/joy/lib/libjoy.so" to ""
[8.649s] -- Installing: /home/asrlab/sample_code_agv/install/joy/lib/joy/joy_node
[8.649s] -- Set runtime path of "/home/asrlab/sample_code_agv/install/joy/lib/joy/joy_node" to ""
[8.649s] -- Installing: /home/asrlab/sample_code_agv/install/joy/lib/libgame_controller.so
[8.652s] -- Set runtime path of "/home/asrlab/sample_code_agv/install/joy/lib/libgame_controller.so" to ""
[8.652s] -- Installing: /home/asrlab/sample_code_agv/install/joy/lib/joy/game_controller_node
[8.652s] -- Set runtime path of "/home/asrlab/sample_code_agv/install/joy/lib/joy/game_controller_node" to ""
[8.652s] -- Installing: /home/asrlab/sample_code_agv/install/joy/lib/joy/joy_enumerate_devices
[8.653s] -- Installing: /home/asrlab/sample_code_agv/install/joy/include/joy
[8.653s] -- Installing: /home/asrlab/sample_code_agv/install/joy/include/joy/joy
[8.653s] -- Installing: /home/asrlab/sample_code_agv/install/joy/include/joy/joy/game_controller.hpp
[8.653s] -- Installing: /home/asrlab/sample_code_agv/install/joy/include/joy/joy/joy.hpp
[8.653s] -- Installing: /home/asrlab/sample_code_agv/install/joy/share/joy/config
[8.653s] -- Installing: /home/asrlab/sample_code_agv/install/joy/share/joy/config/joy-params.yaml
[8.653s] -- Installing: /home/asrlab/sample_code_agv/install/joy/share/joy/launch
[8.653s] -- Installing: /home/asrlab/sample_code_agv/install/joy/share/joy/launch/joy-launch.py
[8.653s] -- Installing: /home/asrlab/sample_code_agv/install/joy/share/joy/launch/joy-composed-launch.py
[8.653s] -- Installing: /home/asrlab/sample_code_agv/install/joy/share/ament_index/resource_index/package_run_dependencies/joy
[8.653s] -- Installing: /home/asrlab/sample_code_agv/install/joy/share/ament_index/resource_index/parent_prefix_path/joy
[8.653s] -- Installing: /home/asrlab/sample_code_agv/install/joy/share/joy/environment/ament_prefix_path.sh
[8.653s] -- Installing: /home/asrlab/sample_code_agv/install/joy/share/joy/environment/ament_prefix_path.dsv
[8.653s] -- Installing: /home/asrlab/sample_code_agv/install/joy/share/joy/environment/path.sh
[8.653s] -- Installing: /home/asrlab/sample_code_agv/install/joy/share/joy/environment/path.dsv
[8.654s] -- Installing: /home/asrlab/sample_code_agv/install/joy/share/joy/local_setup.bash
[8.654s] -- Installing: /home/asrlab/sample_code_agv/install/joy/share/joy/local_setup.sh
[8.654s] -- Installing: /home/asrlab/sample_code_agv/install/joy/share/joy/local_setup.zsh
[8.654s] -- Installing: /home/asrlab/sample_code_agv/install/joy/share/joy/local_setup.dsv
[8.654s] -- Installing: /home/asrlab/sample_code_agv/install/joy/share/joy/package.dsv
[8.654s] -- Installing: /home/asrlab/sample_code_agv/install/joy/share/ament_index/resource_index/packages/joy
[8.654s] -- Installing: /home/asrlab/sample_code_agv/install/joy/share/ament_index/resource_index/rclcpp_components/joy
[8.654s] -- Installing: /home/asrlab/sample_code_agv/install/joy/share/joy/cmake/export_joyExport.cmake
[8.654s] -- Installing: /home/asrlab/sample_code_agv/install/joy/share/joy/cmake/export_joyExport-noconfig.cmake
[8.654s] -- Installing: /home/asrlab/sample_code_agv/install/joy/share/joy/cmake/export_game_controllerExport.cmake
[8.654s] -- Installing: /home/asrlab/sample_code_agv/install/joy/share/joy/cmake/export_game_controllerExport-noconfig.cmake
[8.654s] -- Installing: /home/asrlab/sample_code_agv/install/joy/share/joy/cmake/ament_cmake_export_targets-extras.cmake
[8.655s] -- Installing: /home/asrlab/sample_code_agv/install/joy/share/joy/cmake/ament_cmake_export_dependencies-extras.cmake
[8.655s] -- Installing: /home/asrlab/sample_code_agv/install/joy/share/joy/cmake/joyConfig.cmake
[8.655s] -- Installing: /home/asrlab/sample_code_agv/install/joy/share/joy/cmake/joyConfig-version.cmake
[8.655s] -- Installing: /home/asrlab/sample_code_agv/install/joy/share/joy/package.xml
[8.656s] Invoked command in '/home/asrlab/sample_code_agv/build/joy' returned '0': AMENT_PREFIX_PATH=/home/asrlab/sample_code_agv/install/sdl2_vendor:${AMENT_PREFIX_PATH} CMAKE_PREFIX_PATH=/home/asrlab/sample_code_agv/install/sdl2_vendor:/opt/ros/humble /usr/bin/cmake --install /home/asrlab/sample_code_agv/build/joy
