[0.964s] Invoking command in '/home/asrlab/sample_code_agv/src/joystick_ros2': PYTHONPATH=/home/asrlab/sample_code_agv/build/joystick_ros2/prefix_override:/usr/lib/python3/dist-packages/colcon_core/task/python/colcon_distutils_commands:/home/asrlab/sample_code_agv/install/joystick_ros2/lib/python3.10/site-packages:${PYTHONPATH} /usr/bin/python3 -W ignore:setup.py install is deprecated setup.py egg_info --egg-base ../../build/joystick_ros2 build --build-base /home/asrlab/sample_code_agv/build/joystick_ros2/build install --record /home/asrlab/sample_code_agv/build/joystick_ros2/install.log --install-scripts $base/lib/joystick_ros2 --single-version-externally-managed install_data
[1.146s] /home/asrlab/.local/lib/python3.10/site-packages/setuptools/dist.py:717: UserWarning: Usage of dash-separated 'script-dir' will not be supported in future versions. Please use the underscore name 'script_dir' instead
[1.146s]   warnings.warn(
[1.165s] running egg_info
[1.165s] writing ../../build/joystick_ros2/joystick_ros2.egg-info/PKG-INFO
[1.165s] writing dependency_links to ../../build/joystick_ros2/joystick_ros2.egg-info/dependency_links.txt
[1.166s] writing entry points to ../../build/joystick_ros2/joystick_ros2.egg-info/entry_points.txt
[1.166s] writing requirements to ../../build/joystick_ros2/joystick_ros2.egg-info/requires.txt
[1.166s] writing top-level names to ../../build/joystick_ros2/joystick_ros2.egg-info/top_level.txt
[1.167s] reading manifest file '../../build/joystick_ros2/joystick_ros2.egg-info/SOURCES.txt'
[1.167s] adding license file 'LICENSE'
[1.167s] writing manifest file '../../build/joystick_ros2/joystick_ros2.egg-info/SOURCES.txt'
[1.167s] running build
[1.167s] running build_py
[1.167s] copying joystick_ros2.py -> /home/asrlab/sample_code_agv/build/joystick_ros2/build/lib
[1.168s] running install
[1.168s] running install_lib
[1.168s] copying /home/asrlab/sample_code_agv/build/joystick_ros2/build/lib/joystick_ros2.py -> /home/asrlab/sample_code_agv/install/joystick_ros2/lib/python3.10/site-packages
[1.168s] byte-compiling /home/asrlab/sample_code_agv/install/joystick_ros2/lib/python3.10/site-packages/joystick_ros2.py to joystick_ros2.cpython-310.pyc
[1.169s] running install_data
[1.169s] running install_egg_info
[1.170s] removing '/home/asrlab/sample_code_agv/install/joystick_ros2/lib/python3.10/site-packages/joystick_ros2-0.0.1-py3.10.egg-info' (and everything under it)
[1.171s] Copying ../../build/joystick_ros2/joystick_ros2.egg-info to /home/asrlab/sample_code_agv/install/joystick_ros2/lib/python3.10/site-packages/joystick_ros2-0.0.1-py3.10.egg-info
[1.171s] running install_scripts
[1.184s] Installing joystick_ros2 script to /home/asrlab/sample_code_agv/install/joystick_ros2/lib/joystick_ros2
[1.184s] writing list of installed files to '/home/asrlab/sample_code_agv/build/joystick_ros2/install.log'
[1.204s] Invoked command in '/home/asrlab/sample_code_agv/src/joystick_ros2' returned '0': PYTHONPATH=/home/asrlab/sample_code_agv/build/joystick_ros2/prefix_override:/usr/lib/python3/dist-packages/colcon_core/task/python/colcon_distutils_commands:/home/asrlab/sample_code_agv/install/joystick_ros2/lib/python3.10/site-packages:${PYTHONPATH} /usr/bin/python3 -W ignore:setup.py install is deprecated setup.py egg_info --egg-base ../../build/joystick_ros2 build --build-base /home/asrlab/sample_code_agv/build/joystick_ros2/build install --record /home/asrlab/sample_code_agv/build/joystick_ros2/install.log --install-scripts $base/lib/joystick_ros2 --single-version-externally-managed install_data
