[0.182s] DEBUG:colcon:Command line arguments: ['/usr/bin/colcon', 'build']
[0.183s] DEBUG:colcon:Parsed command line arguments: Namespace(log_base=None, log_level=None, verb_name='build', build_base='build', install_base='install', merge_install=False, symlink_install=False, test_result_base=None, continue_on_error=False, executor='parallel', parallel_workers=8, event_handlers=None, ignore_user_meta=False, metas=['./colcon.meta'], base_paths=['.'], packages_ignore=None, packages_ignore_regex=None, paths=None, packages_up_to=None, packages_up_to_regex=None, packages_above=None, packages_above_and_dependencies=None, packages_above_depth=None, packages_select_by_dep=None, packages_skip_by_dep=None, packages_skip_up_to=None, packages_select_build_failed=False, packages_skip_build_finished=False, packages_select_test_failures=False, packages_skip_test_passed=False, packages_select=None, packages_skip=None, packages_select_regex=None, packages_skip_regex=None, packages_start=None, packages_end=None, allow_overriding=[], cmake_args=None, cmake_target=None, cmake_target_skip_unavailable=False, cmake_clean_cache=False, cmake_clean_first=False, cmake_force_configure=False, ament_cmake_args=None, catkin_cmake_args=None, catkin_skip_building_tests=False, mixin_files=None, mixin=None, verb_parser=<colcon_mixin.mixin.mixin_argument.MixinArgumentDecorator object at 0x731cacc66410>, verb_extension=<colcon_core.verb.build.BuildVerb object at 0x731cacc65ae0>, main=<bound method BuildVerb.main of <colcon_core.verb.build.BuildVerb object at 0x731cacc65ae0>>, mixin_verb=('build',))
[0.468s] Level 1:colcon.colcon_core.package_discovery:discover_packages(colcon_meta) check parameters
[0.468s] Level 1:colcon.colcon_core.package_discovery:discover_packages(recursive) check parameters
[0.468s] Level 1:colcon.colcon_core.package_discovery:discover_packages(ignore) check parameters
[0.468s] Level 1:colcon.colcon_core.package_discovery:discover_packages(path) check parameters
[0.468s] Level 1:colcon.colcon_core.package_discovery:discover_packages(colcon_meta) discover
[0.468s] Level 1:colcon.colcon_core.package_discovery:discover_packages(recursive) discover
[0.468s] INFO:colcon.colcon_core.package_discovery:Crawling recursively for packages in '/home/gavin/AGV_Control'
[0.468s] Level 1:colcon.colcon_core.package_identification:_identify(.) by extensions ['ignore', 'ignore_ament_install']
[0.469s] Level 1:colcon.colcon_core.package_identification:_identify(.) by extension 'ignore'
[0.469s] Level 1:colcon.colcon_core.package_identification:_identify(.) by extension 'ignore_ament_install'
[0.469s] Level 1:colcon.colcon_core.package_identification:_identify(.) by extensions ['colcon_pkg']
[0.469s] Level 1:colcon.colcon_core.package_identification:_identify(.) by extension 'colcon_pkg'
[0.469s] Level 1:colcon.colcon_core.package_identification:_identify(.) by extensions ['colcon_meta']
[0.469s] Level 1:colcon.colcon_core.package_identification:_identify(.) by extension 'colcon_meta'
[0.469s] Level 1:colcon.colcon_core.package_identification:_identify(.) by extensions ['ros']
[0.469s] Level 1:colcon.colcon_core.package_identification:_identify(.) by extension 'ros'
[0.499s] Level 1:colcon.colcon_core.package_identification:_identify(.) by extensions ['cmake', 'python']
[0.499s] Level 1:colcon.colcon_core.package_identification:_identify(.) by extension 'cmake'
[0.499s] Level 1:colcon.colcon_core.package_identification:_identify(.) by extension 'python'
[0.499s] Level 1:colcon.colcon_core.package_identification:_identify(.) by extensions ['python_setup_py']
[0.499s] Level 1:colcon.colcon_core.package_identification:_identify(.) by extension 'python_setup_py'
[0.499s] Level 1:colcon.colcon_core.package_identification:_identify(agv_launch) by extensions ['ignore', 'ignore_ament_install']
[0.499s] Level 1:colcon.colcon_core.package_identification:_identify(agv_launch) by extension 'ignore'
[0.499s] Level 1:colcon.colcon_core.package_identification:_identify(agv_launch) by extension 'ignore_ament_install'
[0.500s] Level 1:colcon.colcon_core.package_identification:_identify(agv_launch) by extensions ['colcon_pkg']
[0.500s] Level 1:colcon.colcon_core.package_identification:_identify(agv_launch) by extension 'colcon_pkg'
[0.500s] Level 1:colcon.colcon_core.package_identification:_identify(agv_launch) by extensions ['colcon_meta']
[0.500s] Level 1:colcon.colcon_core.package_identification:_identify(agv_launch) by extension 'colcon_meta'
[0.500s] Level 1:colcon.colcon_core.package_identification:_identify(agv_launch) by extensions ['ros']
[0.500s] Level 1:colcon.colcon_core.package_identification:_identify(agv_launch) by extension 'ros'
[0.500s] Level 1:colcon.colcon_core.package_identification:_identify(agv_launch) by extensions ['cmake', 'python']
[0.500s] Level 1:colcon.colcon_core.package_identification:_identify(agv_launch) by extension 'cmake'
[0.500s] Level 1:colcon.colcon_core.package_identification:_identify(agv_launch) by extension 'python'
[0.500s] Level 1:colcon.colcon_core.package_identification:_identify(agv_launch) by extensions ['python_setup_py']
[0.500s] Level 1:colcon.colcon_core.package_identification:_identify(agv_launch) by extension 'python_setup_py'
[0.500s] Level 1:colcon.colcon_core.package_identification:_identify(agv_launch/__pycache__) by extensions ['ignore', 'ignore_ament_install']
[0.500s] Level 1:colcon.colcon_core.package_identification:_identify(agv_launch/__pycache__) by extension 'ignore'
[0.500s] Level 1:colcon.colcon_core.package_identification:_identify(agv_launch/__pycache__) by extension 'ignore_ament_install'
[0.500s] Level 1:colcon.colcon_core.package_identification:_identify(agv_launch/__pycache__) by extensions ['colcon_pkg']
[0.501s] Level 1:colcon.colcon_core.package_identification:_identify(agv_launch/__pycache__) by extension 'colcon_pkg'
[0.501s] Level 1:colcon.colcon_core.package_identification:_identify(agv_launch/__pycache__) by extensions ['colcon_meta']
[0.501s] Level 1:colcon.colcon_core.package_identification:_identify(agv_launch/__pycache__) by extension 'colcon_meta'
[0.501s] Level 1:colcon.colcon_core.package_identification:_identify(agv_launch/__pycache__) by extensions ['ros']
[0.501s] Level 1:colcon.colcon_core.package_identification:_identify(agv_launch/__pycache__) by extension 'ros'
[0.501s] Level 1:colcon.colcon_core.package_identification:_identify(agv_launch/__pycache__) by extensions ['cmake', 'python']
[0.501s] Level 1:colcon.colcon_core.package_identification:_identify(agv_launch/__pycache__) by extension 'cmake'
[0.501s] Level 1:colcon.colcon_core.package_identification:_identify(agv_launch/__pycache__) by extension 'python'
[0.501s] Level 1:colcon.colcon_core.package_identification:_identify(agv_launch/__pycache__) by extensions ['python_setup_py']
[0.501s] Level 1:colcon.colcon_core.package_identification:_identify(agv_launch/__pycache__) by extension 'python_setup_py'
[0.501s] Level 1:colcon.colcon_core.package_identification:_identify(build) by extensions ['ignore', 'ignore_ament_install']
[0.501s] Level 1:colcon.colcon_core.package_identification:_identify(build) by extension 'ignore'
[0.501s] Level 1:colcon.colcon_core.package_identification:_identify(build) ignored
[0.501s] Level 1:colcon.colcon_core.package_identification:_identify(install) by extensions ['ignore', 'ignore_ament_install']
[0.502s] Level 1:colcon.colcon_core.package_identification:_identify(install) by extension 'ignore'
[0.502s] Level 1:colcon.colcon_core.package_identification:_identify(install) ignored
[0.502s] Level 1:colcon.colcon_core.package_identification:_identify(log) by extensions ['ignore', 'ignore_ament_install']
[0.502s] Level 1:colcon.colcon_core.package_identification:_identify(log) by extension 'ignore'
[0.502s] Level 1:colcon.colcon_core.package_identification:_identify(log) ignored
[0.502s] Level 1:colcon.colcon_core.package_identification:_identify(src) by extensions ['ignore', 'ignore_ament_install']
[0.502s] Level 1:colcon.colcon_core.package_identification:_identify(src) by extension 'ignore'
[0.502s] Level 1:colcon.colcon_core.package_identification:_identify(src) by extension 'ignore_ament_install'
[0.502s] Level 1:colcon.colcon_core.package_identification:_identify(src) by extensions ['colcon_pkg']
[0.502s] Level 1:colcon.colcon_core.package_identification:_identify(src) by extension 'colcon_pkg'
[0.502s] Level 1:colcon.colcon_core.package_identification:_identify(src) by extensions ['colcon_meta']
[0.503s] Level 1:colcon.colcon_core.package_identification:_identify(src) by extension 'colcon_meta'
[0.503s] Level 1:colcon.colcon_core.package_identification:_identify(src) by extensions ['ros']
[0.503s] Level 1:colcon.colcon_core.package_identification:_identify(src) by extension 'ros'
[0.503s] Level 1:colcon.colcon_core.package_identification:_identify(src) by extensions ['cmake', 'python']
[0.503s] Level 1:colcon.colcon_core.package_identification:_identify(src) by extension 'cmake'
[0.503s] Level 1:colcon.colcon_core.package_identification:_identify(src) by extension 'python'
[0.503s] Level 1:colcon.colcon_core.package_identification:_identify(src) by extensions ['python_setup_py']
[0.503s] Level 1:colcon.colcon_core.package_identification:_identify(src) by extension 'python_setup_py'
[0.503s] Level 1:colcon.colcon_core.package_identification:_identify(src/Lakibeam_ROS2_Driver-main) by extensions ['ignore', 'ignore_ament_install']
[0.503s] Level 1:colcon.colcon_core.package_identification:_identify(src/Lakibeam_ROS2_Driver-main) by extension 'ignore'
[0.503s] Level 1:colcon.colcon_core.package_identification:_identify(src/Lakibeam_ROS2_Driver-main) by extension 'ignore_ament_install'
[0.503s] Level 1:colcon.colcon_core.package_identification:_identify(src/Lakibeam_ROS2_Driver-main) by extensions ['colcon_pkg']
[0.503s] Level 1:colcon.colcon_core.package_identification:_identify(src/Lakibeam_ROS2_Driver-main) by extension 'colcon_pkg'
[0.503s] Level 1:colcon.colcon_core.package_identification:_identify(src/Lakibeam_ROS2_Driver-main) by extensions ['colcon_meta']
[0.503s] Level 1:colcon.colcon_core.package_identification:_identify(src/Lakibeam_ROS2_Driver-main) by extension 'colcon_meta'
[0.504s] Level 1:colcon.colcon_core.package_identification:_identify(src/Lakibeam_ROS2_Driver-main) by extensions ['ros']
[0.504s] Level 1:colcon.colcon_core.package_identification:_identify(src/Lakibeam_ROS2_Driver-main) by extension 'ros'
[0.508s] DEBUG:colcon.colcon_core.package_identification:Package 'src/Lakibeam_ROS2_Driver-main' with type 'ros.ament_cmake' and name 'lakibeam1'
[0.508s] Level 1:colcon.colcon_core.package_identification:_identify(src/forklift) by extensions ['ignore', 'ignore_ament_install']
[0.508s] Level 1:colcon.colcon_core.package_identification:_identify(src/forklift) by extension 'ignore'
[0.508s] Level 1:colcon.colcon_core.package_identification:_identify(src/forklift) by extension 'ignore_ament_install'
[0.508s] Level 1:colcon.colcon_core.package_identification:_identify(src/forklift) by extensions ['colcon_pkg']
[0.508s] Level 1:colcon.colcon_core.package_identification:_identify(src/forklift) by extension 'colcon_pkg'
[0.508s] Level 1:colcon.colcon_core.package_identification:_identify(src/forklift) by extensions ['colcon_meta']
[0.508s] Level 1:colcon.colcon_core.package_identification:_identify(src/forklift) by extension 'colcon_meta'
[0.508s] Level 1:colcon.colcon_core.package_identification:_identify(src/forklift) by extensions ['ros']
[0.508s] Level 1:colcon.colcon_core.package_identification:_identify(src/forklift) by extension 'ros'
[0.509s] DEBUG:colcon.colcon_core.package_identification:Package 'src/forklift' with type 'ros.ament_python' and name 'forklift'
[0.509s] Level 1:colcon.colcon_core.package_identification:_identify(src/joystick_drivers) by extensions ['ignore', 'ignore_ament_install']
[0.510s] Level 1:colcon.colcon_core.package_identification:_identify(src/joystick_drivers) by extension 'ignore'
[0.510s] Level 1:colcon.colcon_core.package_identification:_identify(src/joystick_drivers) by extension 'ignore_ament_install'
[0.510s] Level 1:colcon.colcon_core.package_identification:_identify(src/joystick_drivers) by extensions ['colcon_pkg']
[0.510s] Level 1:colcon.colcon_core.package_identification:_identify(src/joystick_drivers) by extension 'colcon_pkg'
[0.510s] Level 1:colcon.colcon_core.package_identification:_identify(src/joystick_drivers) by extensions ['colcon_meta']
[0.510s] Level 1:colcon.colcon_core.package_identification:_identify(src/joystick_drivers) by extension 'colcon_meta'
[0.510s] Level 1:colcon.colcon_core.package_identification:_identify(src/joystick_drivers) by extensions ['ros']
[0.510s] Level 1:colcon.colcon_core.package_identification:_identify(src/joystick_drivers) by extension 'ros'
[0.510s] Level 1:colcon.colcon_core.package_identification:_identify(src/joystick_drivers) by extensions ['cmake', 'python']
[0.510s] Level 1:colcon.colcon_core.package_identification:_identify(src/joystick_drivers) by extension 'cmake'
[0.510s] Level 1:colcon.colcon_core.package_identification:_identify(src/joystick_drivers) by extension 'python'
[0.510s] Level 1:colcon.colcon_core.package_identification:_identify(src/joystick_drivers) by extensions ['python_setup_py']
[0.510s] Level 1:colcon.colcon_core.package_identification:_identify(src/joystick_drivers) by extension 'python_setup_py'
[0.510s] Level 1:colcon.colcon_core.package_identification:_identify(src/joystick_ros2) by extensions ['ignore', 'ignore_ament_install']
[0.511s] Level 1:colcon.colcon_core.package_identification:_identify(src/joystick_ros2) by extension 'ignore'
[0.511s] Level 1:colcon.colcon_core.package_identification:_identify(src/joystick_ros2) by extension 'ignore_ament_install'
[0.511s] Level 1:colcon.colcon_core.package_identification:_identify(src/joystick_ros2) by extensions ['colcon_pkg']
[0.511s] Level 1:colcon.colcon_core.package_identification:_identify(src/joystick_ros2) by extension 'colcon_pkg'
[0.511s] Level 1:colcon.colcon_core.package_identification:_identify(src/joystick_ros2) by extensions ['colcon_meta']
[0.511s] Level 1:colcon.colcon_core.package_identification:_identify(src/joystick_ros2) by extension 'colcon_meta'
[0.511s] Level 1:colcon.colcon_core.package_identification:_identify(src/joystick_ros2) by extensions ['ros']
[0.511s] Level 1:colcon.colcon_core.package_identification:_identify(src/joystick_ros2) by extension 'ros'
[0.511s] Level 1:colcon.colcon_core.package_identification:_identify(src/joystick_ros2) by extensions ['cmake', 'python']
[0.511s] Level 1:colcon.colcon_core.package_identification:_identify(src/joystick_ros2) by extension 'cmake'
[0.511s] Level 1:colcon.colcon_core.package_identification:_identify(src/joystick_ros2) by extension 'python'
[0.511s] Level 1:colcon.colcon_core.package_identification:_identify(src/joystick_ros2) by extensions ['python_setup_py']
[0.511s] Level 1:colcon.colcon_core.package_identification:_identify(src/joystick_ros2) by extension 'python_setup_py'
[0.511s] Level 1:colcon.colcon_core.package_identification:_identify(src/js2fork) by extensions ['ignore', 'ignore_ament_install']
[0.511s] Level 1:colcon.colcon_core.package_identification:_identify(src/js2fork) by extension 'ignore'
[0.512s] Level 1:colcon.colcon_core.package_identification:_identify(src/js2fork) by extension 'ignore_ament_install'
[0.512s] Level 1:colcon.colcon_core.package_identification:_identify(src/js2fork) by extensions ['colcon_pkg']
[0.512s] Level 1:colcon.colcon_core.package_identification:_identify(src/js2fork) by extension 'colcon_pkg'
[0.512s] Level 1:colcon.colcon_core.package_identification:_identify(src/js2fork) by extensions ['colcon_meta']
[0.512s] Level 1:colcon.colcon_core.package_identification:_identify(src/js2fork) by extension 'colcon_meta'
[0.512s] Level 1:colcon.colcon_core.package_identification:_identify(src/js2fork) by extensions ['ros']
[0.512s] Level 1:colcon.colcon_core.package_identification:_identify(src/js2fork) by extension 'ros'
[0.513s] DEBUG:colcon.colcon_core.package_identification:Package 'src/js2fork' with type 'ros.ament_python' and name 'js2fork'
[0.513s] Level 1:colcon.colcon_core.package_identification:_identify(src/tf_publisher) by extensions ['ignore', 'ignore_ament_install']
[0.513s] Level 1:colcon.colcon_core.package_identification:_identify(src/tf_publisher) by extension 'ignore'
[0.513s] Level 1:colcon.colcon_core.package_identification:_identify(src/tf_publisher) by extension 'ignore_ament_install'
[0.514s] Level 1:colcon.colcon_core.package_identification:_identify(src/tf_publisher) by extensions ['colcon_pkg']
[0.514s] Level 1:colcon.colcon_core.package_identification:_identify(src/tf_publisher) by extension 'colcon_pkg'
[0.514s] Level 1:colcon.colcon_core.package_identification:_identify(src/tf_publisher) by extensions ['colcon_meta']
[0.514s] Level 1:colcon.colcon_core.package_identification:_identify(src/tf_publisher) by extension 'colcon_meta'
[0.514s] Level 1:colcon.colcon_core.package_identification:_identify(src/tf_publisher) by extensions ['ros']
[0.514s] Level 1:colcon.colcon_core.package_identification:_identify(src/tf_publisher) by extension 'ros'
[0.515s] DEBUG:colcon.colcon_core.package_identification:Package 'src/tf_publisher' with type 'ros.ament_python' and name 'tf_publisher'
[0.515s] Level 1:colcon.colcon_core.package_discovery:discover_packages(recursive) using defaults
[0.515s] Level 1:colcon.colcon_core.package_discovery:discover_packages(ignore) discover
[0.515s] Level 1:colcon.colcon_core.package_discovery:discover_packages(ignore) using defaults
[0.515s] Level 1:colcon.colcon_core.package_discovery:discover_packages(path) discover
[0.515s] Level 1:colcon.colcon_core.package_discovery:discover_packages(path) using defaults
[0.549s] Level 1:colcon.colcon_core.package_discovery:discover_packages(prefix_path) check parameters
[0.549s] Level 1:colcon.colcon_core.package_discovery:discover_packages(prefix_path) discover
[0.558s] DEBUG:colcon.colcon_installed_package_information.package_discovery:Found 11 installed packages in /home/gavin/AGV_Control/install
[0.563s] DEBUG:colcon.colcon_installed_package_information.package_discovery:Found 132 installed packages in /home/gavin/install
[0.566s] DEBUG:colcon.colcon_installed_package_information.package_discovery:Found 4 installed packages in /home/gavin/minimec/install
[0.567s] DEBUG:colcon.colcon_installed_package_information.package_discovery:Found 4 installed packages in /home/gavin/minimec/src/install
[0.570s] DEBUG:colcon.colcon_installed_package_information.package_discovery:Found 394 installed packages in /opt/ros/humble
[0.577s] Level 1:colcon.colcon_core.package_discovery:discover_packages(prefix_path) using defaults
[0.656s] Level 5:colcon.colcon_core.verb:set package 'forklift' build argument 'cmake_args' from command line to 'None'
[0.656s] Level 5:colcon.colcon_core.verb:set package 'forklift' build argument 'cmake_target' from command line to 'None'
[0.656s] Level 5:colcon.colcon_core.verb:set package 'forklift' build argument 'cmake_target_skip_unavailable' from command line to 'False'
[0.656s] Level 5:colcon.colcon_core.verb:set package 'forklift' build argument 'cmake_clean_cache' from command line to 'False'
[0.656s] Level 5:colcon.colcon_core.verb:set package 'forklift' build argument 'cmake_clean_first' from command line to 'False'
[0.656s] Level 5:colcon.colcon_core.verb:set package 'forklift' build argument 'cmake_force_configure' from command line to 'False'
[0.656s] Level 5:colcon.colcon_core.verb:set package 'forklift' build argument 'ament_cmake_args' from command line to 'None'
[0.656s] Level 5:colcon.colcon_core.verb:set package 'forklift' build argument 'catkin_cmake_args' from command line to 'None'
[0.656s] Level 5:colcon.colcon_core.verb:set package 'forklift' build argument 'catkin_skip_building_tests' from command line to 'False'
[0.656s] DEBUG:colcon.colcon_core.verb:Building package 'forklift' with the following arguments: {'ament_cmake_args': None, 'build_base': '/home/gavin/AGV_Control/build/forklift', 'catkin_cmake_args': None, 'catkin_skip_building_tests': False, 'cmake_args': None, 'cmake_clean_cache': False, 'cmake_clean_first': False, 'cmake_force_configure': False, 'cmake_target': None, 'cmake_target_skip_unavailable': False, 'install_base': '/home/gavin/AGV_Control/install/forklift', 'merge_install': False, 'path': '/home/gavin/AGV_Control/src/forklift', 'symlink_install': False, 'test_result_base': None}
[0.657s] Level 5:colcon.colcon_core.verb:set package 'js2fork' build argument 'cmake_args' from command line to 'None'
[0.657s] Level 5:colcon.colcon_core.verb:set package 'js2fork' build argument 'cmake_target' from command line to 'None'
[0.657s] Level 5:colcon.colcon_core.verb:set package 'js2fork' build argument 'cmake_target_skip_unavailable' from command line to 'False'
[0.657s] Level 5:colcon.colcon_core.verb:set package 'js2fork' build argument 'cmake_clean_cache' from command line to 'False'
[0.657s] Level 5:colcon.colcon_core.verb:set package 'js2fork' build argument 'cmake_clean_first' from command line to 'False'
[0.657s] Level 5:colcon.colcon_core.verb:set package 'js2fork' build argument 'cmake_force_configure' from command line to 'False'
[0.657s] Level 5:colcon.colcon_core.verb:set package 'js2fork' build argument 'ament_cmake_args' from command line to 'None'
[0.657s] Level 5:colcon.colcon_core.verb:set package 'js2fork' build argument 'catkin_cmake_args' from command line to 'None'
[0.657s] Level 5:colcon.colcon_core.verb:set package 'js2fork' build argument 'catkin_skip_building_tests' from command line to 'False'
[0.657s] DEBUG:colcon.colcon_core.verb:Building package 'js2fork' with the following arguments: {'ament_cmake_args': None, 'build_base': '/home/gavin/AGV_Control/build/js2fork', 'catkin_cmake_args': None, 'catkin_skip_building_tests': False, 'cmake_args': None, 'cmake_clean_cache': False, 'cmake_clean_first': False, 'cmake_force_configure': False, 'cmake_target': None, 'cmake_target_skip_unavailable': False, 'install_base': '/home/gavin/AGV_Control/install/js2fork', 'merge_install': False, 'path': '/home/gavin/AGV_Control/src/js2fork', 'symlink_install': False, 'test_result_base': None}
[0.658s] Level 5:colcon.colcon_core.verb:set package 'lakibeam1' build argument 'cmake_args' from command line to 'None'
[0.658s] Level 5:colcon.colcon_core.verb:set package 'lakibeam1' build argument 'cmake_target' from command line to 'None'
[0.658s] Level 5:colcon.colcon_core.verb:set package 'lakibeam1' build argument 'cmake_target_skip_unavailable' from command line to 'False'
[0.658s] Level 5:colcon.colcon_core.verb:set package 'lakibeam1' build argument 'cmake_clean_cache' from command line to 'False'
[0.658s] Level 5:colcon.colcon_core.verb:set package 'lakibeam1' build argument 'cmake_clean_first' from command line to 'False'
[0.658s] Level 5:colcon.colcon_core.verb:set package 'lakibeam1' build argument 'cmake_force_configure' from command line to 'False'
[0.658s] Level 5:colcon.colcon_core.verb:set package 'lakibeam1' build argument 'ament_cmake_args' from command line to 'None'
[0.658s] Level 5:colcon.colcon_core.verb:set package 'lakibeam1' build argument 'catkin_cmake_args' from command line to 'None'
[0.658s] Level 5:colcon.colcon_core.verb:set package 'lakibeam1' build argument 'catkin_skip_building_tests' from command line to 'False'
[0.658s] DEBUG:colcon.colcon_core.verb:Building package 'lakibeam1' with the following arguments: {'ament_cmake_args': None, 'build_base': '/home/gavin/AGV_Control/build/lakibeam1', 'catkin_cmake_args': None, 'catkin_skip_building_tests': False, 'cmake_args': None, 'cmake_clean_cache': False, 'cmake_clean_first': False, 'cmake_force_configure': False, 'cmake_target': None, 'cmake_target_skip_unavailable': False, 'install_base': '/home/gavin/AGV_Control/install/lakibeam1', 'merge_install': False, 'path': '/home/gavin/AGV_Control/src/Lakibeam_ROS2_Driver-main', 'symlink_install': False, 'test_result_base': None}
[0.659s] Level 5:colcon.colcon_core.verb:set package 'tf_publisher' build argument 'cmake_args' from command line to 'None'
[0.659s] Level 5:colcon.colcon_core.verb:set package 'tf_publisher' build argument 'cmake_target' from command line to 'None'
[0.659s] Level 5:colcon.colcon_core.verb:set package 'tf_publisher' build argument 'cmake_target_skip_unavailable' from command line to 'False'
[0.659s] Level 5:colcon.colcon_core.verb:set package 'tf_publisher' build argument 'cmake_clean_cache' from command line to 'False'
[0.659s] Level 5:colcon.colcon_core.verb:set package 'tf_publisher' build argument 'cmake_clean_first' from command line to 'False'
[0.659s] Level 5:colcon.colcon_core.verb:set package 'tf_publisher' build argument 'cmake_force_configure' from command line to 'False'
[0.659s] Level 5:colcon.colcon_core.verb:set package 'tf_publisher' build argument 'ament_cmake_args' from command line to 'None'
[0.659s] Level 5:colcon.colcon_core.verb:set package 'tf_publisher' build argument 'catkin_cmake_args' from command line to 'None'
[0.659s] Level 5:colcon.colcon_core.verb:set package 'tf_publisher' build argument 'catkin_skip_building_tests' from command line to 'False'
[0.659s] DEBUG:colcon.colcon_core.verb:Building package 'tf_publisher' with the following arguments: {'ament_cmake_args': None, 'build_base': '/home/gavin/AGV_Control/build/tf_publisher', 'catkin_cmake_args': None, 'catkin_skip_building_tests': False, 'cmake_args': None, 'cmake_clean_cache': False, 'cmake_clean_first': False, 'cmake_force_configure': False, 'cmake_target': None, 'cmake_target_skip_unavailable': False, 'install_base': '/home/gavin/AGV_Control/install/tf_publisher', 'merge_install': False, 'path': '/home/gavin/AGV_Control/src/tf_publisher', 'symlink_install': False, 'test_result_base': None}
[0.659s] INFO:colcon.colcon_core.executor:Executing jobs using 'parallel' executor
[0.660s] DEBUG:colcon.colcon_parallel_executor.executor.parallel:run_until_complete
[0.661s] INFO:colcon.colcon_ros.task.ament_python.build:Building ROS package in '/home/gavin/AGV_Control/src/forklift' with build type 'ament_python'
[0.661s] Level 1:colcon.colcon_core.shell:create_environment_hook('forklift', 'ament_prefix_path')
[0.665s] INFO:colcon.colcon_core.plugin_system:Skipping extension 'colcon_core.shell.bat': Not used on non-Windows systems
[0.666s] INFO:colcon.colcon_core.shell:Creating environment hook '/home/gavin/AGV_Control/install/forklift/share/forklift/hook/ament_prefix_path.ps1'
[0.667s] INFO:colcon.colcon_core.shell:Creating environment descriptor '/home/gavin/AGV_Control/install/forklift/share/forklift/hook/ament_prefix_path.dsv'
[0.667s] INFO:colcon.colcon_core.shell:Creating environment hook '/home/gavin/AGV_Control/install/forklift/share/forklift/hook/ament_prefix_path.sh'
[0.668s] INFO:colcon.colcon_core.shell:Skip shell extension 'powershell' for command environment: Not usable outside of PowerShell
[0.669s] DEBUG:colcon.colcon_core.shell:Skip shell extension 'dsv' for command environment
[0.688s] INFO:colcon.colcon_ros.task.ament_python.build:Building ROS package in '/home/gavin/AGV_Control/src/js2fork' with build type 'ament_python'
[0.688s] Level 1:colcon.colcon_core.shell:create_environment_hook('js2fork', 'ament_prefix_path')
[0.688s] INFO:colcon.colcon_core.shell:Creating environment hook '/home/gavin/AGV_Control/install/js2fork/share/js2fork/hook/ament_prefix_path.ps1'
[0.690s] INFO:colcon.colcon_core.shell:Creating environment descriptor '/home/gavin/AGV_Control/install/js2fork/share/js2fork/hook/ament_prefix_path.dsv'
[0.690s] INFO:colcon.colcon_core.shell:Creating environment hook '/home/gavin/AGV_Control/install/js2fork/share/js2fork/hook/ament_prefix_path.sh'
[0.691s] INFO:colcon.colcon_core.shell:Skip shell extension 'powershell' for command environment: Not usable outside of PowerShell
[0.691s] DEBUG:colcon.colcon_core.shell:Skip shell extension 'dsv' for command environment
[0.711s] INFO:colcon.colcon_ros.task.ament_cmake.build:Building ROS package in '/home/gavin/AGV_Control/src/Lakibeam_ROS2_Driver-main' with build type 'ament_cmake'
[0.711s] INFO:colcon.colcon_cmake.task.cmake.build:Building CMake package in '/home/gavin/AGV_Control/src/Lakibeam_ROS2_Driver-main'
[0.711s] INFO:colcon.colcon_core.shell:Skip shell extension 'powershell' for command environment: Not usable outside of PowerShell
[0.711s] DEBUG:colcon.colcon_core.shell:Skip shell extension 'dsv' for command environment
[0.732s] INFO:colcon.colcon_ros.task.ament_python.build:Building ROS package in '/home/gavin/AGV_Control/src/tf_publisher' with build type 'ament_python'
[0.732s] Level 1:colcon.colcon_core.shell:create_environment_hook('tf_publisher', 'ament_prefix_path')
[0.733s] INFO:colcon.colcon_core.shell:Creating environment hook '/home/gavin/AGV_Control/install/tf_publisher/share/tf_publisher/hook/ament_prefix_path.ps1'
[0.733s] INFO:colcon.colcon_core.shell:Creating environment descriptor '/home/gavin/AGV_Control/install/tf_publisher/share/tf_publisher/hook/ament_prefix_path.dsv'
[0.734s] INFO:colcon.colcon_core.shell:Creating environment hook '/home/gavin/AGV_Control/install/tf_publisher/share/tf_publisher/hook/ament_prefix_path.sh'
[0.735s] INFO:colcon.colcon_core.shell:Skip shell extension 'powershell' for command environment: Not usable outside of PowerShell
[0.735s] DEBUG:colcon.colcon_core.shell:Skip shell extension 'dsv' for command environment
[1.242s] INFO:colcon.colcon_core.task.python.build:Building Python package in '/home/gavin/AGV_Control/src/forklift'
[1.242s] INFO:colcon.colcon_core.shell:Skip shell extension 'powershell' for command environment: Not usable outside of PowerShell
[1.242s] DEBUG:colcon.colcon_core.shell:Skip shell extension 'dsv' for command environment
[1.742s] INFO:colcon.colcon_core.task.python.build:Building Python package in '/home/gavin/AGV_Control/src/js2fork'
[1.743s] INFO:colcon.colcon_core.shell:Skip shell extension 'powershell' for command environment: Not usable outside of PowerShell
[1.743s] DEBUG:colcon.colcon_core.shell:Skip shell extension 'dsv' for command environment
[1.797s] DEBUG:colcon.colcon_core.event_handler.log_command:Invoking command in '/home/gavin/AGV_Control/build/lakibeam1': CMAKE_PREFIX_PATH=${CMAKE_PREFIX_PATH}:/home/gavin/AGV_Control/install/tf_publisher:/home/gavin/AGV_Control/install/js2fork:/home/gavin/AGV_Control/install/joystick_ros2:/home/gavin/AGV_Control/install/forklift:/home/gavin/minimec/install/wheeltec_control:/home/gavin/minimec/install/mini_mec_localization:/home/gavin/minimec/src/install/wheeltec_control:/home/gavin/minimec/src/install/mini_mec_localization:/home/gavin/install/ament_uncrustify:/home/gavin/install/tracetools_trace:/home/gavin/install/tracetools_read:/home/gavin/install/rpyutils:/home/gavin/install/rosidl_cli:/home/gavin/install/launch_pytest:/home/gavin/install/launch_testing:/home/gavin/install/launch_yaml:/home/gavin/install/launch_xml:/home/gavin/install/launch:/home/gavin/install/osrf_pycommon:/home/gavin/install/domain_coordinator:/home/gavin/install/ament_xmllint:/home/gavin/install/ament_pyflakes:/home/gavin/install/ament_pycodestyle:/home/gavin/install/ament_pep257:/home/gavin/install/ament_pclint:/home/gavin/install/ament_package:/home/gavin/install/ament_mypy:/home/gavin/install/ament_lint_cmake:/home/gavin/install/ament_flake8:/home/gavin/install/ament_copyright:/home/gavin/install/ament_lint:/home/gavin/install/ament_index_python:/home/gavin/install/ament_cpplint:/home/gavin/install/ament_cppcheck:/home/gavin/install/ament_clang_tidy:/home/gavin/install/ament_clang_format:/opt/ros/humble /usr/bin/cmake --build /home/gavin/AGV_Control/build/lakibeam1 -- -j8 -l8
[2.276s] WARNING:colcon.colcon_ros.task.ament_python.build:Package 'tf_publisher' doesn't explicitly install a marker in the package index (colcon-ros currently does it implicitly but that fallback will be removed in the future)
[2.276s] INFO:colcon.colcon_core.task.python.build:Building Python package in '/home/gavin/AGV_Control/src/tf_publisher'
[2.277s] INFO:colcon.colcon_core.shell:Skip shell extension 'powershell' for command environment: Not usable outside of PowerShell
[2.277s] DEBUG:colcon.colcon_core.shell:Skip shell extension 'dsv' for command environment
[2.335s] DEBUG:colcon.colcon_core.event_handler.log_command:Invoked command in '/home/gavin/AGV_Control/build/lakibeam1' returned '0': CMAKE_PREFIX_PATH=${CMAKE_PREFIX_PATH}:/home/gavin/AGV_Control/install/tf_publisher:/home/gavin/AGV_Control/install/js2fork:/home/gavin/AGV_Control/install/joystick_ros2:/home/gavin/AGV_Control/install/forklift:/home/gavin/minimec/install/wheeltec_control:/home/gavin/minimec/install/mini_mec_localization:/home/gavin/minimec/src/install/wheeltec_control:/home/gavin/minimec/src/install/mini_mec_localization:/home/gavin/install/ament_uncrustify:/home/gavin/install/tracetools_trace:/home/gavin/install/tracetools_read:/home/gavin/install/rpyutils:/home/gavin/install/rosidl_cli:/home/gavin/install/launch_pytest:/home/gavin/install/launch_testing:/home/gavin/install/launch_yaml:/home/gavin/install/launch_xml:/home/gavin/install/launch:/home/gavin/install/osrf_pycommon:/home/gavin/install/domain_coordinator:/home/gavin/install/ament_xmllint:/home/gavin/install/ament_pyflakes:/home/gavin/install/ament_pycodestyle:/home/gavin/install/ament_pep257:/home/gavin/install/ament_pclint:/home/gavin/install/ament_package:/home/gavin/install/ament_mypy:/home/gavin/install/ament_lint_cmake:/home/gavin/install/ament_flake8:/home/gavin/install/ament_copyright:/home/gavin/install/ament_lint:/home/gavin/install/ament_index_python:/home/gavin/install/ament_cpplint:/home/gavin/install/ament_cppcheck:/home/gavin/install/ament_clang_tidy:/home/gavin/install/ament_clang_format:/opt/ros/humble /usr/bin/cmake --build /home/gavin/AGV_Control/build/lakibeam1 -- -j8 -l8
[2.428s] DEBUG:colcon.colcon_core.event_handler.log_command:Invoking command in '/home/gavin/AGV_Control/build/lakibeam1': CMAKE_PREFIX_PATH=${CMAKE_PREFIX_PATH}:/home/gavin/AGV_Control/install/tf_publisher:/home/gavin/AGV_Control/install/js2fork:/home/gavin/AGV_Control/install/joystick_ros2:/home/gavin/AGV_Control/install/forklift:/home/gavin/minimec/install/wheeltec_control:/home/gavin/minimec/install/mini_mec_localization:/home/gavin/minimec/src/install/wheeltec_control:/home/gavin/minimec/src/install/mini_mec_localization:/home/gavin/install/ament_uncrustify:/home/gavin/install/tracetools_trace:/home/gavin/install/tracetools_read:/home/gavin/install/rpyutils:/home/gavin/install/rosidl_cli:/home/gavin/install/launch_pytest:/home/gavin/install/launch_testing:/home/gavin/install/launch_yaml:/home/gavin/install/launch_xml:/home/gavin/install/launch:/home/gavin/install/osrf_pycommon:/home/gavin/install/domain_coordinator:/home/gavin/install/ament_xmllint:/home/gavin/install/ament_pyflakes:/home/gavin/install/ament_pycodestyle:/home/gavin/install/ament_pep257:/home/gavin/install/ament_pclint:/home/gavin/install/ament_package:/home/gavin/install/ament_mypy:/home/gavin/install/ament_lint_cmake:/home/gavin/install/ament_flake8:/home/gavin/install/ament_copyright:/home/gavin/install/ament_lint:/home/gavin/install/ament_index_python:/home/gavin/install/ament_cpplint:/home/gavin/install/ament_cppcheck:/home/gavin/install/ament_clang_tidy:/home/gavin/install/ament_clang_format:/opt/ros/humble /usr/bin/cmake --install /home/gavin/AGV_Control/build/lakibeam1
[2.452s] Level 1:colcon.colcon_core.environment:create_environment_scripts_only(lakibeam1)
[2.454s] DEBUG:colcon.colcon_core.event_handler.log_command:Invoked command in '/home/gavin/AGV_Control/build/lakibeam1' returned '0': CMAKE_PREFIX_PATH=${CMAKE_PREFIX_PATH}:/home/gavin/AGV_Control/install/tf_publisher:/home/gavin/AGV_Control/install/js2fork:/home/gavin/AGV_Control/install/joystick_ros2:/home/gavin/AGV_Control/install/forklift:/home/gavin/minimec/install/wheeltec_control:/home/gavin/minimec/install/mini_mec_localization:/home/gavin/minimec/src/install/wheeltec_control:/home/gavin/minimec/src/install/mini_mec_localization:/home/gavin/install/ament_uncrustify:/home/gavin/install/tracetools_trace:/home/gavin/install/tracetools_read:/home/gavin/install/rpyutils:/home/gavin/install/rosidl_cli:/home/gavin/install/launch_pytest:/home/gavin/install/launch_testing:/home/gavin/install/launch_yaml:/home/gavin/install/launch_xml:/home/gavin/install/launch:/home/gavin/install/osrf_pycommon:/home/gavin/install/domain_coordinator:/home/gavin/install/ament_xmllint:/home/gavin/install/ament_pyflakes:/home/gavin/install/ament_pycodestyle:/home/gavin/install/ament_pep257:/home/gavin/install/ament_pclint:/home/gavin/install/ament_package:/home/gavin/install/ament_mypy:/home/gavin/install/ament_lint_cmake:/home/gavin/install/ament_flake8:/home/gavin/install/ament_copyright:/home/gavin/install/ament_lint:/home/gavin/install/ament_index_python:/home/gavin/install/ament_cpplint:/home/gavin/install/ament_cppcheck:/home/gavin/install/ament_clang_tidy:/home/gavin/install/ament_clang_format:/opt/ros/humble /usr/bin/cmake --install /home/gavin/AGV_Control/build/lakibeam1
[2.458s] Level 1:colcon.colcon_core.environment:checking '/home/gavin/AGV_Control/install/lakibeam1' for CMake module files
[2.459s] Level 1:colcon.colcon_core.environment:checking '/home/gavin/AGV_Control/install/lakibeam1' for CMake config files
[2.459s] Level 1:colcon.colcon_core.shell:create_environment_hook('lakibeam1', 'cmake_prefix_path')
[2.459s] INFO:colcon.colcon_core.shell:Creating environment hook '/home/gavin/AGV_Control/install/lakibeam1/share/lakibeam1/hook/cmake_prefix_path.ps1'
[2.460s] INFO:colcon.colcon_core.shell:Creating environment descriptor '/home/gavin/AGV_Control/install/lakibeam1/share/lakibeam1/hook/cmake_prefix_path.dsv'
[2.461s] INFO:colcon.colcon_core.shell:Creating environment hook '/home/gavin/AGV_Control/install/lakibeam1/share/lakibeam1/hook/cmake_prefix_path.sh'
[2.462s] Level 1:colcon.colcon_core.environment:checking '/home/gavin/AGV_Control/install/lakibeam1/lib'
[2.462s] Level 1:colcon.colcon_core.environment:checking '/home/gavin/AGV_Control/install/lakibeam1/bin'
[2.462s] Level 1:colcon.colcon_core.environment:checking '/home/gavin/AGV_Control/install/lakibeam1/lib/pkgconfig/lakibeam1.pc'
[2.463s] Level 1:colcon.colcon_core.environment:checking '/home/gavin/AGV_Control/install/lakibeam1/lib/python3.10/site-packages'
[2.463s] Level 1:colcon.colcon_core.environment:checking '/home/gavin/AGV_Control/install/lakibeam1/bin'
[2.464s] INFO:colcon.colcon_core.shell:Creating package script '/home/gavin/AGV_Control/install/lakibeam1/share/lakibeam1/package.ps1'
[2.465s] INFO:colcon.colcon_core.shell:Creating package descriptor '/home/gavin/AGV_Control/install/lakibeam1/share/lakibeam1/package.dsv'
[2.467s] INFO:colcon.colcon_core.shell:Creating package script '/home/gavin/AGV_Control/install/lakibeam1/share/lakibeam1/package.sh'
[2.468s] INFO:colcon.colcon_core.shell:Creating package script '/home/gavin/AGV_Control/install/lakibeam1/share/lakibeam1/package.bash'
[2.470s] INFO:colcon.colcon_core.shell:Creating package script '/home/gavin/AGV_Control/install/lakibeam1/share/lakibeam1/package.zsh'
[2.471s] Level 1:colcon.colcon_core.environment:create_file_with_runtime_dependencies(/home/gavin/AGV_Control/install/lakibeam1/share/colcon-core/packages/lakibeam1)
[2.553s] Level 1:colcon.colcon_core.environment:create_environment_scripts_only(lakibeam1)
[2.553s] Level 1:colcon.colcon_core.environment:checking '/home/gavin/AGV_Control/install/lakibeam1' for CMake module files
[2.554s] Level 1:colcon.colcon_core.environment:checking '/home/gavin/AGV_Control/install/lakibeam1' for CMake config files
[2.554s] Level 1:colcon.colcon_core.shell:create_environment_hook('lakibeam1', 'cmake_prefix_path')
[2.555s] INFO:colcon.colcon_core.shell:Creating environment hook '/home/gavin/AGV_Control/install/lakibeam1/share/lakibeam1/hook/cmake_prefix_path.ps1'
[2.556s] INFO:colcon.colcon_core.shell:Creating environment descriptor '/home/gavin/AGV_Control/install/lakibeam1/share/lakibeam1/hook/cmake_prefix_path.dsv'
[2.557s] INFO:colcon.colcon_core.shell:Creating environment hook '/home/gavin/AGV_Control/install/lakibeam1/share/lakibeam1/hook/cmake_prefix_path.sh'
[2.558s] Level 1:colcon.colcon_core.environment:checking '/home/gavin/AGV_Control/install/lakibeam1/lib'
[2.558s] Level 1:colcon.colcon_core.environment:checking '/home/gavin/AGV_Control/install/lakibeam1/bin'
[2.558s] Level 1:colcon.colcon_core.environment:checking '/home/gavin/AGV_Control/install/lakibeam1/lib/pkgconfig/lakibeam1.pc'
[2.559s] Level 1:colcon.colcon_core.environment:checking '/home/gavin/AGV_Control/install/lakibeam1/lib/python3.10/site-packages'
[2.559s] Level 1:colcon.colcon_core.environment:checking '/home/gavin/AGV_Control/install/lakibeam1/bin'
[2.560s] INFO:colcon.colcon_core.shell:Creating package script '/home/gavin/AGV_Control/install/lakibeam1/share/lakibeam1/package.ps1'
[2.561s] INFO:colcon.colcon_core.shell:Creating package descriptor '/home/gavin/AGV_Control/install/lakibeam1/share/lakibeam1/package.dsv'
[2.562s] INFO:colcon.colcon_core.shell:Creating package script '/home/gavin/AGV_Control/install/lakibeam1/share/lakibeam1/package.sh'
[2.563s] INFO:colcon.colcon_core.shell:Creating package script '/home/gavin/AGV_Control/install/lakibeam1/share/lakibeam1/package.bash'
[2.564s] INFO:colcon.colcon_core.shell:Creating package script '/home/gavin/AGV_Control/install/lakibeam1/share/lakibeam1/package.zsh'
[2.565s] Level 1:colcon.colcon_core.environment:create_file_with_runtime_dependencies(/home/gavin/AGV_Control/install/lakibeam1/share/colcon-core/packages/lakibeam1)
[3.028s] DEBUG:colcon.colcon_core.event_handler.log_command:Invoking command in '/home/gavin/AGV_Control/src/forklift': PYTHONPATH=/home/gavin/AGV_Control/build/forklift/prefix_override:/usr/lib/python3/dist-packages/colcon_core/task/python/colcon_distutils_commands:/home/gavin/AGV_Control/install/forklift/lib/python3.10/site-packages:${PYTHONPATH} /usr/bin/python3 -W ignore:setup.py install is deprecated -W ignore:easy_install command is deprecated setup.py egg_info --egg-base ../../build/forklift build --build-base /home/gavin/AGV_Control/build/forklift/build install --record /home/gavin/AGV_Control/build/forklift/install.log --single-version-externally-managed install_data
[3.029s] DEBUG:colcon.colcon_core.event_handler.log_command:Invoking command in '/home/gavin/AGV_Control/src/tf_publisher': PYTHONPATH=/home/gavin/AGV_Control/build/tf_publisher/prefix_override:/usr/lib/python3/dist-packages/colcon_core/task/python/colcon_distutils_commands:/home/gavin/AGV_Control/install/tf_publisher/lib/python3.10/site-packages:${PYTHONPATH} /usr/bin/python3 -W ignore:setup.py install is deprecated -W ignore:easy_install command is deprecated setup.py egg_info --egg-base ../../build/tf_publisher build --build-base /home/gavin/AGV_Control/build/tf_publisher/build install --record /home/gavin/AGV_Control/build/tf_publisher/install.log --single-version-externally-managed install_data
[3.051s] DEBUG:colcon.colcon_core.event_handler.log_command:Invoking command in '/home/gavin/AGV_Control/src/js2fork': PYTHONPATH=/home/gavin/AGV_Control/build/js2fork/prefix_override:/usr/lib/python3/dist-packages/colcon_core/task/python/colcon_distutils_commands:/home/gavin/AGV_Control/install/js2fork/lib/python3.10/site-packages:${PYTHONPATH} /usr/bin/python3 -W ignore:setup.py install is deprecated -W ignore:easy_install command is deprecated setup.py egg_info --egg-base ../../build/js2fork build --build-base /home/gavin/AGV_Control/build/js2fork/build install --record /home/gavin/AGV_Control/build/js2fork/install.log --single-version-externally-managed install_data
[3.542s] Level 1:colcon.colcon_core.environment:checking '/home/gavin/AGV_Control/install/tf_publisher' for CMake module files
[3.544s] DEBUG:colcon.colcon_core.event_handler.log_command:Invoked command in '/home/gavin/AGV_Control/src/tf_publisher' returned '0': PYTHONPATH=/home/gavin/AGV_Control/build/tf_publisher/prefix_override:/usr/lib/python3/dist-packages/colcon_core/task/python/colcon_distutils_commands:/home/gavin/AGV_Control/install/tf_publisher/lib/python3.10/site-packages:${PYTHONPATH} /usr/bin/python3 -W ignore:setup.py install is deprecated -W ignore:easy_install command is deprecated setup.py egg_info --egg-base ../../build/tf_publisher build --build-base /home/gavin/AGV_Control/build/tf_publisher/build install --record /home/gavin/AGV_Control/build/tf_publisher/install.log --single-version-externally-managed install_data
[3.544s] Level 1:colcon.colcon_core.environment:checking '/home/gavin/AGV_Control/install/tf_publisher' for CMake config files
[3.547s] Level 1:colcon.colcon_core.environment:checking '/home/gavin/AGV_Control/install/tf_publisher/lib'
[3.547s] Level 1:colcon.colcon_core.environment:checking '/home/gavin/AGV_Control/install/tf_publisher/bin'
[3.548s] Level 1:colcon.colcon_core.environment:checking '/home/gavin/AGV_Control/install/tf_publisher/lib/pkgconfig/tf_publisher.pc'
[3.548s] Level 1:colcon.colcon_core.environment:checking '/home/gavin/AGV_Control/install/tf_publisher/lib/python3.10/site-packages'
[3.549s] Level 1:colcon.colcon_core.shell:create_environment_hook('tf_publisher', 'pythonpath')
[3.550s] INFO:colcon.colcon_core.shell:Creating environment hook '/home/gavin/AGV_Control/install/tf_publisher/share/tf_publisher/hook/pythonpath.ps1'
[3.551s] INFO:colcon.colcon_core.shell:Creating environment descriptor '/home/gavin/AGV_Control/install/tf_publisher/share/tf_publisher/hook/pythonpath.dsv'
[3.552s] INFO:colcon.colcon_core.shell:Creating environment hook '/home/gavin/AGV_Control/install/tf_publisher/share/tf_publisher/hook/pythonpath.sh'
[3.553s] Level 1:colcon.colcon_core.environment:checking '/home/gavin/AGV_Control/install/tf_publisher/bin'
[3.553s] Level 1:colcon.colcon_core.environment:create_environment_scripts_only(tf_publisher)
[3.555s] INFO:colcon.colcon_core.shell:Creating package script '/home/gavin/AGV_Control/install/tf_publisher/share/tf_publisher/package.ps1'
[3.556s] INFO:colcon.colcon_core.shell:Creating package descriptor '/home/gavin/AGV_Control/install/tf_publisher/share/tf_publisher/package.dsv'
[3.557s] INFO:colcon.colcon_core.shell:Creating package script '/home/gavin/AGV_Control/install/tf_publisher/share/tf_publisher/package.sh'
[3.559s] INFO:colcon.colcon_core.shell:Creating package script '/home/gavin/AGV_Control/install/tf_publisher/share/tf_publisher/package.bash'
[3.560s] INFO:colcon.colcon_core.shell:Creating package script '/home/gavin/AGV_Control/install/tf_publisher/share/tf_publisher/package.zsh'
[3.561s] Level 1:colcon.colcon_core.environment:create_file_with_runtime_dependencies(/home/gavin/AGV_Control/install/tf_publisher/share/colcon-core/packages/tf_publisher)
[3.563s] Level 1:colcon.colcon_core.environment:checking '/home/gavin/AGV_Control/install/forklift' for CMake module files
[3.565s] Level 1:colcon.colcon_core.environment:checking '/home/gavin/AGV_Control/install/forklift' for CMake config files
[3.566s] DEBUG:colcon.colcon_core.event_handler.log_command:Invoked command in '/home/gavin/AGV_Control/src/forklift' returned '0': PYTHONPATH=/home/gavin/AGV_Control/build/forklift/prefix_override:/usr/lib/python3/dist-packages/colcon_core/task/python/colcon_distutils_commands:/home/gavin/AGV_Control/install/forklift/lib/python3.10/site-packages:${PYTHONPATH} /usr/bin/python3 -W ignore:setup.py install is deprecated -W ignore:easy_install command is deprecated setup.py egg_info --egg-base ../../build/forklift build --build-base /home/gavin/AGV_Control/build/forklift/build install --record /home/gavin/AGV_Control/build/forklift/install.log --single-version-externally-managed install_data
[3.567s] Level 1:colcon.colcon_core.environment:checking '/home/gavin/AGV_Control/install/forklift/lib'
[3.567s] Level 1:colcon.colcon_core.environment:checking '/home/gavin/AGV_Control/install/forklift/bin'
[3.567s] Level 1:colcon.colcon_core.environment:checking '/home/gavin/AGV_Control/install/forklift/lib/pkgconfig/forklift.pc'
[3.568s] Level 1:colcon.colcon_core.environment:checking '/home/gavin/AGV_Control/install/forklift/lib/python3.10/site-packages'
[3.568s] Level 1:colcon.colcon_core.shell:create_environment_hook('forklift', 'pythonpath')
[3.569s] INFO:colcon.colcon_core.shell:Creating environment hook '/home/gavin/AGV_Control/install/forklift/share/forklift/hook/pythonpath.ps1'
[3.570s] INFO:colcon.colcon_core.shell:Creating environment descriptor '/home/gavin/AGV_Control/install/forklift/share/forklift/hook/pythonpath.dsv'
[3.572s] INFO:colcon.colcon_core.shell:Creating environment hook '/home/gavin/AGV_Control/install/forklift/share/forklift/hook/pythonpath.sh'
[3.574s] Level 1:colcon.colcon_core.environment:checking '/home/gavin/AGV_Control/install/forklift/bin'
[3.574s] Level 1:colcon.colcon_core.environment:create_environment_scripts_only(forklift)
[3.575s] INFO:colcon.colcon_core.shell:Creating package script '/home/gavin/AGV_Control/install/forklift/share/forklift/package.ps1'
[3.577s] INFO:colcon.colcon_core.shell:Creating package descriptor '/home/gavin/AGV_Control/install/forklift/share/forklift/package.dsv'
[3.579s] INFO:colcon.colcon_core.shell:Creating package script '/home/gavin/AGV_Control/install/forklift/share/forklift/package.sh'
[3.580s] INFO:colcon.colcon_core.shell:Creating package script '/home/gavin/AGV_Control/install/forklift/share/forklift/package.bash'
[3.581s] INFO:colcon.colcon_core.shell:Creating package script '/home/gavin/AGV_Control/install/forklift/share/forklift/package.zsh'
[3.582s] Level 1:colcon.colcon_core.environment:create_file_with_runtime_dependencies(/home/gavin/AGV_Control/install/forklift/share/colcon-core/packages/forklift)
[3.586s] Level 1:colcon.colcon_core.environment:checking '/home/gavin/AGV_Control/install/js2fork' for CMake module files
[3.588s] DEBUG:colcon.colcon_core.event_handler.log_command:Invoked command in '/home/gavin/AGV_Control/src/js2fork' returned '0': PYTHONPATH=/home/gavin/AGV_Control/build/js2fork/prefix_override:/usr/lib/python3/dist-packages/colcon_core/task/python/colcon_distutils_commands:/home/gavin/AGV_Control/install/js2fork/lib/python3.10/site-packages:${PYTHONPATH} /usr/bin/python3 -W ignore:setup.py install is deprecated -W ignore:easy_install command is deprecated setup.py egg_info --egg-base ../../build/js2fork build --build-base /home/gavin/AGV_Control/build/js2fork/build install --record /home/gavin/AGV_Control/build/js2fork/install.log --single-version-externally-managed install_data
[3.589s] Level 1:colcon.colcon_core.environment:checking '/home/gavin/AGV_Control/install/js2fork' for CMake config files
[3.590s] Level 1:colcon.colcon_core.environment:checking '/home/gavin/AGV_Control/install/js2fork/lib'
[3.590s] Level 1:colcon.colcon_core.environment:checking '/home/gavin/AGV_Control/install/js2fork/bin'
[3.591s] Level 1:colcon.colcon_core.environment:checking '/home/gavin/AGV_Control/install/js2fork/lib/pkgconfig/js2fork.pc'
[3.591s] Level 1:colcon.colcon_core.environment:checking '/home/gavin/AGV_Control/install/js2fork/lib/python3.10/site-packages'
[3.591s] Level 1:colcon.colcon_core.shell:create_environment_hook('js2fork', 'pythonpath')
[3.592s] INFO:colcon.colcon_core.shell:Creating environment hook '/home/gavin/AGV_Control/install/js2fork/share/js2fork/hook/pythonpath.ps1'
[3.593s] INFO:colcon.colcon_core.shell:Creating environment descriptor '/home/gavin/AGV_Control/install/js2fork/share/js2fork/hook/pythonpath.dsv'
[3.594s] INFO:colcon.colcon_core.shell:Creating environment hook '/home/gavin/AGV_Control/install/js2fork/share/js2fork/hook/pythonpath.sh'
[3.595s] Level 1:colcon.colcon_core.environment:checking '/home/gavin/AGV_Control/install/js2fork/bin'
[3.596s] Level 1:colcon.colcon_core.environment:create_environment_scripts_only(js2fork)
[3.596s] INFO:colcon.colcon_core.shell:Creating package script '/home/gavin/AGV_Control/install/js2fork/share/js2fork/package.ps1'
[3.598s] INFO:colcon.colcon_core.shell:Creating package descriptor '/home/gavin/AGV_Control/install/js2fork/share/js2fork/package.dsv'
[3.599s] INFO:colcon.colcon_core.shell:Creating package script '/home/gavin/AGV_Control/install/js2fork/share/js2fork/package.sh'
[3.600s] INFO:colcon.colcon_core.shell:Creating package script '/home/gavin/AGV_Control/install/js2fork/share/js2fork/package.bash'
[3.600s] INFO:colcon.colcon_core.shell:Creating package script '/home/gavin/AGV_Control/install/js2fork/share/js2fork/package.zsh'
[3.601s] Level 1:colcon.colcon_core.environment:create_file_with_runtime_dependencies(/home/gavin/AGV_Control/install/js2fork/share/colcon-core/packages/js2fork)
[3.601s] DEBUG:colcon.colcon_parallel_executor.executor.parallel:closing loop
[3.601s] DEBUG:colcon.colcon_parallel_executor.executor.parallel:loop closed
[3.601s] DEBUG:colcon.colcon_parallel_executor.executor.parallel:run_until_complete finished with '0'
[3.601s] DEBUG:colcon.colcon_core.event_reactor:joining thread
[3.619s] INFO:colcon.colcon_core.plugin_system:Skipping extension 'colcon_notification.desktop_notification.terminal_notifier': Not used on non-Darwin systems
[3.620s] INFO:colcon.colcon_core.plugin_system:Skipping extension 'colcon_notification.desktop_notification.win32': Not used on non-Windows systems
[3.620s] INFO:colcon.colcon_notification.desktop_notification:Sending desktop notification using 'notify2'
[3.639s] DEBUG:colcon.colcon_core.event_reactor:joined thread
[3.639s] INFO:colcon.colcon_core.shell:Creating prefix script '/home/gavin/AGV_Control/install/local_setup.ps1'
[3.642s] INFO:colcon.colcon_core.shell:Creating prefix util module '/home/gavin/AGV_Control/install/_local_setup_util_ps1.py'
[3.643s] INFO:colcon.colcon_core.shell:Creating prefix chain script '/home/gavin/AGV_Control/install/setup.ps1'
[3.651s] INFO:colcon.colcon_core.shell:Creating prefix script '/home/gavin/AGV_Control/install/local_setup.sh'
[3.651s] INFO:colcon.colcon_core.shell:Creating prefix util module '/home/gavin/AGV_Control/install/_local_setup_util_sh.py'
[3.652s] INFO:colcon.colcon_core.shell:Creating prefix chain script '/home/gavin/AGV_Control/install/setup.sh'
[3.659s] INFO:colcon.colcon_core.shell:Creating prefix script '/home/gavin/AGV_Control/install/local_setup.bash'
[3.660s] INFO:colcon.colcon_core.shell:Creating prefix chain script '/home/gavin/AGV_Control/install/setup.bash'
[3.667s] INFO:colcon.colcon_core.shell:Creating prefix script '/home/gavin/AGV_Control/install/local_setup.zsh'
[3.667s] INFO:colcon.colcon_core.shell:Creating prefix chain script '/home/gavin/AGV_Control/install/setup.zsh'
