[1.061s] Invoking command in '/home/asrlab/sample_code_agv/src/forklift': PYTHONPATH=/home/asrlab/sample_code_agv/build/forklift/prefix_override:/usr/lib/python3/dist-packages/colcon_core/task/python/colcon_distutils_commands:/home/asrlab/sample_code_agv/install/forklift/lib/python3.10/site-packages:${PYTHONPATH} /usr/bin/python3 -W ignore:setup.py install is deprecated setup.py egg_info --egg-base ../../build/forklift build --build-base /home/asrlab/sample_code_agv/build/forklift/build install --record /home/asrlab/sample_code_agv/build/forklift/install.log --single-version-externally-managed install_data
[1.278s] running egg_info
[1.279s] writing ../../build/forklift/forklift.egg-info/PKG-INFO
[1.279s] writing dependency_links to ../../build/forklift/forklift.egg-info/dependency_links.txt
[1.279s] writing entry points to ../../build/forklift/forklift.egg-info/entry_points.txt
[1.279s] writing requirements to ../../build/forklift/forklift.egg-info/requires.txt
[1.279s] writing top-level names to ../../build/forklift/forklift.egg-info/top_level.txt
[1.280s] reading manifest file '../../build/forklift/forklift.egg-info/SOURCES.txt'
[1.281s] writing manifest file '../../build/forklift/forklift.egg-info/SOURCES.txt'
[1.281s] running build
[1.281s] running build_py
[1.281s] copying forklift/forklift.py -> /home/asrlab/sample_code_agv/build/forklift/build/lib/forklift
[1.281s] running install
[1.281s] running install_lib
[1.282s] copying /home/asrlab/sample_code_agv/build/forklift/build/lib/forklift/forklift.py -> /home/asrlab/sample_code_agv/install/forklift/lib/python3.10/site-packages/forklift
[1.282s] byte-compiling /home/asrlab/sample_code_agv/install/forklift/lib/python3.10/site-packages/forklift/forklift.py to forklift.cpython-310.pyc
[1.284s] running install_data
[1.284s] running install_egg_info
[1.286s] removing '/home/asrlab/sample_code_agv/install/forklift/lib/python3.10/site-packages/forklift-0.0.0-py3.10.egg-info' (and everything under it)
[1.286s] Copying ../../build/forklift/forklift.egg-info to /home/asrlab/sample_code_agv/install/forklift/lib/python3.10/site-packages/forklift-0.0.0-py3.10.egg-info
[1.286s] running install_scripts
[1.302s] Installing forklift script to /home/asrlab/sample_code_agv/install/forklift/lib/forklift
[1.302s] writing list of installed files to '/home/asrlab/sample_code_agv/build/forklift/install.log'
[1.320s] Invoked command in '/home/asrlab/sample_code_agv/src/forklift' returned '0': PYTHONPATH=/home/asrlab/sample_code_agv/build/forklift/prefix_override:/usr/lib/python3/dist-packages/colcon_core/task/python/colcon_distutils_commands:/home/asrlab/sample_code_agv/install/forklift/lib/python3.10/site-packages:${PYTHONPATH} /usr/bin/python3 -W ignore:setup.py install is deprecated setup.py egg_info --egg-base ../../build/forklift build --build-base /home/asrlab/sample_code_agv/build/forklift/build install --record /home/asrlab/sample_code_agv/build/forklift/install.log --single-version-externally-managed install_data
