/home/asrlab/.local/lib/python3.10/site-packages/setuptools/dist.py:717: UserWarning: Usage of dash-separated 'script-dir' will not be supported in future versions. Please use the underscore name 'script_dir' instead
  warnings.warn(
running egg_info
writing ../../build/joystick_ros2/joystick_ros2.egg-info/PKG-INFO
writing dependency_links to ../../build/joystick_ros2/joystick_ros2.egg-info/dependency_links.txt
writing entry points to ../../build/joystick_ros2/joystick_ros2.egg-info/entry_points.txt
writing requirements to ../../build/joystick_ros2/joystick_ros2.egg-info/requires.txt
writing top-level names to ../../build/joystick_ros2/joystick_ros2.egg-info/top_level.txt
reading manifest file '../../build/joystick_ros2/joystick_ros2.egg-info/SOURCES.txt'
adding license file 'LICENSE'
writing manifest file '../../build/joystick_ros2/joystick_ros2.egg-info/SOURCES.txt'
running build
running build_py
running install
running install_lib
running install_data
copying package.xml -> /home/asrlab/sample_code_agv/install/joystick_ros2/shared/joystick_ros2
creating /home/asrlab/sample_code_agv/install/joystick_ros2/share/joystick_ros2/launch
copying launch/joystick_ros2_launch.py -> /home/asrlab/sample_code_agv/install/joystick_ros2/share/joystick_ros2/launch
running install_egg_info
removing '/home/asrlab/sample_code_agv/install/joystick_ros2/lib/python3.10/site-packages/joystick_ros2-0.0.1-py3.10.egg-info' (and everything under it)
Copying ../../build/joystick_ros2/joystick_ros2.egg-info to /home/asrlab/sample_code_agv/install/joystick_ros2/lib/python3.10/site-packages/joystick_ros2-0.0.1-py3.10.egg-info
running install_scripts
Installing joystick_ros2 script to /home/asrlab/sample_code_agv/install/joystick_ros2/lib/joystick_ros2
writing list of installed files to '/home/asrlab/sample_code_agv/build/joystick_ros2/install.log'
