[3.041s] Invoking command in '/home/gavin/AGV_Control/src/js2fork': PYTHONPATH=/home/gavin/AGV_Control/build/js2fork/prefix_override:/usr/lib/python3/dist-packages/colcon_core/task/python/colcon_distutils_commands:/home/gavin/AGV_Control/install/js2fork/lib/python3.10/site-packages:${PYTHONPATH} /usr/bin/python3 -W ignore:setup.py install is deprecated setup.py egg_info --egg-base ../../build/js2fork build --build-base /home/gavin/AGV_Control/build/js2fork/build install --record /home/gavin/AGV_Control/build/js2fork/install.log --single-version-externally-managed install_data
[3.782s] running egg_info
[3.784s] writing ../../build/js2fork/js2fork.egg-info/PKG-INFO
[3.784s] writing dependency_links to ../../build/js2fork/js2fork.egg-info/dependency_links.txt
[3.784s] writing entry points to ../../build/js2fork/js2fork.egg-info/entry_points.txt
[3.785s] writing requirements to ../../build/js2fork/js2fork.egg-info/requires.txt
[3.785s] writing top-level names to ../../build/js2fork/js2fork.egg-info/top_level.txt
[3.791s] reading manifest file '../../build/js2fork/js2fork.egg-info/SOURCES.txt'
[3.794s] writing manifest file '../../build/js2fork/js2fork.egg-info/SOURCES.txt'
[3.794s] running build
[3.794s] running build_py
[3.795s] running install
[3.796s] running install_lib
[3.801s] running install_data
[3.801s] running install_egg_info
[3.806s] removing '/home/gavin/AGV_Control/install/js2fork/lib/python3.10/site-packages/js2fork-0.0.0-py3.10.egg-info' (and everything under it)
[3.807s] Copying ../../build/js2fork/js2fork.egg-info to /home/gavin/AGV_Control/install/js2fork/lib/python3.10/site-packages/js2fork-0.0.0-py3.10.egg-info
[3.809s] running install_scripts
[3.870s] Installing js2fork script to /home/gavin/AGV_Control/install/js2fork/lib/js2fork
[3.871s] writing list of installed files to '/home/gavin/AGV_Control/build/js2fork/install.log'
[3.977s] Invoked command in '/home/gavin/AGV_Control/src/js2fork' returned '0': PYTHONPATH=/home/gavin/AGV_Control/build/js2fork/prefix_override:/usr/lib/python3/dist-packages/colcon_core/task/python/colcon_distutils_commands:/home/gavin/AGV_Control/install/js2fork/lib/python3.10/site-packages:${PYTHONPATH} /usr/bin/python3 -W ignore:setup.py install is deprecated setup.py egg_info --egg-base ../../build/js2fork build --build-base /home/gavin/AGV_Control/build/js2fork/build install --record /home/gavin/AGV_Control/build/js2fork/install.log --single-version-externally-managed install_data
