[1.507s] Invoking command in '/home/gavin/AGV_Control/src/js2fork': PYTHONPATH=/home/gavin/AGV_Control/build/js2fork/prefix_override:/usr/lib/python3/dist-packages/colcon_core/task/python/colcon_distutils_commands:/home/gavin/AGV_Control/install/js2fork/lib/python3.10/site-packages:${PYTHONPATH} /usr/bin/python3 -W ignore:setup.py install is deprecated setup.py egg_info --egg-base ../../build/js2fork build --build-base /home/gavin/AGV_Control/build/js2fork/build install --record /home/gavin/AGV_Control/build/js2fork/install.log --single-version-externally-managed install_data
[1.870s] running egg_info
[1.871s] writing ../../build/js2fork/js2fork.egg-info/PKG-INFO
[1.871s] writing dependency_links to ../../build/js2fork/js2fork.egg-info/dependency_links.txt
[1.872s] writing entry points to ../../build/js2fork/js2fork.egg-info/entry_points.txt
[1.872s] writing requirements to ../../build/js2fork/js2fork.egg-info/requires.txt
[1.872s] writing top-level names to ../../build/js2fork/js2fork.egg-info/top_level.txt
[1.874s] reading manifest file '../../build/js2fork/js2fork.egg-info/SOURCES.txt'
[1.875s] writing manifest file '../../build/js2fork/js2fork.egg-info/SOURCES.txt'
[1.875s] running build
[1.875s] running build_py
[1.876s] running install
[1.876s] running install_lib
[1.878s] running install_data
[1.878s] running install_egg_info
[1.880s] removing '/home/gavin/AGV_Control/install/js2fork/lib/python3.10/site-packages/js2fork-0.0.0-py3.10.egg-info' (and everything under it)
[1.880s] Copying ../../build/js2fork/js2fork.egg-info to /home/gavin/AGV_Control/install/js2fork/lib/python3.10/site-packages/js2fork-0.0.0-py3.10.egg-info
[1.881s] running install_scripts
[1.910s] Installing js2fork script to /home/gavin/AGV_Control/install/js2fork/lib/js2fork
[1.911s] writing list of installed files to '/home/gavin/AGV_Control/build/js2fork/install.log'
[1.952s] Invoked command in '/home/gavin/AGV_Control/src/js2fork' returned '0': PYTHONPATH=/home/gavin/AGV_Control/build/js2fork/prefix_override:/usr/lib/python3/dist-packages/colcon_core/task/python/colcon_distutils_commands:/home/gavin/AGV_Control/install/js2fork/lib/python3.10/site-packages:${PYTHONPATH} /usr/bin/python3 -W ignore:setup.py install is deprecated setup.py egg_info --egg-base ../../build/js2fork build --build-base /home/gavin/AGV_Control/build/js2fork/build install --record /home/gavin/AGV_Control/build/js2fork/install.log --single-version-externally-managed install_data
