[0.150s] DEBUG:colcon:Command line arguments: ['/usr/bin/colcon', 'build']
[0.150s] DEBUG:colcon:Parsed command line arguments: Namespace(log_base=None, log_level=None, verb_name='build', build_base='build', install_base='install', merge_install=False, symlink_install=False, test_result_base=None, continue_on_error=False, executor='parallel', parallel_workers=8, event_handlers=None, ignore_user_meta=False, metas=['./colcon.meta'], base_paths=['.'], packages_ignore=None, packages_ignore_regex=None, paths=None, packages_up_to=None, packages_up_to_regex=None, packages_above=None, packages_above_and_dependencies=None, packages_above_depth=None, packages_select_by_dep=None, packages_skip_by_dep=None, packages_skip_up_to=None, packages_select_build_failed=False, packages_skip_build_finished=False, packages_select_test_failures=False, packages_skip_test_passed=False, packages_select=None, packages_skip=None, packages_select_regex=None, packages_skip_regex=None, packages_start=None, packages_end=None, allow_overriding=[], cmake_args=None, cmake_target=None, cmake_target_skip_unavailable=False, cmake_clean_cache=False, cmake_clean_first=False, cmake_force_configure=False, ament_cmake_args=None, catkin_cmake_args=None, catkin_skip_building_tests=False, mixin_files=None, mixin=None, verb_parser=<colcon_mixin.mixin.mixin_argument.MixinArgumentDecorator object at 0x7a9ec837d030>, verb_extension=<colcon_core.verb.build.BuildVerb object at 0x7a9ec837ca90>, main=<bound method BuildVerb.main of <colcon_core.verb.build.BuildVerb object at 0x7a9ec837ca90>>, mixin_verb=('build',))
[0.375s] Level 1:colcon.colcon_core.package_discovery:discover_packages(colcon_meta) check parameters
[0.375s] Level 1:colcon.colcon_core.package_discovery:discover_packages(recursive) check parameters
[0.375s] Level 1:colcon.colcon_core.package_discovery:discover_packages(ignore) check parameters
[0.375s] Level 1:colcon.colcon_core.package_discovery:discover_packages(path) check parameters
[0.375s] Level 1:colcon.colcon_core.package_discovery:discover_packages(colcon_meta) discover
[0.376s] Level 1:colcon.colcon_core.package_discovery:discover_packages(recursive) discover
[0.376s] INFO:colcon.colcon_core.package_discovery:Crawling recursively for packages in '/home/gavin/AGV_Control'
[0.376s] Level 1:colcon.colcon_core.package_identification:_identify(.) by extensions ['ignore', 'ignore_ament_install']
[0.376s] Level 1:colcon.colcon_core.package_identification:_identify(.) by extension 'ignore'
[0.376s] Level 1:colcon.colcon_core.package_identification:_identify(.) by extension 'ignore_ament_install'
[0.376s] Level 1:colcon.colcon_core.package_identification:_identify(.) by extensions ['colcon_pkg']
[0.376s] Level 1:colcon.colcon_core.package_identification:_identify(.) by extension 'colcon_pkg'
[0.376s] Level 1:colcon.colcon_core.package_identification:_identify(.) by extensions ['colcon_meta']
[0.376s] Level 1:colcon.colcon_core.package_identification:_identify(.) by extension 'colcon_meta'
[0.376s] Level 1:colcon.colcon_core.package_identification:_identify(.) by extensions ['ros']
[0.376s] Level 1:colcon.colcon_core.package_identification:_identify(.) by extension 'ros'
[0.388s] Level 1:colcon.colcon_core.package_identification:_identify(.) by extensions ['cmake', 'python']
[0.388s] Level 1:colcon.colcon_core.package_identification:_identify(.) by extension 'cmake'
[0.388s] Level 1:colcon.colcon_core.package_identification:_identify(.) by extension 'python'
[0.388s] Level 1:colcon.colcon_core.package_identification:_identify(.) by extensions ['python_setup_py']
[0.388s] Level 1:colcon.colcon_core.package_identification:_identify(.) by extension 'python_setup_py'
[0.388s] Level 1:colcon.colcon_core.package_identification:_identify(agv_launch) by extensions ['ignore', 'ignore_ament_install']
[0.388s] Level 1:colcon.colcon_core.package_identification:_identify(agv_launch) by extension 'ignore'
[0.388s] Level 1:colcon.colcon_core.package_identification:_identify(agv_launch) by extension 'ignore_ament_install'
[0.388s] Level 1:colcon.colcon_core.package_identification:_identify(agv_launch) by extensions ['colcon_pkg']
[0.389s] Level 1:colcon.colcon_core.package_identification:_identify(agv_launch) by extension 'colcon_pkg'
[0.389s] Level 1:colcon.colcon_core.package_identification:_identify(agv_launch) by extensions ['colcon_meta']
[0.389s] Level 1:colcon.colcon_core.package_identification:_identify(agv_launch) by extension 'colcon_meta'
[0.389s] Level 1:colcon.colcon_core.package_identification:_identify(agv_launch) by extensions ['ros']
[0.389s] Level 1:colcon.colcon_core.package_identification:_identify(agv_launch) by extension 'ros'
[0.389s] Level 1:colcon.colcon_core.package_identification:_identify(agv_launch) by extensions ['cmake', 'python']
[0.389s] Level 1:colcon.colcon_core.package_identification:_identify(agv_launch) by extension 'cmake'
[0.389s] Level 1:colcon.colcon_core.package_identification:_identify(agv_launch) by extension 'python'
[0.389s] Level 1:colcon.colcon_core.package_identification:_identify(agv_launch) by extensions ['python_setup_py']
[0.389s] Level 1:colcon.colcon_core.package_identification:_identify(agv_launch) by extension 'python_setup_py'
[0.389s] Level 1:colcon.colcon_core.package_identification:_identify(agv_launch/__pycache__) by extensions ['ignore', 'ignore_ament_install']
[0.389s] Level 1:colcon.colcon_core.package_identification:_identify(agv_launch/__pycache__) by extension 'ignore'
[0.389s] Level 1:colcon.colcon_core.package_identification:_identify(agv_launch/__pycache__) by extension 'ignore_ament_install'
[0.389s] Level 1:colcon.colcon_core.package_identification:_identify(agv_launch/__pycache__) by extensions ['colcon_pkg']
[0.389s] Level 1:colcon.colcon_core.package_identification:_identify(agv_launch/__pycache__) by extension 'colcon_pkg'
[0.389s] Level 1:colcon.colcon_core.package_identification:_identify(agv_launch/__pycache__) by extensions ['colcon_meta']
[0.389s] Level 1:colcon.colcon_core.package_identification:_identify(agv_launch/__pycache__) by extension 'colcon_meta'
[0.389s] Level 1:colcon.colcon_core.package_identification:_identify(agv_launch/__pycache__) by extensions ['ros']
[0.389s] Level 1:colcon.colcon_core.package_identification:_identify(agv_launch/__pycache__) by extension 'ros'
[0.390s] Level 1:colcon.colcon_core.package_identification:_identify(agv_launch/__pycache__) by extensions ['cmake', 'python']
[0.390s] Level 1:colcon.colcon_core.package_identification:_identify(agv_launch/__pycache__) by extension 'cmake'
[0.390s] Level 1:colcon.colcon_core.package_identification:_identify(agv_launch/__pycache__) by extension 'python'
[0.390s] Level 1:colcon.colcon_core.package_identification:_identify(agv_launch/__pycache__) by extensions ['python_setup_py']
[0.390s] Level 1:colcon.colcon_core.package_identification:_identify(agv_launch/__pycache__) by extension 'python_setup_py'
[0.390s] Level 1:colcon.colcon_core.package_identification:_identify(build) by extensions ['ignore', 'ignore_ament_install']
[0.390s] Level 1:colcon.colcon_core.package_identification:_identify(build) by extension 'ignore'
[0.390s] Level 1:colcon.colcon_core.package_identification:_identify(build) ignored
[0.390s] Level 1:colcon.colcon_core.package_identification:_identify(install) by extensions ['ignore', 'ignore_ament_install']
[0.390s] Level 1:colcon.colcon_core.package_identification:_identify(install) by extension 'ignore'
[0.390s] Level 1:colcon.colcon_core.package_identification:_identify(install) ignored
[0.391s] Level 1:colcon.colcon_core.package_identification:_identify(log) by extensions ['ignore', 'ignore_ament_install']
[0.391s] Level 1:colcon.colcon_core.package_identification:_identify(log) by extension 'ignore'
[0.391s] Level 1:colcon.colcon_core.package_identification:_identify(log) ignored
[0.391s] Level 1:colcon.colcon_core.package_identification:_identify(src) by extensions ['ignore', 'ignore_ament_install']
[0.391s] Level 1:colcon.colcon_core.package_identification:_identify(src) by extension 'ignore'
[0.391s] Level 1:colcon.colcon_core.package_identification:_identify(src) by extension 'ignore_ament_install'
[0.391s] Level 1:colcon.colcon_core.package_identification:_identify(src) by extensions ['colcon_pkg']
[0.391s] Level 1:colcon.colcon_core.package_identification:_identify(src) by extension 'colcon_pkg'
[0.391s] Level 1:colcon.colcon_core.package_identification:_identify(src) by extensions ['colcon_meta']
[0.391s] Level 1:colcon.colcon_core.package_identification:_identify(src) by extension 'colcon_meta'
[0.391s] Level 1:colcon.colcon_core.package_identification:_identify(src) by extensions ['ros']
[0.391s] Level 1:colcon.colcon_core.package_identification:_identify(src) by extension 'ros'
[0.391s] Level 1:colcon.colcon_core.package_identification:_identify(src) by extensions ['cmake', 'python']
[0.391s] Level 1:colcon.colcon_core.package_identification:_identify(src) by extension 'cmake'
[0.391s] Level 1:colcon.colcon_core.package_identification:_identify(src) by extension 'python'
[0.391s] Level 1:colcon.colcon_core.package_identification:_identify(src) by extensions ['python_setup_py']
[0.392s] Level 1:colcon.colcon_core.package_identification:_identify(src) by extension 'python_setup_py'
[0.392s] Level 1:colcon.colcon_core.package_identification:_identify(src/Lakibeam_ROS2_Driver-main) by extensions ['ignore', 'ignore_ament_install']
[0.392s] Level 1:colcon.colcon_core.package_identification:_identify(src/Lakibeam_ROS2_Driver-main) by extension 'ignore'
[0.392s] Level 1:colcon.colcon_core.package_identification:_identify(src/Lakibeam_ROS2_Driver-main) by extension 'ignore_ament_install'
[0.392s] Level 1:colcon.colcon_core.package_identification:_identify(src/Lakibeam_ROS2_Driver-main) by extensions ['colcon_pkg']
[0.392s] Level 1:colcon.colcon_core.package_identification:_identify(src/Lakibeam_ROS2_Driver-main) by extension 'colcon_pkg'
[0.392s] Level 1:colcon.colcon_core.package_identification:_identify(src/Lakibeam_ROS2_Driver-main) by extensions ['colcon_meta']
[0.392s] Level 1:colcon.colcon_core.package_identification:_identify(src/Lakibeam_ROS2_Driver-main) by extension 'colcon_meta'
[0.392s] Level 1:colcon.colcon_core.package_identification:_identify(src/Lakibeam_ROS2_Driver-main) by extensions ['ros']
[0.392s] Level 1:colcon.colcon_core.package_identification:_identify(src/Lakibeam_ROS2_Driver-main) by extension 'ros'
[0.396s] DEBUG:colcon.colcon_core.package_identification:Package 'src/Lakibeam_ROS2_Driver-main' with type 'ros.ament_cmake' and name 'lakibeam1'
[0.396s] Level 1:colcon.colcon_core.package_identification:_identify(src/forklift) by extensions ['ignore', 'ignore_ament_install']
[0.396s] Level 1:colcon.colcon_core.package_identification:_identify(src/forklift) by extension 'ignore'
[0.396s] Level 1:colcon.colcon_core.package_identification:_identify(src/forklift) by extension 'ignore_ament_install'
[0.396s] Level 1:colcon.colcon_core.package_identification:_identify(src/forklift) by extensions ['colcon_pkg']
[0.396s] Level 1:colcon.colcon_core.package_identification:_identify(src/forklift) by extension 'colcon_pkg'
[0.396s] Level 1:colcon.colcon_core.package_identification:_identify(src/forklift) by extensions ['colcon_meta']
[0.396s] Level 1:colcon.colcon_core.package_identification:_identify(src/forklift) by extension 'colcon_meta'
[0.396s] Level 1:colcon.colcon_core.package_identification:_identify(src/forklift) by extensions ['ros']
[0.396s] Level 1:colcon.colcon_core.package_identification:_identify(src/forklift) by extension 'ros'
[0.397s] DEBUG:colcon.colcon_core.package_identification:Package 'src/forklift' with type 'ros.ament_python' and name 'forklift'
[0.397s] Level 1:colcon.colcon_core.package_identification:_identify(src/joystick_drivers) by extensions ['ignore', 'ignore_ament_install']
[0.397s] Level 1:colcon.colcon_core.package_identification:_identify(src/joystick_drivers) by extension 'ignore'
[0.397s] Level 1:colcon.colcon_core.package_identification:_identify(src/joystick_drivers) by extension 'ignore_ament_install'
[0.397s] Level 1:colcon.colcon_core.package_identification:_identify(src/joystick_drivers) by extensions ['colcon_pkg']
[0.397s] Level 1:colcon.colcon_core.package_identification:_identify(src/joystick_drivers) by extension 'colcon_pkg'
[0.397s] Level 1:colcon.colcon_core.package_identification:_identify(src/joystick_drivers) by extensions ['colcon_meta']
[0.397s] Level 1:colcon.colcon_core.package_identification:_identify(src/joystick_drivers) by extension 'colcon_meta'
[0.397s] Level 1:colcon.colcon_core.package_identification:_identify(src/joystick_drivers) by extensions ['ros']
[0.397s] Level 1:colcon.colcon_core.package_identification:_identify(src/joystick_drivers) by extension 'ros'
[0.398s] Level 1:colcon.colcon_core.package_identification:_identify(src/joystick_drivers) by extensions ['cmake', 'python']
[0.398s] Level 1:colcon.colcon_core.package_identification:_identify(src/joystick_drivers) by extension 'cmake'
[0.398s] Level 1:colcon.colcon_core.package_identification:_identify(src/joystick_drivers) by extension 'python'
[0.398s] Level 1:colcon.colcon_core.package_identification:_identify(src/joystick_drivers) by extensions ['python_setup_py']
[0.398s] Level 1:colcon.colcon_core.package_identification:_identify(src/joystick_drivers) by extension 'python_setup_py'
[0.398s] Level 1:colcon.colcon_core.package_identification:_identify(src/joystick_ros2) by extensions ['ignore', 'ignore_ament_install']
[0.398s] Level 1:colcon.colcon_core.package_identification:_identify(src/joystick_ros2) by extension 'ignore'
[0.398s] Level 1:colcon.colcon_core.package_identification:_identify(src/joystick_ros2) by extension 'ignore_ament_install'
[0.398s] Level 1:colcon.colcon_core.package_identification:_identify(src/joystick_ros2) by extensions ['colcon_pkg']
[0.398s] Level 1:colcon.colcon_core.package_identification:_identify(src/joystick_ros2) by extension 'colcon_pkg'
[0.398s] Level 1:colcon.colcon_core.package_identification:_identify(src/joystick_ros2) by extensions ['colcon_meta']
[0.398s] Level 1:colcon.colcon_core.package_identification:_identify(src/joystick_ros2) by extension 'colcon_meta'
[0.398s] Level 1:colcon.colcon_core.package_identification:_identify(src/joystick_ros2) by extensions ['ros']
[0.398s] Level 1:colcon.colcon_core.package_identification:_identify(src/joystick_ros2) by extension 'ros'
[0.398s] Level 1:colcon.colcon_core.package_identification:_identify(src/joystick_ros2) by extensions ['cmake', 'python']
[0.398s] Level 1:colcon.colcon_core.package_identification:_identify(src/joystick_ros2) by extension 'cmake'
[0.398s] Level 1:colcon.colcon_core.package_identification:_identify(src/joystick_ros2) by extension 'python'
[0.398s] Level 1:colcon.colcon_core.package_identification:_identify(src/joystick_ros2) by extensions ['python_setup_py']
[0.398s] Level 1:colcon.colcon_core.package_identification:_identify(src/joystick_ros2) by extension 'python_setup_py'
[0.399s] Level 1:colcon.colcon_core.package_identification:_identify(src/js2fork) by extensions ['ignore', 'ignore_ament_install']
[0.399s] Level 1:colcon.colcon_core.package_identification:_identify(src/js2fork) by extension 'ignore'
[0.399s] Level 1:colcon.colcon_core.package_identification:_identify(src/js2fork) by extension 'ignore_ament_install'
[0.399s] Level 1:colcon.colcon_core.package_identification:_identify(src/js2fork) by extensions ['colcon_pkg']
[0.399s] Level 1:colcon.colcon_core.package_identification:_identify(src/js2fork) by extension 'colcon_pkg'
[0.399s] Level 1:colcon.colcon_core.package_identification:_identify(src/js2fork) by extensions ['colcon_meta']
[0.399s] Level 1:colcon.colcon_core.package_identification:_identify(src/js2fork) by extension 'colcon_meta'
[0.399s] Level 1:colcon.colcon_core.package_identification:_identify(src/js2fork) by extensions ['ros']
[0.399s] Level 1:colcon.colcon_core.package_identification:_identify(src/js2fork) by extension 'ros'
[0.401s] DEBUG:colcon.colcon_core.package_identification:Package 'src/js2fork' with type 'ros.ament_python' and name 'js2fork'
[0.401s] Level 1:colcon.colcon_core.package_discovery:discover_packages(recursive) using defaults
[0.401s] Level 1:colcon.colcon_core.package_discovery:discover_packages(ignore) discover
[0.401s] Level 1:colcon.colcon_core.package_discovery:discover_packages(ignore) using defaults
[0.401s] Level 1:colcon.colcon_core.package_discovery:discover_packages(path) discover
[0.401s] Level 1:colcon.colcon_core.package_discovery:discover_packages(path) using defaults
[0.440s] Level 1:colcon.colcon_core.package_discovery:discover_packages(prefix_path) check parameters
[0.440s] Level 1:colcon.colcon_core.package_discovery:discover_packages(prefix_path) discover
[0.447s] DEBUG:colcon.colcon_installed_package_information.package_discovery:Found 4 installed packages in /home/gavin/minimec/install
[0.448s] DEBUG:colcon.colcon_installed_package_information.package_discovery:Found 4 installed packages in /home/gavin/minimec/src/install
[0.452s] DEBUG:colcon.colcon_installed_package_information.package_discovery:Found 132 installed packages in /home/gavin/install
[0.455s] DEBUG:colcon.colcon_installed_package_information.package_discovery:Found 393 installed packages in /opt/ros/humble
[0.461s] Level 1:colcon.colcon_core.package_discovery:discover_packages(prefix_path) using defaults
[0.528s] Level 5:colcon.colcon_core.verb:set package 'forklift' build argument 'cmake_args' from command line to 'None'
[0.528s] Level 5:colcon.colcon_core.verb:set package 'forklift' build argument 'cmake_target' from command line to 'None'
[0.528s] Level 5:colcon.colcon_core.verb:set package 'forklift' build argument 'cmake_target_skip_unavailable' from command line to 'False'
[0.528s] Level 5:colcon.colcon_core.verb:set package 'forklift' build argument 'cmake_clean_cache' from command line to 'False'
[0.528s] Level 5:colcon.colcon_core.verb:set package 'forklift' build argument 'cmake_clean_first' from command line to 'False'
[0.528s] Level 5:colcon.colcon_core.verb:set package 'forklift' build argument 'cmake_force_configure' from command line to 'False'
[0.528s] Level 5:colcon.colcon_core.verb:set package 'forklift' build argument 'ament_cmake_args' from command line to 'None'
[0.528s] Level 5:colcon.colcon_core.verb:set package 'forklift' build argument 'catkin_cmake_args' from command line to 'None'
[0.528s] Level 5:colcon.colcon_core.verb:set package 'forklift' build argument 'catkin_skip_building_tests' from command line to 'False'
[0.528s] DEBUG:colcon.colcon_core.verb:Building package 'forklift' with the following arguments: {'ament_cmake_args': None, 'build_base': '/home/gavin/AGV_Control/build/forklift', 'catkin_cmake_args': None, 'catkin_skip_building_tests': False, 'cmake_args': None, 'cmake_clean_cache': False, 'cmake_clean_first': False, 'cmake_force_configure': False, 'cmake_target': None, 'cmake_target_skip_unavailable': False, 'install_base': '/home/gavin/AGV_Control/install/forklift', 'merge_install': False, 'path': '/home/gavin/AGV_Control/src/forklift', 'symlink_install': False, 'test_result_base': None}
[0.529s] Level 5:colcon.colcon_core.verb:set package 'js2fork' build argument 'cmake_args' from command line to 'None'
[0.529s] Level 5:colcon.colcon_core.verb:set package 'js2fork' build argument 'cmake_target' from command line to 'None'
[0.529s] Level 5:colcon.colcon_core.verb:set package 'js2fork' build argument 'cmake_target_skip_unavailable' from command line to 'False'
[0.529s] Level 5:colcon.colcon_core.verb:set package 'js2fork' build argument 'cmake_clean_cache' from command line to 'False'
[0.529s] Level 5:colcon.colcon_core.verb:set package 'js2fork' build argument 'cmake_clean_first' from command line to 'False'
[0.529s] Level 5:colcon.colcon_core.verb:set package 'js2fork' build argument 'cmake_force_configure' from command line to 'False'
[0.529s] Level 5:colcon.colcon_core.verb:set package 'js2fork' build argument 'ament_cmake_args' from command line to 'None'
[0.529s] Level 5:colcon.colcon_core.verb:set package 'js2fork' build argument 'catkin_cmake_args' from command line to 'None'
[0.529s] Level 5:colcon.colcon_core.verb:set package 'js2fork' build argument 'catkin_skip_building_tests' from command line to 'False'
[0.529s] DEBUG:colcon.colcon_core.verb:Building package 'js2fork' with the following arguments: {'ament_cmake_args': None, 'build_base': '/home/gavin/AGV_Control/build/js2fork', 'catkin_cmake_args': None, 'catkin_skip_building_tests': False, 'cmake_args': None, 'cmake_clean_cache': False, 'cmake_clean_first': False, 'cmake_force_configure': False, 'cmake_target': None, 'cmake_target_skip_unavailable': False, 'install_base': '/home/gavin/AGV_Control/install/js2fork', 'merge_install': False, 'path': '/home/gavin/AGV_Control/src/js2fork', 'symlink_install': False, 'test_result_base': None}
[0.529s] Level 5:colcon.colcon_core.verb:set package 'lakibeam1' build argument 'cmake_args' from command line to 'None'
[0.529s] Level 5:colcon.colcon_core.verb:set package 'lakibeam1' build argument 'cmake_target' from command line to 'None'
[0.529s] Level 5:colcon.colcon_core.verb:set package 'lakibeam1' build argument 'cmake_target_skip_unavailable' from command line to 'False'
[0.529s] Level 5:colcon.colcon_core.verb:set package 'lakibeam1' build argument 'cmake_clean_cache' from command line to 'False'
[0.529s] Level 5:colcon.colcon_core.verb:set package 'lakibeam1' build argument 'cmake_clean_first' from command line to 'False'
[0.529s] Level 5:colcon.colcon_core.verb:set package 'lakibeam1' build argument 'cmake_force_configure' from command line to 'False'
[0.529s] Level 5:colcon.colcon_core.verb:set package 'lakibeam1' build argument 'ament_cmake_args' from command line to 'None'
[0.529s] Level 5:colcon.colcon_core.verb:set package 'lakibeam1' build argument 'catkin_cmake_args' from command line to 'None'
[0.529s] Level 5:colcon.colcon_core.verb:set package 'lakibeam1' build argument 'catkin_skip_building_tests' from command line to 'False'
[0.529s] DEBUG:colcon.colcon_core.verb:Building package 'lakibeam1' with the following arguments: {'ament_cmake_args': None, 'build_base': '/home/gavin/AGV_Control/build/lakibeam1', 'catkin_cmake_args': None, 'catkin_skip_building_tests': False, 'cmake_args': None, 'cmake_clean_cache': False, 'cmake_clean_first': False, 'cmake_force_configure': False, 'cmake_target': None, 'cmake_target_skip_unavailable': False, 'install_base': '/home/gavin/AGV_Control/install/lakibeam1', 'merge_install': False, 'path': '/home/gavin/AGV_Control/src/Lakibeam_ROS2_Driver-main', 'symlink_install': False, 'test_result_base': None}
[0.530s] INFO:colcon.colcon_core.executor:Executing jobs using 'parallel' executor
[0.531s] DEBUG:colcon.colcon_parallel_executor.executor.parallel:run_until_complete
[0.531s] INFO:colcon.colcon_ros.task.ament_python.build:Building ROS package in '/home/gavin/AGV_Control/src/forklift' with build type 'ament_python'
[0.531s] Level 1:colcon.colcon_core.shell:create_environment_hook('forklift', 'ament_prefix_path')
[0.534s] INFO:colcon.colcon_core.plugin_system:Skipping extension 'colcon_core.shell.bat': Not used on non-Windows systems
[0.535s] INFO:colcon.colcon_core.shell:Creating environment hook '/home/gavin/AGV_Control/install/forklift/share/forklift/hook/ament_prefix_path.ps1'
[0.535s] INFO:colcon.colcon_core.shell:Creating environment descriptor '/home/gavin/AGV_Control/install/forklift/share/forklift/hook/ament_prefix_path.dsv'
[0.536s] INFO:colcon.colcon_core.shell:Creating environment hook '/home/gavin/AGV_Control/install/forklift/share/forklift/hook/ament_prefix_path.sh'
[0.537s] INFO:colcon.colcon_core.shell:Skip shell extension 'powershell' for command environment: Not usable outside of PowerShell
[0.537s] DEBUG:colcon.colcon_core.shell:Skip shell extension 'dsv' for command environment
[0.552s] INFO:colcon.colcon_ros.task.ament_python.build:Building ROS package in '/home/gavin/AGV_Control/src/js2fork' with build type 'ament_python'
[0.552s] Level 1:colcon.colcon_core.shell:create_environment_hook('js2fork', 'ament_prefix_path')
[0.553s] INFO:colcon.colcon_core.shell:Creating environment hook '/home/gavin/AGV_Control/install/js2fork/share/js2fork/hook/ament_prefix_path.ps1'
[0.554s] INFO:colcon.colcon_core.shell:Creating environment descriptor '/home/gavin/AGV_Control/install/js2fork/share/js2fork/hook/ament_prefix_path.dsv'
[0.554s] INFO:colcon.colcon_core.shell:Creating environment hook '/home/gavin/AGV_Control/install/js2fork/share/js2fork/hook/ament_prefix_path.sh'
[0.555s] INFO:colcon.colcon_core.shell:Skip shell extension 'powershell' for command environment: Not usable outside of PowerShell
[0.555s] DEBUG:colcon.colcon_core.shell:Skip shell extension 'dsv' for command environment
[0.572s] INFO:colcon.colcon_ros.task.ament_cmake.build:Building ROS package in '/home/gavin/AGV_Control/src/Lakibeam_ROS2_Driver-main' with build type 'ament_cmake'
[0.572s] INFO:colcon.colcon_cmake.task.cmake.build:Building CMake package in '/home/gavin/AGV_Control/src/Lakibeam_ROS2_Driver-main'
[0.572s] INFO:colcon.colcon_core.shell:Skip shell extension 'powershell' for command environment: Not usable outside of PowerShell
[0.572s] DEBUG:colcon.colcon_core.shell:Skip shell extension 'dsv' for command environment
[0.975s] INFO:colcon.colcon_core.task.python.build:Building Python package in '/home/gavin/AGV_Control/src/forklift'
[0.975s] INFO:colcon.colcon_core.shell:Skip shell extension 'powershell' for command environment: Not usable outside of PowerShell
[0.975s] DEBUG:colcon.colcon_core.shell:Skip shell extension 'dsv' for command environment
[1.375s] INFO:colcon.colcon_core.task.python.build:Building Python package in '/home/gavin/AGV_Control/src/js2fork'
[1.375s] INFO:colcon.colcon_core.shell:Skip shell extension 'powershell' for command environment: Not usable outside of PowerShell
[1.375s] DEBUG:colcon.colcon_core.shell:Skip shell extension 'dsv' for command environment
[1.419s] DEBUG:colcon.colcon_core.event_handler.log_command:Invoking command in '/home/gavin/AGV_Control/build/lakibeam1': CMAKE_PREFIX_PATH=${CMAKE_PREFIX_PATH}:/home/gavin/minimec/install/wheeltec_control:/home/gavin/minimec/install/mini_mec_localization:/home/gavin/minimec/src/install/wheeltec_control:/home/gavin/minimec/src/install/mini_mec_localization:/home/gavin/install/ament_uncrustify:/home/gavin/install/tracetools_trace:/home/gavin/install/tracetools_read:/home/gavin/install/rpyutils:/home/gavin/install/rosidl_cli:/home/gavin/install/launch_pytest:/home/gavin/install/launch_testing:/home/gavin/install/launch_yaml:/home/gavin/install/launch_xml:/home/gavin/install/launch:/home/gavin/install/osrf_pycommon:/home/gavin/install/domain_coordinator:/home/gavin/install/ament_xmllint:/home/gavin/install/ament_pyflakes:/home/gavin/install/ament_pycodestyle:/home/gavin/install/ament_pep257:/home/gavin/install/ament_pclint:/home/gavin/install/ament_package:/home/gavin/install/ament_mypy:/home/gavin/install/ament_lint_cmake:/home/gavin/install/ament_flake8:/home/gavin/install/ament_copyright:/home/gavin/install/ament_lint:/home/gavin/install/ament_index_python:/home/gavin/install/ament_cpplint:/home/gavin/install/ament_cppcheck:/home/gavin/install/ament_clang_tidy:/home/gavin/install/ament_clang_format:/opt/ros/humble /usr/bin/cmake --build /home/gavin/AGV_Control/build/lakibeam1 -- -j8 -l8
[1.611s] DEBUG:colcon.colcon_core.event_handler.log_command:Invoked command in '/home/gavin/AGV_Control/build/lakibeam1' returned '0': CMAKE_PREFIX_PATH=${CMAKE_PREFIX_PATH}:/home/gavin/minimec/install/wheeltec_control:/home/gavin/minimec/install/mini_mec_localization:/home/gavin/minimec/src/install/wheeltec_control:/home/gavin/minimec/src/install/mini_mec_localization:/home/gavin/install/ament_uncrustify:/home/gavin/install/tracetools_trace:/home/gavin/install/tracetools_read:/home/gavin/install/rpyutils:/home/gavin/install/rosidl_cli:/home/gavin/install/launch_pytest:/home/gavin/install/launch_testing:/home/gavin/install/launch_yaml:/home/gavin/install/launch_xml:/home/gavin/install/launch:/home/gavin/install/osrf_pycommon:/home/gavin/install/domain_coordinator:/home/gavin/install/ament_xmllint:/home/gavin/install/ament_pyflakes:/home/gavin/install/ament_pycodestyle:/home/gavin/install/ament_pep257:/home/gavin/install/ament_pclint:/home/gavin/install/ament_package:/home/gavin/install/ament_mypy:/home/gavin/install/ament_lint_cmake:/home/gavin/install/ament_flake8:/home/gavin/install/ament_copyright:/home/gavin/install/ament_lint:/home/gavin/install/ament_index_python:/home/gavin/install/ament_cpplint:/home/gavin/install/ament_cppcheck:/home/gavin/install/ament_clang_tidy:/home/gavin/install/ament_clang_format:/opt/ros/humble /usr/bin/cmake --build /home/gavin/AGV_Control/build/lakibeam1 -- -j8 -l8
[1.721s] DEBUG:colcon.colcon_core.event_handler.log_command:Invoking command in '/home/gavin/AGV_Control/build/lakibeam1': CMAKE_PREFIX_PATH=${CMAKE_PREFIX_PATH}:/home/gavin/minimec/install/wheeltec_control:/home/gavin/minimec/install/mini_mec_localization:/home/gavin/minimec/src/install/wheeltec_control:/home/gavin/minimec/src/install/mini_mec_localization:/home/gavin/install/ament_uncrustify:/home/gavin/install/tracetools_trace:/home/gavin/install/tracetools_read:/home/gavin/install/rpyutils:/home/gavin/install/rosidl_cli:/home/gavin/install/launch_pytest:/home/gavin/install/launch_testing:/home/gavin/install/launch_yaml:/home/gavin/install/launch_xml:/home/gavin/install/launch:/home/gavin/install/osrf_pycommon:/home/gavin/install/domain_coordinator:/home/gavin/install/ament_xmllint:/home/gavin/install/ament_pyflakes:/home/gavin/install/ament_pycodestyle:/home/gavin/install/ament_pep257:/home/gavin/install/ament_pclint:/home/gavin/install/ament_package:/home/gavin/install/ament_mypy:/home/gavin/install/ament_lint_cmake:/home/gavin/install/ament_flake8:/home/gavin/install/ament_copyright:/home/gavin/install/ament_lint:/home/gavin/install/ament_index_python:/home/gavin/install/ament_cpplint:/home/gavin/install/ament_cppcheck:/home/gavin/install/ament_clang_tidy:/home/gavin/install/ament_clang_format:/opt/ros/humble /usr/bin/cmake --install /home/gavin/AGV_Control/build/lakibeam1
[1.743s] Level 1:colcon.colcon_core.environment:create_environment_scripts_only(lakibeam1)
[1.746s] DEBUG:colcon.colcon_core.event_handler.log_command:Invoked command in '/home/gavin/AGV_Control/build/lakibeam1' returned '0': CMAKE_PREFIX_PATH=${CMAKE_PREFIX_PATH}:/home/gavin/minimec/install/wheeltec_control:/home/gavin/minimec/install/mini_mec_localization:/home/gavin/minimec/src/install/wheeltec_control:/home/gavin/minimec/src/install/mini_mec_localization:/home/gavin/install/ament_uncrustify:/home/gavin/install/tracetools_trace:/home/gavin/install/tracetools_read:/home/gavin/install/rpyutils:/home/gavin/install/rosidl_cli:/home/gavin/install/launch_pytest:/home/gavin/install/launch_testing:/home/gavin/install/launch_yaml:/home/gavin/install/launch_xml:/home/gavin/install/launch:/home/gavin/install/osrf_pycommon:/home/gavin/install/domain_coordinator:/home/gavin/install/ament_xmllint:/home/gavin/install/ament_pyflakes:/home/gavin/install/ament_pycodestyle:/home/gavin/install/ament_pep257:/home/gavin/install/ament_pclint:/home/gavin/install/ament_package:/home/gavin/install/ament_mypy:/home/gavin/install/ament_lint_cmake:/home/gavin/install/ament_flake8:/home/gavin/install/ament_copyright:/home/gavin/install/ament_lint:/home/gavin/install/ament_index_python:/home/gavin/install/ament_cpplint:/home/gavin/install/ament_cppcheck:/home/gavin/install/ament_clang_tidy:/home/gavin/install/ament_clang_format:/opt/ros/humble /usr/bin/cmake --install /home/gavin/AGV_Control/build/lakibeam1
[1.753s] Level 1:colcon.colcon_core.environment:checking '/home/gavin/AGV_Control/install/lakibeam1' for CMake module files
[1.755s] Level 1:colcon.colcon_core.environment:checking '/home/gavin/AGV_Control/install/lakibeam1' for CMake config files
[1.756s] Level 1:colcon.colcon_core.shell:create_environment_hook('lakibeam1', 'cmake_prefix_path')
[1.756s] INFO:colcon.colcon_core.shell:Creating environment hook '/home/gavin/AGV_Control/install/lakibeam1/share/lakibeam1/hook/cmake_prefix_path.ps1'
[1.757s] INFO:colcon.colcon_core.shell:Creating environment descriptor '/home/gavin/AGV_Control/install/lakibeam1/share/lakibeam1/hook/cmake_prefix_path.dsv'
[1.758s] INFO:colcon.colcon_core.shell:Creating environment hook '/home/gavin/AGV_Control/install/lakibeam1/share/lakibeam1/hook/cmake_prefix_path.sh'
[1.760s] Level 1:colcon.colcon_core.environment:checking '/home/gavin/AGV_Control/install/lakibeam1/lib'
[1.761s] Level 1:colcon.colcon_core.environment:checking '/home/gavin/AGV_Control/install/lakibeam1/bin'
[1.761s] Level 1:colcon.colcon_core.environment:checking '/home/gavin/AGV_Control/install/lakibeam1/lib/pkgconfig/lakibeam1.pc'
[1.762s] Level 1:colcon.colcon_core.environment:checking '/home/gavin/AGV_Control/install/lakibeam1/lib/python3.10/site-packages'
[1.762s] Level 1:colcon.colcon_core.environment:checking '/home/gavin/AGV_Control/install/lakibeam1/bin'
[1.763s] INFO:colcon.colcon_core.shell:Creating package script '/home/gavin/AGV_Control/install/lakibeam1/share/lakibeam1/package.ps1'
[1.765s] INFO:colcon.colcon_core.shell:Creating package descriptor '/home/gavin/AGV_Control/install/lakibeam1/share/lakibeam1/package.dsv'
[1.766s] INFO:colcon.colcon_core.shell:Creating package script '/home/gavin/AGV_Control/install/lakibeam1/share/lakibeam1/package.sh'
[1.767s] INFO:colcon.colcon_core.shell:Creating package script '/home/gavin/AGV_Control/install/lakibeam1/share/lakibeam1/package.bash'
[1.769s] INFO:colcon.colcon_core.shell:Creating package script '/home/gavin/AGV_Control/install/lakibeam1/share/lakibeam1/package.zsh'
[1.770s] Level 1:colcon.colcon_core.environment:create_file_with_runtime_dependencies(/home/gavin/AGV_Control/install/lakibeam1/share/colcon-core/packages/lakibeam1)
[1.875s] Level 1:colcon.colcon_core.environment:create_environment_scripts_only(lakibeam1)
[1.875s] Level 1:colcon.colcon_core.environment:checking '/home/gavin/AGV_Control/install/lakibeam1' for CMake module files
[1.876s] Level 1:colcon.colcon_core.environment:checking '/home/gavin/AGV_Control/install/lakibeam1' for CMake config files
[1.877s] Level 1:colcon.colcon_core.shell:create_environment_hook('lakibeam1', 'cmake_prefix_path')
[1.877s] INFO:colcon.colcon_core.shell:Creating environment hook '/home/gavin/AGV_Control/install/lakibeam1/share/lakibeam1/hook/cmake_prefix_path.ps1'
[1.878s] INFO:colcon.colcon_core.shell:Creating environment descriptor '/home/gavin/AGV_Control/install/lakibeam1/share/lakibeam1/hook/cmake_prefix_path.dsv'
[1.879s] INFO:colcon.colcon_core.shell:Creating environment hook '/home/gavin/AGV_Control/install/lakibeam1/share/lakibeam1/hook/cmake_prefix_path.sh'
[1.880s] Level 1:colcon.colcon_core.environment:checking '/home/gavin/AGV_Control/install/lakibeam1/lib'
[1.880s] Level 1:colcon.colcon_core.environment:checking '/home/gavin/AGV_Control/install/lakibeam1/bin'
[1.880s] Level 1:colcon.colcon_core.environment:checking '/home/gavin/AGV_Control/install/lakibeam1/lib/pkgconfig/lakibeam1.pc'
[1.881s] Level 1:colcon.colcon_core.environment:checking '/home/gavin/AGV_Control/install/lakibeam1/lib/python3.10/site-packages'
[1.881s] Level 1:colcon.colcon_core.environment:checking '/home/gavin/AGV_Control/install/lakibeam1/bin'
[1.882s] INFO:colcon.colcon_core.shell:Creating package script '/home/gavin/AGV_Control/install/lakibeam1/share/lakibeam1/package.ps1'
[1.883s] INFO:colcon.colcon_core.shell:Creating package descriptor '/home/gavin/AGV_Control/install/lakibeam1/share/lakibeam1/package.dsv'
[1.884s] INFO:colcon.colcon_core.shell:Creating package script '/home/gavin/AGV_Control/install/lakibeam1/share/lakibeam1/package.sh'
[1.885s] INFO:colcon.colcon_core.shell:Creating package script '/home/gavin/AGV_Control/install/lakibeam1/share/lakibeam1/package.bash'
[1.886s] INFO:colcon.colcon_core.shell:Creating package script '/home/gavin/AGV_Control/install/lakibeam1/share/lakibeam1/package.zsh'
[1.886s] Level 1:colcon.colcon_core.environment:create_file_with_runtime_dependencies(/home/gavin/AGV_Control/install/lakibeam1/share/colcon-core/packages/lakibeam1)
[2.064s] DEBUG:colcon.colcon_core.event_handler.log_command:Invoking command in '/home/gavin/AGV_Control/src/forklift': PYTHONPATH=/home/gavin/AGV_Control/build/forklift/prefix_override:/usr/lib/python3/dist-packages/colcon_core/task/python/colcon_distutils_commands:/home/gavin/AGV_Control/install/forklift/lib/python3.10/site-packages:${PYTHONPATH} /usr/bin/python3 -W ignore:setup.py install is deprecated setup.py egg_info --egg-base ../../build/forklift build --build-base /home/gavin/AGV_Control/build/forklift/build install --record /home/gavin/AGV_Control/build/forklift/install.log --single-version-externally-managed install_data
[2.177s] DEBUG:colcon.colcon_core.event_handler.log_command:Invoking command in '/home/gavin/AGV_Control/src/js2fork': PYTHONPATH=/home/gavin/AGV_Control/build/js2fork/prefix_override:/usr/lib/python3/dist-packages/colcon_core/task/python/colcon_distutils_commands:/home/gavin/AGV_Control/install/js2fork/lib/python3.10/site-packages:${PYTHONPATH} /usr/bin/python3 -W ignore:setup.py install is deprecated setup.py egg_info --egg-base ../../build/js2fork build --build-base /home/gavin/AGV_Control/build/js2fork/build install --record /home/gavin/AGV_Control/build/js2fork/install.log --single-version-externally-managed install_data
[2.583s] Level 1:colcon.colcon_core.environment:checking '/home/gavin/AGV_Control/install/forklift' for CMake module files
[2.584s] DEBUG:colcon.colcon_core.event_handler.log_command:Invoked command in '/home/gavin/AGV_Control/src/forklift' returned '0': PYTHONPATH=/home/gavin/AGV_Control/build/forklift/prefix_override:/usr/lib/python3/dist-packages/colcon_core/task/python/colcon_distutils_commands:/home/gavin/AGV_Control/install/forklift/lib/python3.10/site-packages:${PYTHONPATH} /usr/bin/python3 -W ignore:setup.py install is deprecated setup.py egg_info --egg-base ../../build/forklift build --build-base /home/gavin/AGV_Control/build/forklift/build install --record /home/gavin/AGV_Control/build/forklift/install.log --single-version-externally-managed install_data
[2.585s] Level 1:colcon.colcon_core.environment:checking '/home/gavin/AGV_Control/install/forklift' for CMake config files
[2.586s] Level 1:colcon.colcon_core.environment:checking '/home/gavin/AGV_Control/install/forklift/lib'
[2.586s] Level 1:colcon.colcon_core.environment:checking '/home/gavin/AGV_Control/install/forklift/bin'
[2.586s] Level 1:colcon.colcon_core.environment:checking '/home/gavin/AGV_Control/install/forklift/lib/pkgconfig/forklift.pc'
[2.587s] Level 1:colcon.colcon_core.environment:checking '/home/gavin/AGV_Control/install/forklift/lib/python3.10/site-packages'
[2.587s] Level 1:colcon.colcon_core.shell:create_environment_hook('forklift', 'pythonpath')
[2.588s] INFO:colcon.colcon_core.shell:Creating environment hook '/home/gavin/AGV_Control/install/forklift/share/forklift/hook/pythonpath.ps1'
[2.589s] INFO:colcon.colcon_core.shell:Creating environment descriptor '/home/gavin/AGV_Control/install/forklift/share/forklift/hook/pythonpath.dsv'
[2.590s] INFO:colcon.colcon_core.shell:Creating environment hook '/home/gavin/AGV_Control/install/forklift/share/forklift/hook/pythonpath.sh'
[2.591s] Level 1:colcon.colcon_core.environment:checking '/home/gavin/AGV_Control/install/forklift/bin'
[2.591s] Level 1:colcon.colcon_core.environment:create_environment_scripts_only(forklift)
[2.592s] INFO:colcon.colcon_core.shell:Creating package script '/home/gavin/AGV_Control/install/forklift/share/forklift/package.ps1'
[2.593s] INFO:colcon.colcon_core.shell:Creating package descriptor '/home/gavin/AGV_Control/install/forklift/share/forklift/package.dsv'
[2.594s] INFO:colcon.colcon_core.shell:Creating package script '/home/gavin/AGV_Control/install/forklift/share/forklift/package.sh'
[2.595s] INFO:colcon.colcon_core.shell:Creating package script '/home/gavin/AGV_Control/install/forklift/share/forklift/package.bash'
[2.596s] INFO:colcon.colcon_core.shell:Creating package script '/home/gavin/AGV_Control/install/forklift/share/forklift/package.zsh'
[2.597s] Level 1:colcon.colcon_core.environment:create_file_with_runtime_dependencies(/home/gavin/AGV_Control/install/forklift/share/colcon-core/packages/forklift)
[2.730s] Level 1:colcon.colcon_core.environment:checking '/home/gavin/AGV_Control/install/js2fork' for CMake module files
[2.731s] DEBUG:colcon.colcon_core.event_handler.log_command:Invoked command in '/home/gavin/AGV_Control/src/js2fork' returned '0': PYTHONPATH=/home/gavin/AGV_Control/build/js2fork/prefix_override:/usr/lib/python3/dist-packages/colcon_core/task/python/colcon_distutils_commands:/home/gavin/AGV_Control/install/js2fork/lib/python3.10/site-packages:${PYTHONPATH} /usr/bin/python3 -W ignore:setup.py install is deprecated setup.py egg_info --egg-base ../../build/js2fork build --build-base /home/gavin/AGV_Control/build/js2fork/build install --record /home/gavin/AGV_Control/build/js2fork/install.log --single-version-externally-managed install_data
[2.732s] Level 1:colcon.colcon_core.environment:checking '/home/gavin/AGV_Control/install/js2fork' for CMake config files
[2.734s] Level 1:colcon.colcon_core.environment:checking '/home/gavin/AGV_Control/install/js2fork/lib'
[2.734s] Level 1:colcon.colcon_core.environment:checking '/home/gavin/AGV_Control/install/js2fork/bin'
[2.734s] Level 1:colcon.colcon_core.environment:checking '/home/gavin/AGV_Control/install/js2fork/lib/pkgconfig/js2fork.pc'
[2.735s] Level 1:colcon.colcon_core.environment:checking '/home/gavin/AGV_Control/install/js2fork/lib/python3.10/site-packages'
[2.735s] Level 1:colcon.colcon_core.shell:create_environment_hook('js2fork', 'pythonpath')
[2.735s] INFO:colcon.colcon_core.shell:Creating environment hook '/home/gavin/AGV_Control/install/js2fork/share/js2fork/hook/pythonpath.ps1'
[2.737s] INFO:colcon.colcon_core.shell:Creating environment descriptor '/home/gavin/AGV_Control/install/js2fork/share/js2fork/hook/pythonpath.dsv'
[2.737s] INFO:colcon.colcon_core.shell:Creating environment hook '/home/gavin/AGV_Control/install/js2fork/share/js2fork/hook/pythonpath.sh'
[2.739s] Level 1:colcon.colcon_core.environment:checking '/home/gavin/AGV_Control/install/js2fork/bin'
[2.739s] Level 1:colcon.colcon_core.environment:create_environment_scripts_only(js2fork)
[2.740s] INFO:colcon.colcon_core.shell:Creating package script '/home/gavin/AGV_Control/install/js2fork/share/js2fork/package.ps1'
[2.741s] INFO:colcon.colcon_core.shell:Creating package descriptor '/home/gavin/AGV_Control/install/js2fork/share/js2fork/package.dsv'
[2.742s] INFO:colcon.colcon_core.shell:Creating package script '/home/gavin/AGV_Control/install/js2fork/share/js2fork/package.sh'
[2.743s] INFO:colcon.colcon_core.shell:Creating package script '/home/gavin/AGV_Control/install/js2fork/share/js2fork/package.bash'
[2.744s] INFO:colcon.colcon_core.shell:Creating package script '/home/gavin/AGV_Control/install/js2fork/share/js2fork/package.zsh'
[2.745s] Level 1:colcon.colcon_core.environment:create_file_with_runtime_dependencies(/home/gavin/AGV_Control/install/js2fork/share/colcon-core/packages/js2fork)
[2.746s] DEBUG:colcon.colcon_parallel_executor.executor.parallel:closing loop
[2.746s] DEBUG:colcon.colcon_parallel_executor.executor.parallel:loop closed
[2.746s] DEBUG:colcon.colcon_parallel_executor.executor.parallel:run_until_complete finished with '0'
[2.746s] DEBUG:colcon.colcon_core.event_reactor:joining thread
[2.765s] INFO:colcon.colcon_core.plugin_system:Skipping extension 'colcon_notification.desktop_notification.terminal_notifier': Not used on non-Darwin systems
[2.765s] INFO:colcon.colcon_core.plugin_system:Skipping extension 'colcon_notification.desktop_notification.win32': Not used on non-Windows systems
[2.766s] INFO:colcon.colcon_notification.desktop_notification:Sending desktop notification using 'notify2'
[2.794s] DEBUG:colcon.colcon_core.event_reactor:joined thread
[2.796s] INFO:colcon.colcon_core.shell:Creating prefix script '/home/gavin/AGV_Control/install/local_setup.ps1'
[2.799s] INFO:colcon.colcon_core.shell:Creating prefix util module '/home/gavin/AGV_Control/install/_local_setup_util_ps1.py'
[2.805s] INFO:colcon.colcon_core.shell:Creating prefix chain script '/home/gavin/AGV_Control/install/setup.ps1'
[2.830s] INFO:colcon.colcon_core.shell:Creating prefix script '/home/gavin/AGV_Control/install/local_setup.sh'
[2.832s] INFO:colcon.colcon_core.shell:Creating prefix util module '/home/gavin/AGV_Control/install/_local_setup_util_sh.py'
[2.833s] INFO:colcon.colcon_core.shell:Creating prefix chain script '/home/gavin/AGV_Control/install/setup.sh'
[2.844s] INFO:colcon.colcon_core.shell:Creating prefix script '/home/gavin/AGV_Control/install/local_setup.bash'
[2.845s] INFO:colcon.colcon_core.shell:Creating prefix chain script '/home/gavin/AGV_Control/install/setup.bash'
[2.851s] INFO:colcon.colcon_core.shell:Creating prefix script '/home/gavin/AGV_Control/install/local_setup.zsh'
[2.852s] INFO:colcon.colcon_core.shell:Creating prefix chain script '/home/gavin/AGV_Control/install/setup.zsh'
