[0.251s] Invoking command in '/home/asrlab/sample_code_agv/build/joy_linux': CMAKE_PREFIX_PATH=${CMAKE_PREFIX_PATH}:/home/asrlab/sample_code_agv/install/js2fork:/home/asrlab/sample_code_agv/install/joystick_ros2:/home/asrlab/sample_code_agv/install/forklift:/opt/ros/humble /usr/bin/cmake --build /home/asrlab/sample_code_agv/build/joy_linux -- -j20 -l20
[0.696s] [100%] Built target joy_linux_node
[0.698s] Invoked command in '/home/asrlab/sample_code_agv/build/joy_linux' returned '0': CMAKE_PREFIX_PATH=${CMAKE_PREFIX_PATH}:/home/asrlab/sample_code_agv/install/js2fork:/home/asrlab/sample_code_agv/install/joystick_ros2:/home/asrlab/sample_code_agv/install/forklift:/opt/ros/humble /usr/bin/cmake --build /home/asrlab/sample_code_agv/build/joy_linux -- -j20 -l20
[0.719s] Invoking command in '/home/asrlab/sample_code_agv/build/joy_linux': CMAKE_PREFIX_PATH=${CMAKE_PREFIX_PATH}:/home/asrlab/sample_code_agv/install/js2fork:/home/asrlab/sample_code_agv/install/joystick_ros2:/home/asrlab/sample_code_agv/install/forklift:/opt/ros/humble /usr/bin/cmake --install /home/asrlab/sample_code_agv/build/joy_linux
[0.724s] -- Install configuration: ""
[0.724s] -- Up-to-date: /home/asrlab/sample_code_agv/install/joy_linux/lib/joy_linux/joy_linux_node
[0.724s] -- Up-to-date: /home/asrlab/sample_code_agv/install/joy_linux/share/ament_index/resource_index/package_run_dependencies/joy_linux
[0.725s] -- Up-to-date: /home/asrlab/sample_code_agv/install/joy_linux/share/ament_index/resource_index/parent_prefix_path/joy_linux
[0.725s] -- Up-to-date: /home/asrlab/sample_code_agv/install/joy_linux/share/joy_linux/environment/ament_prefix_path.sh
[0.725s] -- Up-to-date: /home/asrlab/sample_code_agv/install/joy_linux/share/joy_linux/environment/ament_prefix_path.dsv
[0.725s] -- Up-to-date: /home/asrlab/sample_code_agv/install/joy_linux/share/joy_linux/environment/path.sh
[0.725s] -- Up-to-date: /home/asrlab/sample_code_agv/install/joy_linux/share/joy_linux/environment/path.dsv
[0.725s] -- Up-to-date: /home/asrlab/sample_code_agv/install/joy_linux/share/joy_linux/local_setup.bash
[0.725s] -- Up-to-date: /home/asrlab/sample_code_agv/install/joy_linux/share/joy_linux/local_setup.sh
[0.725s] -- Up-to-date: /home/asrlab/sample_code_agv/install/joy_linux/share/joy_linux/local_setup.zsh
[0.725s] -- Up-to-date: /home/asrlab/sample_code_agv/install/joy_linux/share/joy_linux/local_setup.dsv
[0.725s] -- Installing: /home/asrlab/sample_code_agv/install/joy_linux/share/joy_linux/package.dsv
[0.725s] -- Up-to-date: /home/asrlab/sample_code_agv/install/joy_linux/share/ament_index/resource_index/packages/joy_linux
[0.725s] -- Up-to-date: /home/asrlab/sample_code_agv/install/joy_linux/share/joy_linux/cmake/joy_linuxConfig.cmake
[0.725s] -- Up-to-date: /home/asrlab/sample_code_agv/install/joy_linux/share/joy_linux/cmake/joy_linuxConfig-version.cmake
[0.725s] -- Up-to-date: /home/asrlab/sample_code_agv/install/joy_linux/share/joy_linux/package.xml
[0.734s] Invoked command in '/home/asrlab/sample_code_agv/build/joy_linux' returned '0': CMAKE_PREFIX_PATH=${CMAKE_PREFIX_PATH}:/home/asrlab/sample_code_agv/install/js2fork:/home/asrlab/sample_code_agv/install/joystick_ros2:/home/asrlab/sample_code_agv/install/forklift:/opt/ros/humble /usr/bin/cmake --install /home/asrlab/sample_code_agv/build/joy_linux
