[1.531s] Invoking command in '/home/gavin/AGV_Control/src/forklift': PYTHONPATH=/home/gavin/AGV_Control/build/forklift/prefix_override:/usr/lib/python3/dist-packages/colcon_core/task/python/colcon_distutils_commands:/home/gavin/AGV_Control/install/forklift/lib/python3.10/site-packages:${PYTHONPATH} /usr/bin/python3 -W ignore:setup.py install is deprecated setup.py egg_info --egg-base ../../build/forklift build --build-base /home/gavin/AGV_Control/build/forklift/build install --record /home/gavin/AGV_Control/build/forklift/install.log --single-version-externally-managed install_data
[1.961s] running egg_info
[1.961s] writing ../../build/forklift/forklift.egg-info/PKG-INFO
[1.962s] writing dependency_links to ../../build/forklift/forklift.egg-info/dependency_links.txt
[1.962s] writing entry points to ../../build/forklift/forklift.egg-info/entry_points.txt
[1.962s] writing requirements to ../../build/forklift/forklift.egg-info/requires.txt
[1.963s] writing top-level names to ../../build/forklift/forklift.egg-info/top_level.txt
[1.965s] reading manifest file '../../build/forklift/forklift.egg-info/SOURCES.txt'
[1.966s] writing manifest file '../../build/forklift/forklift.egg-info/SOURCES.txt'
[1.966s] running build
[1.966s] running build_py
[1.967s] running install
[1.967s] running install_lib
[1.970s] running install_data
[1.970s] running install_egg_info
[1.972s] removing '/home/gavin/AGV_Control/install/forklift/lib/python3.10/site-packages/forklift-0.0.0-py3.10.egg-info' (and everything under it)
[1.973s] Copying ../../build/forklift/forklift.egg-info to /home/gavin/AGV_Control/install/forklift/lib/python3.10/site-packages/forklift-0.0.0-py3.10.egg-info
[1.974s] running install_scripts
[2.009s] Installing forklift script to /home/gavin/AGV_Control/install/forklift/lib/forklift
[2.009s] writing list of installed files to '/home/gavin/AGV_Control/build/forklift/install.log'
[2.051s] Invoked command in '/home/gavin/AGV_Control/src/forklift' returned '0': PYTHONPATH=/home/gavin/AGV_Control/build/forklift/prefix_override:/usr/lib/python3/dist-packages/colcon_core/task/python/colcon_distutils_commands:/home/gavin/AGV_Control/install/forklift/lib/python3.10/site-packages:${PYTHONPATH} /usr/bin/python3 -W ignore:setup.py install is deprecated setup.py egg_info --egg-base ../../build/forklift build --build-base /home/gavin/AGV_Control/build/forklift/build install --record /home/gavin/AGV_Control/build/forklift/install.log --single-version-externally-managed install_data
