[2.435s] Invoking command in '/home/gavin/AGV_Control/src/tf_publisher': PYTHONPATH=/home/gavin/AGV_Control/build/tf_publisher/prefix_override:/usr/lib/python3/dist-packages/colcon_core/task/python/colcon_distutils_commands:/home/gavin/AGV_Control/install/tf_publisher/lib/python3.10/site-packages:${PYTHONPATH} /usr/bin/python3 -W ignore:setup.py install is deprecated -W ignore:easy_install command is deprecated setup.py egg_info --egg-base ../../build/tf_publisher build --build-base /home/gavin/AGV_Control/build/tf_publisher/build install --record /home/gavin/AGV_Control/build/tf_publisher/install.log --single-version-externally-managed install_data
[2.892s] running egg_info
[2.893s] writing ../../build/tf_publisher/tf_publisher.egg-info/PKG-INFO
[2.894s] writing dependency_links to ../../build/tf_publisher/tf_publisher.egg-info/dependency_links.txt
[2.894s] writing entry points to ../../build/tf_publisher/tf_publisher.egg-info/entry_points.txt
[2.894s] writing requirements to ../../build/tf_publisher/tf_publisher.egg-info/requires.txt
[2.895s] writing top-level names to ../../build/tf_publisher/tf_publisher.egg-info/top_level.txt
[2.897s] reading manifest file '../../build/tf_publisher/tf_publisher.egg-info/SOURCES.txt'
[2.898s] writing manifest file '../../build/tf_publisher/tf_publisher.egg-info/SOURCES.txt'
[2.899s] running build
[2.899s] running build_py
[2.900s] running install
[2.900s] running install_lib
[2.903s] running install_data
[2.903s] running install_egg_info
[2.906s] removing '/home/gavin/AGV_Control/install/tf_publisher/lib/python3.10/site-packages/tf_publisher-0.0.0-py3.10.egg-info' (and everything under it)
[2.907s] Copying ../../build/tf_publisher/tf_publisher.egg-info to /home/gavin/AGV_Control/install/tf_publisher/lib/python3.10/site-packages/tf_publisher-0.0.0-py3.10.egg-info
[2.908s] running install_scripts
[2.944s] Installing tf_publisher_node script to /home/gavin/AGV_Control/install/tf_publisher/lib/tf_publisher
[2.945s] writing list of installed files to '/home/gavin/AGV_Control/build/tf_publisher/install.log'
[3.009s] Invoked command in '/home/gavin/AGV_Control/src/tf_publisher' returned '0': PYTHONPATH=/home/gavin/AGV_Control/build/tf_publisher/prefix_override:/usr/lib/python3/dist-packages/colcon_core/task/python/colcon_distutils_commands:/home/gavin/AGV_Control/install/tf_publisher/lib/python3.10/site-packages:${PYTHONPATH} /usr/bin/python3 -W ignore:setup.py install is deprecated -W ignore:easy_install command is deprecated setup.py egg_info --egg-base ../../build/tf_publisher build --build-base /home/gavin/AGV_Control/build/tf_publisher/build install --record /home/gavin/AGV_Control/build/tf_publisher/install.log --single-version-externally-managed install_data
