[3.814s] Invoking command in '/home/gavin/AGV_Control/src/forklift': PYTHONPATH=/home/gavin/AGV_Control/build/forklift/prefix_override:/usr/lib/python3/dist-packages/colcon_core/task/python/colcon_distutils_commands:/home/gavin/AGV_Control/install/forklift/lib/python3.10/site-packages:${PYTHONPATH} /usr/bin/python3 -W ignore:setup.py install is deprecated -W ignore:easy_install command is deprecated setup.py egg_info --egg-base ../../build/forklift build --build-base /home/gavin/AGV_Control/build/forklift/build install --record /home/gavin/AGV_Control/build/forklift/install.log --single-version-externally-managed install_data
[4.567s] running egg_info
[4.570s] writing ../../build/forklift/forklift.egg-info/PKG-INFO
[4.571s] writing dependency_links to ../../build/forklift/forklift.egg-info/dependency_links.txt
[4.571s] writing entry points to ../../build/forklift/forklift.egg-info/entry_points.txt
[4.571s] writing requirements to ../../build/forklift/forklift.egg-info/requires.txt
[4.572s] writing top-level names to ../../build/forklift/forklift.egg-info/top_level.txt
[4.578s] reading manifest file '../../build/forklift/forklift.egg-info/SOURCES.txt'
[4.580s] writing manifest file '../../build/forklift/forklift.egg-info/SOURCES.txt'
[4.581s] running build
[4.581s] running build_py
[4.582s] running install
[4.583s] running install_lib
[4.588s] running install_data
[4.588s] running install_egg_info
[4.593s] removing '/home/gavin/AGV_Control/install/forklift/lib/python3.10/site-packages/forklift-0.0.0-py3.10.egg-info' (and everything under it)
[4.594s] Copying ../../build/forklift/forklift.egg-info to /home/gavin/AGV_Control/install/forklift/lib/python3.10/site-packages/forklift-0.0.0-py3.10.egg-info
[4.596s] running install_scripts
[4.662s] Installing forklift script to /home/gavin/AGV_Control/install/forklift/lib/forklift
[4.664s] writing list of installed files to '/home/gavin/AGV_Control/build/forklift/install.log'
[4.761s] Invoked command in '/home/gavin/AGV_Control/src/forklift' returned '0': PYTHONPATH=/home/gavin/AGV_Control/build/forklift/prefix_override:/usr/lib/python3/dist-packages/colcon_core/task/python/colcon_distutils_commands:/home/gavin/AGV_Control/install/forklift/lib/python3.10/site-packages:${PYTHONPATH} /usr/bin/python3 -W ignore:setup.py install is deprecated -W ignore:easy_install command is deprecated setup.py egg_info --egg-base ../../build/forklift build --build-base /home/gavin/AGV_Control/build/forklift/build install --record /home/gavin/AGV_Control/build/forklift/install.log --single-version-externally-managed install_data
