[1.038s] Invoking command in '/home/asrlab/sample_code_agv/src/js2fork': PYTHONPATH=/home/asrlab/sample_code_agv/build/js2fork/prefix_override:/usr/lib/python3/dist-packages/colcon_core/task/python/colcon_distutils_commands:/home/asrlab/sample_code_agv/install/js2fork/lib/python3.10/site-packages:${PYTHONPATH} /usr/bin/python3 -W ignore:setup.py install is deprecated setup.py egg_info --egg-base ../../build/js2fork build --build-base /home/asrlab/sample_code_agv/build/js2fork/build install --record /home/asrlab/sample_code_agv/build/js2fork/install.log --single-version-externally-managed install_data
[1.252s] running egg_info
[1.252s] writing ../../build/js2fork/js2fork.egg-info/PKG-INFO
[1.253s] writing dependency_links to ../../build/js2fork/js2fork.egg-info/dependency_links.txt
[1.253s] writing entry points to ../../build/js2fork/js2fork.egg-info/entry_points.txt
[1.253s] writing requirements to ../../build/js2fork/js2fork.egg-info/requires.txt
[1.253s] writing top-level names to ../../build/js2fork/js2fork.egg-info/top_level.txt
[1.254s] reading manifest file '../../build/js2fork/js2fork.egg-info/SOURCES.txt'
[1.254s] writing manifest file '../../build/js2fork/js2fork.egg-info/SOURCES.txt'
[1.255s] running build
[1.255s] running build_py
[1.255s] running install
[1.255s] running install_lib
[1.256s] running install_data
[1.256s] running install_egg_info
[1.257s] removing '/home/asrlab/sample_code_agv/install/js2fork/lib/python3.10/site-packages/js2fork-0.0.0-py3.10.egg-info' (and everything under it)
[1.257s] Copying ../../build/js2fork/js2fork.egg-info to /home/asrlab/sample_code_agv/install/js2fork/lib/python3.10/site-packages/js2fork-0.0.0-py3.10.egg-info
[1.258s] running install_scripts
[1.272s] Installing js2fork script to /home/asrlab/sample_code_agv/install/js2fork/lib/js2fork
[1.272s] writing list of installed files to '/home/asrlab/sample_code_agv/build/js2fork/install.log'
[1.292s] Invoked command in '/home/asrlab/sample_code_agv/src/js2fork' returned '0': PYTHONPATH=/home/asrlab/sample_code_agv/build/js2fork/prefix_override:/usr/lib/python3/dist-packages/colcon_core/task/python/colcon_distutils_commands:/home/asrlab/sample_code_agv/install/js2fork/lib/python3.10/site-packages:${PYTHONPATH} /usr/bin/python3 -W ignore:setup.py install is deprecated setup.py egg_info --egg-base ../../build/js2fork build --build-base /home/asrlab/sample_code_agv/build/js2fork/build install --record /home/asrlab/sample_code_agv/build/js2fork/install.log --single-version-externally-managed install_data
