[3.537s] Invoking command in '/home/gavin/AGV_Control/src/forklift': PYTHONPATH=/home/gavin/AGV_Control/build/forklift/prefix_override:/usr/lib/python3/dist-packages/colcon_core/task/python/colcon_distutils_commands:/home/gavin/AGV_Control/install/forklift/lib/python3.10/site-packages:${PYTHONPATH} /usr/bin/python3 -W ignore:setup.py install is deprecated -W ignore:easy_install command is deprecated setup.py egg_info --egg-base ../../build/forklift build --build-base /home/gavin/AGV_Control/build/forklift/build install --record /home/gavin/AGV_Control/build/forklift/install.log --single-version-externally-managed install_data
[4.238s] running egg_info
[4.241s] writing ../../build/forklift/forklift.egg-info/PKG-INFO
[4.242s] writing dependency_links to ../../build/forklift/forklift.egg-info/dependency_links.txt
[4.242s] writing entry points to ../../build/forklift/forklift.egg-info/entry_points.txt
[4.242s] writing requirements to ../../build/forklift/forklift.egg-info/requires.txt
[4.242s] writing top-level names to ../../build/forklift/forklift.egg-info/top_level.txt
[4.247s] reading manifest file '../../build/forklift/forklift.egg-info/SOURCES.txt'
[4.248s] writing manifest file '../../build/forklift/forklift.egg-info/SOURCES.txt'
[4.248s] running build
[4.249s] running build_py
[4.249s] running install
[4.250s] running install_lib
[4.255s] running install_data
[4.255s] running install_egg_info
[4.262s] removing '/home/gavin/AGV_Control/install/forklift/lib/python3.10/site-packages/forklift-0.0.0-py3.10.egg-info' (and everything under it)
[4.263s] Copying ../../build/forklift/forklift.egg-info to /home/gavin/AGV_Control/install/forklift/lib/python3.10/site-packages/forklift-0.0.0-py3.10.egg-info
[4.265s] running install_scripts
[4.326s] Installing forklift script to /home/gavin/AGV_Control/install/forklift/lib/forklift
[4.327s] writing list of installed files to '/home/gavin/AGV_Control/build/forklift/install.log'
[4.427s] Invoked command in '/home/gavin/AGV_Control/src/forklift' returned '0': PYTHONPATH=/home/gavin/AGV_Control/build/forklift/prefix_override:/usr/lib/python3/dist-packages/colcon_core/task/python/colcon_distutils_commands:/home/gavin/AGV_Control/install/forklift/lib/python3.10/site-packages:${PYTHONPATH} /usr/bin/python3 -W ignore:setup.py install is deprecated -W ignore:easy_install command is deprecated setup.py egg_info --egg-base ../../build/forklift build --build-base /home/gavin/AGV_Control/build/forklift/build install --record /home/gavin/AGV_Control/build/forklift/install.log --single-version-externally-managed install_data
