[0.024s] Invoking command in '/home/asrlab/sample_code_agv/build/wiimote_msgs': CMAKE_PREFIX_PATH=${CMAKE_PREFIX_PATH}:/home/asrlab/sample_code_agv/install/js2fork:/home/asrlab/sample_code_agv/install/joystick_ros2:/home/asrlab/sample_code_agv/install/forklift:/opt/ros/humble /usr/bin/cmake --build /home/asrlab/sample_code_agv/build/wiimote_msgs -- -j20 -l20
[0.696s] [  2%] Built target wiimote_msgs__cpp
[0.697s] [ 12%] Built target wiimote_msgs__rosidl_generator_c
[0.697s] [ 12%] Built target ament_cmake_python_copy_wiimote_msgs
[0.697s] [ 34%] Built target wiimote_msgs__rosidl_typesupport_cpp
[0.697s] [ 34%] Built target wiimote_msgs__rosidl_typesupport_fastrtps_cpp
[0.697s] [ 44%] Built target wiimote_msgs__rosidl_typesupport_introspection_cpp
[0.697s] [ 65%] Built target wiimote_msgs__rosidl_typesupport_introspection_c
[0.697s] [ 65%] Built target wiimote_msgs__rosidl_typesupport_c
[0.697s] [ 76%] Built target wiimote_msgs__rosidl_typesupport_fastrtps_c
[0.698s] [ 76%] Built target wiimote_msgs
[0.698s] [ 78%] Built target wiimote_msgs__py
[0.698s] [ 87%] Built target wiimote_msgs__rosidl_generator_py
[0.698s] [ 95%] Built target wiimote_msgs__rosidl_typesupport_c__pyext
[0.698s] [ 95%] Built target wiimote_msgs__rosidl_typesupport_introspection_c__pyext
[0.698s] [100%] Built target wiimote_msgs__rosidl_typesupport_fastrtps_c__pyext
[0.698s] running egg_info
[0.698s] writing wiimote_msgs.egg-info/PKG-INFO
[0.698s] writing dependency_links to wiimote_msgs.egg-info/dependency_links.txt
[0.698s] writing top-level names to wiimote_msgs.egg-info/top_level.txt
[0.698s] reading manifest file 'wiimote_msgs.egg-info/SOURCES.txt'
[0.698s] writing manifest file 'wiimote_msgs.egg-info/SOURCES.txt'
[0.698s] [100%] Built target ament_cmake_python_build_wiimote_msgs_egg
[0.701s] Invoked command in '/home/asrlab/sample_code_agv/build/wiimote_msgs' returned '0': CMAKE_PREFIX_PATH=${CMAKE_PREFIX_PATH}:/home/asrlab/sample_code_agv/install/js2fork:/home/asrlab/sample_code_agv/install/joystick_ros2:/home/asrlab/sample_code_agv/install/forklift:/opt/ros/humble /usr/bin/cmake --build /home/asrlab/sample_code_agv/build/wiimote_msgs -- -j20 -l20
[0.763s] Invoking command in '/home/asrlab/sample_code_agv/build/wiimote_msgs': CMAKE_PREFIX_PATH=${CMAKE_PREFIX_PATH}:/home/asrlab/sample_code_agv/install/js2fork:/home/asrlab/sample_code_agv/install/joystick_ros2:/home/asrlab/sample_code_agv/install/forklift:/opt/ros/humble /usr/bin/cmake --install /home/asrlab/sample_code_agv/build/wiimote_msgs
[0.770s] -- Install configuration: ""
[0.770s] -- Up-to-date: /home/asrlab/sample_code_agv/install/wiimote_msgs/share/ament_index/resource_index/rosidl_interfaces/wiimote_msgs
[0.770s] -- Up-to-date: /home/asrlab/sample_code_agv/install/wiimote_msgs/include/wiimote_msgs/wiimote_msgs
[0.770s] -- Up-to-date: /home/asrlab/sample_code_agv/install/wiimote_msgs/include/wiimote_msgs/wiimote_msgs/msg
[0.770s] -- Up-to-date: /home/asrlab/sample_code_agv/install/wiimote_msgs/include/wiimote_msgs/wiimote_msgs/msg/ir_source_info.h
[0.770s] -- Up-to-date: /home/asrlab/sample_code_agv/install/wiimote_msgs/include/wiimote_msgs/wiimote_msgs/msg/rosidl_generator_c__visibility_control.h
[0.770s] -- Up-to-date: /home/asrlab/sample_code_agv/install/wiimote_msgs/include/wiimote_msgs/wiimote_msgs/msg/state.h
[0.770s] -- Up-to-date: /home/asrlab/sample_code_agv/install/wiimote_msgs/include/wiimote_msgs/wiimote_msgs/msg/timed_switch.h
[0.771s] -- Up-to-date: /home/asrlab/sample_code_agv/install/wiimote_msgs/include/wiimote_msgs/wiimote_msgs/msg/detail
[0.771s] -- Up-to-date: /home/asrlab/sample_code_agv/install/wiimote_msgs/include/wiimote_msgs/wiimote_msgs/msg/detail/ir_source_info__functions.h
[0.772s] -- Up-to-date: /home/asrlab/sample_code_agv/install/wiimote_msgs/include/wiimote_msgs/wiimote_msgs/msg/detail/timed_switch__functions.c
[0.772s] -- Up-to-date: /home/asrlab/sample_code_agv/install/wiimote_msgs/include/wiimote_msgs/wiimote_msgs/msg/detail/state__type_support.h
[0.773s] -- Up-to-date: /home/asrlab/sample_code_agv/install/wiimote_msgs/include/wiimote_msgs/wiimote_msgs/msg/detail/timed_switch__functions.h
[0.773s] -- Up-to-date: /home/asrlab/sample_code_agv/install/wiimote_msgs/include/wiimote_msgs/wiimote_msgs/msg/detail/timed_switch__type_support.h
[0.773s] -- Up-to-date: /home/asrlab/sample_code_agv/install/wiimote_msgs/include/wiimote_msgs/wiimote_msgs/msg/detail/ir_source_info__functions.c
[0.773s] -- Up-to-date: /home/asrlab/sample_code_agv/install/wiimote_msgs/include/wiimote_msgs/wiimote_msgs/msg/detail/state__functions.h
[0.773s] -- Up-to-date: /home/asrlab/sample_code_agv/install/wiimote_msgs/include/wiimote_msgs/wiimote_msgs/msg/detail/state__functions.c
[0.773s] -- Up-to-date: /home/asrlab/sample_code_agv/install/wiimote_msgs/include/wiimote_msgs/wiimote_msgs/msg/detail/state__struct.h
[0.773s] -- Up-to-date: /home/asrlab/sample_code_agv/install/wiimote_msgs/include/wiimote_msgs/wiimote_msgs/msg/detail/timed_switch__struct.h
[0.773s] -- Up-to-date: /home/asrlab/sample_code_agv/install/wiimote_msgs/include/wiimote_msgs/wiimote_msgs/msg/detail/ir_source_info__struct.h
[0.773s] -- Up-to-date: /home/asrlab/sample_code_agv/install/wiimote_msgs/include/wiimote_msgs/wiimote_msgs/msg/detail/ir_source_info__type_support.h
[0.773s] -- Up-to-date: /home/asrlab/sample_code_agv/install/wiimote_msgs/share/wiimote_msgs/environment/library_path.sh
[0.773s] -- Up-to-date: /home/asrlab/sample_code_agv/install/wiimote_msgs/share/wiimote_msgs/environment/library_path.dsv
[0.773s] -- Up-to-date: /home/asrlab/sample_code_agv/install/wiimote_msgs/lib/libwiimote_msgs__rosidl_generator_c.so
[0.773s] -- Up-to-date: /home/asrlab/sample_code_agv/install/wiimote_msgs/include/wiimote_msgs/wiimote_msgs
[0.774s] -- Up-to-date: /home/asrlab/sample_code_agv/install/wiimote_msgs/include/wiimote_msgs/wiimote_msgs/msg
[0.774s] -- Up-to-date: /home/asrlab/sample_code_agv/install/wiimote_msgs/include/wiimote_msgs/wiimote_msgs/msg/rosidl_typesupport_fastrtps_c__visibility_control.h
[0.774s] -- Up-to-date: /home/asrlab/sample_code_agv/install/wiimote_msgs/include/wiimote_msgs/wiimote_msgs/msg/detail
[0.774s] -- Up-to-date: /home/asrlab/sample_code_agv/install/wiimote_msgs/include/wiimote_msgs/wiimote_msgs/msg/detail/timed_switch__rosidl_typesupport_fastrtps_c.h
[0.774s] -- Up-to-date: /home/asrlab/sample_code_agv/install/wiimote_msgs/include/wiimote_msgs/wiimote_msgs/msg/detail/ir_source_info__rosidl_typesupport_fastrtps_c.h
[0.774s] -- Up-to-date: /home/asrlab/sample_code_agv/install/wiimote_msgs/include/wiimote_msgs/wiimote_msgs/msg/detail/state__rosidl_typesupport_fastrtps_c.h
[0.774s] -- Up-to-date: /home/asrlab/sample_code_agv/install/wiimote_msgs/lib/libwiimote_msgs__rosidl_typesupport_fastrtps_c.so
[0.774s] -- Up-to-date: /home/asrlab/sample_code_agv/install/wiimote_msgs/include/wiimote_msgs/wiimote_msgs
[0.774s] -- Up-to-date: /home/asrlab/sample_code_agv/install/wiimote_msgs/include/wiimote_msgs/wiimote_msgs/msg
[0.774s] -- Up-to-date: /home/asrlab/sample_code_agv/install/wiimote_msgs/include/wiimote_msgs/wiimote_msgs/msg/state.hpp
[0.774s] -- Up-to-date: /home/asrlab/sample_code_agv/install/wiimote_msgs/include/wiimote_msgs/wiimote_msgs/msg/ir_source_info.hpp
[0.774s] -- Up-to-date: /home/asrlab/sample_code_agv/install/wiimote_msgs/include/wiimote_msgs/wiimote_msgs/msg/timed_switch.hpp
[0.774s] -- Up-to-date: /home/asrlab/sample_code_agv/install/wiimote_msgs/include/wiimote_msgs/wiimote_msgs/msg/detail
[0.774s] -- Up-to-date: /home/asrlab/sample_code_agv/install/wiimote_msgs/include/wiimote_msgs/wiimote_msgs/msg/detail/state__builder.hpp
[0.775s] -- Up-to-date: /home/asrlab/sample_code_agv/install/wiimote_msgs/include/wiimote_msgs/wiimote_msgs/msg/detail/state__struct.hpp
[0.775s] -- Up-to-date: /home/asrlab/sample_code_agv/install/wiimote_msgs/include/wiimote_msgs/wiimote_msgs/msg/detail/state__traits.hpp
[0.775s] -- Up-to-date: /home/asrlab/sample_code_agv/install/wiimote_msgs/include/wiimote_msgs/wiimote_msgs/msg/detail/timed_switch__traits.hpp
[0.775s] -- Up-to-date: /home/asrlab/sample_code_agv/install/wiimote_msgs/include/wiimote_msgs/wiimote_msgs/msg/detail/ir_source_info__struct.hpp
[0.775s] -- Up-to-date: /home/asrlab/sample_code_agv/install/wiimote_msgs/include/wiimote_msgs/wiimote_msgs/msg/detail/timed_switch__builder.hpp
[0.775s] -- Up-to-date: /home/asrlab/sample_code_agv/install/wiimote_msgs/include/wiimote_msgs/wiimote_msgs/msg/detail/ir_source_info__builder.hpp
[0.775s] -- Up-to-date: /home/asrlab/sample_code_agv/install/wiimote_msgs/include/wiimote_msgs/wiimote_msgs/msg/detail/ir_source_info__traits.hpp
[0.775s] -- Up-to-date: /home/asrlab/sample_code_agv/install/wiimote_msgs/include/wiimote_msgs/wiimote_msgs/msg/detail/timed_switch__struct.hpp
[0.775s] -- Up-to-date: /home/asrlab/sample_code_agv/install/wiimote_msgs/include/wiimote_msgs/wiimote_msgs
[0.775s] -- Up-to-date: /home/asrlab/sample_code_agv/install/wiimote_msgs/include/wiimote_msgs/wiimote_msgs/msg
[0.775s] -- Up-to-date: /home/asrlab/sample_code_agv/install/wiimote_msgs/include/wiimote_msgs/wiimote_msgs/msg/rosidl_typesupport_fastrtps_cpp__visibility_control.h
[0.775s] -- Up-to-date: /home/asrlab/sample_code_agv/install/wiimote_msgs/include/wiimote_msgs/wiimote_msgs/msg/detail
[0.775s] -- Up-to-date: /home/asrlab/sample_code_agv/install/wiimote_msgs/include/wiimote_msgs/wiimote_msgs/msg/detail/ir_source_info__rosidl_typesupport_fastrtps_cpp.hpp
[0.776s] -- Up-to-date: /home/asrlab/sample_code_agv/install/wiimote_msgs/include/wiimote_msgs/wiimote_msgs/msg/detail/dds_fastrtps
[0.776s] -- Up-to-date: /home/asrlab/sample_code_agv/install/wiimote_msgs/include/wiimote_msgs/wiimote_msgs/msg/detail/state__rosidl_typesupport_fastrtps_cpp.hpp
[0.776s] -- Up-to-date: /home/asrlab/sample_code_agv/install/wiimote_msgs/include/wiimote_msgs/wiimote_msgs/msg/detail/timed_switch__rosidl_typesupport_fastrtps_cpp.hpp
[0.776s] -- Up-to-date: /home/asrlab/sample_code_agv/install/wiimote_msgs/lib/libwiimote_msgs__rosidl_typesupport_fastrtps_cpp.so
[0.776s] -- Up-to-date: /home/asrlab/sample_code_agv/install/wiimote_msgs/include/wiimote_msgs/wiimote_msgs
[0.776s] -- Up-to-date: /home/asrlab/sample_code_agv/install/wiimote_msgs/include/wiimote_msgs/wiimote_msgs/msg
[0.776s] -- Up-to-date: /home/asrlab/sample_code_agv/install/wiimote_msgs/include/wiimote_msgs/wiimote_msgs/msg/rosidl_typesupport_introspection_c__visibility_control.h
[0.776s] -- Up-to-date: /home/asrlab/sample_code_agv/install/wiimote_msgs/include/wiimote_msgs/wiimote_msgs/msg/detail
[0.776s] -- Up-to-date: /home/asrlab/sample_code_agv/install/wiimote_msgs/include/wiimote_msgs/wiimote_msgs/msg/detail/timed_switch__rosidl_typesupport_introspection_c.h
[0.776s] -- Up-to-date: /home/asrlab/sample_code_agv/install/wiimote_msgs/include/wiimote_msgs/wiimote_msgs/msg/detail/state__rosidl_typesupport_introspection_c.h
[0.776s] -- Up-to-date: /home/asrlab/sample_code_agv/install/wiimote_msgs/include/wiimote_msgs/wiimote_msgs/msg/detail/ir_source_info__rosidl_typesupport_introspection_c.h
[0.776s] -- Up-to-date: /home/asrlab/sample_code_agv/install/wiimote_msgs/include/wiimote_msgs/wiimote_msgs/msg/detail/state__type_support.c
[0.776s] -- Up-to-date: /home/asrlab/sample_code_agv/install/wiimote_msgs/include/wiimote_msgs/wiimote_msgs/msg/detail/ir_source_info__type_support.c
[0.777s] -- Up-to-date: /home/asrlab/sample_code_agv/install/wiimote_msgs/include/wiimote_msgs/wiimote_msgs/msg/detail/timed_switch__type_support.c
[0.777s] -- Up-to-date: /home/asrlab/sample_code_agv/install/wiimote_msgs/lib/libwiimote_msgs__rosidl_typesupport_introspection_c.so
[0.777s] -- Up-to-date: /home/asrlab/sample_code_agv/install/wiimote_msgs/lib/libwiimote_msgs__rosidl_typesupport_c.so
[0.777s] -- Up-to-date: /home/asrlab/sample_code_agv/install/wiimote_msgs/include/wiimote_msgs/wiimote_msgs
[0.777s] -- Up-to-date: /home/asrlab/sample_code_agv/install/wiimote_msgs/include/wiimote_msgs/wiimote_msgs/msg
[0.777s] -- Up-to-date: /home/asrlab/sample_code_agv/install/wiimote_msgs/include/wiimote_msgs/wiimote_msgs/msg/detail
[0.777s] -- Up-to-date: /home/asrlab/sample_code_agv/install/wiimote_msgs/include/wiimote_msgs/wiimote_msgs/msg/detail/timed_switch__rosidl_typesupport_introspection_cpp.hpp
[0.777s] -- Up-to-date: /home/asrlab/sample_code_agv/install/wiimote_msgs/include/wiimote_msgs/wiimote_msgs/msg/detail/state__type_support.cpp
[0.777s] -- Up-to-date: /home/asrlab/sample_code_agv/install/wiimote_msgs/include/wiimote_msgs/wiimote_msgs/msg/detail/state__rosidl_typesupport_introspection_cpp.hpp
[0.777s] -- Up-to-date: /home/asrlab/sample_code_agv/install/wiimote_msgs/include/wiimote_msgs/wiimote_msgs/msg/detail/timed_switch__type_support.cpp
[0.777s] -- Up-to-date: /home/asrlab/sample_code_agv/install/wiimote_msgs/include/wiimote_msgs/wiimote_msgs/msg/detail/ir_source_info__rosidl_typesupport_introspection_cpp.hpp
[0.778s] -- Up-to-date: /home/asrlab/sample_code_agv/install/wiimote_msgs/include/wiimote_msgs/wiimote_msgs/msg/detail/ir_source_info__type_support.cpp
[0.778s] -- Up-to-date: /home/asrlab/sample_code_agv/install/wiimote_msgs/lib/libwiimote_msgs__rosidl_typesupport_introspection_cpp.so
[0.778s] -- Up-to-date: /home/asrlab/sample_code_agv/install/wiimote_msgs/lib/libwiimote_msgs__rosidl_typesupport_cpp.so
[0.778s] -- Up-to-date: /home/asrlab/sample_code_agv/install/wiimote_msgs/share/wiimote_msgs/environment/pythonpath.sh
[0.778s] -- Up-to-date: /home/asrlab/sample_code_agv/install/wiimote_msgs/share/wiimote_msgs/environment/pythonpath.dsv
[0.778s] -- Up-to-date: /home/asrlab/sample_code_agv/install/wiimote_msgs/local/lib/python3.10/dist-packages/wiimote_msgs-3.3.0-py3.10.egg-info
[0.778s] -- Installing: /home/asrlab/sample_code_agv/install/wiimote_msgs/local/lib/python3.10/dist-packages/wiimote_msgs-3.3.0-py3.10.egg-info/dependency_links.txt
[0.778s] -- Installing: /home/asrlab/sample_code_agv/install/wiimote_msgs/local/lib/python3.10/dist-packages/wiimote_msgs-3.3.0-py3.10.egg-info/SOURCES.txt
[0.778s] -- Installing: /home/asrlab/sample_code_agv/install/wiimote_msgs/local/lib/python3.10/dist-packages/wiimote_msgs-3.3.0-py3.10.egg-info/PKG-INFO
[0.778s] -- Installing: /home/asrlab/sample_code_agv/install/wiimote_msgs/local/lib/python3.10/dist-packages/wiimote_msgs-3.3.0-py3.10.egg-info/top_level.txt
[0.778s] -- Up-to-date: /home/asrlab/sample_code_agv/install/wiimote_msgs/local/lib/python3.10/dist-packages/wiimote_msgs
[0.779s] -- Up-to-date: /home/asrlab/sample_code_agv/install/wiimote_msgs/local/lib/python3.10/dist-packages/wiimote_msgs/_wiimote_msgs_s.ep.rosidl_typesupport_introspection_c.c
[0.779s] -- Up-to-date: /home/asrlab/sample_code_agv/install/wiimote_msgs/local/lib/python3.10/dist-packages/wiimote_msgs/wiimote_msgs_s__rosidl_typesupport_fastrtps_c.cpython-310-x86_64-linux-gnu.so
[0.779s] -- Up-to-date: /home/asrlab/sample_code_agv/install/wiimote_msgs/local/lib/python3.10/dist-packages/wiimote_msgs/_wiimote_msgs_s.ep.rosidl_typesupport_c.c
[0.779s] -- Up-to-date: /home/asrlab/sample_code_agv/install/wiimote_msgs/local/lib/python3.10/dist-packages/wiimote_msgs/wiimote_msgs_s__rosidl_typesupport_c.cpython-310-x86_64-linux-gnu.so
[0.779s] -- Up-to-date: /home/asrlab/sample_code_agv/install/wiimote_msgs/local/lib/python3.10/dist-packages/wiimote_msgs/msg
[0.779s] -- Up-to-date: /home/asrlab/sample_code_agv/install/wiimote_msgs/local/lib/python3.10/dist-packages/wiimote_msgs/msg/_timed_switch.py
[0.779s] -- Up-to-date: /home/asrlab/sample_code_agv/install/wiimote_msgs/local/lib/python3.10/dist-packages/wiimote_msgs/msg/_timed_switch_s.c
[0.779s] -- Up-to-date: /home/asrlab/sample_code_agv/install/wiimote_msgs/local/lib/python3.10/dist-packages/wiimote_msgs/msg/_state_s.c
[0.779s] -- Up-to-date: /home/asrlab/sample_code_agv/install/wiimote_msgs/local/lib/python3.10/dist-packages/wiimote_msgs/msg/_state.py
[0.779s] -- Up-to-date: /home/asrlab/sample_code_agv/install/wiimote_msgs/local/lib/python3.10/dist-packages/wiimote_msgs/msg/_ir_source_info_s.c
[0.779s] -- Up-to-date: /home/asrlab/sample_code_agv/install/wiimote_msgs/local/lib/python3.10/dist-packages/wiimote_msgs/msg/_ir_source_info.py
[0.779s] -- Up-to-date: /home/asrlab/sample_code_agv/install/wiimote_msgs/local/lib/python3.10/dist-packages/wiimote_msgs/msg/__init__.py
[0.779s] -- Up-to-date: /home/asrlab/sample_code_agv/install/wiimote_msgs/local/lib/python3.10/dist-packages/wiimote_msgs/_wiimote_msgs_s.ep.rosidl_typesupport_fastrtps_c.c
[0.780s] -- Up-to-date: /home/asrlab/sample_code_agv/install/wiimote_msgs/local/lib/python3.10/dist-packages/wiimote_msgs/wiimote_msgs_s__rosidl_typesupport_introspection_c.cpython-310-x86_64-linux-gnu.so
[0.780s] -- Up-to-date: /home/asrlab/sample_code_agv/install/wiimote_msgs/local/lib/python3.10/dist-packages/wiimote_msgs/libwiimote_msgs__rosidl_generator_py.so
[0.780s] -- Up-to-date: /home/asrlab/sample_code_agv/install/wiimote_msgs/local/lib/python3.10/dist-packages/wiimote_msgs/__init__.py
[0.797s] Listing '/home/asrlab/sample_code_agv/install/wiimote_msgs/local/lib/python3.10/dist-packages/wiimote_msgs'...
[0.797s] Listing '/home/asrlab/sample_code_agv/install/wiimote_msgs/local/lib/python3.10/dist-packages/wiimote_msgs/msg'...
[0.801s] -- Up-to-date: /home/asrlab/sample_code_agv/install/wiimote_msgs/local/lib/python3.10/dist-packages/wiimote_msgs/wiimote_msgs_s__rosidl_typesupport_fastrtps_c.cpython-310-x86_64-linux-gnu.so
[0.801s] -- Up-to-date: /home/asrlab/sample_code_agv/install/wiimote_msgs/local/lib/python3.10/dist-packages/wiimote_msgs/wiimote_msgs_s__rosidl_typesupport_introspection_c.cpython-310-x86_64-linux-gnu.so
[0.801s] -- Up-to-date: /home/asrlab/sample_code_agv/install/wiimote_msgs/local/lib/python3.10/dist-packages/wiimote_msgs/wiimote_msgs_s__rosidl_typesupport_c.cpython-310-x86_64-linux-gnu.so
[0.801s] -- Up-to-date: /home/asrlab/sample_code_agv/install/wiimote_msgs/lib/libwiimote_msgs__rosidl_generator_py.so
[0.801s] -- Up-to-date: /home/asrlab/sample_code_agv/install/wiimote_msgs/share/wiimote_msgs/msg/IrSourceInfo.idl
[0.802s] -- Up-to-date: /home/asrlab/sample_code_agv/install/wiimote_msgs/share/wiimote_msgs/msg/State.idl
[0.802s] -- Up-to-date: /home/asrlab/sample_code_agv/install/wiimote_msgs/share/wiimote_msgs/msg/TimedSwitch.idl
[0.802s] -- Up-to-date: /home/asrlab/sample_code_agv/install/wiimote_msgs/share/wiimote_msgs/msg/IrSourceInfo.msg
[0.802s] -- Up-to-date: /home/asrlab/sample_code_agv/install/wiimote_msgs/share/wiimote_msgs/msg/State.msg
[0.802s] -- Up-to-date: /home/asrlab/sample_code_agv/install/wiimote_msgs/share/wiimote_msgs/msg/TimedSwitch.msg
[0.802s] -- Up-to-date: /home/asrlab/sample_code_agv/install/wiimote_msgs/share/ament_index/resource_index/package_run_dependencies/wiimote_msgs
[0.802s] -- Up-to-date: /home/asrlab/sample_code_agv/install/wiimote_msgs/share/ament_index/resource_index/parent_prefix_path/wiimote_msgs
[0.802s] -- Up-to-date: /home/asrlab/sample_code_agv/install/wiimote_msgs/share/wiimote_msgs/environment/ament_prefix_path.sh
[0.802s] -- Up-to-date: /home/asrlab/sample_code_agv/install/wiimote_msgs/share/wiimote_msgs/environment/ament_prefix_path.dsv
[0.802s] -- Up-to-date: /home/asrlab/sample_code_agv/install/wiimote_msgs/share/wiimote_msgs/environment/path.sh
[0.803s] -- Up-to-date: /home/asrlab/sample_code_agv/install/wiimote_msgs/share/wiimote_msgs/environment/path.dsv
[0.803s] -- Up-to-date: /home/asrlab/sample_code_agv/install/wiimote_msgs/share/wiimote_msgs/local_setup.bash
[0.803s] -- Up-to-date: /home/asrlab/sample_code_agv/install/wiimote_msgs/share/wiimote_msgs/local_setup.sh
[0.803s] -- Up-to-date: /home/asrlab/sample_code_agv/install/wiimote_msgs/share/wiimote_msgs/local_setup.zsh
[0.803s] -- Up-to-date: /home/asrlab/sample_code_agv/install/wiimote_msgs/share/wiimote_msgs/local_setup.dsv
[0.803s] -- Installing: /home/asrlab/sample_code_agv/install/wiimote_msgs/share/wiimote_msgs/package.dsv
[0.803s] -- Up-to-date: /home/asrlab/sample_code_agv/install/wiimote_msgs/share/ament_index/resource_index/packages/wiimote_msgs
[0.803s] -- Up-to-date: /home/asrlab/sample_code_agv/install/wiimote_msgs/share/wiimote_msgs/cmake/export_wiimote_msgs__rosidl_generator_cExport.cmake
[0.803s] -- Up-to-date: /home/asrlab/sample_code_agv/install/wiimote_msgs/share/wiimote_msgs/cmake/export_wiimote_msgs__rosidl_generator_cExport-noconfig.cmake
[0.803s] -- Up-to-date: /home/asrlab/sample_code_agv/install/wiimote_msgs/share/wiimote_msgs/cmake/export_wiimote_msgs__rosidl_typesupport_fastrtps_cExport.cmake
[0.803s] -- Up-to-date: /home/asrlab/sample_code_agv/install/wiimote_msgs/share/wiimote_msgs/cmake/export_wiimote_msgs__rosidl_typesupport_fastrtps_cExport-noconfig.cmake
[0.803s] -- Up-to-date: /home/asrlab/sample_code_agv/install/wiimote_msgs/share/wiimote_msgs/cmake/export_wiimote_msgs__rosidl_generator_cppExport.cmake
[0.803s] -- Up-to-date: /home/asrlab/sample_code_agv/install/wiimote_msgs/share/wiimote_msgs/cmake/export_wiimote_msgs__rosidl_typesupport_fastrtps_cppExport.cmake
[0.804s] -- Up-to-date: /home/asrlab/sample_code_agv/install/wiimote_msgs/share/wiimote_msgs/cmake/export_wiimote_msgs__rosidl_typesupport_fastrtps_cppExport-noconfig.cmake
[0.804s] -- Up-to-date: /home/asrlab/sample_code_agv/install/wiimote_msgs/share/wiimote_msgs/cmake/wiimote_msgs__rosidl_typesupport_introspection_cExport.cmake
[0.805s] -- Up-to-date: /home/asrlab/sample_code_agv/install/wiimote_msgs/share/wiimote_msgs/cmake/wiimote_msgs__rosidl_typesupport_introspection_cExport-noconfig.cmake
[0.805s] -- Up-to-date: /home/asrlab/sample_code_agv/install/wiimote_msgs/share/wiimote_msgs/cmake/wiimote_msgs__rosidl_typesupport_cExport.cmake
[0.805s] -- Up-to-date: /home/asrlab/sample_code_agv/install/wiimote_msgs/share/wiimote_msgs/cmake/wiimote_msgs__rosidl_typesupport_cExport-noconfig.cmake
[0.805s] -- Up-to-date: /home/asrlab/sample_code_agv/install/wiimote_msgs/share/wiimote_msgs/cmake/wiimote_msgs__rosidl_typesupport_introspection_cppExport.cmake
[0.805s] -- Up-to-date: /home/asrlab/sample_code_agv/install/wiimote_msgs/share/wiimote_msgs/cmake/wiimote_msgs__rosidl_typesupport_introspection_cppExport-noconfig.cmake
[0.805s] -- Up-to-date: /home/asrlab/sample_code_agv/install/wiimote_msgs/share/wiimote_msgs/cmake/wiimote_msgs__rosidl_typesupport_cppExport.cmake
[0.805s] -- Up-to-date: /home/asrlab/sample_code_agv/install/wiimote_msgs/share/wiimote_msgs/cmake/wiimote_msgs__rosidl_typesupport_cppExport-noconfig.cmake
[0.805s] -- Up-to-date: /home/asrlab/sample_code_agv/install/wiimote_msgs/share/wiimote_msgs/cmake/export_wiimote_msgs__rosidl_generator_pyExport.cmake
[0.805s] -- Up-to-date: /home/asrlab/sample_code_agv/install/wiimote_msgs/share/wiimote_msgs/cmake/export_wiimote_msgs__rosidl_generator_pyExport-noconfig.cmake
[0.806s] -- Up-to-date: /home/asrlab/sample_code_agv/install/wiimote_msgs/share/wiimote_msgs/cmake/rosidl_cmake-extras.cmake
[0.806s] -- Up-to-date: /home/asrlab/sample_code_agv/install/wiimote_msgs/share/wiimote_msgs/cmake/ament_cmake_export_dependencies-extras.cmake
[0.806s] -- Up-to-date: /home/asrlab/sample_code_agv/install/wiimote_msgs/share/wiimote_msgs/cmake/ament_cmake_export_include_directories-extras.cmake
[0.806s] -- Up-to-date: /home/asrlab/sample_code_agv/install/wiimote_msgs/share/wiimote_msgs/cmake/ament_cmake_export_libraries-extras.cmake
[0.806s] -- Up-to-date: /home/asrlab/sample_code_agv/install/wiimote_msgs/share/wiimote_msgs/cmake/ament_cmake_export_targets-extras.cmake
[0.807s] -- Up-to-date: /home/asrlab/sample_code_agv/install/wiimote_msgs/share/wiimote_msgs/cmake/rosidl_cmake_export_typesupport_targets-extras.cmake
[0.807s] -- Up-to-date: /home/asrlab/sample_code_agv/install/wiimote_msgs/share/wiimote_msgs/cmake/rosidl_cmake_export_typesupport_libraries-extras.cmake
[0.807s] -- Up-to-date: /home/asrlab/sample_code_agv/install/wiimote_msgs/share/wiimote_msgs/cmake/wiimote_msgsConfig.cmake
[0.807s] -- Up-to-date: /home/asrlab/sample_code_agv/install/wiimote_msgs/share/wiimote_msgs/cmake/wiimote_msgsConfig-version.cmake
[0.807s] -- Up-to-date: /home/asrlab/sample_code_agv/install/wiimote_msgs/share/wiimote_msgs/package.xml
[0.807s] Invoked command in '/home/asrlab/sample_code_agv/build/wiimote_msgs' returned '0': CMAKE_PREFIX_PATH=${CMAKE_PREFIX_PATH}:/home/asrlab/sample_code_agv/install/js2fork:/home/asrlab/sample_code_agv/install/joystick_ros2:/home/asrlab/sample_code_agv/install/forklift:/opt/ros/humble /usr/bin/cmake --install /home/asrlab/sample_code_agv/build/wiimote_msgs
