[3.523s] Invoking command in '/home/gavin/AGV_Control/src/js2fork': PYTHONPATH=/home/gavin/AGV_Control/build/js2fork/prefix_override:/usr/lib/python3/dist-packages/colcon_core/task/python/colcon_distutils_commands:/home/gavin/AGV_Control/install/js2fork/lib/python3.10/site-packages:${PYTHONPATH} /usr/bin/python3 -W ignore:setup.py install is deprecated -W ignore:easy_install command is deprecated setup.py egg_info --egg-base ../../build/js2fork build --build-base /home/gavin/AGV_Control/build/js2fork/build install --record /home/gavin/AGV_Control/build/js2fork/install.log --single-version-externally-managed install_data
[4.230s] running egg_info
[4.232s] writing ../../build/js2fork/js2fork.egg-info/PKG-INFO
[4.233s] writing dependency_links to ../../build/js2fork/js2fork.egg-info/dependency_links.txt
[4.234s] writing entry points to ../../build/js2fork/js2fork.egg-info/entry_points.txt
[4.234s] writing requirements to ../../build/js2fork/js2fork.egg-info/requires.txt
[4.234s] writing top-level names to ../../build/js2fork/js2fork.egg-info/top_level.txt
[4.238s] reading manifest file '../../build/js2fork/js2fork.egg-info/SOURCES.txt'
[4.240s] writing manifest file '../../build/js2fork/js2fork.egg-info/SOURCES.txt'
[4.240s] running build
[4.241s] running build_py
[4.241s] running install
[4.242s] running install_lib
[4.247s] running install_data
[4.247s] running install_egg_info
[4.252s] removing '/home/gavin/AGV_Control/install/js2fork/lib/python3.10/site-packages/js2fork-0.0.0-py3.10.egg-info' (and everything under it)
[4.253s] Copying ../../build/js2fork/js2fork.egg-info to /home/gavin/AGV_Control/install/js2fork/lib/python3.10/site-packages/js2fork-0.0.0-py3.10.egg-info
[4.255s] running install_scripts
[4.314s] Installing js2fork script to /home/gavin/AGV_Control/install/js2fork/lib/js2fork
[4.316s] writing list of installed files to '/home/gavin/AGV_Control/build/js2fork/install.log'
[4.434s] Invoked command in '/home/gavin/AGV_Control/src/js2fork' returned '0': PYTHONPATH=/home/gavin/AGV_Control/build/js2fork/prefix_override:/usr/lib/python3/dist-packages/colcon_core/task/python/colcon_distutils_commands:/home/gavin/AGV_Control/install/js2fork/lib/python3.10/site-packages:${PYTHONPATH} /usr/bin/python3 -W ignore:setup.py install is deprecated -W ignore:easy_install command is deprecated setup.py egg_info --egg-base ../../build/js2fork build --build-base /home/gavin/AGV_Control/build/js2fork/build install --record /home/gavin/AGV_Control/build/js2fork/install.log --single-version-externally-managed install_data
