[0.250s] DEBUG:colcon:Command line arguments: ['/usr/bin/colcon', 'build']
[0.250s] DEBUG:colcon:Parsed command line arguments: Namespace(log_base=None, log_level=None, verb_name='build', build_base='build', install_base='install', merge_install=False, symlink_install=False, test_result_base=None, continue_on_error=False, executor='parallel', parallel_workers=8, event_handlers=None, ignore_user_meta=False, metas=['./colcon.meta'], base_paths=['.'], packages_ignore=None, packages_ignore_regex=None, paths=None, packages_up_to=None, packages_up_to_regex=None, packages_above=None, packages_above_and_dependencies=None, packages_above_depth=None, packages_select_by_dep=None, packages_skip_by_dep=None, packages_skip_up_to=None, packages_select_build_failed=False, packages_skip_build_finished=False, packages_select_test_failures=False, packages_skip_test_passed=False, packages_select=None, packages_skip=None, packages_select_regex=None, packages_skip_regex=None, packages_start=None, packages_end=None, allow_overriding=[], cmake_args=None, cmake_target=None, cmake_target_skip_unavailable=False, cmake_clean_cache=False, cmake_clean_first=False, cmake_force_configure=False, ament_cmake_args=None, catkin_cmake_args=None, catkin_skip_building_tests=False, mixin_files=None, mixin=None, verb_parser=<colcon_mixin.mixin.mixin_argument.MixinArgumentDecorator object at 0x795fc0866410>, verb_extension=<colcon_core.verb.build.BuildVerb object at 0x795fc0865ae0>, main=<bound method BuildVerb.main of <colcon_core.verb.build.BuildVerb object at 0x795fc0865ae0>>, mixin_verb=('build',))
[0.641s] Level 1:colcon.colcon_core.package_discovery:discover_packages(colcon_meta) check parameters
[0.641s] Level 1:colcon.colcon_core.package_discovery:discover_packages(recursive) check parameters
[0.641s] Level 1:colcon.colcon_core.package_discovery:discover_packages(ignore) check parameters
[0.641s] Level 1:colcon.colcon_core.package_discovery:discover_packages(path) check parameters
[0.641s] Level 1:colcon.colcon_core.package_discovery:discover_packages(colcon_meta) discover
[0.641s] Level 1:colcon.colcon_core.package_discovery:discover_packages(recursive) discover
[0.641s] INFO:colcon.colcon_core.package_discovery:Crawling recursively for packages in '/home/gavin/AGV_Control'
[0.642s] Level 1:colcon.colcon_core.package_identification:_identify(.) by extensions ['ignore', 'ignore_ament_install']
[0.642s] Level 1:colcon.colcon_core.package_identification:_identify(.) by extension 'ignore'
[0.642s] Level 1:colcon.colcon_core.package_identification:_identify(.) by extension 'ignore_ament_install'
[0.642s] Level 1:colcon.colcon_core.package_identification:_identify(.) by extensions ['colcon_pkg']
[0.642s] Level 1:colcon.colcon_core.package_identification:_identify(.) by extension 'colcon_pkg'
[0.642s] Level 1:colcon.colcon_core.package_identification:_identify(.) by extensions ['colcon_meta']
[0.642s] Level 1:colcon.colcon_core.package_identification:_identify(.) by extension 'colcon_meta'
[0.642s] Level 1:colcon.colcon_core.package_identification:_identify(.) by extensions ['ros']
[0.642s] Level 1:colcon.colcon_core.package_identification:_identify(.) by extension 'ros'
[0.691s] Level 1:colcon.colcon_core.package_identification:_identify(.) by extensions ['cmake', 'python']
[0.691s] Level 1:colcon.colcon_core.package_identification:_identify(.) by extension 'cmake'
[0.691s] Level 1:colcon.colcon_core.package_identification:_identify(.) by extension 'python'
[0.691s] Level 1:colcon.colcon_core.package_identification:_identify(.) by extensions ['python_setup_py']
[0.691s] Level 1:colcon.colcon_core.package_identification:_identify(.) by extension 'python_setup_py'
[0.692s] Level 1:colcon.colcon_core.package_identification:_identify(agv_launch) by extensions ['ignore', 'ignore_ament_install']
[0.692s] Level 1:colcon.colcon_core.package_identification:_identify(agv_launch) by extension 'ignore'
[0.692s] Level 1:colcon.colcon_core.package_identification:_identify(agv_launch) by extension 'ignore_ament_install'
[0.692s] Level 1:colcon.colcon_core.package_identification:_identify(agv_launch) by extensions ['colcon_pkg']
[0.692s] Level 1:colcon.colcon_core.package_identification:_identify(agv_launch) by extension 'colcon_pkg'
[0.692s] Level 1:colcon.colcon_core.package_identification:_identify(agv_launch) by extensions ['colcon_meta']
[0.692s] Level 1:colcon.colcon_core.package_identification:_identify(agv_launch) by extension 'colcon_meta'
[0.692s] Level 1:colcon.colcon_core.package_identification:_identify(agv_launch) by extensions ['ros']
[0.692s] Level 1:colcon.colcon_core.package_identification:_identify(agv_launch) by extension 'ros'
[0.693s] Level 1:colcon.colcon_core.package_identification:_identify(agv_launch) by extensions ['cmake', 'python']
[0.693s] Level 1:colcon.colcon_core.package_identification:_identify(agv_launch) by extension 'cmake'
[0.693s] Level 1:colcon.colcon_core.package_identification:_identify(agv_launch) by extension 'python'
[0.693s] Level 1:colcon.colcon_core.package_identification:_identify(agv_launch) by extensions ['python_setup_py']
[0.693s] Level 1:colcon.colcon_core.package_identification:_identify(agv_launch) by extension 'python_setup_py'
[0.693s] Level 1:colcon.colcon_core.package_identification:_identify(agv_launch/__pycache__) by extensions ['ignore', 'ignore_ament_install']
[0.693s] Level 1:colcon.colcon_core.package_identification:_identify(agv_launch/__pycache__) by extension 'ignore'
[0.693s] Level 1:colcon.colcon_core.package_identification:_identify(agv_launch/__pycache__) by extension 'ignore_ament_install'
[0.693s] Level 1:colcon.colcon_core.package_identification:_identify(agv_launch/__pycache__) by extensions ['colcon_pkg']
[0.693s] Level 1:colcon.colcon_core.package_identification:_identify(agv_launch/__pycache__) by extension 'colcon_pkg'
[0.694s] Level 1:colcon.colcon_core.package_identification:_identify(agv_launch/__pycache__) by extensions ['colcon_meta']
[0.694s] Level 1:colcon.colcon_core.package_identification:_identify(agv_launch/__pycache__) by extension 'colcon_meta'
[0.694s] Level 1:colcon.colcon_core.package_identification:_identify(agv_launch/__pycache__) by extensions ['ros']
[0.694s] Level 1:colcon.colcon_core.package_identification:_identify(agv_launch/__pycache__) by extension 'ros'
[0.694s] Level 1:colcon.colcon_core.package_identification:_identify(agv_launch/__pycache__) by extensions ['cmake', 'python']
[0.694s] Level 1:colcon.colcon_core.package_identification:_identify(agv_launch/__pycache__) by extension 'cmake'
[0.694s] Level 1:colcon.colcon_core.package_identification:_identify(agv_launch/__pycache__) by extension 'python'
[0.694s] Level 1:colcon.colcon_core.package_identification:_identify(agv_launch/__pycache__) by extensions ['python_setup_py']
[0.694s] Level 1:colcon.colcon_core.package_identification:_identify(agv_launch/__pycache__) by extension 'python_setup_py'
[0.694s] Level 1:colcon.colcon_core.package_identification:_identify(build) by extensions ['ignore', 'ignore_ament_install']
[0.694s] Level 1:colcon.colcon_core.package_identification:_identify(build) by extension 'ignore'
[0.695s] Level 1:colcon.colcon_core.package_identification:_identify(build) ignored
[0.695s] Level 1:colcon.colcon_core.package_identification:_identify(install) by extensions ['ignore', 'ignore_ament_install']
[0.695s] Level 1:colcon.colcon_core.package_identification:_identify(install) by extension 'ignore'
[0.695s] Level 1:colcon.colcon_core.package_identification:_identify(install) ignored
[0.695s] Level 1:colcon.colcon_core.package_identification:_identify(log) by extensions ['ignore', 'ignore_ament_install']
[0.695s] Level 1:colcon.colcon_core.package_identification:_identify(log) by extension 'ignore'
[0.696s] Level 1:colcon.colcon_core.package_identification:_identify(log) ignored
[0.696s] Level 1:colcon.colcon_core.package_identification:_identify(src) by extensions ['ignore', 'ignore_ament_install']
[0.696s] Level 1:colcon.colcon_core.package_identification:_identify(src) by extension 'ignore'
[0.696s] Level 1:colcon.colcon_core.package_identification:_identify(src) by extension 'ignore_ament_install'
[0.696s] Level 1:colcon.colcon_core.package_identification:_identify(src) by extensions ['colcon_pkg']
[0.696s] Level 1:colcon.colcon_core.package_identification:_identify(src) by extension 'colcon_pkg'
[0.696s] Level 1:colcon.colcon_core.package_identification:_identify(src) by extensions ['colcon_meta']
[0.696s] Level 1:colcon.colcon_core.package_identification:_identify(src) by extension 'colcon_meta'
[0.696s] Level 1:colcon.colcon_core.package_identification:_identify(src) by extensions ['ros']
[0.696s] Level 1:colcon.colcon_core.package_identification:_identify(src) by extension 'ros'
[0.696s] Level 1:colcon.colcon_core.package_identification:_identify(src) by extensions ['cmake', 'python']
[0.697s] Level 1:colcon.colcon_core.package_identification:_identify(src) by extension 'cmake'
[0.697s] Level 1:colcon.colcon_core.package_identification:_identify(src) by extension 'python'
[0.697s] Level 1:colcon.colcon_core.package_identification:_identify(src) by extensions ['python_setup_py']
[0.697s] Level 1:colcon.colcon_core.package_identification:_identify(src) by extension 'python_setup_py'
[0.697s] Level 1:colcon.colcon_core.package_identification:_identify(src/Lakibeam_ROS2_Driver-main) by extensions ['ignore', 'ignore_ament_install']
[0.697s] Level 1:colcon.colcon_core.package_identification:_identify(src/Lakibeam_ROS2_Driver-main) by extension 'ignore'
[0.697s] Level 1:colcon.colcon_core.package_identification:_identify(src/Lakibeam_ROS2_Driver-main) by extension 'ignore_ament_install'
[0.697s] Level 1:colcon.colcon_core.package_identification:_identify(src/Lakibeam_ROS2_Driver-main) by extensions ['colcon_pkg']
[0.697s] Level 1:colcon.colcon_core.package_identification:_identify(src/Lakibeam_ROS2_Driver-main) by extension 'colcon_pkg'
[0.697s] Level 1:colcon.colcon_core.package_identification:_identify(src/Lakibeam_ROS2_Driver-main) by extensions ['colcon_meta']
[0.697s] Level 1:colcon.colcon_core.package_identification:_identify(src/Lakibeam_ROS2_Driver-main) by extension 'colcon_meta'
[0.697s] Level 1:colcon.colcon_core.package_identification:_identify(src/Lakibeam_ROS2_Driver-main) by extensions ['ros']
[0.698s] Level 1:colcon.colcon_core.package_identification:_identify(src/Lakibeam_ROS2_Driver-main) by extension 'ros'
[0.703s] DEBUG:colcon.colcon_core.package_identification:Package 'src/Lakibeam_ROS2_Driver-main' with type 'ros.ament_cmake' and name 'lakibeam1'
[0.704s] Level 1:colcon.colcon_core.package_identification:_identify(src/forklift) by extensions ['ignore', 'ignore_ament_install']
[0.704s] Level 1:colcon.colcon_core.package_identification:_identify(src/forklift) by extension 'ignore'
[0.704s] Level 1:colcon.colcon_core.package_identification:_identify(src/forklift) by extension 'ignore_ament_install'
[0.704s] Level 1:colcon.colcon_core.package_identification:_identify(src/forklift) by extensions ['colcon_pkg']
[0.704s] Level 1:colcon.colcon_core.package_identification:_identify(src/forklift) by extension 'colcon_pkg'
[0.704s] Level 1:colcon.colcon_core.package_identification:_identify(src/forklift) by extensions ['colcon_meta']
[0.704s] Level 1:colcon.colcon_core.package_identification:_identify(src/forklift) by extension 'colcon_meta'
[0.704s] Level 1:colcon.colcon_core.package_identification:_identify(src/forklift) by extensions ['ros']
[0.704s] Level 1:colcon.colcon_core.package_identification:_identify(src/forklift) by extension 'ros'
[0.706s] DEBUG:colcon.colcon_core.package_identification:Package 'src/forklift' with type 'ros.ament_python' and name 'forklift'
[0.706s] Level 1:colcon.colcon_core.package_identification:_identify(src/joystick_drivers) by extensions ['ignore', 'ignore_ament_install']
[0.706s] Level 1:colcon.colcon_core.package_identification:_identify(src/joystick_drivers) by extension 'ignore'
[0.706s] Level 1:colcon.colcon_core.package_identification:_identify(src/joystick_drivers) by extension 'ignore_ament_install'
[0.706s] Level 1:colcon.colcon_core.package_identification:_identify(src/joystick_drivers) by extensions ['colcon_pkg']
[0.706s] Level 1:colcon.colcon_core.package_identification:_identify(src/joystick_drivers) by extension 'colcon_pkg'
[0.706s] Level 1:colcon.colcon_core.package_identification:_identify(src/joystick_drivers) by extensions ['colcon_meta']
[0.706s] Level 1:colcon.colcon_core.package_identification:_identify(src/joystick_drivers) by extension 'colcon_meta'
[0.706s] Level 1:colcon.colcon_core.package_identification:_identify(src/joystick_drivers) by extensions ['ros']
[0.707s] Level 1:colcon.colcon_core.package_identification:_identify(src/joystick_drivers) by extension 'ros'
[0.707s] Level 1:colcon.colcon_core.package_identification:_identify(src/joystick_drivers) by extensions ['cmake', 'python']
[0.707s] Level 1:colcon.colcon_core.package_identification:_identify(src/joystick_drivers) by extension 'cmake'
[0.707s] Level 1:colcon.colcon_core.package_identification:_identify(src/joystick_drivers) by extension 'python'
[0.707s] Level 1:colcon.colcon_core.package_identification:_identify(src/joystick_drivers) by extensions ['python_setup_py']
[0.707s] Level 1:colcon.colcon_core.package_identification:_identify(src/joystick_drivers) by extension 'python_setup_py'
[0.707s] Level 1:colcon.colcon_core.package_identification:_identify(src/joystick_ros2) by extensions ['ignore', 'ignore_ament_install']
[0.707s] Level 1:colcon.colcon_core.package_identification:_identify(src/joystick_ros2) by extension 'ignore'
[0.707s] Level 1:colcon.colcon_core.package_identification:_identify(src/joystick_ros2) by extension 'ignore_ament_install'
[0.707s] Level 1:colcon.colcon_core.package_identification:_identify(src/joystick_ros2) by extensions ['colcon_pkg']
[0.708s] Level 1:colcon.colcon_core.package_identification:_identify(src/joystick_ros2) by extension 'colcon_pkg'
[0.708s] Level 1:colcon.colcon_core.package_identification:_identify(src/joystick_ros2) by extensions ['colcon_meta']
[0.708s] Level 1:colcon.colcon_core.package_identification:_identify(src/joystick_ros2) by extension 'colcon_meta'
[0.708s] Level 1:colcon.colcon_core.package_identification:_identify(src/joystick_ros2) by extensions ['ros']
[0.708s] Level 1:colcon.colcon_core.package_identification:_identify(src/joystick_ros2) by extension 'ros'
[0.708s] Level 1:colcon.colcon_core.package_identification:_identify(src/joystick_ros2) by extensions ['cmake', 'python']
[0.708s] Level 1:colcon.colcon_core.package_identification:_identify(src/joystick_ros2) by extension 'cmake'
[0.708s] Level 1:colcon.colcon_core.package_identification:_identify(src/joystick_ros2) by extension 'python'
[0.708s] Level 1:colcon.colcon_core.package_identification:_identify(src/joystick_ros2) by extensions ['python_setup_py']
[0.708s] Level 1:colcon.colcon_core.package_identification:_identify(src/joystick_ros2) by extension 'python_setup_py'
[0.708s] Level 1:colcon.colcon_core.package_identification:_identify(src/js2fork) by extensions ['ignore', 'ignore_ament_install']
[0.709s] Level 1:colcon.colcon_core.package_identification:_identify(src/js2fork) by extension 'ignore'
[0.709s] Level 1:colcon.colcon_core.package_identification:_identify(src/js2fork) by extension 'ignore_ament_install'
[0.709s] Level 1:colcon.colcon_core.package_identification:_identify(src/js2fork) by extensions ['colcon_pkg']
[0.709s] Level 1:colcon.colcon_core.package_identification:_identify(src/js2fork) by extension 'colcon_pkg'
[0.709s] Level 1:colcon.colcon_core.package_identification:_identify(src/js2fork) by extensions ['colcon_meta']
[0.709s] Level 1:colcon.colcon_core.package_identification:_identify(src/js2fork) by extension 'colcon_meta'
[0.709s] Level 1:colcon.colcon_core.package_identification:_identify(src/js2fork) by extensions ['ros']
[0.709s] Level 1:colcon.colcon_core.package_identification:_identify(src/js2fork) by extension 'ros'
[0.710s] DEBUG:colcon.colcon_core.package_identification:Package 'src/js2fork' with type 'ros.ament_python' and name 'js2fork'
[0.710s] Level 1:colcon.colcon_core.package_identification:_identify(src/tf_publisher) by extensions ['ignore', 'ignore_ament_install']
[0.711s] Level 1:colcon.colcon_core.package_identification:_identify(src/tf_publisher) by extension 'ignore'
[0.711s] Level 1:colcon.colcon_core.package_identification:_identify(src/tf_publisher) by extension 'ignore_ament_install'
[0.711s] Level 1:colcon.colcon_core.package_identification:_identify(src/tf_publisher) by extensions ['colcon_pkg']
[0.711s] Level 1:colcon.colcon_core.package_identification:_identify(src/tf_publisher) by extension 'colcon_pkg'
[0.711s] Level 1:colcon.colcon_core.package_identification:_identify(src/tf_publisher) by extensions ['colcon_meta']
[0.711s] Level 1:colcon.colcon_core.package_identification:_identify(src/tf_publisher) by extension 'colcon_meta'
[0.711s] Level 1:colcon.colcon_core.package_identification:_identify(src/tf_publisher) by extensions ['ros']
[0.711s] Level 1:colcon.colcon_core.package_identification:_identify(src/tf_publisher) by extension 'ros'
[0.712s] DEBUG:colcon.colcon_core.package_identification:Package 'src/tf_publisher' with type 'ros.ament_python' and name 'tf_publisher'
[0.712s] Level 1:colcon.colcon_core.package_discovery:discover_packages(recursive) using defaults
[0.712s] Level 1:colcon.colcon_core.package_discovery:discover_packages(ignore) discover
[0.712s] Level 1:colcon.colcon_core.package_discovery:discover_packages(ignore) using defaults
[0.712s] Level 1:colcon.colcon_core.package_discovery:discover_packages(path) discover
[0.712s] Level 1:colcon.colcon_core.package_discovery:discover_packages(path) using defaults
[0.758s] Level 1:colcon.colcon_core.package_discovery:discover_packages(prefix_path) check parameters
[0.758s] Level 1:colcon.colcon_core.package_discovery:discover_packages(prefix_path) discover
[0.770s] DEBUG:colcon.colcon_installed_package_information.package_discovery:Found 11 installed packages in /home/gavin/AGV_Control/install
[0.778s] DEBUG:colcon.colcon_installed_package_information.package_discovery:Found 132 installed packages in /home/gavin/install
[0.782s] DEBUG:colcon.colcon_installed_package_information.package_discovery:Found 4 installed packages in /home/gavin/minimec/install
[0.783s] DEBUG:colcon.colcon_installed_package_information.package_discovery:Found 4 installed packages in /home/gavin/minimec/src/install
[0.787s] DEBUG:colcon.colcon_installed_package_information.package_discovery:Found 394 installed packages in /opt/ros/humble
[0.797s] Level 1:colcon.colcon_core.package_discovery:discover_packages(prefix_path) using defaults
[0.925s] Level 5:colcon.colcon_core.verb:set package 'forklift' build argument 'cmake_args' from command line to 'None'
[0.926s] Level 5:colcon.colcon_core.verb:set package 'forklift' build argument 'cmake_target' from command line to 'None'
[0.926s] Level 5:colcon.colcon_core.verb:set package 'forklift' build argument 'cmake_target_skip_unavailable' from command line to 'False'
[0.926s] Level 5:colcon.colcon_core.verb:set package 'forklift' build argument 'cmake_clean_cache' from command line to 'False'
[0.926s] Level 5:colcon.colcon_core.verb:set package 'forklift' build argument 'cmake_clean_first' from command line to 'False'
[0.926s] Level 5:colcon.colcon_core.verb:set package 'forklift' build argument 'cmake_force_configure' from command line to 'False'
[0.926s] Level 5:colcon.colcon_core.verb:set package 'forklift' build argument 'ament_cmake_args' from command line to 'None'
[0.926s] Level 5:colcon.colcon_core.verb:set package 'forklift' build argument 'catkin_cmake_args' from command line to 'None'
[0.926s] Level 5:colcon.colcon_core.verb:set package 'forklift' build argument 'catkin_skip_building_tests' from command line to 'False'
[0.926s] DEBUG:colcon.colcon_core.verb:Building package 'forklift' with the following arguments: {'ament_cmake_args': None, 'build_base': '/home/gavin/AGV_Control/build/forklift', 'catkin_cmake_args': None, 'catkin_skip_building_tests': False, 'cmake_args': None, 'cmake_clean_cache': False, 'cmake_clean_first': False, 'cmake_force_configure': False, 'cmake_target': None, 'cmake_target_skip_unavailable': False, 'install_base': '/home/gavin/AGV_Control/install/forklift', 'merge_install': False, 'path': '/home/gavin/AGV_Control/src/forklift', 'symlink_install': False, 'test_result_base': None}
[0.927s] Level 5:colcon.colcon_core.verb:set package 'js2fork' build argument 'cmake_args' from command line to 'None'
[0.927s] Level 5:colcon.colcon_core.verb:set package 'js2fork' build argument 'cmake_target' from command line to 'None'
[0.927s] Level 5:colcon.colcon_core.verb:set package 'js2fork' build argument 'cmake_target_skip_unavailable' from command line to 'False'
[0.927s] Level 5:colcon.colcon_core.verb:set package 'js2fork' build argument 'cmake_clean_cache' from command line to 'False'
[0.927s] Level 5:colcon.colcon_core.verb:set package 'js2fork' build argument 'cmake_clean_first' from command line to 'False'
[0.928s] Level 5:colcon.colcon_core.verb:set package 'js2fork' build argument 'cmake_force_configure' from command line to 'False'
[0.928s] Level 5:colcon.colcon_core.verb:set package 'js2fork' build argument 'ament_cmake_args' from command line to 'None'
[0.928s] Level 5:colcon.colcon_core.verb:set package 'js2fork' build argument 'catkin_cmake_args' from command line to 'None'
[0.928s] Level 5:colcon.colcon_core.verb:set package 'js2fork' build argument 'catkin_skip_building_tests' from command line to 'False'
[0.928s] DEBUG:colcon.colcon_core.verb:Building package 'js2fork' with the following arguments: {'ament_cmake_args': None, 'build_base': '/home/gavin/AGV_Control/build/js2fork', 'catkin_cmake_args': None, 'catkin_skip_building_tests': False, 'cmake_args': None, 'cmake_clean_cache': False, 'cmake_clean_first': False, 'cmake_force_configure': False, 'cmake_target': None, 'cmake_target_skip_unavailable': False, 'install_base': '/home/gavin/AGV_Control/install/js2fork', 'merge_install': False, 'path': '/home/gavin/AGV_Control/src/js2fork', 'symlink_install': False, 'test_result_base': None}
[0.929s] Level 5:colcon.colcon_core.verb:set package 'lakibeam1' build argument 'cmake_args' from command line to 'None'
[0.929s] Level 5:colcon.colcon_core.verb:set package 'lakibeam1' build argument 'cmake_target' from command line to 'None'
[0.929s] Level 5:colcon.colcon_core.verb:set package 'lakibeam1' build argument 'cmake_target_skip_unavailable' from command line to 'False'
[0.929s] Level 5:colcon.colcon_core.verb:set package 'lakibeam1' build argument 'cmake_clean_cache' from command line to 'False'
[0.929s] Level 5:colcon.colcon_core.verb:set package 'lakibeam1' build argument 'cmake_clean_first' from command line to 'False'
[0.929s] Level 5:colcon.colcon_core.verb:set package 'lakibeam1' build argument 'cmake_force_configure' from command line to 'False'
[0.929s] Level 5:colcon.colcon_core.verb:set package 'lakibeam1' build argument 'ament_cmake_args' from command line to 'None'
[0.929s] Level 5:colcon.colcon_core.verb:set package 'lakibeam1' build argument 'catkin_cmake_args' from command line to 'None'
[0.929s] Level 5:colcon.colcon_core.verb:set package 'lakibeam1' build argument 'catkin_skip_building_tests' from command line to 'False'
[0.929s] DEBUG:colcon.colcon_core.verb:Building package 'lakibeam1' with the following arguments: {'ament_cmake_args': None, 'build_base': '/home/gavin/AGV_Control/build/lakibeam1', 'catkin_cmake_args': None, 'catkin_skip_building_tests': False, 'cmake_args': None, 'cmake_clean_cache': False, 'cmake_clean_first': False, 'cmake_force_configure': False, 'cmake_target': None, 'cmake_target_skip_unavailable': False, 'install_base': '/home/gavin/AGV_Control/install/lakibeam1', 'merge_install': False, 'path': '/home/gavin/AGV_Control/src/Lakibeam_ROS2_Driver-main', 'symlink_install': False, 'test_result_base': None}
[0.930s] Level 5:colcon.colcon_core.verb:set package 'tf_publisher' build argument 'cmake_args' from command line to 'None'
[0.930s] Level 5:colcon.colcon_core.verb:set package 'tf_publisher' build argument 'cmake_target' from command line to 'None'
[0.930s] Level 5:colcon.colcon_core.verb:set package 'tf_publisher' build argument 'cmake_target_skip_unavailable' from command line to 'False'
[0.930s] Level 5:colcon.colcon_core.verb:set package 'tf_publisher' build argument 'cmake_clean_cache' from command line to 'False'
[0.930s] Level 5:colcon.colcon_core.verb:set package 'tf_publisher' build argument 'cmake_clean_first' from command line to 'False'
[0.930s] Level 5:colcon.colcon_core.verb:set package 'tf_publisher' build argument 'cmake_force_configure' from command line to 'False'
[0.930s] Level 5:colcon.colcon_core.verb:set package 'tf_publisher' build argument 'ament_cmake_args' from command line to 'None'
[0.930s] Level 5:colcon.colcon_core.verb:set package 'tf_publisher' build argument 'catkin_cmake_args' from command line to 'None'
[0.930s] Level 5:colcon.colcon_core.verb:set package 'tf_publisher' build argument 'catkin_skip_building_tests' from command line to 'False'
[0.930s] DEBUG:colcon.colcon_core.verb:Building package 'tf_publisher' with the following arguments: {'ament_cmake_args': None, 'build_base': '/home/gavin/AGV_Control/build/tf_publisher', 'catkin_cmake_args': None, 'catkin_skip_building_tests': False, 'cmake_args': None, 'cmake_clean_cache': False, 'cmake_clean_first': False, 'cmake_force_configure': False, 'cmake_target': None, 'cmake_target_skip_unavailable': False, 'install_base': '/home/gavin/AGV_Control/install/tf_publisher', 'merge_install': False, 'path': '/home/gavin/AGV_Control/src/tf_publisher', 'symlink_install': False, 'test_result_base': None}
[0.931s] INFO:colcon.colcon_core.executor:Executing jobs using 'parallel' executor
[0.933s] DEBUG:colcon.colcon_parallel_executor.executor.parallel:run_until_complete
[0.933s] INFO:colcon.colcon_ros.task.ament_python.build:Building ROS package in '/home/gavin/AGV_Control/src/forklift' with build type 'ament_python'
[0.934s] Level 1:colcon.colcon_core.shell:create_environment_hook('forklift', 'ament_prefix_path')
[0.940s] INFO:colcon.colcon_core.plugin_system:Skipping extension 'colcon_core.shell.bat': Not used on non-Windows systems
[0.940s] INFO:colcon.colcon_core.shell:Creating environment hook '/home/gavin/AGV_Control/install/forklift/share/forklift/hook/ament_prefix_path.ps1'
[0.942s] INFO:colcon.colcon_core.shell:Creating environment descriptor '/home/gavin/AGV_Control/install/forklift/share/forklift/hook/ament_prefix_path.dsv'
[0.943s] INFO:colcon.colcon_core.shell:Creating environment hook '/home/gavin/AGV_Control/install/forklift/share/forklift/hook/ament_prefix_path.sh'
[0.944s] INFO:colcon.colcon_core.shell:Skip shell extension 'powershell' for command environment: Not usable outside of PowerShell
[0.944s] DEBUG:colcon.colcon_core.shell:Skip shell extension 'dsv' for command environment
[0.971s] INFO:colcon.colcon_ros.task.ament_python.build:Building ROS package in '/home/gavin/AGV_Control/src/js2fork' with build type 'ament_python'
[0.971s] Level 1:colcon.colcon_core.shell:create_environment_hook('js2fork', 'ament_prefix_path')
[0.972s] INFO:colcon.colcon_core.shell:Creating environment hook '/home/gavin/AGV_Control/install/js2fork/share/js2fork/hook/ament_prefix_path.ps1'
[0.973s] INFO:colcon.colcon_core.shell:Creating environment descriptor '/home/gavin/AGV_Control/install/js2fork/share/js2fork/hook/ament_prefix_path.dsv'
[0.974s] INFO:colcon.colcon_core.shell:Creating environment hook '/home/gavin/AGV_Control/install/js2fork/share/js2fork/hook/ament_prefix_path.sh'
[0.976s] INFO:colcon.colcon_core.shell:Skip shell extension 'powershell' for command environment: Not usable outside of PowerShell
[0.976s] DEBUG:colcon.colcon_core.shell:Skip shell extension 'dsv' for command environment
[1.004s] INFO:colcon.colcon_ros.task.ament_cmake.build:Building ROS package in '/home/gavin/AGV_Control/src/Lakibeam_ROS2_Driver-main' with build type 'ament_cmake'
[1.005s] INFO:colcon.colcon_cmake.task.cmake.build:Building CMake package in '/home/gavin/AGV_Control/src/Lakibeam_ROS2_Driver-main'
[1.005s] INFO:colcon.colcon_core.shell:Skip shell extension 'powershell' for command environment: Not usable outside of PowerShell
[1.005s] DEBUG:colcon.colcon_core.shell:Skip shell extension 'dsv' for command environment
[1.036s] INFO:colcon.colcon_ros.task.ament_python.build:Building ROS package in '/home/gavin/AGV_Control/src/tf_publisher' with build type 'ament_python'
[1.037s] Level 1:colcon.colcon_core.shell:create_environment_hook('tf_publisher', 'ament_prefix_path')
[1.038s] INFO:colcon.colcon_core.shell:Creating environment hook '/home/gavin/AGV_Control/install/tf_publisher/share/tf_publisher/hook/ament_prefix_path.ps1'
[1.039s] INFO:colcon.colcon_core.shell:Creating environment descriptor '/home/gavin/AGV_Control/install/tf_publisher/share/tf_publisher/hook/ament_prefix_path.dsv'
[1.040s] INFO:colcon.colcon_core.shell:Creating environment hook '/home/gavin/AGV_Control/install/tf_publisher/share/tf_publisher/hook/ament_prefix_path.sh'
[1.042s] INFO:colcon.colcon_core.shell:Skip shell extension 'powershell' for command environment: Not usable outside of PowerShell
[1.042s] DEBUG:colcon.colcon_core.shell:Skip shell extension 'dsv' for command environment
[1.740s] INFO:colcon.colcon_core.task.python.build:Building Python package in '/home/gavin/AGV_Control/src/forklift'
[1.741s] INFO:colcon.colcon_core.shell:Skip shell extension 'powershell' for command environment: Not usable outside of PowerShell
[1.741s] DEBUG:colcon.colcon_core.shell:Skip shell extension 'dsv' for command environment
[2.436s] INFO:colcon.colcon_core.task.python.build:Building Python package in '/home/gavin/AGV_Control/src/js2fork'
[2.437s] INFO:colcon.colcon_core.shell:Skip shell extension 'powershell' for command environment: Not usable outside of PowerShell
[2.437s] DEBUG:colcon.colcon_core.shell:Skip shell extension 'dsv' for command environment
[2.488s] DEBUG:colcon.colcon_core.event_handler.log_command:Invoking command in '/home/gavin/AGV_Control/build/lakibeam1': CMAKE_PREFIX_PATH=${CMAKE_PREFIX_PATH}:/home/gavin/AGV_Control/install/tf_publisher:/home/gavin/AGV_Control/install/js2fork:/home/gavin/AGV_Control/install/joystick_ros2:/home/gavin/AGV_Control/install/forklift:/home/gavin/minimec/install/wheeltec_control:/home/gavin/minimec/install/mini_mec_localization:/home/gavin/minimec/src/install/wheeltec_control:/home/gavin/minimec/src/install/mini_mec_localization:/home/gavin/install/ament_uncrustify:/home/gavin/install/tracetools_trace:/home/gavin/install/tracetools_read:/home/gavin/install/rpyutils:/home/gavin/install/rosidl_cli:/home/gavin/install/launch_pytest:/home/gavin/install/launch_testing:/home/gavin/install/launch_yaml:/home/gavin/install/launch_xml:/home/gavin/install/launch:/home/gavin/install/osrf_pycommon:/home/gavin/install/domain_coordinator:/home/gavin/install/ament_xmllint:/home/gavin/install/ament_pyflakes:/home/gavin/install/ament_pycodestyle:/home/gavin/install/ament_pep257:/home/gavin/install/ament_pclint:/home/gavin/install/ament_package:/home/gavin/install/ament_mypy:/home/gavin/install/ament_lint_cmake:/home/gavin/install/ament_flake8:/home/gavin/install/ament_copyright:/home/gavin/install/ament_lint:/home/gavin/install/ament_index_python:/home/gavin/install/ament_cpplint:/home/gavin/install/ament_cppcheck:/home/gavin/install/ament_clang_tidy:/home/gavin/install/ament_clang_format:/opt/ros/humble /usr/bin/cmake --build /home/gavin/AGV_Control/build/lakibeam1 -- -j8 -l8
[3.194s] INFO:colcon.colcon_core.task.python.build:Building Python package in '/home/gavin/AGV_Control/src/tf_publisher'
[3.195s] INFO:colcon.colcon_core.shell:Skip shell extension 'powershell' for command environment: Not usable outside of PowerShell
[3.195s] DEBUG:colcon.colcon_core.shell:Skip shell extension 'dsv' for command environment
[3.242s] DEBUG:colcon.colcon_core.event_handler.log_command:Invoked command in '/home/gavin/AGV_Control/build/lakibeam1' returned '0': CMAKE_PREFIX_PATH=${CMAKE_PREFIX_PATH}:/home/gavin/AGV_Control/install/tf_publisher:/home/gavin/AGV_Control/install/js2fork:/home/gavin/AGV_Control/install/joystick_ros2:/home/gavin/AGV_Control/install/forklift:/home/gavin/minimec/install/wheeltec_control:/home/gavin/minimec/install/mini_mec_localization:/home/gavin/minimec/src/install/wheeltec_control:/home/gavin/minimec/src/install/mini_mec_localization:/home/gavin/install/ament_uncrustify:/home/gavin/install/tracetools_trace:/home/gavin/install/tracetools_read:/home/gavin/install/rpyutils:/home/gavin/install/rosidl_cli:/home/gavin/install/launch_pytest:/home/gavin/install/launch_testing:/home/gavin/install/launch_yaml:/home/gavin/install/launch_xml:/home/gavin/install/launch:/home/gavin/install/osrf_pycommon:/home/gavin/install/domain_coordinator:/home/gavin/install/ament_xmllint:/home/gavin/install/ament_pyflakes:/home/gavin/install/ament_pycodestyle:/home/gavin/install/ament_pep257:/home/gavin/install/ament_pclint:/home/gavin/install/ament_package:/home/gavin/install/ament_mypy:/home/gavin/install/ament_lint_cmake:/home/gavin/install/ament_flake8:/home/gavin/install/ament_copyright:/home/gavin/install/ament_lint:/home/gavin/install/ament_index_python:/home/gavin/install/ament_cpplint:/home/gavin/install/ament_cppcheck:/home/gavin/install/ament_clang_tidy:/home/gavin/install/ament_clang_format:/opt/ros/humble /usr/bin/cmake --build /home/gavin/AGV_Control/build/lakibeam1 -- -j8 -l8
[3.390s] DEBUG:colcon.colcon_core.event_handler.log_command:Invoking command in '/home/gavin/AGV_Control/build/lakibeam1': CMAKE_PREFIX_PATH=${CMAKE_PREFIX_PATH}:/home/gavin/AGV_Control/install/tf_publisher:/home/gavin/AGV_Control/install/js2fork:/home/gavin/AGV_Control/install/joystick_ros2:/home/gavin/AGV_Control/install/forklift:/home/gavin/minimec/install/wheeltec_control:/home/gavin/minimec/install/mini_mec_localization:/home/gavin/minimec/src/install/wheeltec_control:/home/gavin/minimec/src/install/mini_mec_localization:/home/gavin/install/ament_uncrustify:/home/gavin/install/tracetools_trace:/home/gavin/install/tracetools_read:/home/gavin/install/rpyutils:/home/gavin/install/rosidl_cli:/home/gavin/install/launch_pytest:/home/gavin/install/launch_testing:/home/gavin/install/launch_yaml:/home/gavin/install/launch_xml:/home/gavin/install/launch:/home/gavin/install/osrf_pycommon:/home/gavin/install/domain_coordinator:/home/gavin/install/ament_xmllint:/home/gavin/install/ament_pyflakes:/home/gavin/install/ament_pycodestyle:/home/gavin/install/ament_pep257:/home/gavin/install/ament_pclint:/home/gavin/install/ament_package:/home/gavin/install/ament_mypy:/home/gavin/install/ament_lint_cmake:/home/gavin/install/ament_flake8:/home/gavin/install/ament_copyright:/home/gavin/install/ament_lint:/home/gavin/install/ament_index_python:/home/gavin/install/ament_cpplint:/home/gavin/install/ament_cppcheck:/home/gavin/install/ament_clang_tidy:/home/gavin/install/ament_clang_format:/opt/ros/humble /usr/bin/cmake --install /home/gavin/AGV_Control/build/lakibeam1
[3.422s] Level 1:colcon.colcon_core.environment:create_environment_scripts_only(lakibeam1)
[3.426s] DEBUG:colcon.colcon_core.event_handler.log_command:Invoked command in '/home/gavin/AGV_Control/build/lakibeam1' returned '0': CMAKE_PREFIX_PATH=${CMAKE_PREFIX_PATH}:/home/gavin/AGV_Control/install/tf_publisher:/home/gavin/AGV_Control/install/js2fork:/home/gavin/AGV_Control/install/joystick_ros2:/home/gavin/AGV_Control/install/forklift:/home/gavin/minimec/install/wheeltec_control:/home/gavin/minimec/install/mini_mec_localization:/home/gavin/minimec/src/install/wheeltec_control:/home/gavin/minimec/src/install/mini_mec_localization:/home/gavin/install/ament_uncrustify:/home/gavin/install/tracetools_trace:/home/gavin/install/tracetools_read:/home/gavin/install/rpyutils:/home/gavin/install/rosidl_cli:/home/gavin/install/launch_pytest:/home/gavin/install/launch_testing:/home/gavin/install/launch_yaml:/home/gavin/install/launch_xml:/home/gavin/install/launch:/home/gavin/install/osrf_pycommon:/home/gavin/install/domain_coordinator:/home/gavin/install/ament_xmllint:/home/gavin/install/ament_pyflakes:/home/gavin/install/ament_pycodestyle:/home/gavin/install/ament_pep257:/home/gavin/install/ament_pclint:/home/gavin/install/ament_package:/home/gavin/install/ament_mypy:/home/gavin/install/ament_lint_cmake:/home/gavin/install/ament_flake8:/home/gavin/install/ament_copyright:/home/gavin/install/ament_lint:/home/gavin/install/ament_index_python:/home/gavin/install/ament_cpplint:/home/gavin/install/ament_cppcheck:/home/gavin/install/ament_clang_tidy:/home/gavin/install/ament_clang_format:/opt/ros/humble /usr/bin/cmake --install /home/gavin/AGV_Control/build/lakibeam1
[3.432s] Level 1:colcon.colcon_core.environment:checking '/home/gavin/AGV_Control/install/lakibeam1' for CMake module files
[3.434s] Level 1:colcon.colcon_core.environment:checking '/home/gavin/AGV_Control/install/lakibeam1' for CMake config files
[3.435s] Level 1:colcon.colcon_core.shell:create_environment_hook('lakibeam1', 'cmake_prefix_path')
[3.436s] INFO:colcon.colcon_core.shell:Creating environment hook '/home/gavin/AGV_Control/install/lakibeam1/share/lakibeam1/hook/cmake_prefix_path.ps1'
[3.437s] INFO:colcon.colcon_core.shell:Creating environment descriptor '/home/gavin/AGV_Control/install/lakibeam1/share/lakibeam1/hook/cmake_prefix_path.dsv'
[3.439s] INFO:colcon.colcon_core.shell:Creating environment hook '/home/gavin/AGV_Control/install/lakibeam1/share/lakibeam1/hook/cmake_prefix_path.sh'
[3.441s] Level 1:colcon.colcon_core.environment:checking '/home/gavin/AGV_Control/install/lakibeam1/lib'
[3.442s] Level 1:colcon.colcon_core.environment:checking '/home/gavin/AGV_Control/install/lakibeam1/bin'
[3.442s] Level 1:colcon.colcon_core.environment:checking '/home/gavin/AGV_Control/install/lakibeam1/lib/pkgconfig/lakibeam1.pc'
[3.443s] Level 1:colcon.colcon_core.environment:checking '/home/gavin/AGV_Control/install/lakibeam1/lib/python3.10/site-packages'
[3.443s] Level 1:colcon.colcon_core.environment:checking '/home/gavin/AGV_Control/install/lakibeam1/bin'
[3.444s] INFO:colcon.colcon_core.shell:Creating package script '/home/gavin/AGV_Control/install/lakibeam1/share/lakibeam1/package.ps1'
[3.447s] INFO:colcon.colcon_core.shell:Creating package descriptor '/home/gavin/AGV_Control/install/lakibeam1/share/lakibeam1/package.dsv'
[3.450s] INFO:colcon.colcon_core.shell:Creating package script '/home/gavin/AGV_Control/install/lakibeam1/share/lakibeam1/package.sh'
[3.453s] INFO:colcon.colcon_core.shell:Creating package script '/home/gavin/AGV_Control/install/lakibeam1/share/lakibeam1/package.bash'
[3.456s] INFO:colcon.colcon_core.shell:Creating package script '/home/gavin/AGV_Control/install/lakibeam1/share/lakibeam1/package.zsh'
[3.458s] Level 1:colcon.colcon_core.environment:create_file_with_runtime_dependencies(/home/gavin/AGV_Control/install/lakibeam1/share/colcon-core/packages/lakibeam1)
[3.577s] Level 1:colcon.colcon_core.environment:create_environment_scripts_only(lakibeam1)
[3.578s] Level 1:colcon.colcon_core.environment:checking '/home/gavin/AGV_Control/install/lakibeam1' for CMake module files
[3.579s] Level 1:colcon.colcon_core.environment:checking '/home/gavin/AGV_Control/install/lakibeam1' for CMake config files
[3.580s] Level 1:colcon.colcon_core.shell:create_environment_hook('lakibeam1', 'cmake_prefix_path')
[3.580s] INFO:colcon.colcon_core.shell:Creating environment hook '/home/gavin/AGV_Control/install/lakibeam1/share/lakibeam1/hook/cmake_prefix_path.ps1'
[3.582s] INFO:colcon.colcon_core.shell:Creating environment descriptor '/home/gavin/AGV_Control/install/lakibeam1/share/lakibeam1/hook/cmake_prefix_path.dsv'
[3.583s] INFO:colcon.colcon_core.shell:Creating environment hook '/home/gavin/AGV_Control/install/lakibeam1/share/lakibeam1/hook/cmake_prefix_path.sh'
[3.585s] Level 1:colcon.colcon_core.environment:checking '/home/gavin/AGV_Control/install/lakibeam1/lib'
[3.585s] Level 1:colcon.colcon_core.environment:checking '/home/gavin/AGV_Control/install/lakibeam1/bin'
[3.585s] Level 1:colcon.colcon_core.environment:checking '/home/gavin/AGV_Control/install/lakibeam1/lib/pkgconfig/lakibeam1.pc'
[3.586s] Level 1:colcon.colcon_core.environment:checking '/home/gavin/AGV_Control/install/lakibeam1/lib/python3.10/site-packages'
[3.586s] Level 1:colcon.colcon_core.environment:checking '/home/gavin/AGV_Control/install/lakibeam1/bin'
[3.588s] INFO:colcon.colcon_core.shell:Creating package script '/home/gavin/AGV_Control/install/lakibeam1/share/lakibeam1/package.ps1'
[3.590s] INFO:colcon.colcon_core.shell:Creating package descriptor '/home/gavin/AGV_Control/install/lakibeam1/share/lakibeam1/package.dsv'
[3.592s] INFO:colcon.colcon_core.shell:Creating package script '/home/gavin/AGV_Control/install/lakibeam1/share/lakibeam1/package.sh'
[3.593s] INFO:colcon.colcon_core.shell:Creating package script '/home/gavin/AGV_Control/install/lakibeam1/share/lakibeam1/package.bash'
[3.595s] INFO:colcon.colcon_core.shell:Creating package script '/home/gavin/AGV_Control/install/lakibeam1/share/lakibeam1/package.zsh'
[3.597s] Level 1:colcon.colcon_core.environment:create_file_with_runtime_dependencies(/home/gavin/AGV_Control/install/lakibeam1/share/colcon-core/packages/lakibeam1)
[4.419s] DEBUG:colcon.colcon_core.event_handler.log_command:Invoking command in '/home/gavin/AGV_Control/src/js2fork': PYTHONPATH=/home/gavin/AGV_Control/build/js2fork/prefix_override:/usr/lib/python3/dist-packages/colcon_core/task/python/colcon_distutils_commands:/home/gavin/AGV_Control/install/js2fork/lib/python3.10/site-packages:${PYTHONPATH} /usr/bin/python3 -W ignore:setup.py install is deprecated -W ignore:easy_install command is deprecated setup.py egg_info --egg-base ../../build/js2fork build --build-base /home/gavin/AGV_Control/build/js2fork/build install --record /home/gavin/AGV_Control/build/js2fork/install.log --single-version-externally-managed install_data
[4.421s] DEBUG:colcon.colcon_core.event_handler.log_command:Invoking command in '/home/gavin/AGV_Control/src/forklift': PYTHONPATH=/home/gavin/AGV_Control/build/forklift/prefix_override:/usr/lib/python3/dist-packages/colcon_core/task/python/colcon_distutils_commands:/home/gavin/AGV_Control/install/forklift/lib/python3.10/site-packages:${PYTHONPATH} /usr/bin/python3 -W ignore:setup.py install is deprecated -W ignore:easy_install command is deprecated setup.py egg_info --egg-base ../../build/forklift build --build-base /home/gavin/AGV_Control/build/forklift/build install --record /home/gavin/AGV_Control/build/forklift/install.log --single-version-externally-managed install_data
[4.479s] DEBUG:colcon.colcon_core.event_handler.log_command:Invoking command in '/home/gavin/AGV_Control/src/tf_publisher': PYTHONPATH=/home/gavin/AGV_Control/build/tf_publisher/prefix_override:/usr/lib/python3/dist-packages/colcon_core/task/python/colcon_distutils_commands:/home/gavin/AGV_Control/install/tf_publisher/lib/python3.10/site-packages:${PYTHONPATH} /usr/bin/python3 -W ignore:setup.py install is deprecated -W ignore:easy_install command is deprecated setup.py egg_info --egg-base ../../build/tf_publisher build --build-base /home/gavin/AGV_Control/build/tf_publisher/build install --record /home/gavin/AGV_Control/build/tf_publisher/install.log --single-version-externally-managed install_data
[5.275s] Level 1:colcon.colcon_core.environment:checking '/home/gavin/AGV_Control/install/js2fork' for CMake module files
[5.277s] DEBUG:colcon.colcon_core.event_handler.log_command:Invoked command in '/home/gavin/AGV_Control/src/js2fork' returned '0': PYTHONPATH=/home/gavin/AGV_Control/build/js2fork/prefix_override:/usr/lib/python3/dist-packages/colcon_core/task/python/colcon_distutils_commands:/home/gavin/AGV_Control/install/js2fork/lib/python3.10/site-packages:${PYTHONPATH} /usr/bin/python3 -W ignore:setup.py install is deprecated -W ignore:easy_install command is deprecated setup.py egg_info --egg-base ../../build/js2fork build --build-base /home/gavin/AGV_Control/build/js2fork/build install --record /home/gavin/AGV_Control/build/js2fork/install.log --single-version-externally-managed install_data
[5.277s] Level 1:colcon.colcon_core.environment:checking '/home/gavin/AGV_Control/install/js2fork' for CMake config files
[5.278s] Level 1:colcon.colcon_core.environment:checking '/home/gavin/AGV_Control/install/js2fork/lib'
[5.279s] Level 1:colcon.colcon_core.environment:checking '/home/gavin/AGV_Control/install/js2fork/bin'
[5.279s] Level 1:colcon.colcon_core.environment:checking '/home/gavin/AGV_Control/install/js2fork/lib/pkgconfig/js2fork.pc'
[5.279s] Level 1:colcon.colcon_core.environment:checking '/home/gavin/AGV_Control/install/js2fork/lib/python3.10/site-packages'
[5.279s] Level 1:colcon.colcon_core.shell:create_environment_hook('js2fork', 'pythonpath')
[5.280s] INFO:colcon.colcon_core.shell:Creating environment hook '/home/gavin/AGV_Control/install/js2fork/share/js2fork/hook/pythonpath.ps1'
[5.281s] INFO:colcon.colcon_core.shell:Creating environment descriptor '/home/gavin/AGV_Control/install/js2fork/share/js2fork/hook/pythonpath.dsv'
[5.282s] INFO:colcon.colcon_core.shell:Creating environment hook '/home/gavin/AGV_Control/install/js2fork/share/js2fork/hook/pythonpath.sh'
[5.284s] Level 1:colcon.colcon_core.environment:checking '/home/gavin/AGV_Control/install/js2fork/bin'
[5.284s] Level 1:colcon.colcon_core.environment:create_environment_scripts_only(js2fork)
[5.284s] INFO:colcon.colcon_core.shell:Creating package script '/home/gavin/AGV_Control/install/js2fork/share/js2fork/package.ps1'
[5.286s] INFO:colcon.colcon_core.shell:Creating package descriptor '/home/gavin/AGV_Control/install/js2fork/share/js2fork/package.dsv'
[5.287s] INFO:colcon.colcon_core.shell:Creating package script '/home/gavin/AGV_Control/install/js2fork/share/js2fork/package.sh'
[5.288s] INFO:colcon.colcon_core.shell:Creating package script '/home/gavin/AGV_Control/install/js2fork/share/js2fork/package.bash'
[5.289s] INFO:colcon.colcon_core.shell:Creating package script '/home/gavin/AGV_Control/install/js2fork/share/js2fork/package.zsh'
[5.290s] Level 1:colcon.colcon_core.environment:create_file_with_runtime_dependencies(/home/gavin/AGV_Control/install/js2fork/share/colcon-core/packages/js2fork)
[5.293s] Level 1:colcon.colcon_core.environment:checking '/home/gavin/AGV_Control/install/forklift' for CMake module files
[5.295s] Level 1:colcon.colcon_core.environment:checking '/home/gavin/AGV_Control/install/forklift' for CMake config files
[5.296s] DEBUG:colcon.colcon_core.event_handler.log_command:Invoked command in '/home/gavin/AGV_Control/src/forklift' returned '0': PYTHONPATH=/home/gavin/AGV_Control/build/forklift/prefix_override:/usr/lib/python3/dist-packages/colcon_core/task/python/colcon_distutils_commands:/home/gavin/AGV_Control/install/forklift/lib/python3.10/site-packages:${PYTHONPATH} /usr/bin/python3 -W ignore:setup.py install is deprecated -W ignore:easy_install command is deprecated setup.py egg_info --egg-base ../../build/forklift build --build-base /home/gavin/AGV_Control/build/forklift/build install --record /home/gavin/AGV_Control/build/forklift/install.log --single-version-externally-managed install_data
[5.298s] Level 1:colcon.colcon_core.environment:checking '/home/gavin/AGV_Control/install/forklift/lib'
[5.298s] Level 1:colcon.colcon_core.environment:checking '/home/gavin/AGV_Control/install/forklift/bin'
[5.298s] Level 1:colcon.colcon_core.environment:checking '/home/gavin/AGV_Control/install/forklift/lib/pkgconfig/forklift.pc'
[5.298s] Level 1:colcon.colcon_core.environment:checking '/home/gavin/AGV_Control/install/forklift/lib/python3.10/site-packages'
[5.299s] Level 1:colcon.colcon_core.shell:create_environment_hook('forklift', 'pythonpath')
[5.299s] INFO:colcon.colcon_core.shell:Creating environment hook '/home/gavin/AGV_Control/install/forklift/share/forklift/hook/pythonpath.ps1'
[5.300s] INFO:colcon.colcon_core.shell:Creating environment descriptor '/home/gavin/AGV_Control/install/forklift/share/forklift/hook/pythonpath.dsv'
[5.302s] INFO:colcon.colcon_core.shell:Creating environment hook '/home/gavin/AGV_Control/install/forklift/share/forklift/hook/pythonpath.sh'
[5.303s] Level 1:colcon.colcon_core.environment:checking '/home/gavin/AGV_Control/install/forklift/bin'
[5.303s] Level 1:colcon.colcon_core.environment:create_environment_scripts_only(forklift)
[5.305s] INFO:colcon.colcon_core.shell:Creating package script '/home/gavin/AGV_Control/install/forklift/share/forklift/package.ps1'
[5.307s] INFO:colcon.colcon_core.shell:Creating package descriptor '/home/gavin/AGV_Control/install/forklift/share/forklift/package.dsv'
[5.309s] INFO:colcon.colcon_core.shell:Creating package script '/home/gavin/AGV_Control/install/forklift/share/forklift/package.sh'
[5.311s] INFO:colcon.colcon_core.shell:Creating package script '/home/gavin/AGV_Control/install/forklift/share/forklift/package.bash'
[5.313s] INFO:colcon.colcon_core.shell:Creating package script '/home/gavin/AGV_Control/install/forklift/share/forklift/package.zsh'
[5.314s] Level 1:colcon.colcon_core.environment:create_file_with_runtime_dependencies(/home/gavin/AGV_Control/install/forklift/share/colcon-core/packages/forklift)
[5.334s] Level 1:colcon.colcon_core.environment:checking '/home/gavin/AGV_Control/install/tf_publisher' for CMake module files
[5.336s] DEBUG:colcon.colcon_core.event_handler.log_command:Invoked command in '/home/gavin/AGV_Control/src/tf_publisher' returned '0': PYTHONPATH=/home/gavin/AGV_Control/build/tf_publisher/prefix_override:/usr/lib/python3/dist-packages/colcon_core/task/python/colcon_distutils_commands:/home/gavin/AGV_Control/install/tf_publisher/lib/python3.10/site-packages:${PYTHONPATH} /usr/bin/python3 -W ignore:setup.py install is deprecated -W ignore:easy_install command is deprecated setup.py egg_info --egg-base ../../build/tf_publisher build --build-base /home/gavin/AGV_Control/build/tf_publisher/build install --record /home/gavin/AGV_Control/build/tf_publisher/install.log --single-version-externally-managed install_data
[5.337s] Level 1:colcon.colcon_core.environment:checking '/home/gavin/AGV_Control/install/tf_publisher' for CMake config files
[5.338s] Level 1:colcon.colcon_core.environment:checking '/home/gavin/AGV_Control/install/tf_publisher/lib'
[5.339s] Level 1:colcon.colcon_core.environment:checking '/home/gavin/AGV_Control/install/tf_publisher/bin'
[5.339s] Level 1:colcon.colcon_core.environment:checking '/home/gavin/AGV_Control/install/tf_publisher/lib/pkgconfig/tf_publisher.pc'
[5.339s] Level 1:colcon.colcon_core.environment:checking '/home/gavin/AGV_Control/install/tf_publisher/lib/python3.10/site-packages'
[5.339s] Level 1:colcon.colcon_core.shell:create_environment_hook('tf_publisher', 'pythonpath')
[5.340s] INFO:colcon.colcon_core.shell:Creating environment hook '/home/gavin/AGV_Control/install/tf_publisher/share/tf_publisher/hook/pythonpath.ps1'
[5.342s] INFO:colcon.colcon_core.shell:Creating environment descriptor '/home/gavin/AGV_Control/install/tf_publisher/share/tf_publisher/hook/pythonpath.dsv'
[5.343s] INFO:colcon.colcon_core.shell:Creating environment hook '/home/gavin/AGV_Control/install/tf_publisher/share/tf_publisher/hook/pythonpath.sh'
[5.345s] Level 1:colcon.colcon_core.environment:checking '/home/gavin/AGV_Control/install/tf_publisher/bin'
[5.345s] Level 1:colcon.colcon_core.environment:create_environment_scripts_only(tf_publisher)
[5.346s] INFO:colcon.colcon_core.shell:Creating package script '/home/gavin/AGV_Control/install/tf_publisher/share/tf_publisher/package.ps1'
[5.347s] INFO:colcon.colcon_core.shell:Creating package descriptor '/home/gavin/AGV_Control/install/tf_publisher/share/tf_publisher/package.dsv'
[5.349s] INFO:colcon.colcon_core.shell:Creating package script '/home/gavin/AGV_Control/install/tf_publisher/share/tf_publisher/package.sh'
[5.350s] INFO:colcon.colcon_core.shell:Creating package script '/home/gavin/AGV_Control/install/tf_publisher/share/tf_publisher/package.bash'
[5.351s] INFO:colcon.colcon_core.shell:Creating package script '/home/gavin/AGV_Control/install/tf_publisher/share/tf_publisher/package.zsh'
[5.353s] Level 1:colcon.colcon_core.environment:create_file_with_runtime_dependencies(/home/gavin/AGV_Control/install/tf_publisher/share/colcon-core/packages/tf_publisher)
[5.354s] DEBUG:colcon.colcon_parallel_executor.executor.parallel:closing loop
[5.355s] DEBUG:colcon.colcon_parallel_executor.executor.parallel:loop closed
[5.356s] DEBUG:colcon.colcon_parallel_executor.executor.parallel:run_until_complete finished with '0'
[5.356s] DEBUG:colcon.colcon_core.event_reactor:joining thread
[5.371s] INFO:colcon.colcon_core.plugin_system:Skipping extension 'colcon_notification.desktop_notification.terminal_notifier': Not used on non-Darwin systems
[5.371s] INFO:colcon.colcon_core.plugin_system:Skipping extension 'colcon_notification.desktop_notification.win32': Not used on non-Windows systems
[5.371s] INFO:colcon.colcon_notification.desktop_notification:Sending desktop notification using 'notify2'
[5.410s] DEBUG:colcon.colcon_core.event_reactor:joined thread
[5.411s] INFO:colcon.colcon_core.shell:Creating prefix script '/home/gavin/AGV_Control/install/local_setup.ps1'
[5.414s] INFO:colcon.colcon_core.shell:Creating prefix util module '/home/gavin/AGV_Control/install/_local_setup_util_ps1.py'
[5.418s] INFO:colcon.colcon_core.shell:Creating prefix chain script '/home/gavin/AGV_Control/install/setup.ps1'
[5.440s] INFO:colcon.colcon_core.shell:Creating prefix script '/home/gavin/AGV_Control/install/local_setup.sh'
[5.442s] INFO:colcon.colcon_core.shell:Creating prefix util module '/home/gavin/AGV_Control/install/_local_setup_util_sh.py'
[5.444s] INFO:colcon.colcon_core.shell:Creating prefix chain script '/home/gavin/AGV_Control/install/setup.sh'
[5.459s] INFO:colcon.colcon_core.shell:Creating prefix script '/home/gavin/AGV_Control/install/local_setup.bash'
[5.461s] INFO:colcon.colcon_core.shell:Creating prefix chain script '/home/gavin/AGV_Control/install/setup.bash'
[5.473s] INFO:colcon.colcon_core.shell:Creating prefix script '/home/gavin/AGV_Control/install/local_setup.zsh'
[5.474s] INFO:colcon.colcon_core.shell:Creating prefix chain script '/home/gavin/AGV_Control/install/setup.zsh'
