[2.416s] Invoking command in '/home/gavin/AGV_Control/src/forklift': PYTHONPATH=/home/gavin/AGV_Control/build/forklift/prefix_override:/usr/lib/python3/dist-packages/colcon_core/task/python/colcon_distutils_commands:/home/gavin/AGV_Control/install/forklift/lib/python3.10/site-packages:${PYTHONPATH} /usr/bin/python3 -W ignore:setup.py install is deprecated -W ignore:easy_install command is deprecated setup.py egg_info --egg-base ../../build/forklift build --build-base /home/gavin/AGV_Control/build/forklift/build install --record /home/gavin/AGV_Control/build/forklift/install.log --single-version-externally-managed install_data
[2.946s] running egg_info
[2.948s] writing ../../build/forklift/forklift.egg-info/PKG-INFO
[2.948s] writing dependency_links to ../../build/forklift/forklift.egg-info/dependency_links.txt
[2.949s] writing entry points to ../../build/forklift/forklift.egg-info/entry_points.txt
[2.949s] writing requirements to ../../build/forklift/forklift.egg-info/requires.txt
[2.949s] writing top-level names to ../../build/forklift/forklift.egg-info/top_level.txt
[2.953s] reading manifest file '../../build/forklift/forklift.egg-info/SOURCES.txt'
[2.954s] writing manifest file '../../build/forklift/forklift.egg-info/SOURCES.txt'
[2.954s] running build
[2.954s] running build_py
[2.955s] running install
[2.956s] running install_lib
[2.959s] running install_data
[2.959s] running install_egg_info
[2.962s] removing '/home/gavin/AGV_Control/install/forklift/lib/python3.10/site-packages/forklift-0.0.0-py3.10.egg-info' (and everything under it)
[2.963s] Copying ../../build/forklift/forklift.egg-info to /home/gavin/AGV_Control/install/forklift/lib/python3.10/site-packages/forklift-0.0.0-py3.10.egg-info
[2.964s] running install_scripts
[3.000s] Installing forklift script to /home/gavin/AGV_Control/install/forklift/lib/forklift
[3.000s] writing list of installed files to '/home/gavin/AGV_Control/build/forklift/install.log'
[3.048s] Invoked command in '/home/gavin/AGV_Control/src/forklift' returned '0': PYTHONPATH=/home/gavin/AGV_Control/build/forklift/prefix_override:/usr/lib/python3/dist-packages/colcon_core/task/python/colcon_distutils_commands:/home/gavin/AGV_Control/install/forklift/lib/python3.10/site-packages:${PYTHONPATH} /usr/bin/python3 -W ignore:setup.py install is deprecated -W ignore:easy_install command is deprecated setup.py egg_info --egg-base ../../build/forklift build --build-base /home/gavin/AGV_Control/build/forklift/build install --record /home/gavin/AGV_Control/build/forklift/install.log --single-version-externally-managed install_data
