[0.005s] Invoking command in '/home/asrlab/sample_code_agv/build/wiimote': AMENT_PREFIX_PATH=/home/asrlab/sample_code_agv/install/wiimote_msgs:${AMENT_PREFIX_PATH} CMAKE_PREFIX_PATH=/home/asrlab/sample_code_agv/install/wiimote_msgs:/opt/ros/humble LD_LIBRARY_PATH=/home/asrlab/sample_code_agv/install/wiimote_msgs/lib:${LD_LIBRARY_PATH} PYTHONPATH=/home/asrlab/sample_code_agv/install/wiimote_msgs/local/lib/python3.10/dist-packages:${PYTHONPATH} /usr/bin/cmake --build /home/asrlab/sample_code_agv/build/wiimote -- -j20 -l20
[0.040s] [100%] Built target teleop_wiimote_node
[0.040s] [100%] Built target teleop_wiimote
[0.040s] [100%] Built target wiimote_node
[0.040s] [100%] Built target wiimote_lib
[0.047s] Invoked command in '/home/asrlab/sample_code_agv/build/wiimote' returned '0': AMENT_PREFIX_PATH=/home/asrlab/sample_code_agv/install/wiimote_msgs:${AMENT_PREFIX_PATH} CMAKE_PREFIX_PATH=/home/asrlab/sample_code_agv/install/wiimote_msgs:/opt/ros/humble LD_LIBRARY_PATH=/home/asrlab/sample_code_agv/install/wiimote_msgs/lib:${LD_LIBRARY_PATH} PYTHONPATH=/home/asrlab/sample_code_agv/install/wiimote_msgs/local/lib/python3.10/dist-packages:${PYTHONPATH} /usr/bin/cmake --build /home/asrlab/sample_code_agv/build/wiimote -- -j20 -l20
[0.069s] Invoking command in '/home/asrlab/sample_code_agv/build/wiimote': AMENT_PREFIX_PATH=/home/asrlab/sample_code_agv/install/wiimote_msgs:${AMENT_PREFIX_PATH} CMAKE_PREFIX_PATH=/home/asrlab/sample_code_agv/install/wiimote_msgs:/opt/ros/humble LD_LIBRARY_PATH=/home/asrlab/sample_code_agv/install/wiimote_msgs/lib:${LD_LIBRARY_PATH} PYTHONPATH=/home/asrlab/sample_code_agv/install/wiimote_msgs/local/lib/python3.10/dist-packages:${PYTHONPATH} /usr/bin/cmake --install /home/asrlab/sample_code_agv/build/wiimote
[0.073s] -- Install configuration: ""
[0.074s] -- Up-to-date: /home/asrlab/sample_code_agv/install/wiimote/lib/wiimote/wiimote_node
[0.074s] -- Up-to-date: /home/asrlab/sample_code_agv/install/wiimote/lib/wiimote/teleop_wiimote_node
[0.074s] -- Up-to-date: /home/asrlab/sample_code_agv/install/wiimote/lib/libwiimote_lib.so
[0.074s] -- Up-to-date: /home/asrlab/sample_code_agv/install/wiimote/lib/libteleop_wiimote.so
[0.074s] -- Up-to-date: /home/asrlab/sample_code_agv/install/wiimote/include/wiimote
[0.074s] -- Up-to-date: /home/asrlab/sample_code_agv/install/wiimote/include/wiimote/wiimote
[0.074s] -- Up-to-date: /home/asrlab/sample_code_agv/install/wiimote/include/wiimote/wiimote/stat_vector_3d.hpp
[0.074s] -- Up-to-date: /home/asrlab/sample_code_agv/install/wiimote/include/wiimote/wiimote/wiimote_controller.hpp
[0.074s] -- Up-to-date: /home/asrlab/sample_code_agv/install/wiimote/include/wiimote/wiimote/teleop_wiimote.hpp
[0.074s] -- Up-to-date: /home/asrlab/sample_code_agv/install/wiimote/share/wiimote/launch
[0.074s] -- Up-to-date: /home/asrlab/sample_code_agv/install/wiimote/share/wiimote/launch/wiimote_lifecycle.launch.py
[0.074s] -- Up-to-date: /home/asrlab/sample_code_agv/install/wiimote/share/wiimote/launch/turtlesim.launch.py
[0.074s] -- Up-to-date: /home/asrlab/sample_code_agv/install/wiimote/share/wiimote/launch/feedback_test.launch.py
[0.074s] -- Up-to-date: /home/asrlab/sample_code_agv/install/wiimote/share/wiimote/config
[0.074s] -- Up-to-date: /home/asrlab/sample_code_agv/install/wiimote/share/wiimote/config/wiimote_params.yaml
[0.075s] -- Up-to-date: /home/asrlab/sample_code_agv/install/wiimote/share/wiimote/config/teleop_wiimote_params.yaml
[0.075s] -- Up-to-date: /home/asrlab/sample_code_agv/install/wiimote/lib/wiimote/wiimote_node
[0.075s] -- Up-to-date: /home/asrlab/sample_code_agv/install/wiimote/lib/wiimote/feedback_tester.py
[0.075s] -- Up-to-date: /home/asrlab/sample_code_agv/install/wiimote/share/ament_index/resource_index/package_run_dependencies/wiimote
[0.075s] -- Up-to-date: /home/asrlab/sample_code_agv/install/wiimote/share/ament_index/resource_index/parent_prefix_path/wiimote
[0.075s] -- Up-to-date: /home/asrlab/sample_code_agv/install/wiimote/share/wiimote/environment/ament_prefix_path.sh
[0.075s] -- Up-to-date: /home/asrlab/sample_code_agv/install/wiimote/share/wiimote/environment/ament_prefix_path.dsv
[0.075s] -- Up-to-date: /home/asrlab/sample_code_agv/install/wiimote/share/wiimote/environment/path.sh
[0.075s] -- Up-to-date: /home/asrlab/sample_code_agv/install/wiimote/share/wiimote/environment/path.dsv
[0.075s] -- Up-to-date: /home/asrlab/sample_code_agv/install/wiimote/share/wiimote/local_setup.bash
[0.075s] -- Up-to-date: /home/asrlab/sample_code_agv/install/wiimote/share/wiimote/local_setup.sh
[0.075s] -- Up-to-date: /home/asrlab/sample_code_agv/install/wiimote/share/wiimote/local_setup.zsh
[0.075s] -- Up-to-date: /home/asrlab/sample_code_agv/install/wiimote/share/wiimote/local_setup.dsv
[0.075s] -- Installing: /home/asrlab/sample_code_agv/install/wiimote/share/wiimote/package.dsv
[0.075s] -- Up-to-date: /home/asrlab/sample_code_agv/install/wiimote/share/ament_index/resource_index/packages/wiimote
[0.075s] -- Up-to-date: /home/asrlab/sample_code_agv/install/wiimote/share/ament_index/resource_index/rclcpp_components/wiimote
[0.075s] -- Up-to-date: /home/asrlab/sample_code_agv/install/wiimote/share/wiimote/cmake/export_wiimoteExport.cmake
[0.075s] -- Up-to-date: /home/asrlab/sample_code_agv/install/wiimote/share/wiimote/cmake/export_wiimoteExport-noconfig.cmake
[0.075s] -- Up-to-date: /home/asrlab/sample_code_agv/install/wiimote/share/wiimote/cmake/wiimote-extras.cmake
[0.075s] -- Up-to-date: /home/asrlab/sample_code_agv/install/wiimote/share/wiimote/cmake/ament_cmake_export_targets-extras.cmake
[0.076s] -- Up-to-date: /home/asrlab/sample_code_agv/install/wiimote/share/wiimote/cmake/ament_cmake_export_dependencies-extras.cmake
[0.076s] -- Up-to-date: /home/asrlab/sample_code_agv/install/wiimote/share/wiimote/cmake/wiimoteConfig.cmake
[0.076s] -- Up-to-date: /home/asrlab/sample_code_agv/install/wiimote/share/wiimote/cmake/wiimoteConfig-version.cmake
[0.076s] -- Up-to-date: /home/asrlab/sample_code_agv/install/wiimote/share/wiimote/package.xml
[0.076s] Invoked command in '/home/asrlab/sample_code_agv/build/wiimote' returned '0': AMENT_PREFIX_PATH=/home/asrlab/sample_code_agv/install/wiimote_msgs:${AMENT_PREFIX_PATH} CMAKE_PREFIX_PATH=/home/asrlab/sample_code_agv/install/wiimote_msgs:/opt/ros/humble LD_LIBRARY_PATH=/home/asrlab/sample_code_agv/install/wiimote_msgs/lib:${LD_LIBRARY_PATH} PYTHONPATH=/home/asrlab/sample_code_agv/install/wiimote_msgs/local/lib/python3.10/dist-packages:${PYTHONPATH} /usr/bin/cmake --install /home/asrlab/sample_code_agv/build/wiimote
