[2.176s] Invoking command in '/home/gavin/AGV_Control/src/forklift': PYTHONPATH=/home/gavin/AGV_Control/build/forklift/prefix_override:/usr/lib/python3/dist-packages/colcon_core/task/python/colcon_distutils_commands:/home/gavin/AGV_Control/install/forklift/lib/python3.10/site-packages:${PYTHONPATH} /usr/bin/python3 -W ignore:setup.py install is deprecated -W ignore:easy_install command is deprecated setup.py egg_info --egg-base ../../build/forklift build --build-base /home/gavin/AGV_Control/build/forklift/build install --record /home/gavin/AGV_Control/build/forklift/install.log --single-version-externally-managed install_data
[2.608s] running egg_info
[2.609s] writing ../../build/forklift/forklift.egg-info/PKG-INFO
[2.609s] writing dependency_links to ../../build/forklift/forklift.egg-info/dependency_links.txt
[2.609s] writing entry points to ../../build/forklift/forklift.egg-info/entry_points.txt
[2.609s] writing requirements to ../../build/forklift/forklift.egg-info/requires.txt
[2.609s] writing top-level names to ../../build/forklift/forklift.egg-info/top_level.txt
[2.613s] reading manifest file '../../build/forklift/forklift.egg-info/SOURCES.txt'
[2.614s] writing manifest file '../../build/forklift/forklift.egg-info/SOURCES.txt'
[2.614s] running build
[2.615s] running build_py
[2.615s] running install
[2.615s] running install_lib
[2.617s] running install_data
[2.618s] running install_egg_info
[2.621s] removing '/home/gavin/AGV_Control/install/forklift/lib/python3.10/site-packages/forklift-0.0.0-py3.10.egg-info' (and everything under it)
[2.621s] Copying ../../build/forklift/forklift.egg-info to /home/gavin/AGV_Control/install/forklift/lib/python3.10/site-packages/forklift-0.0.0-py3.10.egg-info
[2.622s] running install_scripts
[2.658s] Installing forklift script to /home/gavin/AGV_Control/install/forklift/lib/forklift
[2.659s] writing list of installed files to '/home/gavin/AGV_Control/build/forklift/install.log'
[2.709s] Invoked command in '/home/gavin/AGV_Control/src/forklift' returned '0': PYTHONPATH=/home/gavin/AGV_Control/build/forklift/prefix_override:/usr/lib/python3/dist-packages/colcon_core/task/python/colcon_distutils_commands:/home/gavin/AGV_Control/install/forklift/lib/python3.10/site-packages:${PYTHONPATH} /usr/bin/python3 -W ignore:setup.py install is deprecated -W ignore:easy_install command is deprecated setup.py egg_info --egg-base ../../build/forklift build --build-base /home/gavin/AGV_Control/build/forklift/build install --record /home/gavin/AGV_Control/build/forklift/install.log --single-version-externally-managed install_data
