[0.011s] Invoking command in '/home/asrlab/sample_code_agv/build/wiimote': CMAKE_PREFIX_PATH=/home/asrlab/sample_code_agv/install/wiimote_msgs:/home/asrlab/sample_code_agv/install/wiimote:/home/asrlab/sample_code_agv/install/spacenav:/home/asrlab/sample_code_agv/install/joy:/home/asrlab/sample_code_agv/install/sdl2_vendor:/home/asrlab/sample_code_agv/install/joy_linux:/home/asrlab/sample_code_agv/install/js2fork:/home/asrlab/sample_code_agv/install/joystick_ros2:/home/asrlab/sample_code_agv/install/forklift:/opt/ros/humble LD_LIBRARY_PATH=/home/asrlab/sample_code_agv/install/wiimote_msgs/lib:/home/asrlab/sample_code_agv/install/wiimote/lib:/home/asrlab/sample_code_agv/install/spacenav/lib:/home/asrlab/sample_code_agv/install/joy/lib:/opt/ros/humble/opt/rviz_ogre_vendor/lib:/opt/ros/humble/lib/x86_64-linux-gnu:/opt/ros/humble/lib:/usr/local/cuda-12.5/lib64 /usr/bin/cmake --build /home/asrlab/sample_code_agv/build/wiimote -- -j20 -l20
[0.048s] [ 88%] Built target teleop_wiimote
[0.048s] [ 88%] Built target teleop_wiimote_node
[0.048s] [ 88%] Built target wiimote_node
[0.048s] [100%] Built target wiimote_lib
[0.055s] Invoked command in '/home/asrlab/sample_code_agv/build/wiimote' returned '0': CMAKE_PREFIX_PATH=/home/asrlab/sample_code_agv/install/wiimote_msgs:/home/asrlab/sample_code_agv/install/wiimote:/home/asrlab/sample_code_agv/install/spacenav:/home/asrlab/sample_code_agv/install/joy:/home/asrlab/sample_code_agv/install/sdl2_vendor:/home/asrlab/sample_code_agv/install/joy_linux:/home/asrlab/sample_code_agv/install/js2fork:/home/asrlab/sample_code_agv/install/joystick_ros2:/home/asrlab/sample_code_agv/install/forklift:/opt/ros/humble LD_LIBRARY_PATH=/home/asrlab/sample_code_agv/install/wiimote_msgs/lib:/home/asrlab/sample_code_agv/install/wiimote/lib:/home/asrlab/sample_code_agv/install/spacenav/lib:/home/asrlab/sample_code_agv/install/joy/lib:/opt/ros/humble/opt/rviz_ogre_vendor/lib:/opt/ros/humble/lib/x86_64-linux-gnu:/opt/ros/humble/lib:/usr/local/cuda-12.5/lib64 /usr/bin/cmake --build /home/asrlab/sample_code_agv/build/wiimote -- -j20 -l20
[0.079s] Invoking command in '/home/asrlab/sample_code_agv/build/wiimote': CMAKE_PREFIX_PATH=/home/asrlab/sample_code_agv/install/wiimote_msgs:/home/asrlab/sample_code_agv/install/wiimote:/home/asrlab/sample_code_agv/install/spacenav:/home/asrlab/sample_code_agv/install/joy:/home/asrlab/sample_code_agv/install/sdl2_vendor:/home/asrlab/sample_code_agv/install/joy_linux:/home/asrlab/sample_code_agv/install/js2fork:/home/asrlab/sample_code_agv/install/joystick_ros2:/home/asrlab/sample_code_agv/install/forklift:/opt/ros/humble LD_LIBRARY_PATH=/home/asrlab/sample_code_agv/install/wiimote_msgs/lib:/home/asrlab/sample_code_agv/install/wiimote/lib:/home/asrlab/sample_code_agv/install/spacenav/lib:/home/asrlab/sample_code_agv/install/joy/lib:/opt/ros/humble/opt/rviz_ogre_vendor/lib:/opt/ros/humble/lib/x86_64-linux-gnu:/opt/ros/humble/lib:/usr/local/cuda-12.5/lib64 /usr/bin/cmake --install /home/asrlab/sample_code_agv/build/wiimote
[0.084s] -- Install configuration: ""
[0.084s] -- Up-to-date: /home/asrlab/sample_code_agv/install/wiimote/lib/wiimote/wiimote_node
[0.084s] -- Up-to-date: /home/asrlab/sample_code_agv/install/wiimote/lib/wiimote/teleop_wiimote_node
[0.084s] -- Up-to-date: /home/asrlab/sample_code_agv/install/wiimote/lib/libwiimote_lib.so
[0.085s] -- Up-to-date: /home/asrlab/sample_code_agv/install/wiimote/lib/libteleop_wiimote.so
[0.085s] -- Up-to-date: /home/asrlab/sample_code_agv/install/wiimote/include/wiimote
[0.085s] -- Up-to-date: /home/asrlab/sample_code_agv/install/wiimote/include/wiimote/wiimote
[0.085s] -- Up-to-date: /home/asrlab/sample_code_agv/install/wiimote/include/wiimote/wiimote/stat_vector_3d.hpp
[0.085s] -- Up-to-date: /home/asrlab/sample_code_agv/install/wiimote/include/wiimote/wiimote/wiimote_controller.hpp
[0.085s] -- Up-to-date: /home/asrlab/sample_code_agv/install/wiimote/include/wiimote/wiimote/teleop_wiimote.hpp
[0.085s] -- Up-to-date: /home/asrlab/sample_code_agv/install/wiimote/share/wiimote/launch
[0.085s] -- Up-to-date: /home/asrlab/sample_code_agv/install/wiimote/share/wiimote/launch/wiimote_lifecycle.launch.py
[0.085s] -- Up-to-date: /home/asrlab/sample_code_agv/install/wiimote/share/wiimote/launch/turtlesim.launch.py
[0.085s] -- Up-to-date: /home/asrlab/sample_code_agv/install/wiimote/share/wiimote/launch/feedback_test.launch.py
[0.085s] -- Up-to-date: /home/asrlab/sample_code_agv/install/wiimote/share/wiimote/config
[0.085s] -- Up-to-date: /home/asrlab/sample_code_agv/install/wiimote/share/wiimote/config/wiimote_params.yaml
[0.085s] -- Up-to-date: /home/asrlab/sample_code_agv/install/wiimote/share/wiimote/config/teleop_wiimote_params.yaml
[0.085s] -- Up-to-date: /home/asrlab/sample_code_agv/install/wiimote/lib/wiimote/wiimote_node
[0.085s] -- Up-to-date: /home/asrlab/sample_code_agv/install/wiimote/lib/wiimote/feedback_tester.py
[0.085s] -- Up-to-date: /home/asrlab/sample_code_agv/install/wiimote/share/ament_index/resource_index/package_run_dependencies/wiimote
[0.086s] -- Up-to-date: /home/asrlab/sample_code_agv/install/wiimote/share/ament_index/resource_index/parent_prefix_path/wiimote
[0.086s] -- Up-to-date: /home/asrlab/sample_code_agv/install/wiimote/share/wiimote/environment/ament_prefix_path.sh
[0.086s] -- Up-to-date: /home/asrlab/sample_code_agv/install/wiimote/share/wiimote/environment/ament_prefix_path.dsv
[0.086s] -- Up-to-date: /home/asrlab/sample_code_agv/install/wiimote/share/wiimote/environment/path.sh
[0.086s] -- Up-to-date: /home/asrlab/sample_code_agv/install/wiimote/share/wiimote/environment/path.dsv
[0.086s] -- Up-to-date: /home/asrlab/sample_code_agv/install/wiimote/share/wiimote/local_setup.bash
[0.086s] -- Up-to-date: /home/asrlab/sample_code_agv/install/wiimote/share/wiimote/local_setup.sh
[0.086s] -- Up-to-date: /home/asrlab/sample_code_agv/install/wiimote/share/wiimote/local_setup.zsh
[0.086s] -- Up-to-date: /home/asrlab/sample_code_agv/install/wiimote/share/wiimote/local_setup.dsv
[0.086s] -- Installing: /home/asrlab/sample_code_agv/install/wiimote/share/wiimote/package.dsv
[0.086s] -- Up-to-date: /home/asrlab/sample_code_agv/install/wiimote/share/ament_index/resource_index/packages/wiimote
[0.086s] -- Up-to-date: /home/asrlab/sample_code_agv/install/wiimote/share/ament_index/resource_index/rclcpp_components/wiimote
[0.086s] -- Up-to-date: /home/asrlab/sample_code_agv/install/wiimote/share/wiimote/cmake/export_wiimoteExport.cmake
[0.086s] -- Up-to-date: /home/asrlab/sample_code_agv/install/wiimote/share/wiimote/cmake/export_wiimoteExport-noconfig.cmake
[0.086s] -- Up-to-date: /home/asrlab/sample_code_agv/install/wiimote/share/wiimote/cmake/wiimote-extras.cmake
[0.086s] -- Up-to-date: /home/asrlab/sample_code_agv/install/wiimote/share/wiimote/cmake/ament_cmake_export_targets-extras.cmake
[0.086s] -- Up-to-date: /home/asrlab/sample_code_agv/install/wiimote/share/wiimote/cmake/ament_cmake_export_dependencies-extras.cmake
[0.086s] -- Up-to-date: /home/asrlab/sample_code_agv/install/wiimote/share/wiimote/cmake/wiimoteConfig.cmake
[0.086s] -- Up-to-date: /home/asrlab/sample_code_agv/install/wiimote/share/wiimote/cmake/wiimoteConfig-version.cmake
[0.086s] -- Up-to-date: /home/asrlab/sample_code_agv/install/wiimote/share/wiimote/package.xml
[0.087s] Invoked command in '/home/asrlab/sample_code_agv/build/wiimote' returned '0': CMAKE_PREFIX_PATH=/home/asrlab/sample_code_agv/install/wiimote_msgs:/home/asrlab/sample_code_agv/install/wiimote:/home/asrlab/sample_code_agv/install/spacenav:/home/asrlab/sample_code_agv/install/joy:/home/asrlab/sample_code_agv/install/sdl2_vendor:/home/asrlab/sample_code_agv/install/joy_linux:/home/asrlab/sample_code_agv/install/js2fork:/home/asrlab/sample_code_agv/install/joystick_ros2:/home/asrlab/sample_code_agv/install/forklift:/opt/ros/humble LD_LIBRARY_PATH=/home/asrlab/sample_code_agv/install/wiimote_msgs/lib:/home/asrlab/sample_code_agv/install/wiimote/lib:/home/asrlab/sample_code_agv/install/spacenav/lib:/home/asrlab/sample_code_agv/install/joy/lib:/opt/ros/humble/opt/rviz_ogre_vendor/lib:/opt/ros/humble/lib/x86_64-linux-gnu:/opt/ros/humble/lib:/usr/local/cuda-12.5/lib64 /usr/bin/cmake --install /home/asrlab/sample_code_agv/build/wiimote
