[0.672s] Invoking command in '/home/asrlab/sample_code_agv/src/js2fork': PYTHONPATH=/home/asrlab/sample_code_agv/build/js2fork/prefix_override:/usr/lib/python3/dist-packages/colcon_core/task/python/colcon_distutils_commands:/home/asrlab/sample_code_agv/install/js2fork/lib/python3.10/site-packages:${PYTHONPATH} /usr/bin/python3 -W ignore:setup.py install is deprecated setup.py egg_info --egg-base ../../build/js2fork build --build-base /home/asrlab/sample_code_agv/build/js2fork/build install --record /home/asrlab/sample_code_agv/build/js2fork/install.log --single-version-externally-managed install_data
[0.876s] running egg_info
[0.876s] creating ../../build/js2fork/js2fork.egg-info
[0.876s] writing ../../build/js2fork/js2fork.egg-info/PKG-INFO
[0.876s] writing dependency_links to ../../build/js2fork/js2fork.egg-info/dependency_links.txt
[0.876s] writing entry points to ../../build/js2fork/js2fork.egg-info/entry_points.txt
[0.876s] writing requirements to ../../build/js2fork/js2fork.egg-info/requires.txt
[0.876s] writing top-level names to ../../build/js2fork/js2fork.egg-info/top_level.txt
[0.876s] writing manifest file '../../build/js2fork/js2fork.egg-info/SOURCES.txt'
[0.877s] reading manifest file '../../build/js2fork/js2fork.egg-info/SOURCES.txt'
[0.878s] writing manifest file '../../build/js2fork/js2fork.egg-info/SOURCES.txt'
[0.878s] running build
[0.878s] running build_py
[0.878s] creating /home/asrlab/sample_code_agv/build/js2fork/build
[0.878s] creating /home/asrlab/sample_code_agv/build/js2fork/build/lib
[0.879s] creating /home/asrlab/sample_code_agv/build/js2fork/build/lib/js2fork
[0.879s] copying js2fork/js2fork.py -> /home/asrlab/sample_code_agv/build/js2fork/build/lib/js2fork
[0.879s] copying js2fork/__init__.py -> /home/asrlab/sample_code_agv/build/js2fork/build/lib/js2fork
[0.879s] running install
[0.879s] running install_lib
[0.879s] creating /home/asrlab/sample_code_agv/install/js2fork/lib/python3.10/site-packages/js2fork
[0.879s] copying /home/asrlab/sample_code_agv/build/js2fork/build/lib/js2fork/js2fork.py -> /home/asrlab/sample_code_agv/install/js2fork/lib/python3.10/site-packages/js2fork
[0.879s] copying /home/asrlab/sample_code_agv/build/js2fork/build/lib/js2fork/__init__.py -> /home/asrlab/sample_code_agv/install/js2fork/lib/python3.10/site-packages/js2fork
[0.879s] byte-compiling /home/asrlab/sample_code_agv/install/js2fork/lib/python3.10/site-packages/js2fork/js2fork.py to js2fork.cpython-310.pyc
[0.880s] byte-compiling /home/asrlab/sample_code_agv/install/js2fork/lib/python3.10/site-packages/js2fork/__init__.py to __init__.cpython-310.pyc
[0.880s] running install_data
[0.881s] creating /home/asrlab/sample_code_agv/install/js2fork/share/ament_index
[0.881s] creating /home/asrlab/sample_code_agv/install/js2fork/share/ament_index/resource_index
[0.881s] creating /home/asrlab/sample_code_agv/install/js2fork/share/ament_index/resource_index/packages
[0.881s] copying resource/js2fork -> /home/asrlab/sample_code_agv/install/js2fork/share/ament_index/resource_index/packages
[0.881s] copying package.xml -> /home/asrlab/sample_code_agv/install/js2fork/share/js2fork
[0.881s] creating /home/asrlab/sample_code_agv/install/js2fork/share/js2fork/launch
[0.881s] copying launch/js2fork_launch.py -> /home/asrlab/sample_code_agv/install/js2fork/share/js2fork/launch
[0.881s] running install_egg_info
[0.882s] Copying ../../build/js2fork/js2fork.egg-info to /home/asrlab/sample_code_agv/install/js2fork/lib/python3.10/site-packages/js2fork-0.0.0-py3.10.egg-info
[0.882s] running install_scripts
[0.896s] Installing js2fork script to /home/asrlab/sample_code_agv/install/js2fork/lib/js2fork
[0.896s] writing list of installed files to '/home/asrlab/sample_code_agv/build/js2fork/install.log'
[0.912s] Invoked command in '/home/asrlab/sample_code_agv/src/js2fork' returned '0': PYTHONPATH=/home/asrlab/sample_code_agv/build/js2fork/prefix_override:/usr/lib/python3/dist-packages/colcon_core/task/python/colcon_distutils_commands:/home/asrlab/sample_code_agv/install/js2fork/lib/python3.10/site-packages:${PYTHONPATH} /usr/bin/python3 -W ignore:setup.py install is deprecated setup.py egg_info --egg-base ../../build/js2fork build --build-base /home/asrlab/sample_code_agv/build/js2fork/build install --record /home/asrlab/sample_code_agv/build/js2fork/install.log --single-version-externally-managed install_data
