[0.028s] Invoking command in '/home/asrlab/sample_code_agv/build/sdl2_vendor': CMAKE_PREFIX_PATH=${CMAKE_PREFIX_PATH}:/home/asrlab/sample_code_agv/install/js2fork:/home/asrlab/sample_code_agv/install/joystick_ros2:/home/asrlab/sample_code_agv/install/forklift:/opt/ros/humble /usr/bin/cmake --build /home/asrlab/sample_code_agv/build/sdl2_vendor -- -j20 -l20
[0.748s] Invoked command in '/home/asrlab/sample_code_agv/build/sdl2_vendor' returned '0': CMAKE_PREFIX_PATH=${CMAKE_PREFIX_PATH}:/home/asrlab/sample_code_agv/install/js2fork:/home/asrlab/sample_code_agv/install/joystick_ros2:/home/asrlab/sample_code_agv/install/forklift:/opt/ros/humble /usr/bin/cmake --build /home/asrlab/sample_code_agv/build/sdl2_vendor -- -j20 -l20
[0.767s] Invoking command in '/home/asrlab/sample_code_agv/build/sdl2_vendor': CMAKE_PREFIX_PATH=${CMAKE_PREFIX_PATH}:/home/asrlab/sample_code_agv/install/js2fork:/home/asrlab/sample_code_agv/install/joystick_ros2:/home/asrlab/sample_code_agv/install/forklift:/opt/ros/humble /usr/bin/cmake --install /home/asrlab/sample_code_agv/build/sdl2_vendor
[0.771s] -- Install configuration: ""
[0.772s] -- Up-to-date: /home/asrlab/sample_code_agv/install/sdl2_vendor/share/sdl2_vendor/cmake
[0.772s] -- Up-to-date: /home/asrlab/sample_code_agv/install/sdl2_vendor/share/sdl2_vendor/cmake/Modules
[0.772s] -- Up-to-date: /home/asrlab/sample_code_agv/install/sdl2_vendor/share/sdl2_vendor/cmake/Modules/Findsdl2_custom.cmake
[0.772s] -- Up-to-date: /home/asrlab/sample_code_agv/install/sdl2_vendor/share/ament_index/resource_index/package_run_dependencies/sdl2_vendor
[0.772s] -- Up-to-date: /home/asrlab/sample_code_agv/install/sdl2_vendor/share/ament_index/resource_index/parent_prefix_path/sdl2_vendor
[0.772s] -- Up-to-date: /home/asrlab/sample_code_agv/install/sdl2_vendor/share/sdl2_vendor/environment/ament_prefix_path.sh
[0.772s] -- Up-to-date: /home/asrlab/sample_code_agv/install/sdl2_vendor/share/sdl2_vendor/environment/ament_prefix_path.dsv
[0.772s] -- Up-to-date: /home/asrlab/sample_code_agv/install/sdl2_vendor/share/sdl2_vendor/environment/path.sh
[0.772s] -- Up-to-date: /home/asrlab/sample_code_agv/install/sdl2_vendor/share/sdl2_vendor/environment/path.dsv
[0.772s] -- Up-to-date: /home/asrlab/sample_code_agv/install/sdl2_vendor/share/sdl2_vendor/local_setup.bash
[0.772s] -- Up-to-date: /home/asrlab/sample_code_agv/install/sdl2_vendor/share/sdl2_vendor/local_setup.sh
[0.772s] -- Up-to-date: /home/asrlab/sample_code_agv/install/sdl2_vendor/share/sdl2_vendor/local_setup.zsh
[0.772s] -- Up-to-date: /home/asrlab/sample_code_agv/install/sdl2_vendor/share/sdl2_vendor/local_setup.dsv
[0.772s] -- Installing: /home/asrlab/sample_code_agv/install/sdl2_vendor/share/sdl2_vendor/package.dsv
[0.773s] -- Up-to-date: /home/asrlab/sample_code_agv/install/sdl2_vendor/share/ament_index/resource_index/packages/sdl2_vendor
[0.773s] -- Up-to-date: /home/asrlab/sample_code_agv/install/sdl2_vendor/share/sdl2_vendor/cmake/sdl2_vendor-extras.cmake
[0.773s] -- Up-to-date: /home/asrlab/sample_code_agv/install/sdl2_vendor/share/sdl2_vendor/cmake/sdl2_vendorConfig.cmake
[0.773s] -- Up-to-date: /home/asrlab/sample_code_agv/install/sdl2_vendor/share/sdl2_vendor/cmake/sdl2_vendorConfig-version.cmake
[0.773s] -- Up-to-date: /home/asrlab/sample_code_agv/install/sdl2_vendor/share/sdl2_vendor/package.xml
[0.774s] Invoked command in '/home/asrlab/sample_code_agv/build/sdl2_vendor' returned '0': CMAKE_PREFIX_PATH=${CMAKE_PREFIX_PATH}:/home/asrlab/sample_code_agv/install/js2fork:/home/asrlab/sample_code_agv/install/joystick_ros2:/home/asrlab/sample_code_agv/install/forklift:/opt/ros/humble /usr/bin/cmake --install /home/asrlab/sample_code_agv/build/sdl2_vendor
