[1.107s] Invoking command in '/home/gavin/AGV_Control/build/lakibeam1': CMAKE_PREFIX_PATH=${CMAKE_PREFIX_PATH}:/home/gavin/minimec/install/wheeltec_control:/home/gavin/minimec/install/mini_mec_localization:/home/gavin/minimec/src/install/wheeltec_control:/home/gavin/minimec/src/install/mini_mec_localization:/home/gavin/install/ament_uncrustify:/home/gavin/install/tracetools_trace:/home/gavin/install/tracetools_read:/home/gavin/install/rpyutils:/home/gavin/install/rosidl_cli:/home/gavin/install/launch_pytest:/home/gavin/install/launch_testing:/home/gavin/install/launch_yaml:/home/gavin/install/launch_xml:/home/gavin/install/launch:/home/gavin/install/osrf_pycommon:/home/gavin/install/domain_coordinator:/home/gavin/install/ament_xmllint:/home/gavin/install/ament_pyflakes:/home/gavin/install/ament_pycodestyle:/home/gavin/install/ament_pep257:/home/gavin/install/ament_pclint:/home/gavin/install/ament_package:/home/gavin/install/ament_mypy:/home/gavin/install/ament_lint_cmake:/home/gavin/install/ament_flake8:/home/gavin/install/ament_copyright:/home/gavin/install/ament_lint:/home/gavin/install/ament_index_python:/home/gavin/install/ament_cpplint:/home/gavin/install/ament_cppcheck:/home/gavin/install/ament_clang_tidy:/home/gavin/install/ament_clang_format:/opt/ros/humble /usr/bin/cmake --build /home/gavin/AGV_Control/build/lakibeam1 -- -j8 -l8
[1.275s] [100%] Built target lakibeam1_scan_node
[1.662s] Invoked command in '/home/gavin/AGV_Control/build/lakibeam1' returned '0': CMAKE_PREFIX_PATH=${CMAKE_PREFIX_PATH}:/home/gavin/minimec/install/wheeltec_control:/home/gavin/minimec/install/mini_mec_localization:/home/gavin/minimec/src/install/wheeltec_control:/home/gavin/minimec/src/install/mini_mec_localization:/home/gavin/install/ament_uncrustify:/home/gavin/install/tracetools_trace:/home/gavin/install/tracetools_read:/home/gavin/install/rpyutils:/home/gavin/install/rosidl_cli:/home/gavin/install/launch_pytest:/home/gavin/install/launch_testing:/home/gavin/install/launch_yaml:/home/gavin/install/launch_xml:/home/gavin/install/launch:/home/gavin/install/osrf_pycommon:/home/gavin/install/domain_coordinator:/home/gavin/install/ament_xmllint:/home/gavin/install/ament_pyflakes:/home/gavin/install/ament_pycodestyle:/home/gavin/install/ament_pep257:/home/gavin/install/ament_pclint:/home/gavin/install/ament_package:/home/gavin/install/ament_mypy:/home/gavin/install/ament_lint_cmake:/home/gavin/install/ament_flake8:/home/gavin/install/ament_copyright:/home/gavin/install/ament_lint:/home/gavin/install/ament_index_python:/home/gavin/install/ament_cpplint:/home/gavin/install/ament_cppcheck:/home/gavin/install/ament_clang_tidy:/home/gavin/install/ament_clang_format:/opt/ros/humble /usr/bin/cmake --build /home/gavin/AGV_Control/build/lakibeam1 -- -j8 -l8
[1.762s] Invoking command in '/home/gavin/AGV_Control/build/lakibeam1': CMAKE_PREFIX_PATH=${CMAKE_PREFIX_PATH}:/home/gavin/minimec/install/wheeltec_control:/home/gavin/minimec/install/mini_mec_localization:/home/gavin/minimec/src/install/wheeltec_control:/home/gavin/minimec/src/install/mini_mec_localization:/home/gavin/install/ament_uncrustify:/home/gavin/install/tracetools_trace:/home/gavin/install/tracetools_read:/home/gavin/install/rpyutils:/home/gavin/install/rosidl_cli:/home/gavin/install/launch_pytest:/home/gavin/install/launch_testing:/home/gavin/install/launch_yaml:/home/gavin/install/launch_xml:/home/gavin/install/launch:/home/gavin/install/osrf_pycommon:/home/gavin/install/domain_coordinator:/home/gavin/install/ament_xmllint:/home/gavin/install/ament_pyflakes:/home/gavin/install/ament_pycodestyle:/home/gavin/install/ament_pep257:/home/gavin/install/ament_pclint:/home/gavin/install/ament_package:/home/gavin/install/ament_mypy:/home/gavin/install/ament_lint_cmake:/home/gavin/install/ament_flake8:/home/gavin/install/ament_copyright:/home/gavin/install/ament_lint:/home/gavin/install/ament_index_python:/home/gavin/install/ament_cpplint:/home/gavin/install/ament_cppcheck:/home/gavin/install/ament_clang_tidy:/home/gavin/install/ament_clang_format:/opt/ros/humble /usr/bin/cmake --install /home/gavin/AGV_Control/build/lakibeam1
[1.780s] -- Install configuration: ""
[1.781s] -- Up-to-date: /home/gavin/AGV_Control/install/lakibeam1/share/ament_index/resource_index/package_run_dependencies/lakibeam1
[1.781s] -- Up-to-date: /home/gavin/AGV_Control/install/lakibeam1/share/ament_index/resource_index/parent_prefix_path/lakibeam1
[1.782s] -- Up-to-date: /home/gavin/AGV_Control/install/lakibeam1/share/lakibeam1/environment/ament_prefix_path.sh
[1.782s] -- Up-to-date: /home/gavin/AGV_Control/install/lakibeam1/share/lakibeam1/environment/ament_prefix_path.dsv
[1.782s] -- Up-to-date: /home/gavin/AGV_Control/install/lakibeam1/share/lakibeam1/environment/path.sh
[1.782s] -- Up-to-date: /home/gavin/AGV_Control/install/lakibeam1/share/lakibeam1/environment/path.dsv
[1.782s] -- Up-to-date: /home/gavin/AGV_Control/install/lakibeam1/share/lakibeam1/local_setup.bash
[1.782s] -- Up-to-date: /home/gavin/AGV_Control/install/lakibeam1/share/lakibeam1/local_setup.sh
[1.783s] -- Up-to-date: /home/gavin/AGV_Control/install/lakibeam1/share/lakibeam1/local_setup.zsh
[1.783s] -- Up-to-date: /home/gavin/AGV_Control/install/lakibeam1/share/lakibeam1/local_setup.dsv
[1.783s] -- Installing: /home/gavin/AGV_Control/install/lakibeam1/share/lakibeam1/package.dsv
[1.783s] -- Up-to-date: /home/gavin/AGV_Control/install/lakibeam1/share/ament_index/resource_index/packages/lakibeam1
[1.783s] -- Up-to-date: /home/gavin/AGV_Control/install/lakibeam1/share/lakibeam1/cmake/lakibeam1Config.cmake
[1.784s] -- Up-to-date: /home/gavin/AGV_Control/install/lakibeam1/share/lakibeam1/cmake/lakibeam1Config-version.cmake
[1.784s] -- Up-to-date: /home/gavin/AGV_Control/install/lakibeam1/share/lakibeam1/package.xml
[1.784s] -- Up-to-date: /home/gavin/AGV_Control/install/lakibeam1/lib/lakibeam1/lakibeam1_scan_node
[1.786s] -- Up-to-date: /home/gavin/AGV_Control/install/lakibeam1/share/lakibeam1/launch
[1.786s] -- Up-to-date: /home/gavin/AGV_Control/install/lakibeam1/share/lakibeam1/launch/lakibeam1_scan_dual_lidar_view.launch.py
[1.786s] -- Up-to-date: /home/gavin/AGV_Control/install/lakibeam1/share/lakibeam1/launch/lakibeam1_scan.launch.py
[1.786s] -- Up-to-date: /home/gavin/AGV_Control/install/lakibeam1/share/lakibeam1/launch/lakibeam1_scan_dual_lidar.launch.py
[1.786s] -- Up-to-date: /home/gavin/AGV_Control/install/lakibeam1/share/lakibeam1/launch/lakibeam1_scan_view.launch.py
[1.786s] -- Up-to-date: /home/gavin/AGV_Control/install/lakibeam1/share/lakibeam1/rviz
[1.787s] -- Up-to-date: /home/gavin/AGV_Control/install/lakibeam1/share/lakibeam1/rviz/lakibeam1_scan_dual.rviz
[1.787s] -- Up-to-date: /home/gavin/AGV_Control/install/lakibeam1/share/lakibeam1/rviz/rviz_scan.rviz
[1.788s] -- Up-to-date: /home/gavin/AGV_Control/install/lakibeam1/share/lakibeam1/rviz/lakibeam1_scan.rviz
[1.790s] Invoked command in '/home/gavin/AGV_Control/build/lakibeam1' returned '0': CMAKE_PREFIX_PATH=${CMAKE_PREFIX_PATH}:/home/gavin/minimec/install/wheeltec_control:/home/gavin/minimec/install/mini_mec_localization:/home/gavin/minimec/src/install/wheeltec_control:/home/gavin/minimec/src/install/mini_mec_localization:/home/gavin/install/ament_uncrustify:/home/gavin/install/tracetools_trace:/home/gavin/install/tracetools_read:/home/gavin/install/rpyutils:/home/gavin/install/rosidl_cli:/home/gavin/install/launch_pytest:/home/gavin/install/launch_testing:/home/gavin/install/launch_yaml:/home/gavin/install/launch_xml:/home/gavin/install/launch:/home/gavin/install/osrf_pycommon:/home/gavin/install/domain_coordinator:/home/gavin/install/ament_xmllint:/home/gavin/install/ament_pyflakes:/home/gavin/install/ament_pycodestyle:/home/gavin/install/ament_pep257:/home/gavin/install/ament_pclint:/home/gavin/install/ament_package:/home/gavin/install/ament_mypy:/home/gavin/install/ament_lint_cmake:/home/gavin/install/ament_flake8:/home/gavin/install/ament_copyright:/home/gavin/install/ament_lint:/home/gavin/install/ament_index_python:/home/gavin/install/ament_cpplint:/home/gavin/install/ament_cppcheck:/home/gavin/install/ament_clang_tidy:/home/gavin/install/ament_clang_format:/opt/ros/humble /usr/bin/cmake --install /home/gavin/AGV_Control/build/lakibeam1
