[0.085s] DEBUG:colcon:Command line arguments: ['/usr/bin/colcon', 'list', '-p', '--base-paths', '/home/asrlab/sample_code_agv']
[0.085s] DEBUG:colcon:Parsed command line arguments: Namespace(log_base=None, log_level=None, verb_name='list', build_base='build', ignore_user_meta=False, metas=['./colcon.meta'], base_paths=['/home/asrlab/sample_code_agv'], packages_ignore=None, packages_ignore_regex=None, paths=None, packages_up_to=None, packages_up_to_regex=None, packages_above=None, packages_above_and_dependencies=None, packages_above_depth=None, packages_select_by_dep=None, packages_skip_by_dep=None, packages_skip_up_to=None, packages_select_build_failed=False, packages_skip_build_finished=False, packages_select_test_failures=False, packages_skip_test_passed=False, packages_select=None, packages_skip=None, packages_select_regex=None, packages_skip_regex=None, packages_start=None, packages_end=None, allow_overriding=[], topological_order=False, names_only=False, paths_only=True, topological_graph=False, topological_graph_dot=False, topological_graph_density=False, topological_graph_legend=False, topological_graph_dot_cluster=False, topological_graph_dot_include_skipped=False, mixin_files=None, mixin=None, verb_parser=<colcon_mixin.mixin.mixin_argument.MixinArgumentDecorator object at 0x7ab6aa47cc70>, verb_extension=<colcon_package_information.verb.list.ListVerb object at 0x7ab6aa443b50>, main=<bound method ListVerb.main of <colcon_package_information.verb.list.ListVerb object at 0x7ab6aa443b50>>, mixin_verb=('list',))
[0.259s] Level 1:colcon.colcon_core.package_discovery:discover_packages(colcon_meta) check parameters
[0.259s] Level 1:colcon.colcon_core.package_discovery:discover_packages(recursive) check parameters
[0.259s] Level 1:colcon.colcon_core.package_discovery:discover_packages(ignore) check parameters
[0.259s] Level 1:colcon.colcon_core.package_discovery:discover_packages(path) check parameters
[0.259s] Level 1:colcon.colcon_core.package_discovery:discover_packages(recursive) discover
[0.259s] INFO:colcon.colcon_core.package_discovery:Crawling recursively for packages in '/home/asrlab/sample_code_agv'
[0.259s] Level 1:colcon.colcon_core.package_identification:_identify(/home/asrlab/sample_code_agv) by extensions ['ignore', 'ignore_ament_install']
[0.259s] Level 1:colcon.colcon_core.package_identification:_identify(/home/asrlab/sample_code_agv) by extension 'ignore'
[0.259s] Level 1:colcon.colcon_core.package_identification:_identify(/home/asrlab/sample_code_agv) by extension 'ignore_ament_install'
[0.259s] Level 1:colcon.colcon_core.package_identification:_identify(/home/asrlab/sample_code_agv) by extensions ['colcon_pkg']
[0.259s] Level 1:colcon.colcon_core.package_identification:_identify(/home/asrlab/sample_code_agv) by extension 'colcon_pkg'
[0.259s] Level 1:colcon.colcon_core.package_identification:_identify(/home/asrlab/sample_code_agv) by extensions ['colcon_meta']
[0.260s] Level 1:colcon.colcon_core.package_identification:_identify(/home/asrlab/sample_code_agv) by extension 'colcon_meta'
[0.260s] Level 1:colcon.colcon_core.package_identification:_identify(/home/asrlab/sample_code_agv) by extensions ['ros']
[0.260s] Level 1:colcon.colcon_core.package_identification:_identify(/home/asrlab/sample_code_agv) by extension 'ros'
[0.269s] Level 1:colcon.colcon_core.package_identification:_identify(/home/asrlab/sample_code_agv) by extensions ['cmake', 'python']
[0.269s] Level 1:colcon.colcon_core.package_identification:_identify(/home/asrlab/sample_code_agv) by extension 'cmake'
[0.270s] Level 1:colcon.colcon_core.package_identification:_identify(/home/asrlab/sample_code_agv) by extension 'python'
[0.270s] Level 1:colcon.colcon_core.package_identification:_identify(/home/asrlab/sample_code_agv) by extensions ['python_setup_py']
[0.270s] Level 1:colcon.colcon_core.package_identification:_identify(/home/asrlab/sample_code_agv) by extension 'python_setup_py'
[0.270s] Level 1:colcon.colcon_core.package_identification:_identify(/home/asrlab/sample_code_agv/agv_launch) by extensions ['ignore', 'ignore_ament_install']
[0.270s] Level 1:colcon.colcon_core.package_identification:_identify(/home/asrlab/sample_code_agv/agv_launch) by extension 'ignore'
[0.270s] Level 1:colcon.colcon_core.package_identification:_identify(/home/asrlab/sample_code_agv/agv_launch) by extension 'ignore_ament_install'
[0.270s] Level 1:colcon.colcon_core.package_identification:_identify(/home/asrlab/sample_code_agv/agv_launch) by extensions ['colcon_pkg']
[0.270s] Level 1:colcon.colcon_core.package_identification:_identify(/home/asrlab/sample_code_agv/agv_launch) by extension 'colcon_pkg'
[0.270s] Level 1:colcon.colcon_core.package_identification:_identify(/home/asrlab/sample_code_agv/agv_launch) by extensions ['colcon_meta']
[0.270s] Level 1:colcon.colcon_core.package_identification:_identify(/home/asrlab/sample_code_agv/agv_launch) by extension 'colcon_meta'
[0.270s] Level 1:colcon.colcon_core.package_identification:_identify(/home/asrlab/sample_code_agv/agv_launch) by extensions ['ros']
[0.270s] Level 1:colcon.colcon_core.package_identification:_identify(/home/asrlab/sample_code_agv/agv_launch) by extension 'ros'
[0.270s] Level 1:colcon.colcon_core.package_identification:_identify(/home/asrlab/sample_code_agv/agv_launch) by extensions ['cmake', 'python']
[0.270s] Level 1:colcon.colcon_core.package_identification:_identify(/home/asrlab/sample_code_agv/agv_launch) by extension 'cmake'
[0.270s] Level 1:colcon.colcon_core.package_identification:_identify(/home/asrlab/sample_code_agv/agv_launch) by extension 'python'
[0.270s] Level 1:colcon.colcon_core.package_identification:_identify(/home/asrlab/sample_code_agv/agv_launch) by extensions ['python_setup_py']
[0.270s] Level 1:colcon.colcon_core.package_identification:_identify(/home/asrlab/sample_code_agv/agv_launch) by extension 'python_setup_py'
[0.270s] Level 1:colcon.colcon_core.package_identification:_identify(/home/asrlab/sample_code_agv/agv_launch/__pycache__) by extensions ['ignore', 'ignore_ament_install']
[0.270s] Level 1:colcon.colcon_core.package_identification:_identify(/home/asrlab/sample_code_agv/agv_launch/__pycache__) by extension 'ignore'
[0.270s] Level 1:colcon.colcon_core.package_identification:_identify(/home/asrlab/sample_code_agv/agv_launch/__pycache__) by extension 'ignore_ament_install'
[0.270s] Level 1:colcon.colcon_core.package_identification:_identify(/home/asrlab/sample_code_agv/agv_launch/__pycache__) by extensions ['colcon_pkg']
[0.270s] Level 1:colcon.colcon_core.package_identification:_identify(/home/asrlab/sample_code_agv/agv_launch/__pycache__) by extension 'colcon_pkg'
[0.270s] Level 1:colcon.colcon_core.package_identification:_identify(/home/asrlab/sample_code_agv/agv_launch/__pycache__) by extensions ['colcon_meta']
[0.271s] Level 1:colcon.colcon_core.package_identification:_identify(/home/asrlab/sample_code_agv/agv_launch/__pycache__) by extension 'colcon_meta'
[0.271s] Level 1:colcon.colcon_core.package_identification:_identify(/home/asrlab/sample_code_agv/agv_launch/__pycache__) by extensions ['ros']
[0.271s] Level 1:colcon.colcon_core.package_identification:_identify(/home/asrlab/sample_code_agv/agv_launch/__pycache__) by extension 'ros'
[0.271s] Level 1:colcon.colcon_core.package_identification:_identify(/home/asrlab/sample_code_agv/agv_launch/__pycache__) by extensions ['cmake', 'python']
[0.271s] Level 1:colcon.colcon_core.package_identification:_identify(/home/asrlab/sample_code_agv/agv_launch/__pycache__) by extension 'cmake'
[0.271s] Level 1:colcon.colcon_core.package_identification:_identify(/home/asrlab/sample_code_agv/agv_launch/__pycache__) by extension 'python'
[0.271s] Level 1:colcon.colcon_core.package_identification:_identify(/home/asrlab/sample_code_agv/agv_launch/__pycache__) by extensions ['python_setup_py']
[0.271s] Level 1:colcon.colcon_core.package_identification:_identify(/home/asrlab/sample_code_agv/agv_launch/__pycache__) by extension 'python_setup_py'
[0.271s] Level 1:colcon.colcon_core.package_identification:_identify(/home/asrlab/sample_code_agv/build) by extensions ['ignore', 'ignore_ament_install']
[0.271s] Level 1:colcon.colcon_core.package_identification:_identify(/home/asrlab/sample_code_agv/build) by extension 'ignore'
[0.271s] Level 1:colcon.colcon_core.package_identification:_identify(/home/asrlab/sample_code_agv/build) ignored
[0.271s] Level 1:colcon.colcon_core.package_identification:_identify(/home/asrlab/sample_code_agv/install) by extensions ['ignore', 'ignore_ament_install']
[0.271s] Level 1:colcon.colcon_core.package_identification:_identify(/home/asrlab/sample_code_agv/install) by extension 'ignore'
[0.271s] Level 1:colcon.colcon_core.package_identification:_identify(/home/asrlab/sample_code_agv/install) ignored
[0.271s] Level 1:colcon.colcon_core.package_identification:_identify(/home/asrlab/sample_code_agv/log) by extensions ['ignore', 'ignore_ament_install']
[0.271s] Level 1:colcon.colcon_core.package_identification:_identify(/home/asrlab/sample_code_agv/log) by extension 'ignore'
[0.271s] Level 1:colcon.colcon_core.package_identification:_identify(/home/asrlab/sample_code_agv/log) ignored
[0.271s] Level 1:colcon.colcon_core.package_identification:_identify(/home/asrlab/sample_code_agv/src) by extensions ['ignore', 'ignore_ament_install']
[0.271s] Level 1:colcon.colcon_core.package_identification:_identify(/home/asrlab/sample_code_agv/src) by extension 'ignore'
[0.272s] Level 1:colcon.colcon_core.package_identification:_identify(/home/asrlab/sample_code_agv/src) by extension 'ignore_ament_install'
[0.272s] Level 1:colcon.colcon_core.package_identification:_identify(/home/asrlab/sample_code_agv/src) by extensions ['colcon_pkg']
[0.272s] Level 1:colcon.colcon_core.package_identification:_identify(/home/asrlab/sample_code_agv/src) by extension 'colcon_pkg'
[0.272s] Level 1:colcon.colcon_core.package_identification:_identify(/home/asrlab/sample_code_agv/src) by extensions ['colcon_meta']
[0.272s] Level 1:colcon.colcon_core.package_identification:_identify(/home/asrlab/sample_code_agv/src) by extension 'colcon_meta'
[0.272s] Level 1:colcon.colcon_core.package_identification:_identify(/home/asrlab/sample_code_agv/src) by extensions ['ros']
[0.272s] Level 1:colcon.colcon_core.package_identification:_identify(/home/asrlab/sample_code_agv/src) by extension 'ros'
[0.272s] Level 1:colcon.colcon_core.package_identification:_identify(/home/asrlab/sample_code_agv/src) by extensions ['cmake', 'python']
[0.272s] Level 1:colcon.colcon_core.package_identification:_identify(/home/asrlab/sample_code_agv/src) by extension 'cmake'
[0.272s] Level 1:colcon.colcon_core.package_identification:_identify(/home/asrlab/sample_code_agv/src) by extension 'python'
[0.272s] Level 1:colcon.colcon_core.package_identification:_identify(/home/asrlab/sample_code_agv/src) by extensions ['python_setup_py']
[0.272s] Level 1:colcon.colcon_core.package_identification:_identify(/home/asrlab/sample_code_agv/src) by extension 'python_setup_py'
[0.272s] Level 1:colcon.colcon_core.package_identification:_identify(/home/asrlab/sample_code_agv/src/forklift) by extensions ['ignore', 'ignore_ament_install']
[0.272s] Level 1:colcon.colcon_core.package_identification:_identify(/home/asrlab/sample_code_agv/src/forklift) by extension 'ignore'
[0.272s] Level 1:colcon.colcon_core.package_identification:_identify(/home/asrlab/sample_code_agv/src/forklift) by extension 'ignore_ament_install'
[0.272s] Level 1:colcon.colcon_core.package_identification:_identify(/home/asrlab/sample_code_agv/src/forklift) by extensions ['colcon_pkg']
[0.272s] Level 1:colcon.colcon_core.package_identification:_identify(/home/asrlab/sample_code_agv/src/forklift) by extension 'colcon_pkg'
[0.272s] Level 1:colcon.colcon_core.package_identification:_identify(/home/asrlab/sample_code_agv/src/forklift) by extensions ['colcon_meta']
[0.272s] Level 1:colcon.colcon_core.package_identification:_identify(/home/asrlab/sample_code_agv/src/forklift) by extension 'colcon_meta'
[0.272s] Level 1:colcon.colcon_core.package_identification:_identify(/home/asrlab/sample_code_agv/src/forklift) by extensions ['ros']
[0.272s] Level 1:colcon.colcon_core.package_identification:_identify(/home/asrlab/sample_code_agv/src/forklift) by extension 'ros'
[0.282s] DEBUG:colcon.colcon_core.package_identification:Package '/home/asrlab/sample_code_agv/src/forklift' with type 'ros.ament_python' and name 'forklift'
[0.282s] Level 1:colcon.colcon_core.package_identification:_identify(/home/asrlab/sample_code_agv/src/joystick_drivers) by extensions ['ignore', 'ignore_ament_install']
[0.282s] Level 1:colcon.colcon_core.package_identification:_identify(/home/asrlab/sample_code_agv/src/joystick_drivers) by extension 'ignore'
[0.282s] Level 1:colcon.colcon_core.package_identification:_identify(/home/asrlab/sample_code_agv/src/joystick_drivers) by extension 'ignore_ament_install'
[0.282s] Level 1:colcon.colcon_core.package_identification:_identify(/home/asrlab/sample_code_agv/src/joystick_drivers) by extensions ['colcon_pkg']
[0.282s] Level 1:colcon.colcon_core.package_identification:_identify(/home/asrlab/sample_code_agv/src/joystick_drivers) by extension 'colcon_pkg'
[0.282s] Level 1:colcon.colcon_core.package_identification:_identify(/home/asrlab/sample_code_agv/src/joystick_drivers) by extensions ['colcon_meta']
[0.282s] Level 1:colcon.colcon_core.package_identification:_identify(/home/asrlab/sample_code_agv/src/joystick_drivers) by extension 'colcon_meta'
[0.282s] Level 1:colcon.colcon_core.package_identification:_identify(/home/asrlab/sample_code_agv/src/joystick_drivers) by extensions ['ros']
[0.282s] Level 1:colcon.colcon_core.package_identification:_identify(/home/asrlab/sample_code_agv/src/joystick_drivers) by extension 'ros'
[0.283s] Level 1:colcon.colcon_core.package_identification:_identify(/home/asrlab/sample_code_agv/src/joystick_drivers) by extensions ['cmake', 'python']
[0.283s] Level 1:colcon.colcon_core.package_identification:_identify(/home/asrlab/sample_code_agv/src/joystick_drivers) by extension 'cmake'
[0.283s] Level 1:colcon.colcon_core.package_identification:_identify(/home/asrlab/sample_code_agv/src/joystick_drivers) by extension 'python'
[0.283s] Level 1:colcon.colcon_core.package_identification:_identify(/home/asrlab/sample_code_agv/src/joystick_drivers) by extensions ['python_setup_py']
[0.283s] Level 1:colcon.colcon_core.package_identification:_identify(/home/asrlab/sample_code_agv/src/joystick_drivers) by extension 'python_setup_py'
[0.283s] Level 1:colcon.colcon_core.package_identification:_identify(/home/asrlab/sample_code_agv/src/joystick_drivers/joy) by extensions ['ignore', 'ignore_ament_install']
[0.283s] Level 1:colcon.colcon_core.package_identification:_identify(/home/asrlab/sample_code_agv/src/joystick_drivers/joy) by extension 'ignore'
[0.283s] Level 1:colcon.colcon_core.package_identification:_identify(/home/asrlab/sample_code_agv/src/joystick_drivers/joy) by extension 'ignore_ament_install'
[0.283s] Level 1:colcon.colcon_core.package_identification:_identify(/home/asrlab/sample_code_agv/src/joystick_drivers/joy) by extensions ['colcon_pkg']
[0.283s] Level 1:colcon.colcon_core.package_identification:_identify(/home/asrlab/sample_code_agv/src/joystick_drivers/joy) by extension 'colcon_pkg'
[0.283s] Level 1:colcon.colcon_core.package_identification:_identify(/home/asrlab/sample_code_agv/src/joystick_drivers/joy) by extensions ['colcon_meta']
[0.283s] Level 1:colcon.colcon_core.package_identification:_identify(/home/asrlab/sample_code_agv/src/joystick_drivers/joy) by extension 'colcon_meta'
[0.283s] Level 1:colcon.colcon_core.package_identification:_identify(/home/asrlab/sample_code_agv/src/joystick_drivers/joy) by extensions ['ros']
[0.283s] Level 1:colcon.colcon_core.package_identification:_identify(/home/asrlab/sample_code_agv/src/joystick_drivers/joy) by extension 'ros'
[0.284s] DEBUG:colcon.colcon_core.package_identification:Package '/home/asrlab/sample_code_agv/src/joystick_drivers/joy' with type 'ros.ament_cmake' and name 'joy'
[0.284s] Level 1:colcon.colcon_core.package_identification:_identify(/home/asrlab/sample_code_agv/src/joystick_drivers/joy_linux) by extensions ['ignore', 'ignore_ament_install']
[0.284s] Level 1:colcon.colcon_core.package_identification:_identify(/home/asrlab/sample_code_agv/src/joystick_drivers/joy_linux) by extension 'ignore'
[0.284s] Level 1:colcon.colcon_core.package_identification:_identify(/home/asrlab/sample_code_agv/src/joystick_drivers/joy_linux) by extension 'ignore_ament_install'
[0.284s] Level 1:colcon.colcon_core.package_identification:_identify(/home/asrlab/sample_code_agv/src/joystick_drivers/joy_linux) by extensions ['colcon_pkg']
[0.284s] Level 1:colcon.colcon_core.package_identification:_identify(/home/asrlab/sample_code_agv/src/joystick_drivers/joy_linux) by extension 'colcon_pkg'
[0.284s] Level 1:colcon.colcon_core.package_identification:_identify(/home/asrlab/sample_code_agv/src/joystick_drivers/joy_linux) by extensions ['colcon_meta']
[0.284s] Level 1:colcon.colcon_core.package_identification:_identify(/home/asrlab/sample_code_agv/src/joystick_drivers/joy_linux) by extension 'colcon_meta'
[0.284s] Level 1:colcon.colcon_core.package_identification:_identify(/home/asrlab/sample_code_agv/src/joystick_drivers/joy_linux) by extensions ['ros']
[0.284s] Level 1:colcon.colcon_core.package_identification:_identify(/home/asrlab/sample_code_agv/src/joystick_drivers/joy_linux) by extension 'ros'
[0.285s] DEBUG:colcon.colcon_core.package_identification:Package '/home/asrlab/sample_code_agv/src/joystick_drivers/joy_linux' with type 'ros.ament_cmake' and name 'joy_linux'
[0.285s] Level 1:colcon.colcon_core.package_identification:_identify(/home/asrlab/sample_code_agv/src/joystick_drivers/joystick_drivers) by extensions ['ignore', 'ignore_ament_install']
[0.285s] Level 1:colcon.colcon_core.package_identification:_identify(/home/asrlab/sample_code_agv/src/joystick_drivers/joystick_drivers) by extension 'ignore'
[0.285s] Level 1:colcon.colcon_core.package_identification:_identify(/home/asrlab/sample_code_agv/src/joystick_drivers/joystick_drivers) by extension 'ignore_ament_install'
[0.285s] Level 1:colcon.colcon_core.package_identification:_identify(/home/asrlab/sample_code_agv/src/joystick_drivers/joystick_drivers) by extensions ['colcon_pkg']
[0.285s] Level 1:colcon.colcon_core.package_identification:_identify(/home/asrlab/sample_code_agv/src/joystick_drivers/joystick_drivers) by extension 'colcon_pkg'
[0.285s] Level 1:colcon.colcon_core.package_identification:_identify(/home/asrlab/sample_code_agv/src/joystick_drivers/joystick_drivers) by extensions ['colcon_meta']
[0.285s] Level 1:colcon.colcon_core.package_identification:_identify(/home/asrlab/sample_code_agv/src/joystick_drivers/joystick_drivers) by extension 'colcon_meta'
[0.285s] Level 1:colcon.colcon_core.package_identification:_identify(/home/asrlab/sample_code_agv/src/joystick_drivers/joystick_drivers) by extensions ['ros']
[0.285s] Level 1:colcon.colcon_core.package_identification:_identify(/home/asrlab/sample_code_agv/src/joystick_drivers/joystick_drivers) by extension 'ros'
[0.285s] Level 1:colcon.colcon_core.package_identification:_identify(/home/asrlab/sample_code_agv/src/joystick_drivers/joystick_drivers) ignored
[0.285s] Level 1:colcon.colcon_core.package_identification:_identify(/home/asrlab/sample_code_agv/src/joystick_drivers/ps3joy) by extensions ['ignore', 'ignore_ament_install']
[0.285s] Level 1:colcon.colcon_core.package_identification:_identify(/home/asrlab/sample_code_agv/src/joystick_drivers/ps3joy) by extension 'ignore'
[0.285s] Level 1:colcon.colcon_core.package_identification:_identify(/home/asrlab/sample_code_agv/src/joystick_drivers/ps3joy) by extension 'ignore_ament_install'
[0.286s] Level 1:colcon.colcon_core.package_identification:_identify(/home/asrlab/sample_code_agv/src/joystick_drivers/ps3joy) by extensions ['colcon_pkg']
[0.286s] Level 1:colcon.colcon_core.package_identification:_identify(/home/asrlab/sample_code_agv/src/joystick_drivers/ps3joy) by extension 'colcon_pkg'
[0.286s] Level 1:colcon.colcon_core.package_identification:_identify(/home/asrlab/sample_code_agv/src/joystick_drivers/ps3joy) by extensions ['colcon_meta']
[0.286s] Level 1:colcon.colcon_core.package_identification:_identify(/home/asrlab/sample_code_agv/src/joystick_drivers/ps3joy) by extension 'colcon_meta'
[0.286s] Level 1:colcon.colcon_core.package_identification:_identify(/home/asrlab/sample_code_agv/src/joystick_drivers/ps3joy) by extensions ['ros']
[0.286s] Level 1:colcon.colcon_core.package_identification:_identify(/home/asrlab/sample_code_agv/src/joystick_drivers/ps3joy) by extension 'ros'
[0.286s] Level 1:colcon.colcon_core.package_identification:_identify(/home/asrlab/sample_code_agv/src/joystick_drivers/ps3joy) ignored
[0.286s] Level 1:colcon.colcon_core.package_identification:_identify(/home/asrlab/sample_code_agv/src/joystick_drivers/sdl2_vendor) by extensions ['ignore', 'ignore_ament_install']
[0.286s] Level 1:colcon.colcon_core.package_identification:_identify(/home/asrlab/sample_code_agv/src/joystick_drivers/sdl2_vendor) by extension 'ignore'
[0.286s] Level 1:colcon.colcon_core.package_identification:_identify(/home/asrlab/sample_code_agv/src/joystick_drivers/sdl2_vendor) by extension 'ignore_ament_install'
[0.286s] Level 1:colcon.colcon_core.package_identification:_identify(/home/asrlab/sample_code_agv/src/joystick_drivers/sdl2_vendor) by extensions ['colcon_pkg']
[0.286s] Level 1:colcon.colcon_core.package_identification:_identify(/home/asrlab/sample_code_agv/src/joystick_drivers/sdl2_vendor) by extension 'colcon_pkg'
[0.286s] Level 1:colcon.colcon_core.package_identification:_identify(/home/asrlab/sample_code_agv/src/joystick_drivers/sdl2_vendor) by extensions ['colcon_meta']
[0.286s] Level 1:colcon.colcon_core.package_identification:_identify(/home/asrlab/sample_code_agv/src/joystick_drivers/sdl2_vendor) by extension 'colcon_meta'
[0.286s] Level 1:colcon.colcon_core.package_identification:_identify(/home/asrlab/sample_code_agv/src/joystick_drivers/sdl2_vendor) by extensions ['ros']
[0.286s] Level 1:colcon.colcon_core.package_identification:_identify(/home/asrlab/sample_code_agv/src/joystick_drivers/sdl2_vendor) by extension 'ros'
[0.287s] DEBUG:colcon.colcon_core.package_identification:Package '/home/asrlab/sample_code_agv/src/joystick_drivers/sdl2_vendor' with type 'ros.ament_cmake' and name 'sdl2_vendor'
[0.287s] Level 1:colcon.colcon_core.package_identification:_identify(/home/asrlab/sample_code_agv/src/joystick_drivers/spacenav) by extensions ['ignore', 'ignore_ament_install']
[0.287s] Level 1:colcon.colcon_core.package_identification:_identify(/home/asrlab/sample_code_agv/src/joystick_drivers/spacenav) by extension 'ignore'
[0.287s] Level 1:colcon.colcon_core.package_identification:_identify(/home/asrlab/sample_code_agv/src/joystick_drivers/spacenav) by extension 'ignore_ament_install'
[0.287s] Level 1:colcon.colcon_core.package_identification:_identify(/home/asrlab/sample_code_agv/src/joystick_drivers/spacenav) by extensions ['colcon_pkg']
[0.287s] Level 1:colcon.colcon_core.package_identification:_identify(/home/asrlab/sample_code_agv/src/joystick_drivers/spacenav) by extension 'colcon_pkg'
[0.287s] Level 1:colcon.colcon_core.package_identification:_identify(/home/asrlab/sample_code_agv/src/joystick_drivers/spacenav) by extensions ['colcon_meta']
[0.287s] Level 1:colcon.colcon_core.package_identification:_identify(/home/asrlab/sample_code_agv/src/joystick_drivers/spacenav) by extension 'colcon_meta'
[0.287s] Level 1:colcon.colcon_core.package_identification:_identify(/home/asrlab/sample_code_agv/src/joystick_drivers/spacenav) by extensions ['ros']
[0.287s] Level 1:colcon.colcon_core.package_identification:_identify(/home/asrlab/sample_code_agv/src/joystick_drivers/spacenav) by extension 'ros'
[0.288s] DEBUG:colcon.colcon_core.package_identification:Package '/home/asrlab/sample_code_agv/src/joystick_drivers/spacenav' with type 'ros.ament_cmake' and name 'spacenav'
[0.288s] Level 1:colcon.colcon_core.package_identification:_identify(/home/asrlab/sample_code_agv/src/joystick_drivers/wiimote) by extensions ['ignore', 'ignore_ament_install']
[0.288s] Level 1:colcon.colcon_core.package_identification:_identify(/home/asrlab/sample_code_agv/src/joystick_drivers/wiimote) by extension 'ignore'
[0.288s] Level 1:colcon.colcon_core.package_identification:_identify(/home/asrlab/sample_code_agv/src/joystick_drivers/wiimote) by extension 'ignore_ament_install'
[0.288s] Level 1:colcon.colcon_core.package_identification:_identify(/home/asrlab/sample_code_agv/src/joystick_drivers/wiimote) by extensions ['colcon_pkg']
[0.288s] Level 1:colcon.colcon_core.package_identification:_identify(/home/asrlab/sample_code_agv/src/joystick_drivers/wiimote) by extension 'colcon_pkg'
[0.288s] Level 1:colcon.colcon_core.package_identification:_identify(/home/asrlab/sample_code_agv/src/joystick_drivers/wiimote) by extensions ['colcon_meta']
[0.288s] Level 1:colcon.colcon_core.package_identification:_identify(/home/asrlab/sample_code_agv/src/joystick_drivers/wiimote) by extension 'colcon_meta'
[0.288s] Level 1:colcon.colcon_core.package_identification:_identify(/home/asrlab/sample_code_agv/src/joystick_drivers/wiimote) by extensions ['ros']
[0.288s] Level 1:colcon.colcon_core.package_identification:_identify(/home/asrlab/sample_code_agv/src/joystick_drivers/wiimote) by extension 'ros'
[0.289s] DEBUG:colcon.colcon_core.package_identification:Package '/home/asrlab/sample_code_agv/src/joystick_drivers/wiimote' with type 'ros.ament_cmake' and name 'wiimote'
[0.289s] Level 1:colcon.colcon_core.package_identification:_identify(/home/asrlab/sample_code_agv/src/joystick_drivers/wiimote_msgs) by extensions ['ignore', 'ignore_ament_install']
[0.289s] Level 1:colcon.colcon_core.package_identification:_identify(/home/asrlab/sample_code_agv/src/joystick_drivers/wiimote_msgs) by extension 'ignore'
[0.289s] Level 1:colcon.colcon_core.package_identification:_identify(/home/asrlab/sample_code_agv/src/joystick_drivers/wiimote_msgs) by extension 'ignore_ament_install'
[0.289s] Level 1:colcon.colcon_core.package_identification:_identify(/home/asrlab/sample_code_agv/src/joystick_drivers/wiimote_msgs) by extensions ['colcon_pkg']
[0.289s] Level 1:colcon.colcon_core.package_identification:_identify(/home/asrlab/sample_code_agv/src/joystick_drivers/wiimote_msgs) by extension 'colcon_pkg'
[0.289s] Level 1:colcon.colcon_core.package_identification:_identify(/home/asrlab/sample_code_agv/src/joystick_drivers/wiimote_msgs) by extensions ['colcon_meta']
[0.289s] Level 1:colcon.colcon_core.package_identification:_identify(/home/asrlab/sample_code_agv/src/joystick_drivers/wiimote_msgs) by extension 'colcon_meta'
[0.289s] Level 1:colcon.colcon_core.package_identification:_identify(/home/asrlab/sample_code_agv/src/joystick_drivers/wiimote_msgs) by extensions ['ros']
[0.289s] Level 1:colcon.colcon_core.package_identification:_identify(/home/asrlab/sample_code_agv/src/joystick_drivers/wiimote_msgs) by extension 'ros'
[0.290s] DEBUG:colcon.colcon_core.package_identification:Package '/home/asrlab/sample_code_agv/src/joystick_drivers/wiimote_msgs' with type 'ros.ament_cmake' and name 'wiimote_msgs'
[0.290s] Level 1:colcon.colcon_core.package_identification:_identify(/home/asrlab/sample_code_agv/src/joystick_ros2) by extensions ['ignore', 'ignore_ament_install']
[0.290s] Level 1:colcon.colcon_core.package_identification:_identify(/home/asrlab/sample_code_agv/src/joystick_ros2) by extension 'ignore'
[0.290s] Level 1:colcon.colcon_core.package_identification:_identify(/home/asrlab/sample_code_agv/src/joystick_ros2) by extension 'ignore_ament_install'
[0.290s] Level 1:colcon.colcon_core.package_identification:_identify(/home/asrlab/sample_code_agv/src/joystick_ros2) by extensions ['colcon_pkg']
[0.290s] Level 1:colcon.colcon_core.package_identification:_identify(/home/asrlab/sample_code_agv/src/joystick_ros2) by extension 'colcon_pkg'
[0.290s] Level 1:colcon.colcon_core.package_identification:_identify(/home/asrlab/sample_code_agv/src/joystick_ros2) by extensions ['colcon_meta']
[0.290s] Level 1:colcon.colcon_core.package_identification:_identify(/home/asrlab/sample_code_agv/src/joystick_ros2) by extension 'colcon_meta'
[0.290s] Level 1:colcon.colcon_core.package_identification:_identify(/home/asrlab/sample_code_agv/src/joystick_ros2) by extensions ['ros']
[0.290s] Level 1:colcon.colcon_core.package_identification:_identify(/home/asrlab/sample_code_agv/src/joystick_ros2) by extension 'ros'
[0.291s] DEBUG:colcon.colcon_core.package_identification:Package '/home/asrlab/sample_code_agv/src/joystick_ros2' with type 'ros.ament_python' and name 'joystick_ros2'
[0.291s] Level 1:colcon.colcon_core.package_identification:_identify(/home/asrlab/sample_code_agv/src/js2fork) by extensions ['ignore', 'ignore_ament_install']
[0.291s] Level 1:colcon.colcon_core.package_identification:_identify(/home/asrlab/sample_code_agv/src/js2fork) by extension 'ignore'
[0.291s] Level 1:colcon.colcon_core.package_identification:_identify(/home/asrlab/sample_code_agv/src/js2fork) by extension 'ignore_ament_install'
[0.291s] Level 1:colcon.colcon_core.package_identification:_identify(/home/asrlab/sample_code_agv/src/js2fork) by extensions ['colcon_pkg']
[0.291s] Level 1:colcon.colcon_core.package_identification:_identify(/home/asrlab/sample_code_agv/src/js2fork) by extension 'colcon_pkg'
[0.291s] Level 1:colcon.colcon_core.package_identification:_identify(/home/asrlab/sample_code_agv/src/js2fork) by extensions ['colcon_meta']
[0.291s] Level 1:colcon.colcon_core.package_identification:_identify(/home/asrlab/sample_code_agv/src/js2fork) by extension 'colcon_meta'
[0.291s] Level 1:colcon.colcon_core.package_identification:_identify(/home/asrlab/sample_code_agv/src/js2fork) by extensions ['ros']
[0.291s] Level 1:colcon.colcon_core.package_identification:_identify(/home/asrlab/sample_code_agv/src/js2fork) by extension 'ros'
[0.292s] DEBUG:colcon.colcon_core.package_identification:Package '/home/asrlab/sample_code_agv/src/js2fork' with type 'ros.ament_python' and name 'js2fork'
[0.292s] Level 1:colcon.colcon_core.package_discovery:discover_packages(recursive) using defaults
