[0.685s] Invoking command in '/home/asrlab/sample_code_agv/build/spacenav': CMAKE_PREFIX_PATH=${CMAKE_PREFIX_PATH}:/home/asrlab/sample_code_agv/install/js2fork:/home/asrlab/sample_code_agv/install/joystick_ros2:/home/asrlab/sample_code_agv/install/forklift:/opt/ros/humble /usr/bin/cmake --build /home/asrlab/sample_code_agv/build/spacenav -- -j20 -l20
[0.721s] [100%] Built target spacenav_node
[0.721s] [100%] Built target spacenav
[0.730s] Invoked command in '/home/asrlab/sample_code_agv/build/spacenav' returned '0': CMAKE_PREFIX_PATH=${CMAKE_PREFIX_PATH}:/home/asrlab/sample_code_agv/install/js2fork:/home/asrlab/sample_code_agv/install/joystick_ros2:/home/asrlab/sample_code_agv/install/forklift:/opt/ros/humble /usr/bin/cmake --build /home/asrlab/sample_code_agv/build/spacenav -- -j20 -l20
[0.751s] Invoking command in '/home/asrlab/sample_code_agv/build/spacenav': CMAKE_PREFIX_PATH=${CMAKE_PREFIX_PATH}:/home/asrlab/sample_code_agv/install/js2fork:/home/asrlab/sample_code_agv/install/joystick_ros2:/home/asrlab/sample_code_agv/install/forklift:/opt/ros/humble /usr/bin/cmake --install /home/asrlab/sample_code_agv/build/spacenav
[0.760s] -- Install configuration: ""
[0.760s] -- Up-to-date: /home/asrlab/sample_code_agv/install/spacenav/lib/libspacenav.so
[0.760s] -- Up-to-date: /home/asrlab/sample_code_agv/install/spacenav/lib/spacenav/spacenav_node
[0.760s] -- Up-to-date: /home/asrlab/sample_code_agv/install/spacenav/include/spacenav
[0.760s] -- Up-to-date: /home/asrlab/sample_code_agv/install/spacenav/include/spacenav/spacenav
[0.760s] -- Up-to-date: /home/asrlab/sample_code_agv/install/spacenav/include/spacenav/spacenav/spacenav.hpp
[0.760s] -- Up-to-date: /home/asrlab/sample_code_agv/install/spacenav/share/spacenav//launch
[0.760s] -- Up-to-date: /home/asrlab/sample_code_agv/install/spacenav/share/spacenav//launch/static_deadband-launch.py
[0.760s] -- Up-to-date: /home/asrlab/sample_code_agv/install/spacenav/share/spacenav//launch/classic-launch.py
[0.760s] -- Up-to-date: /home/asrlab/sample_code_agv/install/spacenav/share/spacenav//launch/no_deadband-launch.py
[0.760s] -- Up-to-date: /home/asrlab/sample_code_agv/install/spacenav/share/ament_index/resource_index/package_run_dependencies/spacenav
[0.760s] -- Up-to-date: /home/asrlab/sample_code_agv/install/spacenav/share/ament_index/resource_index/parent_prefix_path/spacenav
[0.760s] -- Up-to-date: /home/asrlab/sample_code_agv/install/spacenav/share/spacenav/environment/ament_prefix_path.sh
[0.760s] -- Up-to-date: /home/asrlab/sample_code_agv/install/spacenav/share/spacenav/environment/ament_prefix_path.dsv
[0.760s] -- Up-to-date: /home/asrlab/sample_code_agv/install/spacenav/share/spacenav/environment/path.sh
[0.761s] -- Up-to-date: /home/asrlab/sample_code_agv/install/spacenav/share/spacenav/environment/path.dsv
[0.761s] -- Up-to-date: /home/asrlab/sample_code_agv/install/spacenav/share/spacenav/local_setup.bash
[0.761s] -- Up-to-date: /home/asrlab/sample_code_agv/install/spacenav/share/spacenav/local_setup.sh
[0.761s] -- Up-to-date: /home/asrlab/sample_code_agv/install/spacenav/share/spacenav/local_setup.zsh
[0.761s] -- Up-to-date: /home/asrlab/sample_code_agv/install/spacenav/share/spacenav/local_setup.dsv
[0.761s] -- Installing: /home/asrlab/sample_code_agv/install/spacenav/share/spacenav/package.dsv
[0.761s] -- Up-to-date: /home/asrlab/sample_code_agv/install/spacenav/share/ament_index/resource_index/packages/spacenav
[0.761s] -- Up-to-date: /home/asrlab/sample_code_agv/install/spacenav/share/ament_index/resource_index/rclcpp_components/spacenav
[0.761s] -- Up-to-date: /home/asrlab/sample_code_agv/install/spacenav/share/spacenav/cmake/export_spacenavExport.cmake
[0.761s] -- Up-to-date: /home/asrlab/sample_code_agv/install/spacenav/share/spacenav/cmake/export_spacenavExport-noconfig.cmake
[0.761s] -- Up-to-date: /home/asrlab/sample_code_agv/install/spacenav/share/spacenav/cmake/ament_cmake_export_targets-extras.cmake
[0.761s] -- Up-to-date: /home/asrlab/sample_code_agv/install/spacenav/share/spacenav/cmake/spacenavConfig.cmake
[0.761s] -- Up-to-date: /home/asrlab/sample_code_agv/install/spacenav/share/spacenav/cmake/spacenavConfig-version.cmake
[0.761s] -- Up-to-date: /home/asrlab/sample_code_agv/install/spacenav/share/spacenav/package.xml
[0.761s] Invoked command in '/home/asrlab/sample_code_agv/build/spacenav' returned '0': CMAKE_PREFIX_PATH=${CMAKE_PREFIX_PATH}:/home/asrlab/sample_code_agv/install/js2fork:/home/asrlab/sample_code_agv/install/joystick_ros2:/home/asrlab/sample_code_agv/install/forklift:/opt/ros/humble /usr/bin/cmake --install /home/asrlab/sample_code_agv/build/spacenav
