[5.779s] Invoking command in '/home/gavin/AGV_Control/src/forklift': PYTHONPATH=/home/gavin/AGV_Control/build/forklift/prefix_override:/usr/lib/python3/dist-packages/colcon_core/task/python/colcon_distutils_commands:/home/gavin/AGV_Control/install/forklift/lib/python3.10/site-packages:${PYTHONPATH} /usr/bin/python3 -W ignore:setup.py install is deprecated setup.py egg_info --egg-base ../../build/forklift build --build-base /home/gavin/AGV_Control/build/forklift/build install --record /home/gavin/AGV_Control/build/forklift/install.log --single-version-externally-managed install_data
[7.170s] running egg_info
[7.173s] writing ../../build/forklift/forklift.egg-info/PKG-INFO
[7.173s] writing dependency_links to ../../build/forklift/forklift.egg-info/dependency_links.txt
[7.175s] writing entry points to ../../build/forklift/forklift.egg-info/entry_points.txt
[7.176s] writing requirements to ../../build/forklift/forklift.egg-info/requires.txt
[7.176s] writing top-level names to ../../build/forklift/forklift.egg-info/top_level.txt
[7.184s] reading manifest file '../../build/forklift/forklift.egg-info/SOURCES.txt'
[7.187s] writing manifest file '../../build/forklift/forklift.egg-info/SOURCES.txt'
[7.189s] running build
[7.189s] running build_py
[7.190s] copying forklift/forklift.py -> /home/gavin/AGV_Control/build/forklift/build/lib/forklift
[7.191s] running install
[7.192s] running install_lib
[7.196s] copying /home/gavin/AGV_Control/build/forklift/build/lib/forklift/forklift.py -> /home/gavin/AGV_Control/install/forklift/lib/python3.10/site-packages/forklift
[7.201s] byte-compiling /home/gavin/AGV_Control/install/forklift/lib/python3.10/site-packages/forklift/forklift.py to forklift.cpython-310.pyc
[7.213s] running install_data
[7.213s] running install_egg_info
[7.222s] removing '/home/gavin/AGV_Control/install/forklift/lib/python3.10/site-packages/forklift-0.0.0-py3.10.egg-info' (and everything under it)
[7.223s] Copying ../../build/forklift/forklift.egg-info to /home/gavin/AGV_Control/install/forklift/lib/python3.10/site-packages/forklift-0.0.0-py3.10.egg-info
[7.230s] running install_scripts
[7.333s] Installing forklift script to /home/gavin/AGV_Control/install/forklift/lib/forklift
[7.335s] writing list of installed files to '/home/gavin/AGV_Control/build/forklift/install.log'
[7.575s] Invoked command in '/home/gavin/AGV_Control/src/forklift' returned '0': PYTHONPATH=/home/gavin/AGV_Control/build/forklift/prefix_override:/usr/lib/python3/dist-packages/colcon_core/task/python/colcon_distutils_commands:/home/gavin/AGV_Control/install/forklift/lib/python3.10/site-packages:${PYTHONPATH} /usr/bin/python3 -W ignore:setup.py install is deprecated setup.py egg_info --egg-base ../../build/forklift build --build-base /home/gavin/AGV_Control/build/forklift/build install --record /home/gavin/AGV_Control/build/forklift/install.log --single-version-externally-managed install_data
