[0.242s] Invoking command in '/home/asrlab/sample_code_agv/build/joy_linux': CMAKE_PREFIX_PATH=/opt/ros/humble /usr/bin/cmake /home/asrlab/sample_code_agv/src/joystick_drivers/joy_linux -DCMAKE_INSTALL_PREFIX=/home/asrlab/sample_code_agv/install/joy_linux
[0.674s] -- The C compiler identification is GNU 11.4.0
[0.674s] -- The CXX compiler identification is GNU 11.4.0
[0.674s] -- Detecting C compiler ABI info
[0.674s] -- Detecting C compiler ABI info - done
[0.674s] -- Check for working C compiler: /usr/bin/cc - skipped
[0.674s] -- Detecting C compile features
[0.674s] -- Detecting C compile features - done
[0.674s] -- Detecting CXX compiler ABI info
[0.674s] -- Detecting CXX compiler ABI info - done
[0.674s] -- Check for working CXX compiler: /usr/bin/c++ - skipped
[0.675s] -- Detecting CXX compile features
[0.675s] -- Detecting CXX compile features - done
[0.675s] -- Found ament_cmake: 1.3.10 (/opt/ros/humble/share/ament_cmake/cmake)
[0.675s] -- Found Python3: /usr/bin/python3 (found version "3.10.12") found components: Interpreter 
[0.675s] -- Found diagnostic_msgs: 4.2.4 (/opt/ros/humble/share/diagnostic_msgs/cmake)
[0.675s] -- Found rosidl_generator_c: 3.1.5 (/opt/ros/humble/share/rosidl_generator_c/cmake)
[0.676s] -- Found rosidl_adapter: 3.1.5 (/opt/ros/humble/share/rosidl_adapter/cmake)
[0.676s] -- Found rosidl_generator_cpp: 3.1.5 (/opt/ros/humble/share/rosidl_generator_cpp/cmake)
[0.676s] -- Using all available rosidl_typesupport_c: rosidl_typesupport_fastrtps_c;rosidl_typesupport_introspection_c
[0.676s] -- Using all available rosidl_typesupport_cpp: rosidl_typesupport_fastrtps_cpp;rosidl_typesupport_introspection_cpp
[0.676s] -- Found diagnostic_updater: 4.0.0 (/opt/ros/humble/share/diagnostic_updater/cmake)
[0.677s] -- Found rmw_implementation_cmake: 6.1.2 (/opt/ros/humble/share/rmw_implementation_cmake/cmake)
[0.678s] -- Found rmw_fastrtps_cpp: 6.2.7 (/opt/ros/humble/share/rmw_fastrtps_cpp/cmake)
[0.730s] -- Found OpenSSL: /usr/lib/x86_64-linux-gnu/libcrypto.so (found version "3.0.2")  
[0.749s] -- Found FastRTPS: /opt/ros/humble/include  
[0.777s] -- Using RMW implementation 'rmw_fastrtps_cpp' as default
[0.782s] -- Looking for pthread.h
[0.860s] -- Looking for pthread.h - found
[0.860s] -- Performing Test CMAKE_HAVE_LIBC_PTHREAD
[0.977s] -- Performing Test CMAKE_HAVE_LIBC_PTHREAD - Success
[0.978s] -- Found Threads: TRUE  
[1.018s] -- Found sensor_msgs: 4.2.4 (/opt/ros/humble/share/sensor_msgs/cmake)
[1.041s] -- Looking for include file linux/joystick.h
[1.155s] -- Looking for include file linux/joystick.h - found
[1.156s] -- Found ament_lint_auto: 0.12.11 (/opt/ros/humble/share/ament_lint_auto/cmake)
[1.211s] -- Added test 'cppcheck' to perform static code analysis on C / C++ code
[1.211s] -- Configured cppcheck include dirs: /home/asrlab/sample_code_agv/src/joystick_drivers/joy_linux/msg/cpp
[1.211s] -- Configured cppcheck exclude dirs and/or files: 
[1.211s] -- Added test 'cpplint' to check C / C++ code against the Google style
[1.211s] -- Configured cpplint exclude dirs and/or files: 
[1.212s] -- Added test 'lint_cmake' to check CMake code style
[1.212s] -- Added test 'uncrustify' to check C / C++ code style
[1.212s] -- Configured uncrustify additional arguments: 
[1.212s] -- Added test 'xmllint' to check XML markup files
[1.213s] -- Configuring done
[1.220s] -- Generating done
[1.221s] -- Build files have been written to: /home/asrlab/sample_code_agv/build/joy_linux
[1.229s] Invoked command in '/home/asrlab/sample_code_agv/build/joy_linux' returned '0': CMAKE_PREFIX_PATH=/opt/ros/humble /usr/bin/cmake /home/asrlab/sample_code_agv/src/joystick_drivers/joy_linux -DCMAKE_INSTALL_PREFIX=/home/asrlab/sample_code_agv/install/joy_linux
[1.230s] Invoking command in '/home/asrlab/sample_code_agv/build/joy_linux': CMAKE_PREFIX_PATH=/opt/ros/humble /usr/bin/cmake --build /home/asrlab/sample_code_agv/build/joy_linux -- -j20 -l20
[1.260s] [ 50%] [32mBuilding CXX object CMakeFiles/joy_linux_node.dir/src/joy_linux_node.cpp.o[0m
[9.020s] [100%] [32m[1mLinking CXX executable joy_linux_node[0m
[9.340s] [100%] Built target joy_linux_node
[9.348s] Invoked command in '/home/asrlab/sample_code_agv/build/joy_linux' returned '0': CMAKE_PREFIX_PATH=/opt/ros/humble /usr/bin/cmake --build /home/asrlab/sample_code_agv/build/joy_linux -- -j20 -l20
[9.363s] Invoking command in '/home/asrlab/sample_code_agv/build/joy_linux': CMAKE_PREFIX_PATH=/opt/ros/humble /usr/bin/cmake --install /home/asrlab/sample_code_agv/build/joy_linux
[9.369s] -- Install configuration: ""
[9.369s] -- Installing: /home/asrlab/sample_code_agv/install/joy_linux/lib/joy_linux/joy_linux_node
[9.371s] -- Set runtime path of "/home/asrlab/sample_code_agv/install/joy_linux/lib/joy_linux/joy_linux_node" to ""
[9.371s] -- Installing: /home/asrlab/sample_code_agv/install/joy_linux/share/ament_index/resource_index/package_run_dependencies/joy_linux
[9.371s] -- Installing: /home/asrlab/sample_code_agv/install/joy_linux/share/ament_index/resource_index/parent_prefix_path/joy_linux
[9.371s] -- Installing: /home/asrlab/sample_code_agv/install/joy_linux/share/joy_linux/environment/ament_prefix_path.sh
[9.371s] -- Installing: /home/asrlab/sample_code_agv/install/joy_linux/share/joy_linux/environment/ament_prefix_path.dsv
[9.371s] -- Installing: /home/asrlab/sample_code_agv/install/joy_linux/share/joy_linux/environment/path.sh
[9.371s] -- Installing: /home/asrlab/sample_code_agv/install/joy_linux/share/joy_linux/environment/path.dsv
[9.371s] -- Installing: /home/asrlab/sample_code_agv/install/joy_linux/share/joy_linux/local_setup.bash
[9.372s] -- Installing: /home/asrlab/sample_code_agv/install/joy_linux/share/joy_linux/local_setup.sh
[9.372s] -- Installing: /home/asrlab/sample_code_agv/install/joy_linux/share/joy_linux/local_setup.zsh
[9.372s] -- Installing: /home/asrlab/sample_code_agv/install/joy_linux/share/joy_linux/local_setup.dsv
[9.372s] -- Installing: /home/asrlab/sample_code_agv/install/joy_linux/share/joy_linux/package.dsv
[9.372s] -- Installing: /home/asrlab/sample_code_agv/install/joy_linux/share/ament_index/resource_index/packages/joy_linux
[9.372s] -- Installing: /home/asrlab/sample_code_agv/install/joy_linux/share/joy_linux/cmake/joy_linuxConfig.cmake
[9.372s] -- Installing: /home/asrlab/sample_code_agv/install/joy_linux/share/joy_linux/cmake/joy_linuxConfig-version.cmake
[9.372s] -- Installing: /home/asrlab/sample_code_agv/install/joy_linux/share/joy_linux/package.xml
[9.374s] Invoked command in '/home/asrlab/sample_code_agv/build/joy_linux' returned '0': CMAKE_PREFIX_PATH=/opt/ros/humble /usr/bin/cmake --install /home/asrlab/sample_code_agv/build/joy_linux
