[1.623s] Invoking command in '/home/gavin/AGV_Control/src/js2fork': PYTHONPATH=/home/gavin/AGV_Control/build/js2fork/prefix_override:/usr/lib/python3/dist-packages/colcon_core/task/python/colcon_distutils_commands:/home/gavin/AGV_Control/install/js2fork/lib/python3.10/site-packages:${PYTHONPATH} /usr/bin/python3 -W ignore:setup.py install is deprecated setup.py egg_info --egg-base ../../build/js2fork build --build-base /home/gavin/AGV_Control/build/js2fork/build install --record /home/gavin/AGV_Control/build/js2fork/install.log --single-version-externally-managed install_data
[2.104s] running egg_info
[2.105s] writing ../../build/js2fork/js2fork.egg-info/PKG-INFO
[2.105s] writing dependency_links to ../../build/js2fork/js2fork.egg-info/dependency_links.txt
[2.106s] writing entry points to ../../build/js2fork/js2fork.egg-info/entry_points.txt
[2.106s] writing requirements to ../../build/js2fork/js2fork.egg-info/requires.txt
[2.106s] writing top-level names to ../../build/js2fork/js2fork.egg-info/top_level.txt
[2.108s] reading manifest file '../../build/js2fork/js2fork.egg-info/SOURCES.txt'
[2.109s] writing manifest file '../../build/js2fork/js2fork.egg-info/SOURCES.txt'
[2.110s] running build
[2.110s] running build_py
[2.111s] running install
[2.111s] running install_lib
[2.113s] running install_data
[2.113s] running install_egg_info
[2.116s] removing '/home/gavin/AGV_Control/install/js2fork/lib/python3.10/site-packages/js2fork-0.0.0-py3.10.egg-info' (and everything under it)
[2.117s] Copying ../../build/js2fork/js2fork.egg-info to /home/gavin/AGV_Control/install/js2fork/lib/python3.10/site-packages/js2fork-0.0.0-py3.10.egg-info
[2.118s] running install_scripts
[2.146s] Installing js2fork script to /home/gavin/AGV_Control/install/js2fork/lib/js2fork
[2.146s] writing list of installed files to '/home/gavin/AGV_Control/build/js2fork/install.log'
[2.178s] Invoked command in '/home/gavin/AGV_Control/src/js2fork' returned '0': PYTHONPATH=/home/gavin/AGV_Control/build/js2fork/prefix_override:/usr/lib/python3/dist-packages/colcon_core/task/python/colcon_distutils_commands:/home/gavin/AGV_Control/install/js2fork/lib/python3.10/site-packages:${PYTHONPATH} /usr/bin/python3 -W ignore:setup.py install is deprecated setup.py egg_info --egg-base ../../build/js2fork build --build-base /home/gavin/AGV_Control/build/js2fork/build install --record /home/gavin/AGV_Control/build/js2fork/install.log --single-version-externally-managed install_data
